<?xml version="1.0" encoding="UTF-8"?>
<testsuites name="Product Story Test Suite" time="189.054" tests="8" failures="1" errors="0">
   <testsuite name="Product Story Test Suite" tests="8" failures="1" errors="0" time="189.054" skipped="0" timestamp="2023-08-29 22:40:04" hostname="Aslamadin Alvian Haz - DESKTOP-L5FUI4E" id="Test Suites/Product Story Test Suite">
      <properties>
         <property name="deviceName" value=""/>
         <property name="devicePlatform" value=""/>
         <property name="logFolder" value="C:\\Users\\Aslamadin Alvian Haz\\Documents\\Batch 324 QA XSIS Academy\\batch-324-qa\\Alvin\\Sauce Demo\\Reports\\20230829_223944\\Product Story Test Suite\\20230829_223944"/>
         <property name="logFiles" value="C:\\Users\\Aslamadin Alvian Haz\\Documents\\Batch 324 QA XSIS Academy\\batch-324-qa\\Alvin\\Sauce Demo\\Reports\\20230829_223944\\Product Story Test Suite\\20230829_223944\\execution0.log"/>
         <property name="attachments" value="C:\\Users\\Aslamadin Alvian Haz\\Documents\\Batch 324 QA XSIS Academy\\batch-324-qa\\Alvin\\Sauce Demo\\Reports\\20230829_223944\\Product Story Test Suite\\20230829_223944\\1693323747692.png, C:\\Users\\Aslamadin Alvian Haz\\Documents\\Batch 324 QA XSIS Academy\\batch-324-qa\\Alvin\\Sauce Demo\\Reports\\20230829_223944\\Product Story Test Suite\\20230829_223944\\1693323747874.png, C:\\Users\\Aslamadin Alvian Haz\\Documents\\Batch 324 QA XSIS Academy\\batch-324-qa\\Alvin\\Sauce Demo\\Reports\\20230829_223944\\Product Story Test Suite\\20230829_223944\\1693323769741.png, C:\\Users\\Aslamadin Alvian Haz\\Documents\\Batch 324 QA XSIS Academy\\batch-324-qa\\Alvin\\Sauce Demo\\Reports\\20230829_223944\\Product Story Test Suite\\20230829_223944\\1693323769904.png, C:\\Users\\Aslamadin Alvian Haz\\Documents\\Batch 324 QA XSIS Academy\\batch-324-qa\\Alvin\\Sauce Demo\\Reports\\20230829_223944\\Product Story Test Suite\\20230829_223944\\1693323793553.png, C:\\Users\\Aslamadin Alvian Haz\\Documents\\Batch 324 QA XSIS Academy\\batch-324-qa\\Alvin\\Sauce Demo\\Reports\\20230829_223944\\Product Story Test Suite\\20230829_223944\\1693323793717.png"/>
         <property name="hostName" value="Aslamadin Alvian Haz - DESKTOP-L5FUI4E"/>
         <property name="os" value="Windows 10 64bit"/>
         <property name="katalonVersion" value="8.6.5.208"/>
         <property name="browser" value="Edge Chromium 116"/>
         <property name="hostAddress" value="192.168.1.116"/>
         <property name="sessionId" value="d31af462abae46a83db0a4ae2757e7f6"/>
         <property name="seleniumVersion" value="3.141.59"/>
         <property name="proxyInformation" value="ProxyInformation { proxyOption=NO_PROXY, proxyServerType=HTTP, username=, password=********, proxyServerAddress=, proxyServerPort=0, executionList=&quot;&quot;, isApplyToDesiredCapabilities=true }"/>
         <property name="platform" value="Windows 10"/>
      </properties>
      <testcase name="Test Cases/Product/TC-Product-Show-001" time="9.824" classname="Test Cases/Product/TC-Product-Show-001" status="PASSED">
         <system-out><![CDATA[2023-08-29 22:40:17 - [TEST_CASE][PASSED] - Test Cases/Product/TC-Product-Show-001: Test Cases/Product/TC-Product-Show-001

2023-08-29 22:40:17 - [TEST_STEP][PASSED] - callTestCase(findTestCase("Login/TC-Login-Success-001"), ["username":"standard_user", "password":"qcu24s4901FyWDTwXGr6XA=="], STOP_ON_FAILURE): Call Test Case 'Test Cases/Login/TC-Login-Success-001' successfully

2023-08-29 22:40:17 - [TEST_CASE][PASSED] - Test Cases/Login/TC-Login-Success-001: Test Cases/Login/TC-Login-Success-001

2023-08-29 22:40:17 - [TEST_STEP][PASSED] - openBrowser(webSauceDemo): Browser is opened with url: 'https://www.saucedemo.com/'

2023-08-29 22:40:17 - [MESSAGE][INFO] - Starting 'Edge Chromium' driver

2023-08-29 22:40:17 - [MESSAGE][INFO] - Action delay is set to 0 milliseconds

2023-08-29 22:40:22 - [MESSAGE][PASSED] - Browser is opened with url: 'https://www.saucedemo.com/'

2023-08-29 22:40:22 - [TEST_STEP][PASSED] - verifyElementPresent(findTestObject("Login Page Object/Swag Labs Text (tanda masuk home)"), 5): Object 'Object Repository/Login Page Object/Swag Labs Text (tanda masuk home)' is present

2023-08-29 22:40:22 - [MESSAGE][PASSED] - Object 'Object Repository/Login Page Object/Swag Labs Text (tanda masuk home)' is present

2023-08-29 22:40:22 - [TEST_STEP][PASSED] - setText(findTestObject("Login Page Object/username login"), username): Text 'standard_user' is set on object 'Object Repository/Login Page Object/username login'

2023-08-29 22:40:23 - [MESSAGE][PASSED] - Text 'standard_user' is set on object 'Object Repository/Login Page Object/username login'

2023-08-29 22:40:23 - [TEST_STEP][PASSED] - setEncryptedText(findTestObject("Login Page Object/password login"), password): Text ****** has been set on object 'Object Repository/Login Page Object/password login'

2023-08-29 22:40:25 - [MESSAGE][PASSED] - Text ****** has been set on object 'Object Repository/Login Page Object/password login'

2023-08-29 22:40:25 - [TEST_STEP][PASSED] - click(findTestObject("Login Page Object/button login")): Object: 'Object Repository/Login Page Object/button login' is clicked on

2023-08-29 22:40:26 - [MESSAGE][PASSED] - Object: 'Object Repository/Login Page Object/button login' is clicked on

2023-08-29 22:40:26 - [TEST_STEP][PASSED] - verifyElementPresent(findTestObject("Product/span_Products"), 5): Object 'Object Repository/Product/span_Products' is present

2023-08-29 22:40:26 - [MESSAGE][PASSED] - Object 'Object Repository/Product/span_Products' is present

2023-08-29 22:40:26 - [MESSAGE][PASSED] - Call Test Case 'Test Cases/Login/TC-Login-Success-001' successfully]]></system-out>
         <system-err><![CDATA[]]></system-err>
      </testcase>
      <testcase name="Test Cases/Product/TC-Product-Sort-001" time="15.803" classname="Test Cases/Product/TC-Product-Sort-001" status="PASSED">
         <system-out><![CDATA[2023-08-29 22:40:26 - [TEST_CASE][PASSED] - Test Cases/Product/TC-Product-Sort-001: Test Cases/Product/TC-Product-Sort-001

2023-08-29 22:40:27 - [TEST_STEP][PASSED] - callTestCase(findTestCase("Product/TC-Product-Show-001"), [:], STOP_ON_FAILURE): Call Test Case 'Test Cases/Product/TC-Product-Show-001' successfully

2023-08-29 22:40:28 - [TEST_CASE][PASSED] - Test Cases/Product/TC-Product-Show-001: Test Cases/Product/TC-Product-Show-001

2023-08-29 22:40:28 - [TEST_STEP][PASSED] - callTestCase(findTestCase("Login/TC-Login-Success-001"), ["username":"standard_user", "password":"qcu24s4901FyWDTwXGr6XA=="], STOP_ON_FAILURE): Call Test Case 'Test Cases/Login/TC-Login-Success-001' successfully

2023-08-29 22:40:28 - [TEST_CASE][PASSED] - Test Cases/Login/TC-Login-Success-001: Test Cases/Login/TC-Login-Success-001

2023-08-29 22:40:28 - [TEST_STEP][PASSED] - openBrowser(webSauceDemo): Browser is opened with url: 'https://www.saucedemo.com/'

2023-08-29 22:40:28 - [MESSAGE][WARNING] - A browser is already opened. Closing browser and opening a new one

2023-08-29 22:40:29 - [MESSAGE][INFO] - Starting 'Edge Chromium' driver

2023-08-29 22:40:31 - [MESSAGE][INFO] - Action delay is set to 0 milliseconds

2023-08-29 22:40:36 - [MESSAGE][PASSED] - Browser is opened with url: 'https://www.saucedemo.com/'

2023-08-29 22:40:36 - [TEST_STEP][PASSED] - verifyElementPresent(findTestObject("Login Page Object/Swag Labs Text (tanda masuk home)"), 5): Object 'Object Repository/Login Page Object/Swag Labs Text (tanda masuk home)' is present

2023-08-29 22:40:37 - [MESSAGE][PASSED] - Object 'Object Repository/Login Page Object/Swag Labs Text (tanda masuk home)' is present

2023-08-29 22:40:37 - [TEST_STEP][PASSED] - setText(findTestObject("Login Page Object/username login"), username): Text 'standard_user' is set on object 'Object Repository/Login Page Object/username login'

2023-08-29 22:40:38 - [MESSAGE][PASSED] - Text 'standard_user' is set on object 'Object Repository/Login Page Object/username login'

2023-08-29 22:40:38 - [TEST_STEP][PASSED] - setEncryptedText(findTestObject("Login Page Object/password login"), password): Text ****** has been set on object 'Object Repository/Login Page Object/password login'

2023-08-29 22:40:39 - [MESSAGE][PASSED] - Text ****** has been set on object 'Object Repository/Login Page Object/password login'

2023-08-29 22:40:39 - [TEST_STEP][PASSED] - click(findTestObject("Login Page Object/button login")): Object: 'Object Repository/Login Page Object/button login' is clicked on

2023-08-29 22:40:40 - [MESSAGE][PASSED] - Object: 'Object Repository/Login Page Object/button login' is clicked on

2023-08-29 22:40:40 - [TEST_STEP][PASSED] - verifyElementPresent(findTestObject("Product/span_Products"), 5): Object 'Object Repository/Product/span_Products' is present

2023-08-29 22:40:41 - [MESSAGE][PASSED] - Object 'Object Repository/Product/span_Products' is present

2023-08-29 22:40:41 - [MESSAGE][PASSED] - Call Test Case 'Test Cases/Login/TC-Login-Success-001' successfully

2023-08-29 22:40:41 - [MESSAGE][PASSED] - Call Test Case 'Test Cases/Product/TC-Product-Show-001' successfully

2023-08-29 22:40:41 - [TEST_STEP][PASSED] - selectOptionByValue(findTestObject("Product/select_Name (A to Z)Name (Z to A)Price (low to high)Price (high to low)"), option, false): All options with value 'az' are selected in object 'Object Repository/Product/select_Name (A to Z)Name (Z to A)Price (low to high)Price (high to low)' 

2023-08-29 22:40:42 - [MESSAGE][PASSED] - All options with value 'az' are selected in object 'Object Repository/Product/select_Name (A to Z)Name (Z to A)Price (low to high)Price (high to low)' 

2023-08-29 22:40:42 - [TEST_STEP][PASSED] - nameProduct = findWebElements(findTestObject("Object Repository/selector for verify/selector name product"), 5): null

2023-08-29 22:40:42 - [TEST_STEP][PASSED] - arrNameFromUI = []: null

2023-08-29 22:40:42 - [TEST_STEP][PASSED] - arrSortAscName = []: null

2023-08-29 22:40:42 - [TEST_STEP][PASSED] - for ([i = 0, i < nameProduct.size(), (i++)]): null

2023-08-29 22:40:42 - [TEST_STEP][PASSED] - temp = text: null

2023-08-29 22:40:42 - [TEST_STEP][PASSED] - arrNameFromUI[i] = temp: null

2023-08-29 22:40:42 - [TEST_STEP][PASSED] - arrSortAscName[i] = temp: null

2023-08-29 22:40:42 - [TEST_STEP][PASSED] - temp = text: null

2023-08-29 22:40:42 - [TEST_STEP][PASSED] - arrNameFromUI[i] = temp: null

2023-08-29 22:40:42 - [TEST_STEP][PASSED] - arrSortAscName[i] = temp: null

2023-08-29 22:40:42 - [TEST_STEP][PASSED] - temp = text: null

2023-08-29 22:40:42 - [TEST_STEP][PASSED] - arrNameFromUI[i] = temp: null

2023-08-29 22:40:42 - [TEST_STEP][PASSED] - arrSortAscName[i] = temp: null

2023-08-29 22:40:42 - [TEST_STEP][PASSED] - temp = text: null

2023-08-29 22:40:42 - [TEST_STEP][PASSED] - arrNameFromUI[i] = temp: null

2023-08-29 22:40:42 - [TEST_STEP][PASSED] - arrSortAscName[i] = temp: null

2023-08-29 22:40:42 - [TEST_STEP][PASSED] - temp = text: null

2023-08-29 22:40:42 - [TEST_STEP][PASSED] - arrNameFromUI[i] = temp: null

2023-08-29 22:40:42 - [TEST_STEP][PASSED] - arrSortAscName[i] = temp: null

2023-08-29 22:40:42 - [TEST_STEP][PASSED] - temp = text: null

2023-08-29 22:40:42 - [TEST_STEP][PASSED] - arrNameFromUI[i] = temp: null

2023-08-29 22:40:42 - [TEST_STEP][PASSED] - arrSortAscName[i] = temp: null

2023-08-29 22:40:42 - [TEST_STEP][PASSED] - Arrays.sort(arrSortAscName): null

2023-08-29 22:40:42 - [TEST_STEP][PASSED] - assert arrNameFromUI == arrSortAscName: null]]></system-out>
         <system-err><![CDATA[]]></system-err>
      </testcase>
      <testcase name="Test Cases/Product/TC-Product-Sort-002" time="17.271" classname="Test Cases/Product/TC-Product-Sort-002" status="PASSED">
         <system-out><![CDATA[2023-08-29 22:40:42 - [TEST_CASE][PASSED] - Test Cases/Product/TC-Product-Sort-002: Test Cases/Product/TC-Product-Sort-002

2023-08-29 22:40:43 - [TEST_STEP][PASSED] - callTestCase(findTestCase("Product/TC-Product-Show-001"), [:], STOP_ON_FAILURE): Call Test Case 'Test Cases/Product/TC-Product-Show-001' successfully

2023-08-29 22:40:43 - [TEST_CASE][PASSED] - Test Cases/Product/TC-Product-Show-001: Test Cases/Product/TC-Product-Show-001

2023-08-29 22:40:43 - [TEST_STEP][PASSED] - callTestCase(findTestCase("Login/TC-Login-Success-001"), ["username":"standard_user", "password":"qcu24s4901FyWDTwXGr6XA=="], STOP_ON_FAILURE): Call Test Case 'Test Cases/Login/TC-Login-Success-001' successfully

2023-08-29 22:40:43 - [TEST_CASE][PASSED] - Test Cases/Login/TC-Login-Success-001: Test Cases/Login/TC-Login-Success-001

2023-08-29 22:40:43 - [TEST_STEP][PASSED] - openBrowser(webSauceDemo): Browser is opened with url: 'https://www.saucedemo.com/'

2023-08-29 22:40:43 - [MESSAGE][WARNING] - A browser is already opened. Closing browser and opening a new one

2023-08-29 22:40:44 - [MESSAGE][INFO] - Starting 'Edge Chromium' driver

2023-08-29 22:40:47 - [MESSAGE][INFO] - Action delay is set to 0 milliseconds

2023-08-29 22:40:53 - [MESSAGE][PASSED] - Browser is opened with url: 'https://www.saucedemo.com/'

2023-08-29 22:40:53 - [TEST_STEP][PASSED] - verifyElementPresent(findTestObject("Login Page Object/Swag Labs Text (tanda masuk home)"), 5): Object 'Object Repository/Login Page Object/Swag Labs Text (tanda masuk home)' is present

2023-08-29 22:40:54 - [MESSAGE][PASSED] - Object 'Object Repository/Login Page Object/Swag Labs Text (tanda masuk home)' is present

2023-08-29 22:40:54 - [TEST_STEP][PASSED] - setText(findTestObject("Login Page Object/username login"), username): Text 'standard_user' is set on object 'Object Repository/Login Page Object/username login'

2023-08-29 22:40:55 - [MESSAGE][PASSED] - Text 'standard_user' is set on object 'Object Repository/Login Page Object/username login'

2023-08-29 22:40:55 - [TEST_STEP][PASSED] - setEncryptedText(findTestObject("Login Page Object/password login"), password): Text ****** has been set on object 'Object Repository/Login Page Object/password login'

2023-08-29 22:40:56 - [MESSAGE][PASSED] - Text ****** has been set on object 'Object Repository/Login Page Object/password login'

2023-08-29 22:40:56 - [TEST_STEP][PASSED] - click(findTestObject("Login Page Object/button login")): Object: 'Object Repository/Login Page Object/button login' is clicked on

2023-08-29 22:40:57 - [MESSAGE][PASSED] - Object: 'Object Repository/Login Page Object/button login' is clicked on

2023-08-29 22:40:57 - [TEST_STEP][PASSED] - verifyElementPresent(findTestObject("Product/span_Products"), 5): Object 'Object Repository/Product/span_Products' is present

2023-08-29 22:40:58 - [MESSAGE][PASSED] - Object 'Object Repository/Product/span_Products' is present

2023-08-29 22:40:58 - [MESSAGE][PASSED] - Call Test Case 'Test Cases/Login/TC-Login-Success-001' successfully

2023-08-29 22:40:58 - [MESSAGE][PASSED] - Call Test Case 'Test Cases/Product/TC-Product-Show-001' successfully

2023-08-29 22:40:58 - [TEST_STEP][PASSED] - selectOptionByValue(findTestObject("Product/select_Name (A to Z)Name (Z to A)Price (low to high)Price (high to low)"), "za", false): All options with value 'za' are selected in object 'Object Repository/Product/select_Name (A to Z)Name (Z to A)Price (low to high)Price (high to low)' 

2023-08-29 22:40:59 - [MESSAGE][PASSED] - All options with value 'za' are selected in object 'Object Repository/Product/select_Name (A to Z)Name (Z to A)Price (low to high)Price (high to low)' 

2023-08-29 22:40:59 - [TEST_STEP][PASSED] - nameProduct = findWebElements(findTestObject("Object Repository/selector for verify/selector name product"), 5): null

2023-08-29 22:40:59 - [TEST_STEP][PASSED] - arrNameProduct = []: null

2023-08-29 22:40:59 - [TEST_STEP][PASSED] - arrNameProductDesc = []: null

2023-08-29 22:40:59 - [TEST_STEP][PASSED] - for ([i = 0, i < nameProduct.size(), (i++)]): null

2023-08-29 22:40:59 - [TEST_STEP][PASSED] - temp = text: null

2023-08-29 22:40:59 - [TEST_STEP][PASSED] - arrNameProduct[i] = temp: null

2023-08-29 22:40:59 - [TEST_STEP][PASSED] - arrNameProductDesc[i] = temp: null

2023-08-29 22:40:59 - [TEST_STEP][PASSED] - temp = text: null

2023-08-29 22:40:59 - [TEST_STEP][PASSED] - arrNameProduct[i] = temp: null

2023-08-29 22:40:59 - [TEST_STEP][PASSED] - arrNameProductDesc[i] = temp: null

2023-08-29 22:40:59 - [TEST_STEP][PASSED] - temp = text: null

2023-08-29 22:40:59 - [TEST_STEP][PASSED] - arrNameProduct[i] = temp: null

2023-08-29 22:40:59 - [TEST_STEP][PASSED] - arrNameProductDesc[i] = temp: null

2023-08-29 22:40:59 - [TEST_STEP][PASSED] - temp = text: null

2023-08-29 22:40:59 - [TEST_STEP][PASSED] - arrNameProduct[i] = temp: null

2023-08-29 22:40:59 - [TEST_STEP][PASSED] - arrNameProductDesc[i] = temp: null

2023-08-29 22:40:59 - [TEST_STEP][PASSED] - temp = text: null

2023-08-29 22:41:00 - [TEST_STEP][PASSED] - arrNameProduct[i] = temp: null

2023-08-29 22:41:00 - [TEST_STEP][PASSED] - arrNameProductDesc[i] = temp: null

2023-08-29 22:41:00 - [TEST_STEP][PASSED] - temp = text: null

2023-08-29 22:41:00 - [TEST_STEP][PASSED] - arrNameProduct[i] = temp: null

2023-08-29 22:41:00 - [TEST_STEP][PASSED] - arrNameProductDesc[i] = temp: null

2023-08-29 22:41:00 - [TEST_STEP][PASSED] - Arrays.sort(arrNameProductDesc, Collections.reverseOrder()): null

2023-08-29 22:41:00 - [TEST_STEP][PASSED] - assert arrNameProduct == arrNameProductDesc: null]]></system-out>
         <system-err><![CDATA[]]></system-err>
      </testcase>
      <testcase name="Test Cases/Product/TC-Product-Sort-003" time="15.49" classname="Test Cases/Product/TC-Product-Sort-003" status="PASSED">
         <system-out><![CDATA[2023-08-29 22:41:00 - [TEST_CASE][PASSED] - Test Cases/Product/TC-Product-Sort-003: Test Cases/Product/TC-Product-Sort-003

2023-08-29 22:41:01 - [TEST_STEP][PASSED] - callTestCase(findTestCase("Product/TC-Product-Show-001"), [:], STOP_ON_FAILURE): Call Test Case 'Test Cases/Product/TC-Product-Show-001' successfully

2023-08-29 22:41:01 - [TEST_CASE][PASSED] - Test Cases/Product/TC-Product-Show-001: Test Cases/Product/TC-Product-Show-001

2023-08-29 22:41:01 - [TEST_STEP][PASSED] - callTestCase(findTestCase("Login/TC-Login-Success-001"), ["username":"standard_user", "password":"qcu24s4901FyWDTwXGr6XA=="], STOP_ON_FAILURE): Call Test Case 'Test Cases/Login/TC-Login-Success-001' successfully

2023-08-29 22:41:01 - [TEST_CASE][PASSED] - Test Cases/Login/TC-Login-Success-001: Test Cases/Login/TC-Login-Success-001

2023-08-29 22:41:01 - [TEST_STEP][PASSED] - openBrowser(webSauceDemo): Browser is opened with url: 'https://www.saucedemo.com/'

2023-08-29 22:41:01 - [MESSAGE][WARNING] - A browser is already opened. Closing browser and opening a new one

2023-08-29 22:41:02 - [MESSAGE][INFO] - Starting 'Edge Chromium' driver

2023-08-29 22:41:04 - [MESSAGE][INFO] - Action delay is set to 0 milliseconds

2023-08-29 22:41:09 - [MESSAGE][PASSED] - Browser is opened with url: 'https://www.saucedemo.com/'

2023-08-29 22:41:09 - [TEST_STEP][PASSED] - verifyElementPresent(findTestObject("Login Page Object/Swag Labs Text (tanda masuk home)"), 5): Object 'Object Repository/Login Page Object/Swag Labs Text (tanda masuk home)' is present

2023-08-29 22:41:09 - [MESSAGE][PASSED] - Object 'Object Repository/Login Page Object/Swag Labs Text (tanda masuk home)' is present

2023-08-29 22:41:09 - [TEST_STEP][PASSED] - setText(findTestObject("Login Page Object/username login"), username): Text 'standard_user' is set on object 'Object Repository/Login Page Object/username login'

2023-08-29 22:41:11 - [MESSAGE][PASSED] - Text 'standard_user' is set on object 'Object Repository/Login Page Object/username login'

2023-08-29 22:41:11 - [TEST_STEP][PASSED] - setEncryptedText(findTestObject("Login Page Object/password login"), password): Text ****** has been set on object 'Object Repository/Login Page Object/password login'

2023-08-29 22:41:12 - [MESSAGE][PASSED] - Text ****** has been set on object 'Object Repository/Login Page Object/password login'

2023-08-29 22:41:12 - [TEST_STEP][PASSED] - click(findTestObject("Login Page Object/button login")): Object: 'Object Repository/Login Page Object/button login' is clicked on

2023-08-29 22:41:12 - [MESSAGE][PASSED] - Object: 'Object Repository/Login Page Object/button login' is clicked on

2023-08-29 22:41:12 - [TEST_STEP][PASSED] - verifyElementPresent(findTestObject("Product/span_Products"), 5): Object 'Object Repository/Product/span_Products' is present

2023-08-29 22:41:14 - [MESSAGE][PASSED] - Object 'Object Repository/Product/span_Products' is present

2023-08-29 22:41:14 - [MESSAGE][PASSED] - Call Test Case 'Test Cases/Login/TC-Login-Success-001' successfully

2023-08-29 22:41:14 - [MESSAGE][PASSED] - Call Test Case 'Test Cases/Product/TC-Product-Show-001' successfully

2023-08-29 22:41:14 - [TEST_STEP][PASSED] - selectOptionByValue(findTestObject("Product/select_Name (A to Z)Name (Z to A)Price (low to high)Price (high to low)"), "lohi", false): All options with value 'lohi' are selected in object 'Object Repository/Product/select_Name (A to Z)Name (Z to A)Price (low to high)Price (high to low)' 

2023-08-29 22:41:14 - [MESSAGE][PASSED] - All options with value 'lohi' are selected in object 'Object Repository/Product/select_Name (A to Z)Name (Z to A)Price (low to high)Price (high to low)' 

2023-08-29 22:41:14 - [TEST_STEP][PASSED] - priceProduct = findWebElements(findTestObject("Object Repository/selector for verify/selector price product"), 10): null

2023-08-29 22:41:15 - [TEST_STEP][PASSED] - arrPriceProduct = []: null

2023-08-29 22:41:15 - [TEST_STEP][PASSED] - arrPriceProductAsc = []: null

2023-08-29 22:41:15 - [TEST_STEP][PASSED] - for ([i = 0, i < priceProduct.size(), (i++)]): null

2023-08-29 22:41:15 - [TEST_STEP][PASSED] - temp = Double.parseDouble(text.replace("$", "")): null

2023-08-29 22:41:15 - [TEST_STEP][PASSED] - arrPriceProduct[i] = temp: null

2023-08-29 22:41:15 - [TEST_STEP][PASSED] - arrPriceProductAsc[i] = temp: null

2023-08-29 22:41:15 - [TEST_STEP][PASSED] - temp = Double.parseDouble(text.replace("$", "")): null

2023-08-29 22:41:15 - [TEST_STEP][PASSED] - arrPriceProduct[i] = temp: null

2023-08-29 22:41:15 - [TEST_STEP][PASSED] - arrPriceProductAsc[i] = temp: null

2023-08-29 22:41:15 - [TEST_STEP][PASSED] - temp = Double.parseDouble(text.replace("$", "")): null

2023-08-29 22:41:15 - [TEST_STEP][PASSED] - arrPriceProduct[i] = temp: null

2023-08-29 22:41:15 - [TEST_STEP][PASSED] - arrPriceProductAsc[i] = temp: null

2023-08-29 22:41:15 - [TEST_STEP][PASSED] - temp = Double.parseDouble(text.replace("$", "")): null

2023-08-29 22:41:15 - [TEST_STEP][PASSED] - arrPriceProduct[i] = temp: null

2023-08-29 22:41:15 - [TEST_STEP][PASSED] - arrPriceProductAsc[i] = temp: null

2023-08-29 22:41:15 - [TEST_STEP][PASSED] - temp = Double.parseDouble(text.replace("$", "")): null

2023-08-29 22:41:15 - [TEST_STEP][PASSED] - arrPriceProduct[i] = temp: null

2023-08-29 22:41:15 - [TEST_STEP][PASSED] - arrPriceProductAsc[i] = temp: null

2023-08-29 22:41:15 - [TEST_STEP][PASSED] - temp = Double.parseDouble(text.replace("$", "")): null

2023-08-29 22:41:15 - [TEST_STEP][PASSED] - arrPriceProduct[i] = temp: null

2023-08-29 22:41:15 - [TEST_STEP][PASSED] - arrPriceProductAsc[i] = temp: null

2023-08-29 22:41:15 - [TEST_STEP][PASSED] - Arrays.sort(arrPriceProductAsc): null

2023-08-29 22:41:15 - [TEST_STEP][PASSED] - assert arrPriceProduct == arrPriceProductAsc: null]]></system-out>
         <system-err><![CDATA[]]></system-err>
      </testcase>
      <testcase name="Test Cases/Product/TC-Product-Sort-004" time="15.013" classname="Test Cases/Product/TC-Product-Sort-004" status="PASSED">
         <system-out><![CDATA[2023-08-29 22:41:15 - [TEST_CASE][PASSED] - Test Cases/Product/TC-Product-Sort-004: Test Cases/Product/TC-Product-Sort-004

2023-08-29 22:41:16 - [TEST_STEP][PASSED] - callTestCase(findTestCase("Product/TC-Product-Show-001"), [:], STOP_ON_FAILURE): Call Test Case 'Test Cases/Product/TC-Product-Show-001' successfully

2023-08-29 22:41:16 - [TEST_CASE][PASSED] - Test Cases/Product/TC-Product-Show-001: Test Cases/Product/TC-Product-Show-001

2023-08-29 22:41:16 - [TEST_STEP][PASSED] - callTestCase(findTestCase("Login/TC-Login-Success-001"), ["username":"standard_user", "password":"qcu24s4901FyWDTwXGr6XA=="], STOP_ON_FAILURE): Call Test Case 'Test Cases/Login/TC-Login-Success-001' successfully

2023-08-29 22:41:16 - [TEST_CASE][PASSED] - Test Cases/Login/TC-Login-Success-001: Test Cases/Login/TC-Login-Success-001

2023-08-29 22:41:16 - [TEST_STEP][PASSED] - openBrowser(webSauceDemo): Browser is opened with url: 'https://www.saucedemo.com/'

2023-08-29 22:41:16 - [MESSAGE][WARNING] - A browser is already opened. Closing browser and opening a new one

2023-08-29 22:41:17 - [MESSAGE][INFO] - Starting 'Edge Chromium' driver

2023-08-29 22:41:19 - [MESSAGE][INFO] - Action delay is set to 0 milliseconds

2023-08-29 22:41:24 - [MESSAGE][PASSED] - Browser is opened with url: 'https://www.saucedemo.com/'

2023-08-29 22:41:24 - [TEST_STEP][PASSED] - verifyElementPresent(findTestObject("Login Page Object/Swag Labs Text (tanda masuk home)"), 5): Object 'Object Repository/Login Page Object/Swag Labs Text (tanda masuk home)' is present

2023-08-29 22:41:25 - [MESSAGE][PASSED] - Object 'Object Repository/Login Page Object/Swag Labs Text (tanda masuk home)' is present

2023-08-29 22:41:25 - [TEST_STEP][PASSED] - setText(findTestObject("Login Page Object/username login"), username): Text 'standard_user' is set on object 'Object Repository/Login Page Object/username login'

2023-08-29 22:41:26 - [MESSAGE][PASSED] - Text 'standard_user' is set on object 'Object Repository/Login Page Object/username login'

2023-08-29 22:41:26 - [TEST_STEP][PASSED] - setEncryptedText(findTestObject("Login Page Object/password login"), password): Text ****** has been set on object 'Object Repository/Login Page Object/password login'

2023-08-29 22:41:27 - [MESSAGE][PASSED] - Text ****** has been set on object 'Object Repository/Login Page Object/password login'

2023-08-29 22:41:27 - [TEST_STEP][PASSED] - click(findTestObject("Login Page Object/button login")): Object: 'Object Repository/Login Page Object/button login' is clicked on

2023-08-29 22:41:28 - [MESSAGE][PASSED] - Object: 'Object Repository/Login Page Object/button login' is clicked on

2023-08-29 22:41:28 - [TEST_STEP][PASSED] - verifyElementPresent(findTestObject("Product/span_Products"), 5): Object 'Object Repository/Product/span_Products' is present

2023-08-29 22:41:28 - [MESSAGE][PASSED] - Object 'Object Repository/Product/span_Products' is present

2023-08-29 22:41:28 - [MESSAGE][PASSED] - Call Test Case 'Test Cases/Login/TC-Login-Success-001' successfully

2023-08-29 22:41:28 - [MESSAGE][PASSED] - Call Test Case 'Test Cases/Product/TC-Product-Show-001' successfully

2023-08-29 22:41:28 - [TEST_STEP][PASSED] - selectOptionByValue(findTestObject("Product/select_Name (A to Z)Name (Z to A)Price (low to high)Price (high to low)"), "hilo", false): All options with value 'hilo' are selected in object 'Object Repository/Product/select_Name (A to Z)Name (Z to A)Price (low to high)Price (high to low)' 

2023-08-29 22:41:29 - [MESSAGE][PASSED] - All options with value 'hilo' are selected in object 'Object Repository/Product/select_Name (A to Z)Name (Z to A)Price (low to high)Price (high to low)' 

2023-08-29 22:41:29 - [TEST_STEP][PASSED] - priceProduct = findWebElements(findTestObject("Object Repository/selector for verify/selector price product"), 10): null

2023-08-29 22:41:30 - [TEST_STEP][PASSED] - arrPriceProduct = []: null

2023-08-29 22:41:30 - [TEST_STEP][PASSED] - arrPriceProductDesc = []: null

2023-08-29 22:41:30 - [TEST_STEP][PASSED] - for ([i = 0, i < priceProduct.size(), (i++)]): null

2023-08-29 22:41:30 - [TEST_STEP][PASSED] - temp = Double.parseDouble(text.replace("$", "")): null

2023-08-29 22:41:30 - [TEST_STEP][PASSED] - arrPriceProduct[i] = temp: null

2023-08-29 22:41:30 - [TEST_STEP][PASSED] - arrPriceProductDesc[i] = temp: null

2023-08-29 22:41:30 - [TEST_STEP][PASSED] - temp = Double.parseDouble(text.replace("$", "")): null

2023-08-29 22:41:30 - [TEST_STEP][PASSED] - arrPriceProduct[i] = temp: null

2023-08-29 22:41:30 - [TEST_STEP][PASSED] - arrPriceProductDesc[i] = temp: null

2023-08-29 22:41:30 - [TEST_STEP][PASSED] - temp = Double.parseDouble(text.replace("$", "")): null

2023-08-29 22:41:30 - [TEST_STEP][PASSED] - arrPriceProduct[i] = temp: null

2023-08-29 22:41:30 - [TEST_STEP][PASSED] - arrPriceProductDesc[i] = temp: null

2023-08-29 22:41:30 - [TEST_STEP][PASSED] - temp = Double.parseDouble(text.replace("$", "")): null

2023-08-29 22:41:30 - [TEST_STEP][PASSED] - arrPriceProduct[i] = temp: null

2023-08-29 22:41:30 - [TEST_STEP][PASSED] - arrPriceProductDesc[i] = temp: null

2023-08-29 22:41:30 - [TEST_STEP][PASSED] - temp = Double.parseDouble(text.replace("$", "")): null

2023-08-29 22:41:30 - [TEST_STEP][PASSED] - arrPriceProduct[i] = temp: null

2023-08-29 22:41:30 - [TEST_STEP][PASSED] - arrPriceProductDesc[i] = temp: null

2023-08-29 22:41:30 - [TEST_STEP][PASSED] - temp = Double.parseDouble(text.replace("$", "")): null

2023-08-29 22:41:30 - [TEST_STEP][PASSED] - arrPriceProduct[i] = temp: null

2023-08-29 22:41:30 - [TEST_STEP][PASSED] - arrPriceProductDesc[i] = temp: null

2023-08-29 22:41:30 - [TEST_STEP][PASSED] - Arrays.sort(arrPriceProductDesc, Collections.reverseOrder()): null

2023-08-29 22:41:30 - [TEST_STEP][PASSED] - assert arrPriceProduct == arrPriceProductDesc: null]]></system-out>
         <system-err><![CDATA[]]></system-err>
      </testcase>
      <testcase name="Test Cases/Product/TC-Product-AddCart-001" time="15.235" classname="Test Cases/Product/TC-Product-AddCart-001" status="PASSED">
         <system-out><![CDATA[2023-08-29 22:41:30 - [TEST_CASE][PASSED] - Test Cases/Product/TC-Product-AddCart-001: Test Cases/Product/TC-Product-AddCart-001

2023-08-29 22:41:31 - [TEST_STEP][PASSED] - callTestCase(findTestCase("Product/TC-Product-Show-001"), [:], STOP_ON_FAILURE): Call Test Case 'Test Cases/Product/TC-Product-Show-001' successfully

2023-08-29 22:41:31 - [TEST_CASE][PASSED] - Test Cases/Product/TC-Product-Show-001: Test Cases/Product/TC-Product-Show-001

2023-08-29 22:41:31 - [TEST_STEP][PASSED] - callTestCase(findTestCase("Login/TC-Login-Success-001"), ["username":"standard_user", "password":"qcu24s4901FyWDTwXGr6XA=="], STOP_ON_FAILURE): Call Test Case 'Test Cases/Login/TC-Login-Success-001' successfully

2023-08-29 22:41:31 - [TEST_CASE][PASSED] - Test Cases/Login/TC-Login-Success-001: Test Cases/Login/TC-Login-Success-001

2023-08-29 22:41:31 - [TEST_STEP][PASSED] - openBrowser(webSauceDemo): Browser is opened with url: 'https://www.saucedemo.com/'

2023-08-29 22:41:31 - [MESSAGE][WARNING] - A browser is already opened. Closing browser and opening a new one

2023-08-29 22:41:32 - [MESSAGE][INFO] - Starting 'Edge Chromium' driver

2023-08-29 22:41:34 - [MESSAGE][INFO] - Action delay is set to 0 milliseconds

2023-08-29 22:41:40 - [MESSAGE][PASSED] - Browser is opened with url: 'https://www.saucedemo.com/'

2023-08-29 22:41:40 - [TEST_STEP][PASSED] - verifyElementPresent(findTestObject("Login Page Object/Swag Labs Text (tanda masuk home)"), 5): Object 'Object Repository/Login Page Object/Swag Labs Text (tanda masuk home)' is present

2023-08-29 22:41:40 - [MESSAGE][PASSED] - Object 'Object Repository/Login Page Object/Swag Labs Text (tanda masuk home)' is present

2023-08-29 22:41:40 - [TEST_STEP][PASSED] - setText(findTestObject("Login Page Object/username login"), username): Text 'standard_user' is set on object 'Object Repository/Login Page Object/username login'

2023-08-29 22:41:41 - [MESSAGE][PASSED] - Text 'standard_user' is set on object 'Object Repository/Login Page Object/username login'

2023-08-29 22:41:41 - [TEST_STEP][PASSED] - setEncryptedText(findTestObject("Login Page Object/password login"), password): Text ****** has been set on object 'Object Repository/Login Page Object/password login'

2023-08-29 22:41:42 - [MESSAGE][PASSED] - Text ****** has been set on object 'Object Repository/Login Page Object/password login'

2023-08-29 22:41:42 - [TEST_STEP][PASSED] - click(findTestObject("Login Page Object/button login")): Object: 'Object Repository/Login Page Object/button login' is clicked on

2023-08-29 22:41:43 - [MESSAGE][PASSED] - Object: 'Object Repository/Login Page Object/button login' is clicked on

2023-08-29 22:41:43 - [TEST_STEP][PASSED] - verifyElementPresent(findTestObject("Product/span_Products"), 5): Object 'Object Repository/Product/span_Products' is present

2023-08-29 22:41:44 - [MESSAGE][PASSED] - Object 'Object Repository/Product/span_Products' is present

2023-08-29 22:41:44 - [MESSAGE][PASSED] - Call Test Case 'Test Cases/Login/TC-Login-Success-001' successfully

2023-08-29 22:41:44 - [MESSAGE][PASSED] - Call Test Case 'Test Cases/Product/TC-Product-Show-001' successfully

2023-08-29 22:41:44 - [TEST_STEP][PASSED] - click(findTestObject("Product/button add to cart backpack")): Object: 'Object Repository/Product/button add to cart backpack' is clicked on

2023-08-29 22:41:44 - [MESSAGE][PASSED] - Object: 'Object Repository/Product/button add to cart backpack' is clicked on

2023-08-29 22:41:44 - [TEST_STEP][PASSED] - verifyElementPresent(findTestObject("selector for verify/button remove item pos 1"), 5): Object 'Object Repository/selector for verify/button remove item pos 1' is present

2023-08-29 22:41:45 - [MESSAGE][PASSED] - Object 'Object Repository/selector for verify/button remove item pos 1' is present

2023-08-29 22:41:45 - [TEST_STEP][PASSED] - verifyElementPresent(findTestObject("selector for verify/verify jumlah item 1 (cart)"), 5): Object 'Object Repository/selector for verify/verify jumlah item 1 (cart)' is present

2023-08-29 22:41:45 - [MESSAGE][PASSED] - Object 'Object Repository/selector for verify/verify jumlah item 1 (cart)' is present]]></system-out>
         <system-err><![CDATA[]]></system-err>
      </testcase>
      <testcase name="Test Cases/Product/TC-Product-AddCart-002" time="17.991" classname="Test Cases/Product/TC-Product-AddCart-002" status="PASSED">
         <system-out><![CDATA[2023-08-29 22:41:45 - [TEST_CASE][PASSED] - Test Cases/Product/TC-Product-AddCart-002: Test Cases/Product/TC-Product-AddCart-002

2023-08-29 22:41:46 - [TEST_STEP][PASSED] - callTestCase(findTestCase("Product/TC-Product-AddCart-001"), [:], STOP_ON_FAILURE): Call Test Case 'Test Cases/Product/TC-Product-AddCart-001' successfully

2023-08-29 22:41:46 - [TEST_CASE][PASSED] - Test Cases/Product/TC-Product-AddCart-001: Test Cases/Product/TC-Product-AddCart-001

2023-08-29 22:41:46 - [TEST_STEP][PASSED] - callTestCase(findTestCase("Product/TC-Product-Show-001"), [:], STOP_ON_FAILURE): Call Test Case 'Test Cases/Product/TC-Product-Show-001' successfully

2023-08-29 22:41:46 - [TEST_CASE][PASSED] - Test Cases/Product/TC-Product-Show-001: Test Cases/Product/TC-Product-Show-001

2023-08-29 22:41:46 - [TEST_STEP][PASSED] - callTestCase(findTestCase("Login/TC-Login-Success-001"), ["username":"standard_user", "password":"qcu24s4901FyWDTwXGr6XA=="], STOP_ON_FAILURE): Call Test Case 'Test Cases/Login/TC-Login-Success-001' successfully

2023-08-29 22:41:46 - [TEST_CASE][PASSED] - Test Cases/Login/TC-Login-Success-001: Test Cases/Login/TC-Login-Success-001

2023-08-29 22:41:46 - [TEST_STEP][PASSED] - openBrowser(webSauceDemo): Browser is opened with url: 'https://www.saucedemo.com/'

2023-08-29 22:41:46 - [MESSAGE][WARNING] - A browser is already opened. Closing browser and opening a new one

2023-08-29 22:41:47 - [MESSAGE][INFO] - Starting 'Edge Chromium' driver

2023-08-29 22:41:50 - [MESSAGE][INFO] - Action delay is set to 0 milliseconds

2023-08-29 22:41:56 - [MESSAGE][PASSED] - Browser is opened with url: 'https://www.saucedemo.com/'

2023-08-29 22:41:56 - [TEST_STEP][PASSED] - verifyElementPresent(findTestObject("Login Page Object/Swag Labs Text (tanda masuk home)"), 5): Object 'Object Repository/Login Page Object/Swag Labs Text (tanda masuk home)' is present

2023-08-29 22:41:56 - [MESSAGE][PASSED] - Object 'Object Repository/Login Page Object/Swag Labs Text (tanda masuk home)' is present

2023-08-29 22:41:56 - [TEST_STEP][PASSED] - setText(findTestObject("Login Page Object/username login"), username): Text 'standard_user' is set on object 'Object Repository/Login Page Object/username login'

2023-08-29 22:41:57 - [MESSAGE][PASSED] - Text 'standard_user' is set on object 'Object Repository/Login Page Object/username login'

2023-08-29 22:41:57 - [TEST_STEP][PASSED] - setEncryptedText(findTestObject("Login Page Object/password login"), password): Text ****** has been set on object 'Object Repository/Login Page Object/password login'

2023-08-29 22:41:58 - [MESSAGE][PASSED] - Text ****** has been set on object 'Object Repository/Login Page Object/password login'

2023-08-29 22:41:58 - [TEST_STEP][PASSED] - click(findTestObject("Login Page Object/button login")): Object: 'Object Repository/Login Page Object/button login' is clicked on

2023-08-29 22:41:59 - [MESSAGE][PASSED] - Object: 'Object Repository/Login Page Object/button login' is clicked on

2023-08-29 22:41:59 - [TEST_STEP][PASSED] - verifyElementPresent(findTestObject("Product/span_Products"), 5): Object 'Object Repository/Product/span_Products' is present

2023-08-29 22:42:00 - [MESSAGE][PASSED] - Object 'Object Repository/Product/span_Products' is present

2023-08-29 22:42:00 - [MESSAGE][PASSED] - Call Test Case 'Test Cases/Login/TC-Login-Success-001' successfully

2023-08-29 22:42:00 - [MESSAGE][PASSED] - Call Test Case 'Test Cases/Product/TC-Product-Show-001' successfully

2023-08-29 22:42:00 - [TEST_STEP][PASSED] - click(findTestObject("Product/button add to cart backpack")): Object: 'Object Repository/Product/button add to cart backpack' is clicked on

2023-08-29 22:42:01 - [MESSAGE][PASSED] - Object: 'Object Repository/Product/button add to cart backpack' is clicked on

2023-08-29 22:42:01 - [TEST_STEP][PASSED] - verifyElementPresent(findTestObject("selector for verify/button remove item pos 1"), 5): Object 'Object Repository/selector for verify/button remove item pos 1' is present

2023-08-29 22:42:01 - [MESSAGE][PASSED] - Object 'Object Repository/selector for verify/button remove item pos 1' is present

2023-08-29 22:42:01 - [TEST_STEP][PASSED] - verifyElementPresent(findTestObject("selector for verify/verify jumlah item 1 (cart)"), 5): Object 'Object Repository/selector for verify/verify jumlah item 1 (cart)' is present

2023-08-29 22:42:02 - [MESSAGE][PASSED] - Object 'Object Repository/selector for verify/verify jumlah item 1 (cart)' is present

2023-08-29 22:42:02 - [MESSAGE][PASSED] - Call Test Case 'Test Cases/Product/TC-Product-AddCart-001' successfully

2023-08-29 22:42:02 - [TEST_STEP][PASSED] - click(findTestObject("Product/button add to cart pos 2")): Object: 'Object Repository/Product/button add to cart pos 2' is clicked on

2023-08-29 22:42:02 - [MESSAGE][PASSED] - Object: 'Object Repository/Product/button add to cart pos 2' is clicked on

2023-08-29 22:42:02 - [TEST_STEP][PASSED] - verifyElementPresent(findTestObject("selector for verify/button remove item pos 2"), 5): Object 'Object Repository/selector for verify/button remove item pos 2' is present

2023-08-29 22:42:03 - [MESSAGE][PASSED] - Object 'Object Repository/selector for verify/button remove item pos 2' is present

2023-08-29 22:42:03 - [TEST_STEP][PASSED] - verifyElementPresent(findTestObject("selector for verify/verify jumlah item 2 (cart)"), 5): Object 'Object Repository/selector for verify/verify jumlah item 2 (cart)' is present

2023-08-29 22:42:03 - [MESSAGE][PASSED] - Object 'Object Repository/selector for verify/verify jumlah item 2 (cart)' is present]]></system-out>
         <system-err><![CDATA[]]></system-err>
      </testcase>
      <testcase name="Test Cases/Product/TC-Product-RemoveCart-001" time="23.813" classname="Test Cases/Product/TC-Product-RemoveCart-001" status="FAILED">
         <failure type="FAILED" message="Test Cases/Product/TC-Product-RemoveCart-001 FAILED.
Reason:
com.kms.katalon.core.exception.StepFailedException: Unable to verify object 'Object Repository/selector for verify/verify jumlah item 0 (cart)' is present
	at com.kms.katalon.core.webui.keyword.internal.WebUIKeywordMain.stepFailed(WebUIKeywordMain.groovy:64)
	at com.kms.katalon.core.webui.keyword.internal.WebUIKeywordMain.runKeyword(WebUIKeywordMain.groovy:26)
	at com.kms.katalon.core.webui.keyword.builtin.VerifyElementPresentKeyword.verifyElementPresent(VerifyElementPresentKeyword.groovy:92)
	at com.kms.katalon.core.webui.keyword.builtin.VerifyElementPresentKeyword.execute(VerifyElementPresentKeyword.groovy:68)
	at com.kms.katalon.core.keyword.internal.KeywordExecutor.executeKeywordForPlatform(KeywordExecutor.groovy:74)
	at com.kms.katalon.core.webui.keyword.WebUiBuiltInKeywords.verifyElementPresent(WebUiBuiltInKeywords.groovy:1464)
	at com.kms.katalon.core.webui.keyword.WebUiBuiltInKeywords$verifyElementPresent$0.call(Unknown Source)
	at TC-Product-RemoveCart-001.run(TC-Product-RemoveCart-001:26)
	at com.kms.katalon.core.main.ScriptEngine.run(ScriptEngine.java:194)
	at com.kms.katalon.core.main.ScriptEngine.runScriptAsRawText(ScriptEngine.java:119)
	at com.kms.katalon.core.main.TestCaseExecutor.runScript(TestCaseExecutor.java:448)
	at com.kms.katalon.core.main.TestCaseExecutor.doExecute(TestCaseExecutor.java:439)
	at com.kms.katalon.core.main.TestCaseExecutor.processExecutionPhase(TestCaseExecutor.java:418)
	at com.kms.katalon.core.main.TestCaseExecutor.accessMainPhase(TestCaseExecutor.java:410)
	at com.kms.katalon.core.main.TestCaseExecutor.execute(TestCaseExecutor.java:285)
	at com.kms.katalon.core.main.TestCaseExecutor.execute(TestCaseExecutor.java:369)
	at com.kms.katalon.core.main.TestCaseExecutor.execute(TestCaseExecutor.java:369)
	at com.kms.katalon.core.main.TestCaseExecutor.execute(TestCaseExecutor.java:369)
	at com.kms.katalon.core.common.CommonExecutor.accessTestCaseMainPhase(CommonExecutor.java:65)
	at com.kms.katalon.core.main.TestSuiteExecutor.accessTestSuiteMainPhase(TestSuiteExecutor.java:148)
	at com.kms.katalon.core.main.TestSuiteExecutor.execute(TestSuiteExecutor.java:106)
	at com.kms.katalon.core.main.TestCaseMain.startTestSuite(TestCaseMain.java:187)
	at com.kms.katalon.core.main.TestCaseMain$startTestSuite$0.call(Unknown Source)
	at TempTestSuite1693323584523.run(TempTestSuite1693323584523.groovy:36)
Caused by: com.kms.katalon.core.exception.StepFailedException: com.kms.katalon.core.webui.exception.WebElementNotFoundException: Web element with id: 'Object Repository/selector for verify/verify jumlah item 0 (cart)' located by '//span[@class = 'shopping_cart_badge' and (text() = '0' or . = '0')]' not found
	at com.kms.katalon.core.webui.keyword.internal.WebUIKeywordMain.stepFailed(WebUIKeywordMain.groovy:64)
	at com.kms.katalon.core.webui.keyword.builtin.VerifyElementPresentKeyword$_verifyElementPresent_closure1.doCall(VerifyElementPresentKeyword.groovy:85)
	at com.kms.katalon.core.webui.keyword.builtin.VerifyElementPresentKeyword$_verifyElementPresent_closure1.call(VerifyElementPresentKeyword.groovy)
	at com.kms.katalon.core.webui.keyword.internal.WebUIKeywordMain.runKeyword(WebUIKeywordMain.groovy:20)
	... 22 more
"/>
         <system-out><![CDATA[2023-08-29 22:42:50 - [TEST_CASE][FAILED] - Test Cases/Product/TC-Product-RemoveCart-001: Test Cases/Product/TC-Product-RemoveCart-001 FAILED.
Reason:
com.kms.katalon.core.exception.StepFailedException: Unable to verify object 'Object Repository/selector for verify/verify jumlah item 0 (cart)' is present
	at com.kms.katalon.core.webui.keyword.internal.WebUIKeywordMain.stepFailed(WebUIKeywordMain.groovy:64)
	at com.kms.katalon.core.webui.keyword.internal.WebUIKeywordMain.runKeyword(WebUIKeywordMain.groovy:26)
	at com.kms.katalon.core.webui.keyword.builtin.VerifyElementPresentKeyword.verifyElementPresent(VerifyElementPresentKeyword.groovy:92)
	at com.kms.katalon.core.webui.keyword.builtin.VerifyElementPresentKeyword.execute(VerifyElementPresentKeyword.groovy:68)
	at com.kms.katalon.core.keyword.internal.KeywordExecutor.executeKeywordForPlatform(KeywordExecutor.groovy:74)
	at com.kms.katalon.core.webui.keyword.WebUiBuiltInKeywords.verifyElementPresent(WebUiBuiltInKeywords.groovy:1464)
	at com.kms.katalon.core.webui.keyword.WebUiBuiltInKeywords$verifyElementPresent$0.call(Unknown Source)
	at TC-Product-RemoveCart-001.run(TC-Product-RemoveCart-001:26)
	at com.kms.katalon.core.main.ScriptEngine.run(ScriptEngine.java:194)
	at com.kms.katalon.core.main.ScriptEngine.runScriptAsRawText(ScriptEngine.java:119)
	at com.kms.katalon.core.main.TestCaseExecutor.runScript(TestCaseExecutor.java:448)
	at com.kms.katalon.core.main.TestCaseExecutor.doExecute(TestCaseExecutor.java:439)
	at com.kms.katalon.core.main.TestCaseExecutor.processExecutionPhase(TestCaseExecutor.java:418)
	at com.kms.katalon.core.main.TestCaseExecutor.accessMainPhase(TestCaseExecutor.java:410)
	at com.kms.katalon.core.main.TestCaseExecutor.execute(TestCaseExecutor.java:285)
	at com.kms.katalon.core.main.TestCaseExecutor.execute(TestCaseExecutor.java:369)
	at com.kms.katalon.core.main.TestCaseExecutor.execute(TestCaseExecutor.java:369)
	at com.kms.katalon.core.main.TestCaseExecutor.execute(TestCaseExecutor.java:369)
	at com.kms.katalon.core.common.CommonExecutor.accessTestCaseMainPhase(CommonExecutor.java:65)
	at com.kms.katalon.core.main.TestSuiteExecutor.accessTestSuiteMainPhase(TestSuiteExecutor.java:148)
	at com.kms.katalon.core.main.TestSuiteExecutor.execute(TestSuiteExecutor.java:106)
	at com.kms.katalon.core.main.TestCaseMain.startTestSuite(TestCaseMain.java:187)
	at com.kms.katalon.core.main.TestCaseMain$startTestSuite$0.call(Unknown Source)
	at TempTestSuite1693323584523.run(TempTestSuite1693323584523.groovy:36)
Caused by: com.kms.katalon.core.exception.StepFailedException: com.kms.katalon.core.webui.exception.WebElementNotFoundException: Web element with id: 'Object Repository/selector for verify/verify jumlah item 0 (cart)' located by '//span[@class = 'shopping_cart_badge' and (text() = '0' or . = '0')]' not found
	at com.kms.katalon.core.webui.keyword.internal.WebUIKeywordMain.stepFailed(WebUIKeywordMain.groovy:64)
	at com.kms.katalon.core.webui.keyword.builtin.VerifyElementPresentKeyword$_verifyElementPresent_closure1.doCall(VerifyElementPresentKeyword.groovy:85)
	at com.kms.katalon.core.webui.keyword.builtin.VerifyElementPresentKeyword$_verifyElementPresent_closure1.call(VerifyElementPresentKeyword.groovy)
	at com.kms.katalon.core.webui.keyword.internal.WebUIKeywordMain.runKeyword(WebUIKeywordMain.groovy:20)
	... 22 more


2023-08-29 22:42:50 - [TEST_STEP][PASSED] - callTestCase(findTestCase("Product/TC-Product-AddCart-001"), [:], STOP_ON_FAILURE): Call Test Case 'Test Cases/Product/TC-Product-AddCart-001' successfully

2023-08-29 22:42:50 - [TEST_CASE][PASSED] - Test Cases/Product/TC-Product-AddCart-001: Test Cases/Product/TC-Product-AddCart-001

2023-08-29 22:42:50 - [TEST_STEP][PASSED] - callTestCase(findTestCase("Product/TC-Product-Show-001"), [:], STOP_ON_FAILURE): Call Test Case 'Test Cases/Product/TC-Product-Show-001' successfully

2023-08-29 22:42:50 - [TEST_CASE][PASSED] - Test Cases/Product/TC-Product-Show-001: Test Cases/Product/TC-Product-Show-001

2023-08-29 22:42:50 - [TEST_STEP][PASSED] - callTestCase(findTestCase("Login/TC-Login-Success-001"), ["username":"standard_user", "password":"qcu24s4901FyWDTwXGr6XA=="], STOP_ON_FAILURE): Call Test Case 'Test Cases/Login/TC-Login-Success-001' successfully

2023-08-29 22:42:50 - [TEST_CASE][PASSED] - Test Cases/Login/TC-Login-Success-001: Test Cases/Login/TC-Login-Success-001

2023-08-29 22:42:50 - [TEST_STEP][PASSED] - openBrowser(webSauceDemo): Browser is opened with url: 'https://www.saucedemo.com/'

2023-08-29 22:42:50 - [MESSAGE][WARNING] - A browser is already opened. Closing browser and opening a new one

2023-08-29 22:42:51 - [MESSAGE][INFO] - Starting 'Edge Chromium' driver

2023-08-29 22:42:53 - [MESSAGE][INFO] - Action delay is set to 0 milliseconds

2023-08-29 22:43:00 - [MESSAGE][PASSED] - Browser is opened with url: 'https://www.saucedemo.com/'

2023-08-29 22:43:00 - [TEST_STEP][PASSED] - verifyElementPresent(findTestObject("Login Page Object/Swag Labs Text (tanda masuk home)"), 5): Object 'Object Repository/Login Page Object/Swag Labs Text (tanda masuk home)' is present

2023-08-29 22:43:00 - [MESSAGE][PASSED] - Object 'Object Repository/Login Page Object/Swag Labs Text (tanda masuk home)' is present

2023-08-29 22:43:00 - [TEST_STEP][PASSED] - setText(findTestObject("Login Page Object/username login"), username): Text 'standard_user' is set on object 'Object Repository/Login Page Object/username login'

2023-08-29 22:43:01 - [MESSAGE][PASSED] - Text 'standard_user' is set on object 'Object Repository/Login Page Object/username login'

2023-08-29 22:43:01 - [TEST_STEP][PASSED] - setEncryptedText(findTestObject("Login Page Object/password login"), password): Text ****** has been set on object 'Object Repository/Login Page Object/password login'

2023-08-29 22:43:02 - [MESSAGE][PASSED] - Text ****** has been set on object 'Object Repository/Login Page Object/password login'

2023-08-29 22:43:02 - [TEST_STEP][PASSED] - click(findTestObject("Login Page Object/button login")): Object: 'Object Repository/Login Page Object/button login' is clicked on

2023-08-29 22:43:03 - [MESSAGE][PASSED] - Object: 'Object Repository/Login Page Object/button login' is clicked on

2023-08-29 22:43:03 - [TEST_STEP][PASSED] - verifyElementPresent(findTestObject("Product/span_Products"), 5): Object 'Object Repository/Product/span_Products' is present

2023-08-29 22:43:04 - [MESSAGE][PASSED] - Object 'Object Repository/Product/span_Products' is present

2023-08-29 22:43:04 - [MESSAGE][PASSED] - Call Test Case 'Test Cases/Login/TC-Login-Success-001' successfully

2023-08-29 22:43:04 - [MESSAGE][PASSED] - Call Test Case 'Test Cases/Product/TC-Product-Show-001' successfully

2023-08-29 22:43:04 - [TEST_STEP][PASSED] - click(findTestObject("Product/button add to cart backpack")): Object: 'Object Repository/Product/button add to cart backpack' is clicked on

2023-08-29 22:43:04 - [MESSAGE][PASSED] - Object: 'Object Repository/Product/button add to cart backpack' is clicked on

2023-08-29 22:43:04 - [TEST_STEP][PASSED] - verifyElementPresent(findTestObject("selector for verify/button remove item pos 1"), 5): Object 'Object Repository/selector for verify/button remove item pos 1' is present

2023-08-29 22:43:05 - [MESSAGE][PASSED] - Object 'Object Repository/selector for verify/button remove item pos 1' is present

2023-08-29 22:43:05 - [TEST_STEP][PASSED] - verifyElementPresent(findTestObject("selector for verify/verify jumlah item 1 (cart)"), 5): Object 'Object Repository/selector for verify/verify jumlah item 1 (cart)' is present

2023-08-29 22:43:05 - [MESSAGE][PASSED] - Object 'Object Repository/selector for verify/verify jumlah item 1 (cart)' is present

2023-08-29 22:43:05 - [MESSAGE][PASSED] - Call Test Case 'Test Cases/Product/TC-Product-AddCart-001' successfully

2023-08-29 22:43:05 - [TEST_STEP][PASSED] - click(findTestObject("Product/button remove item from cart")): Object: 'Object Repository/Product/button remove item from cart' is clicked on

2023-08-29 22:43:06 - [MESSAGE][PASSED] - Object: 'Object Repository/Product/button remove item from cart' is clicked on

2023-08-29 22:43:06 - [TEST_STEP][PASSED] - verifyElementPresent(findTestObject("Product/button add to cart backpack"), 5): Object 'Object Repository/Product/button add to cart backpack' is present

2023-08-29 22:43:07 - [MESSAGE][PASSED] - Object 'Object Repository/Product/button add to cart backpack' is present

2023-08-29 22:43:07 - [TEST_STEP][FAILED] - verifyElementPresent(findTestObject("selector for verify/verify jumlah item 0 (cart)"), 5): Unable to verify object 'Object Repository/selector for verify/verify jumlah item 0 (cart)' is present (Root cause: com.kms.katalon.core.exception.StepFailedException: Unable to verify object 'Object Repository/selector for verify/verify jumlah item 0 (cart)' is present
	at com.kms.katalon.core.webui.keyword.internal.WebUIKeywordMain.stepFailed(WebUIKeywordMain.groovy:64)
	at com.kms.katalon.core.webui.keyword.internal.WebUIKeywordMain.runKeyword(WebUIKeywordMain.groovy:26)
	at com.kms.katalon.core.webui.keyword.builtin.VerifyElementPresentKeyword.verifyElementPresent(VerifyElementPresentKeyword.groovy:92)
	at com.kms.katalon.core.webui.keyword.builtin.VerifyElementPresentKeyword.execute(VerifyElementPresentKeyword.groovy:68)
	at com.kms.katalon.core.keyword.internal.KeywordExecutor.executeKeywordForPlatform(KeywordExecutor.groovy:74)
	at com.kms.katalon.core.webui.keyword.WebUiBuiltInKeywords.verifyElementPresent(WebUiBuiltInKeywords.groovy:1464)
	at com.kms.katalon.core.webui.keyword.WebUiBuiltInKeywords$verifyElementPresent$0.call(Unknown Source)
	at TC-Product-RemoveCart-001.run(TC-Product-RemoveCart-001:26)
	at com.kms.katalon.core.main.ScriptEngine.run(ScriptEngine.java:194)
	at com.kms.katalon.core.main.ScriptEngine.runScriptAsRawText(ScriptEngine.java:119)
	at com.kms.katalon.core.main.TestCaseExecutor.runScript(TestCaseExecutor.java:448)
	at com.kms.katalon.core.main.TestCaseExecutor.doExecute(TestCaseExecutor.java:439)
	at com.kms.katalon.core.main.TestCaseExecutor.processExecutionPhase(TestCaseExecutor.java:418)
	at com.kms.katalon.core.main.TestCaseExecutor.accessMainPhase(TestCaseExecutor.java:410)
	at com.kms.katalon.core.main.TestCaseExecutor.execute(TestCaseExecutor.java:285)
	at com.kms.katalon.core.main.TestCaseExecutor.execute(TestCaseExecutor.java:369)
	at com.kms.katalon.core.main.TestCaseExecutor.execute(TestCaseExecutor.java:369)
	at com.kms.katalon.core.main.TestCaseExecutor.execute(TestCaseExecutor.java:369)
	at com.kms.katalon.core.common.CommonExecutor.accessTestCaseMainPhase(CommonExecutor.java:65)
	at com.kms.katalon.core.main.TestSuiteExecutor.accessTestSuiteMainPhase(TestSuiteExecutor.java:148)
	at com.kms.katalon.core.main.TestSuiteExecutor.execute(TestSuiteExecutor.java:106)
	at com.kms.katalon.core.main.TestCaseMain.startTestSuite(TestCaseMain.java:187)
	at com.kms.katalon.core.main.TestCaseMain$startTestSuite$0.call(Unknown Source)
	at TempTestSuite1693323584523.run(TempTestSuite1693323584523.groovy:36)
Caused by: com.kms.katalon.core.exception.StepFailedException: com.kms.katalon.core.webui.exception.WebElementNotFoundException: Web element with id: 'Object Repository/selector for verify/verify jumlah item 0 (cart)' located by '//span[@class = 'shopping_cart_badge' and (text() = '0' or . = '0')]' not found
	at com.kms.katalon.core.webui.keyword.internal.WebUIKeywordMain.stepFailed(WebUIKeywordMain.groovy:64)
	at com.kms.katalon.core.webui.keyword.builtin.VerifyElementPresentKeyword$_verifyElementPresent_closure1.doCall(VerifyElementPresentKeyword.groovy:85)
	at com.kms.katalon.core.webui.keyword.builtin.VerifyElementPresentKeyword$_verifyElementPresent_closure1.call(VerifyElementPresentKeyword.groovy)
	at com.kms.katalon.core.webui.keyword.internal.WebUIKeywordMain.runKeyword(WebUIKeywordMain.groovy:20)
	... 22 more
)

2023-08-29 22:43:13 - [MESSAGE][INFO] - Unable to find the element located by 'By.xpath: //span[@class = 'shopping_cart_badge' and (text() = '0' or . = '0')]'. Please recheck the objects properties to make sure the desired element is located. 

2023-08-29 22:43:13 - [MESSAGE][FAILED] - com.kms.katalon.core.webui.exception.WebElementNotFoundException: Web element with id: 'Object Repository/selector for verify/verify jumlah item 0 (cart)' located by '//span[@class = 'shopping_cart_badge' and (text() = '0' or . = '0')]' not found (Root cause: com.kms.katalon.core.exception.StepFailedException: com.kms.katalon.core.webui.exception.WebElementNotFoundException: Web element with id: 'Object Repository/selector for verify/verify jumlah item 0 (cart)' located by '//span[@class = 'shopping_cart_badge' and (text() = '0' or . = '0')]' not found
	at com.kms.katalon.core.webui.keyword.internal.WebUIKeywordMain.stepFailed(WebUIKeywordMain.groovy:64)
	at com.kms.katalon.core.webui.keyword.builtin.VerifyElementPresentKeyword$_verifyElementPresent_closure1.doCall(VerifyElementPresentKeyword.groovy:85)
	at com.kms.katalon.core.webui.keyword.builtin.VerifyElementPresentKeyword$_verifyElementPresent_closure1.call(VerifyElementPresentKeyword.groovy)
	at com.kms.katalon.core.webui.keyword.internal.WebUIKeywordMain.runKeyword(WebUIKeywordMain.groovy:20)
	at com.kms.katalon.core.webui.keyword.builtin.VerifyElementPresentKeyword.verifyElementPresent(VerifyElementPresentKeyword.groovy:92)
	at com.kms.katalon.core.webui.keyword.builtin.VerifyElementPresentKeyword.execute(VerifyElementPresentKeyword.groovy:68)
	at com.kms.katalon.core.keyword.internal.KeywordExecutor.executeKeywordForPlatform(KeywordExecutor.groovy:74)
	at com.kms.katalon.core.webui.keyword.WebUiBuiltInKeywords.verifyElementPresent(WebUiBuiltInKeywords.groovy:1464)
	at com.kms.katalon.core.webui.keyword.WebUiBuiltInKeywords$verifyElementPresent$0.call(Unknown Source)
	at TC-Product-RemoveCart-001.run(TC-Product-RemoveCart-001:26)
	at com.kms.katalon.core.main.ScriptEngine.run(ScriptEngine.java:194)
	at com.kms.katalon.core.main.ScriptEngine.runScriptAsRawText(ScriptEngine.java:119)
	at com.kms.katalon.core.main.TestCaseExecutor.runScript(TestCaseExecutor.java:448)
	at com.kms.katalon.core.main.TestCaseExecutor.doExecute(TestCaseExecutor.java:439)
	at com.kms.katalon.core.main.TestCaseExecutor.processExecutionPhase(TestCaseExecutor.java:418)
	at com.kms.katalon.core.main.TestCaseExecutor.accessMainPhase(TestCaseExecutor.java:410)
	at com.kms.katalon.core.main.TestCaseExecutor.execute(TestCaseExecutor.java:285)
	at com.kms.katalon.core.main.TestCaseExecutor.execute(TestCaseExecutor.java:369)
	at com.kms.katalon.core.main.TestCaseExecutor.execute(TestCaseExecutor.java:369)
	at com.kms.katalon.core.main.TestCaseExecutor.execute(TestCaseExecutor.java:369)
	at com.kms.katalon.core.common.CommonExecutor.accessTestCaseMainPhase(CommonExecutor.java:65)
	at com.kms.katalon.core.main.TestSuiteExecutor.accessTestSuiteMainPhase(TestSuiteExecutor.java:148)
	at com.kms.katalon.core.main.TestSuiteExecutor.execute(TestSuiteExecutor.java:106)
	at com.kms.katalon.core.main.TestCaseMain.startTestSuite(TestCaseMain.java:187)
	at com.kms.katalon.core.main.TestCaseMain$startTestSuite$0.call(Unknown Source)
	at TempTestSuite1693323584523.run(TempTestSuite1693323584523.groovy:36)
)
[[ATTACHMENT|C:\\Users\\Aslamadin Alvian Haz\\Documents\\Batch 324 QA XSIS Academy\\batch-324-qa\\Alvin\\Sauce Demo\\Reports\\20230829_223944\\Product Story Test Suite\\20230829_223944\\1693323793553.png]]

2023-08-29 22:43:13 - [MESSAGE][FAILED] - Unable to verify object 'Object Repository/selector for verify/verify jumlah item 0 (cart)' is present (Root cause: com.kms.katalon.core.exception.StepFailedException: Unable to verify object 'Object Repository/selector for verify/verify jumlah item 0 (cart)' is present
	at com.kms.katalon.core.webui.keyword.internal.WebUIKeywordMain.stepFailed(WebUIKeywordMain.groovy:64)
	at com.kms.katalon.core.webui.keyword.internal.WebUIKeywordMain.runKeyword(WebUIKeywordMain.groovy:26)
	at com.kms.katalon.core.webui.keyword.builtin.VerifyElementPresentKeyword.verifyElementPresent(VerifyElementPresentKeyword.groovy:92)
	at com.kms.katalon.core.webui.keyword.builtin.VerifyElementPresentKeyword.execute(VerifyElementPresentKeyword.groovy:68)
	at com.kms.katalon.core.keyword.internal.KeywordExecutor.executeKeywordForPlatform(KeywordExecutor.groovy:74)
	at com.kms.katalon.core.webui.keyword.WebUiBuiltInKeywords.verifyElementPresent(WebUiBuiltInKeywords.groovy:1464)
	at com.kms.katalon.core.webui.keyword.WebUiBuiltInKeywords$verifyElementPresent$0.call(Unknown Source)
	at TC-Product-RemoveCart-001.run(TC-Product-RemoveCart-001:26)
	at com.kms.katalon.core.main.ScriptEngine.run(ScriptEngine.java:194)
	at com.kms.katalon.core.main.ScriptEngine.runScriptAsRawText(ScriptEngine.java:119)
	at com.kms.katalon.core.main.TestCaseExecutor.runScript(TestCaseExecutor.java:448)
	at com.kms.katalon.core.main.TestCaseExecutor.doExecute(TestCaseExecutor.java:439)
	at com.kms.katalon.core.main.TestCaseExecutor.processExecutionPhase(TestCaseExecutor.java:418)
	at com.kms.katalon.core.main.TestCaseExecutor.accessMainPhase(TestCaseExecutor.java:410)
	at com.kms.katalon.core.main.TestCaseExecutor.execute(TestCaseExecutor.java:285)
	at com.kms.katalon.core.main.TestCaseExecutor.execute(TestCaseExecutor.java:369)
	at com.kms.katalon.core.main.TestCaseExecutor.execute(TestCaseExecutor.java:369)
	at com.kms.katalon.core.main.TestCaseExecutor.execute(TestCaseExecutor.java:369)
	at com.kms.katalon.core.common.CommonExecutor.accessTestCaseMainPhase(CommonExecutor.java:65)
	at com.kms.katalon.core.main.TestSuiteExecutor.accessTestSuiteMainPhase(TestSuiteExecutor.java:148)
	at com.kms.katalon.core.main.TestSuiteExecutor.execute(TestSuiteExecutor.java:106)
	at com.kms.katalon.core.main.TestCaseMain.startTestSuite(TestCaseMain.java:187)
	at com.kms.katalon.core.main.TestCaseMain$startTestSuite$0.call(Unknown Source)
	at TempTestSuite1693323584523.run(TempTestSuite1693323584523.groovy:36)
Caused by: com.kms.katalon.core.exception.StepFailedException: com.kms.katalon.core.webui.exception.WebElementNotFoundException: Web element with id: 'Object Repository/selector for verify/verify jumlah item 0 (cart)' located by '//span[@class = 'shopping_cart_badge' and (text() = '0' or . = '0')]' not found
	at com.kms.katalon.core.webui.keyword.internal.WebUIKeywordMain.stepFailed(WebUIKeywordMain.groovy:64)
	at com.kms.katalon.core.webui.keyword.builtin.VerifyElementPresentKeyword$_verifyElementPresent_closure1.doCall(VerifyElementPresentKeyword.groovy:85)
	at com.kms.katalon.core.webui.keyword.builtin.VerifyElementPresentKeyword$_verifyElementPresent_closure1.call(VerifyElementPresentKeyword.groovy)
	at com.kms.katalon.core.webui.keyword.internal.WebUIKeywordMain.runKeyword(WebUIKeywordMain.groovy:20)
	... 22 more
)
[[ATTACHMENT|C:\\Users\\Aslamadin Alvian Haz\\Documents\\Batch 324 QA XSIS Academy\\batch-324-qa\\Alvin\\Sauce Demo\\Reports\\20230829_223944\\Product Story Test Suite\\20230829_223944\\1693323793717.png]]]]></system-out>
         <system-err><![CDATA[2023-08-29 22:42:50 - [TEST_CASE][FAILED] - Test Cases/Product/TC-Product-RemoveCart-001: Test Cases/Product/TC-Product-RemoveCart-001 FAILED.
Reason:
com.kms.katalon.core.exception.StepFailedException: Unable to verify object 'Object Repository/selector for verify/verify jumlah item 0 (cart)' is present
	at com.kms.katalon.core.webui.keyword.internal.WebUIKeywordMain.stepFailed(WebUIKeywordMain.groovy:64)
	at com.kms.katalon.core.webui.keyword.internal.WebUIKeywordMain.runKeyword(WebUIKeywordMain.groovy:26)
	at com.kms.katalon.core.webui.keyword.builtin.VerifyElementPresentKeyword.verifyElementPresent(VerifyElementPresentKeyword.groovy:92)
	at com.kms.katalon.core.webui.keyword.builtin.VerifyElementPresentKeyword.execute(VerifyElementPresentKeyword.groovy:68)
	at com.kms.katalon.core.keyword.internal.KeywordExecutor.executeKeywordForPlatform(KeywordExecutor.groovy:74)
	at com.kms.katalon.core.webui.keyword.WebUiBuiltInKeywords.verifyElementPresent(WebUiBuiltInKeywords.groovy:1464)
	at com.kms.katalon.core.webui.keyword.WebUiBuiltInKeywords$verifyElementPresent$0.call(Unknown Source)
	at TC-Product-RemoveCart-001.run(TC-Product-RemoveCart-001:26)
	at com.kms.katalon.core.main.ScriptEngine.run(ScriptEngine.java:194)
	at com.kms.katalon.core.main.ScriptEngine.runScriptAsRawText(ScriptEngine.java:119)
	at com.kms.katalon.core.main.TestCaseExecutor.runScript(TestCaseExecutor.java:448)
	at com.kms.katalon.core.main.TestCaseExecutor.doExecute(TestCaseExecutor.java:439)
	at com.kms.katalon.core.main.TestCaseExecutor.processExecutionPhase(TestCaseExecutor.java:418)
	at com.kms.katalon.core.main.TestCaseExecutor.accessMainPhase(TestCaseExecutor.java:410)
	at com.kms.katalon.core.main.TestCaseExecutor.execute(TestCaseExecutor.java:285)
	at com.kms.katalon.core.main.TestCaseExecutor.execute(TestCaseExecutor.java:369)
	at com.kms.katalon.core.main.TestCaseExecutor.execute(TestCaseExecutor.java:369)
	at com.kms.katalon.core.main.TestCaseExecutor.execute(TestCaseExecutor.java:369)
	at com.kms.katalon.core.common.CommonExecutor.accessTestCaseMainPhase(CommonExecutor.java:65)
	at com.kms.katalon.core.main.TestSuiteExecutor.accessTestSuiteMainPhase(TestSuiteExecutor.java:148)
	at com.kms.katalon.core.main.TestSuiteExecutor.execute(TestSuiteExecutor.java:106)
	at com.kms.katalon.core.main.TestCaseMain.startTestSuite(TestCaseMain.java:187)
	at com.kms.katalon.core.main.TestCaseMain$startTestSuite$0.call(Unknown Source)
	at TempTestSuite1693323584523.run(TempTestSuite1693323584523.groovy:36)
Caused by: com.kms.katalon.core.exception.StepFailedException: com.kms.katalon.core.webui.exception.WebElementNotFoundException: Web element with id: 'Object Repository/selector for verify/verify jumlah item 0 (cart)' located by '//span[@class = 'shopping_cart_badge' and (text() = '0' or . = '0')]' not found
	at com.kms.katalon.core.webui.keyword.internal.WebUIKeywordMain.stepFailed(WebUIKeywordMain.groovy:64)
	at com.kms.katalon.core.webui.keyword.builtin.VerifyElementPresentKeyword$_verifyElementPresent_closure1.doCall(VerifyElementPresentKeyword.groovy:85)
	at com.kms.katalon.core.webui.keyword.builtin.VerifyElementPresentKeyword$_verifyElementPresent_closure1.call(VerifyElementPresentKeyword.groovy)
	at com.kms.katalon.core.webui.keyword.internal.WebUIKeywordMain.runKeyword(WebUIKeywordMain.groovy:20)
	... 22 more]]></system-err>
      </testcase>
      <system-out><![CDATA[2023-08-29 22:40:04 - [TEST_SUITE][FAILED] - Product Story Test Suite: Test Cases/Product/TC-Product-Show-001 FAILED.
Reason:
com.kms.katalon.core.exception.StepFailedException: Call Test Case 'Test Cases/Login/TC-Login-Success-001' failed
	at com.kms.katalon.core.keyword.builtin.CallTestCaseKeyword$_callTestCase_closure1.doCall(CallTestCaseKeyword.groovy:63)
	at com.kms.katalon.core.keyword.builtin.CallTestCaseKeyword$_callTestCase_closure1.call(CallTestCaseKeyword.groovy)
	at com.kms.katalon.core.keyword.internal.KeywordMain.runKeyword(KeywordMain.groovy:75)
	at com.kms.katalon.core.keyword.builtin.CallTestCaseKeyword.callTestCase(CallTestCaseKeyword.groovy:81)
	at com.kms.katalon.core.keyword.builtin.CallTestCaseKeyword.execute(CallTestCaseKeyword.groovy:44)
	at com.kms.katalon.core.keyword.internal.KeywordExecutor.executeKeywordForPlatform(KeywordExecutor.groovy:74)
	at com.kms.katalon.core.keyword.BuiltinKeywords.callTestCase(BuiltinKeywords.groovy:310)
	at TC-Product-Show-001.run(TC-Product-Show-001:20)
	at com.kms.katalon.core.main.ScriptEngine.run(ScriptEngine.java:194)
	at com.kms.katalon.core.main.ScriptEngine.runScriptAsRawText(ScriptEngine.java:119)
	at com.kms.katalon.core.main.TestCaseExecutor.runScript(TestCaseExecutor.java:448)
	at com.kms.katalon.core.main.TestCaseExecutor.doExecute(TestCaseExecutor.java:439)
	at com.kms.katalon.core.main.TestCaseExecutor.processExecutionPhase(TestCaseExecutor.java:418)
	at com.kms.katalon.core.main.TestCaseExecutor.accessMainPhase(TestCaseExecutor.java:410)
	at com.kms.katalon.core.main.TestCaseExecutor.execute(TestCaseExecutor.java:285)
	at com.kms.katalon.core.common.CommonExecutor.accessTestCaseMainPhase(CommonExecutor.java:65)
	at com.kms.katalon.core.main.TestSuiteExecutor.accessTestSuiteMainPhase(TestSuiteExecutor.java:148)
	at com.kms.katalon.core.main.TestSuiteExecutor.execute(TestSuiteExecutor.java:106)
	at com.kms.katalon.core.main.TestCaseMain.startTestSuite(TestCaseMain.java:187)
	at com.kms.katalon.core.main.TestCaseMain$startTestSuite$0.call(Unknown Source)
	at TempTestSuite1693323584523.run(TempTestSuite1693323584523.groovy:36)
Caused by: com.kms.katalon.core.exception.StepFailedException: Unable to open browser with url: 'https://www.saucedemo.com/'
	at com.kms.katalon.core.webui.keyword.internal.WebUIKeywordMain.stepFailed(WebUIKeywordMain.groovy:64)
	at com.kms.katalon.core.webui.keyword.internal.WebUIKeywordMain.runKeyword(WebUIKeywordMain.groovy:26)
	at com.kms.katalon.core.webui.keyword.builtin.OpenBrowserKeyword.openBrowser(OpenBrowserKeyword.groovy:81)
	at com.kms.katalon.core.webui.keyword.builtin.OpenBrowserKeyword.execute(OpenBrowserKeyword.groovy:67)
	at com.kms.katalon.core.keyword.internal.KeywordExecutor.executeKeywordForPlatform(KeywordExecutor.groovy:74)
	at com.kms.katalon.core.webui.keyword.WebUiBuiltInKeywords.openBrowser(WebUiBuiltInKeywords.groovy:64)
	at com.kms.katalon.core.webui.keyword.WebUiBuiltInKeywords$openBrowser.call(Unknown Source)
	at TC-Login-Success-001.run(TC-Login-Success-001:20)
	at com.kms.katalon.core.main.ScriptEngine.run(ScriptEngine.java:194)
	at com.kms.katalon.core.main.ScriptEngine.runScriptAsRawText(ScriptEngine.java:119)
	at com.kms.katalon.core.main.TestCaseExecutor.runScript(TestCaseExecutor.java:448)
	at com.kms.katalon.core.main.TestCaseExecutor.doExecute(TestCaseExecutor.java:439)
	at com.kms.katalon.core.main.TestCaseExecutor.processExecutionPhase(TestCaseExecutor.java:418)
	at com.kms.katalon.core.main.TestCaseExecutor.accessMainPhase(TestCaseExecutor.java:410)
	at com.kms.katalon.core.main.TestCaseExecutor.execute(TestCaseExecutor.java:285)
	at com.kms.katalon.core.main.TestCaseMain.runTestCase(TestCaseMain.java:144)
	at com.kms.katalon.core.keyword.builtin.CallTestCaseKeyword$_callTestCase_closure1.doCall(CallTestCaseKeyword.groovy:59)
	... 20 more
Caused by: org.openqa.selenium.SessionNotCreatedException: session not created
from no such execution context: loader has changed while resolving nodes
  (Session info: MicrosoftEdge=116.0.1938.62)
Build info: version: '3.141.59', revision: 'e82be7d358', time: '2018-11-14T08:25:53'
System info: host: 'DESKTOP-L5FUI4E', ip: '192.168.1.116', os.name: 'Windows 10', os.arch: 'amd64', os.version: '10.0', java.version: '1.8.0_362'
Driver info: driver.version: CEdgeDriver
remote stacktrace: Backtrace:
	GetHandleVerifier [0x005773C3+226771]
	Microsoft::Applications::Events::time_ticks_t::time_ticks_t [0x00460831+384945]
	Microsoft::Applications::Events::ILogConfiguration::operator* [0x002962FE+3950]
	Microsoft::Applications::Events::ILogConfiguration::operator* [0x00298A95+14085]
	Microsoft::Applications::Events::ILogConfiguration::operator* [0x0029A118+19848]
	Microsoft::Applications::Events::ILogConfiguration::operator* [0x0029A1A0+19984]
	Microsoft::Applications::Events::GUID_t::GUID_t [0x002DE97F+214431]
	Microsoft::Applications::Events::GUID_t::GUID_t [0x002DD2FA+208666]
	Microsoft::Applications::Events::GUID_t::GUID_t [0x002D6F06+183078]
	Microsoft::Applications::Events::GUID_t::GUID_t [0x002BB3EB+69643]
	Microsoft::Applications::Events::GUID_t::GUID_t [0x002BAB9B+67515]
	Microsoft::Applications::Events::GUID_t::GUID_t [0x002BBAED+71437]
	GetHandleVerifier [0x00634712+1001762]
	Microsoft::Applications::Events::FromJSON [0x00700CAE+130302]
	Microsoft::Applications::Events::FromJSON [0x00700634+128644]
	Microsoft::Applications::Events::FromJSON [0x006F68CA+88346]
	Microsoft::Applications::Events::FromJSON [0x00701683+132819]
	Microsoft::Applications::Events::time_ticks_t::time_ticks_t [0x004741C7+465223]
	Microsoft::Applications::Events::time_ticks_t::time_ticks_t [0x00469E78+423416]
	Microsoft::Applications::Events::time_ticks_t::time_ticks_t [0x00469F93+423699]
	Microsoft::Applications::Events::time_ticks_t::time_ticks_t [0x00453E64+333284]
	BaseThreadInitThunk [0x75EA00C9+25]
	RtlGetAppContainerNamedObjectPath [0x775B7B1E+286]
	RtlGetAppContainerNamedObjectPath [0x775B7AEE+238]

	at org.openqa.selenium.remote.W3CHandshakeResponse.lambda$errorHandler$0(W3CHandshakeResponse.java:62)
	at org.openqa.selenium.remote.HandshakeResponse.lambda$getResponseFunction$0(HandshakeResponse.java:30)
	at org.openqa.selenium.remote.ProtocolHandshake.lambda$createSession$0(ProtocolHandshake.java:126)
	at org.openqa.selenium.remote.ProtocolHandshake.createSession(ProtocolHandshake.java:128)
	at org.openqa.selenium.remote.ProtocolHandshake.createSession(ProtocolHandshake.java:74)
	at org.openqa.selenium.remote.HttpCommandExecutor.execute(HttpCommandExecutor.java:136)
	at org.openqa.selenium.remote.service.DriverCommandExecutor.execute(DriverCommandExecutor.java:83)
	at org.openqa.selenium.remote.RemoteWebDriver.execute(RemoteWebDriver.java:552)
	at com.kms.katalon.selenium.driver.CEdgeDriver.execute(CEdgeDriver.java:20)
	at org.openqa.selenium.remote.RemoteWebDriver.startSession(RemoteWebDriver.java:213)
	at org.openqa.selenium.remote.RemoteWebDriver.<init>(RemoteWebDriver.java:131)
	at org.openqa.selenium.edge.EdgeDriver.<init>(EdgeDriver.java:154)
	at com.kms.katalon.selenium.driver.CEdgeDriver.<init>(CEdgeDriver.java:14)
	at com.kms.katalon.core.webui.driver.DriverFactory.createNewEdgeChromiumDriver(DriverFactory.java:674)
	at com.kms.katalon.core.webui.driver.DriverFactory.startNewBrowser(DriverFactory.java:389)
	at com.kms.katalon.core.webui.driver.DriverFactory.openWebDriver(DriverFactory.java:263)
	at com.kms.katalon.core.webui.keyword.builtin.OpenBrowserKeyword$_openBrowser_closure1.doCall(OpenBrowserKeyword.groovy:74)
	at com.kms.katalon.core.webui.keyword.builtin.OpenBrowserKeyword$_openBrowser_closure1.call(OpenBrowserKeyword.groovy)
	at com.kms.katalon.core.webui.keyword.internal.WebUIKeywordMain.runKeyword(WebUIKeywordMain.groovy:20)
	... 35 more]]></system-out>
      <system-err><![CDATA[2023-08-29 22:40:04 - [TEST_SUITE][FAILED] - Product Story Test Suite: Test Cases/Product/TC-Product-Show-001 FAILED.
Reason:
com.kms.katalon.core.exception.StepFailedException: Call Test Case 'Test Cases/Login/TC-Login-Success-001' failed
	at com.kms.katalon.core.keyword.builtin.CallTestCaseKeyword$_callTestCase_closure1.doCall(CallTestCaseKeyword.groovy:63)
	at com.kms.katalon.core.keyword.builtin.CallTestCaseKeyword$_callTestCase_closure1.call(CallTestCaseKeyword.groovy)
	at com.kms.katalon.core.keyword.internal.KeywordMain.runKeyword(KeywordMain.groovy:75)
	at com.kms.katalon.core.keyword.builtin.CallTestCaseKeyword.callTestCase(CallTestCaseKeyword.groovy:81)
	at com.kms.katalon.core.keyword.builtin.CallTestCaseKeyword.execute(CallTestCaseKeyword.groovy:44)
	at com.kms.katalon.core.keyword.internal.KeywordExecutor.executeKeywordForPlatform(KeywordExecutor.groovy:74)
	at com.kms.katalon.core.keyword.BuiltinKeywords.callTestCase(BuiltinKeywords.groovy:310)
	at TC-Product-Show-001.run(TC-Product-Show-001:20)
	at com.kms.katalon.core.main.ScriptEngine.run(ScriptEngine.java:194)
	at com.kms.katalon.core.main.ScriptEngine.runScriptAsRawText(ScriptEngine.java:119)
	at com.kms.katalon.core.main.TestCaseExecutor.runScript(TestCaseExecutor.java:448)
	at com.kms.katalon.core.main.TestCaseExecutor.doExecute(TestCaseExecutor.java:439)
	at com.kms.katalon.core.main.TestCaseExecutor.processExecutionPhase(TestCaseExecutor.java:418)
	at com.kms.katalon.core.main.TestCaseExecutor.accessMainPhase(TestCaseExecutor.java:410)
	at com.kms.katalon.core.main.TestCaseExecutor.execute(TestCaseExecutor.java:285)
	at com.kms.katalon.core.common.CommonExecutor.accessTestCaseMainPhase(CommonExecutor.java:65)
	at com.kms.katalon.core.main.TestSuiteExecutor.accessTestSuiteMainPhase(TestSuiteExecutor.java:148)
	at com.kms.katalon.core.main.TestSuiteExecutor.execute(TestSuiteExecutor.java:106)
	at com.kms.katalon.core.main.TestCaseMain.startTestSuite(TestCaseMain.java:187)
	at com.kms.katalon.core.main.TestCaseMain$startTestSuite$0.call(Unknown Source)
	at TempTestSuite1693323584523.run(TempTestSuite1693323584523.groovy:36)
Caused by: com.kms.katalon.core.exception.StepFailedException: Unable to open browser with url: 'https://www.saucedemo.com/'
	at com.kms.katalon.core.webui.keyword.internal.WebUIKeywordMain.stepFailed(WebUIKeywordMain.groovy:64)
	at com.kms.katalon.core.webui.keyword.internal.WebUIKeywordMain.runKeyword(WebUIKeywordMain.groovy:26)
	at com.kms.katalon.core.webui.keyword.builtin.OpenBrowserKeyword.openBrowser(OpenBrowserKeyword.groovy:81)
	at com.kms.katalon.core.webui.keyword.builtin.OpenBrowserKeyword.execute(OpenBrowserKeyword.groovy:67)
	at com.kms.katalon.core.keyword.internal.KeywordExecutor.executeKeywordForPlatform(KeywordExecutor.groovy:74)
	at com.kms.katalon.core.webui.keyword.WebUiBuiltInKeywords.openBrowser(WebUiBuiltInKeywords.groovy:64)
	at com.kms.katalon.core.webui.keyword.WebUiBuiltInKeywords$openBrowser.call(Unknown Source)
	at TC-Login-Success-001.run(TC-Login-Success-001:20)
	at com.kms.katalon.core.main.ScriptEngine.run(ScriptEngine.java:194)
	at com.kms.katalon.core.main.ScriptEngine.runScriptAsRawText(ScriptEngine.java:119)
	at com.kms.katalon.core.main.TestCaseExecutor.runScript(TestCaseExecutor.java:448)
	at com.kms.katalon.core.main.TestCaseExecutor.doExecute(TestCaseExecutor.java:439)
	at com.kms.katalon.core.main.TestCaseExecutor.processExecutionPhase(TestCaseExecutor.java:418)
	at com.kms.katalon.core.main.TestCaseExecutor.accessMainPhase(TestCaseExecutor.java:410)
	at com.kms.katalon.core.main.TestCaseExecutor.execute(TestCaseExecutor.java:285)
	at com.kms.katalon.core.main.TestCaseMain.runTestCase(TestCaseMain.java:144)
	at com.kms.katalon.core.keyword.builtin.CallTestCaseKeyword$_callTestCase_closure1.doCall(CallTestCaseKeyword.groovy:59)
	... 20 more
Caused by: org.openqa.selenium.SessionNotCreatedException: session not created
from no such execution context: loader has changed while resolving nodes
  (Session info: MicrosoftEdge=116.0.1938.62)
Build info: version: '3.141.59', revision: 'e82be7d358', time: '2018-11-14T08:25:53'
System info: host: 'DESKTOP-L5FUI4E', ip: '192.168.1.116', os.name: 'Windows 10', os.arch: 'amd64', os.version: '10.0', java.version: '1.8.0_362'
Driver info: driver.version: CEdgeDriver
remote stacktrace: Backtrace:
	GetHandleVerifier [0x005773C3+226771]
	Microsoft::Applications::Events::time_ticks_t::time_ticks_t [0x00460831+384945]
	Microsoft::Applications::Events::ILogConfiguration::operator* [0x002962FE+3950]
	Microsoft::Applications::Events::ILogConfiguration::operator* [0x00298A95+14085]
	Microsoft::Applications::Events::ILogConfiguration::operator* [0x0029A118+19848]
	Microsoft::Applications::Events::ILogConfiguration::operator* [0x0029A1A0+19984]
	Microsoft::Applications::Events::GUID_t::GUID_t [0x002DE97F+214431]
	Microsoft::Applications::Events::GUID_t::GUID_t [0x002DD2FA+208666]
	Microsoft::Applications::Events::GUID_t::GUID_t [0x002D6F06+183078]
	Microsoft::Applications::Events::GUID_t::GUID_t [0x002BB3EB+69643]
	Microsoft::Applications::Events::GUID_t::GUID_t [0x002BAB9B+67515]
	Microsoft::Applications::Events::GUID_t::GUID_t [0x002BBAED+71437]
	GetHandleVerifier [0x00634712+1001762]
	Microsoft::Applications::Events::FromJSON [0x00700CAE+130302]
	Microsoft::Applications::Events::FromJSON [0x00700634+128644]
	Microsoft::Applications::Events::FromJSON [0x006F68CA+88346]
	Microsoft::Applications::Events::FromJSON [0x00701683+132819]
	Microsoft::Applications::Events::time_ticks_t::time_ticks_t [0x004741C7+465223]
	Microsoft::Applications::Events::time_ticks_t::time_ticks_t [0x00469E78+423416]
	Microsoft::Applications::Events::time_ticks_t::time_ticks_t [0x00469F93+423699]
	Microsoft::Applications::Events::time_ticks_t::time_ticks_t [0x00453E64+333284]
	BaseThreadInitThunk [0x75EA00C9+25]
	RtlGetAppContainerNamedObjectPath [0x775B7B1E+286]
	RtlGetAppContainerNamedObjectPath [0x775B7AEE+238]

	at org.openqa.selenium.remote.W3CHandshakeResponse.lambda$errorHandler$0(W3CHandshakeResponse.java:62)
	at org.openqa.selenium.remote.HandshakeResponse.lambda$getResponseFunction$0(HandshakeResponse.java:30)
	at org.openqa.selenium.remote.ProtocolHandshake.lambda$createSession$0(ProtocolHandshake.java:126)
	at org.openqa.selenium.remote.ProtocolHandshake.createSession(ProtocolHandshake.java:128)
	at org.openqa.selenium.remote.ProtocolHandshake.createSession(ProtocolHandshake.java:74)
	at org.openqa.selenium.remote.HttpCommandExecutor.execute(HttpCommandExecutor.java:136)
	at org.openqa.selenium.remote.service.DriverCommandExecutor.execute(DriverCommandExecutor.java:83)
	at org.openqa.selenium.remote.RemoteWebDriver.execute(RemoteWebDriver.java:552)
	at com.kms.katalon.selenium.driver.CEdgeDriver.execute(CEdgeDriver.java:20)
	at org.openqa.selenium.remote.RemoteWebDriver.startSession(RemoteWebDriver.java:213)
	at org.openqa.selenium.remote.RemoteWebDriver.<init>(RemoteWebDriver.java:131)
	at org.openqa.selenium.edge.EdgeDriver.<init>(EdgeDriver.java:154)
	at com.kms.katalon.selenium.driver.CEdgeDriver.<init>(CEdgeDriver.java:14)
	at com.kms.katalon.core.webui.driver.DriverFactory.createNewEdgeChromiumDriver(DriverFactory.java:674)
	at com.kms.katalon.core.webui.driver.DriverFactory.startNewBrowser(DriverFactory.java:389)
	at com.kms.katalon.core.webui.driver.DriverFactory.openWebDriver(DriverFactory.java:263)
	at com.kms.katalon.core.webui.keyword.builtin.OpenBrowserKeyword$_openBrowser_closure1.doCall(OpenBrowserKeyword.groovy:74)
	at com.kms.katalon.core.webui.keyword.builtin.OpenBrowserKeyword$_openBrowser_closure1.call(OpenBrowserKeyword.groovy)
	at com.kms.katalon.core.webui.keyword.internal.WebUIKeywordMain.runKeyword(WebUIKeywordMain.groovy:20)
	... 35 more]]></system-err>
   </testsuite>
</testsuites>
