<?xml version="1.0" encoding="UTF-8"?>
<testsuites name="Test Suite Make Appointment" time="61.444" tests="3" failures="3" errors="0">
   <testsuite name="Test Suite Make Appointment" tests="3" failures="3" errors="0" time="61.444" skipped="0" timestamp="2023-08-25 09:54:15" hostname="ASUS - DESKTOP-MRD68AC" id="Test Suites/Test Suite Make Appointment">
      <properties>
         <property name="deviceName" value=""/>
         <property name="devicePlatform" value=""/>
         <property name="logFolder" value="D:\\xsis\\batch-324-qa\\bagus\\Cura Heroku App\\Reports\\20230825_095408\\Test Suite Make Appointment\\20230825_095408"/>
         <property name="logFiles" value="D:\\xsis\\batch-324-qa\\bagus\\Cura Heroku App\\Reports\\20230825_095408\\Test Suite Make Appointment\\20230825_095408\\execution0.log"/>
         <property name="attachments" value=""/>
         <property name="hostName" value="ASUS - DESKTOP-MRD68AC"/>
         <property name="os" value="Windows 10 64bit"/>
         <property name="katalonVersion" value="8.6.5.208"/>
         <property name="browser" value="Edge Chromium 115"/>
         <property name="hostAddress" value="10.9.2.33"/>
         <property name="sessionId" value="ba634f7b56a5b251d57a034450472456"/>
         <property name="seleniumVersion" value="3.141.59"/>
         <property name="proxyInformation" value="ProxyInformation { proxyOption=NO_PROXY, proxyServerType=HTTP, username=, password=********, proxyServerAddress=, proxyServerPort=0, executionList=&quot;&quot;, isApplyToDesiredCapabilities=true }"/>
         <property name="platform" value="Windows 10"/>
      </properties>
      <testcase name="Test Cases/Make Appointment/Test Case 2.1 (Versi Dinamis)" time="21.429" classname="Test Cases/Make Appointment/Test Case 2.1 (Versi Dinamis)" status="FAILED">
         <failure type="FAILED" message="Test Cases/Make Appointment/Test Case 2.1 (Versi Dinamis) FAILED.
Reason:
com.kms.katalon.core.exception.StepFailedException: Actual text 'No' and expected text 'no' are not matched
	at com.kms.katalon.core.keyword.builtin.VerifyMatchKeyword$_verifyMatch_closure1.doCall(VerifyMatchKeyword.groovy:57)
	at com.kms.katalon.core.keyword.builtin.VerifyMatchKeyword$_verifyMatch_closure1.call(VerifyMatchKeyword.groovy)
	at com.kms.katalon.core.keyword.internal.KeywordMain.runKeyword(KeywordMain.groovy:75)
	at com.kms.katalon.core.keyword.builtin.VerifyMatchKeyword.verifyMatch(VerifyMatchKeyword.groovy:60)
	at com.kms.katalon.core.keyword.builtin.VerifyMatchKeyword.execute(VerifyMatchKeyword.groovy:45)
	at com.kms.katalon.core.keyword.internal.KeywordExecutor.executeKeywordForPlatform(KeywordExecutor.groovy:74)
	at com.kms.katalon.core.keyword.BuiltinKeywords.verifyMatch(BuiltinKeywords.groovy:78)
	at Test Case 2.1 (Versi Dinamis).run(Test Case 2.1 (Versi Dinamis):57)
	at com.kms.katalon.core.main.ScriptEngine.run(ScriptEngine.java:194)
	at com.kms.katalon.core.main.ScriptEngine.runScriptAsRawText(ScriptEngine.java:119)
	at com.kms.katalon.core.main.TestCaseExecutor.runScript(TestCaseExecutor.java:448)
	at com.kms.katalon.core.main.TestCaseExecutor.doExecute(TestCaseExecutor.java:439)
	at com.kms.katalon.core.main.TestCaseExecutor.processExecutionPhase(TestCaseExecutor.java:418)
	at com.kms.katalon.core.main.TestCaseExecutor.accessMainPhase(TestCaseExecutor.java:410)
	at com.kms.katalon.core.main.TestCaseExecutor.execute(TestCaseExecutor.java:285)
	at com.kms.katalon.core.common.CommonExecutor.accessTestCaseMainPhase(CommonExecutor.java:65)
	at com.kms.katalon.core.main.TestSuiteExecutor.accessTestSuiteMainPhase(TestSuiteExecutor.java:148)
	at com.kms.katalon.core.main.TestSuiteExecutor.execute(TestSuiteExecutor.java:106)
	at com.kms.katalon.core.main.TestCaseMain.startTestSuite(TestCaseMain.java:187)
	at com.kms.katalon.core.main.TestCaseMain$startTestSuite$0.call(Unknown Source)
	at TempTestSuite1692932048422.run(TempTestSuite1692932048422.groovy:36)
"/>
         <system-out><![CDATA[2023-08-25 09:54:15 - [TEST_CASE][FAILED] - Test Cases/Make Appointment/Test Case 2.1 (Versi Dinamis): Test Cases/Make Appointment/Test Case 2.1 (Versi Dinamis) FAILED.
Reason:
com.kms.katalon.core.exception.StepFailedException: Actual text 'No' and expected text 'no' are not matched
	at com.kms.katalon.core.keyword.builtin.VerifyMatchKeyword$_verifyMatch_closure1.doCall(VerifyMatchKeyword.groovy:57)
	at com.kms.katalon.core.keyword.builtin.VerifyMatchKeyword$_verifyMatch_closure1.call(VerifyMatchKeyword.groovy)
	at com.kms.katalon.core.keyword.internal.KeywordMain.runKeyword(KeywordMain.groovy:75)
	at com.kms.katalon.core.keyword.builtin.VerifyMatchKeyword.verifyMatch(VerifyMatchKeyword.groovy:60)
	at com.kms.katalon.core.keyword.builtin.VerifyMatchKeyword.execute(VerifyMatchKeyword.groovy:45)
	at com.kms.katalon.core.keyword.internal.KeywordExecutor.executeKeywordForPlatform(KeywordExecutor.groovy:74)
	at com.kms.katalon.core.keyword.BuiltinKeywords.verifyMatch(BuiltinKeywords.groovy:78)
	at Test Case 2.1 (Versi Dinamis).run(Test Case 2.1 (Versi Dinamis):57)
	at com.kms.katalon.core.main.ScriptEngine.run(ScriptEngine.java:194)
	at com.kms.katalon.core.main.ScriptEngine.runScriptAsRawText(ScriptEngine.java:119)
	at com.kms.katalon.core.main.TestCaseExecutor.runScript(TestCaseExecutor.java:448)
	at com.kms.katalon.core.main.TestCaseExecutor.doExecute(TestCaseExecutor.java:439)
	at com.kms.katalon.core.main.TestCaseExecutor.processExecutionPhase(TestCaseExecutor.java:418)
	at com.kms.katalon.core.main.TestCaseExecutor.accessMainPhase(TestCaseExecutor.java:410)
	at com.kms.katalon.core.main.TestCaseExecutor.execute(TestCaseExecutor.java:285)
	at com.kms.katalon.core.common.CommonExecutor.accessTestCaseMainPhase(CommonExecutor.java:65)
	at com.kms.katalon.core.main.TestSuiteExecutor.accessTestSuiteMainPhase(TestSuiteExecutor.java:148)
	at com.kms.katalon.core.main.TestSuiteExecutor.execute(TestSuiteExecutor.java:106)
	at com.kms.katalon.core.main.TestCaseMain.startTestSuite(TestCaseMain.java:187)
	at com.kms.katalon.core.main.TestCaseMain$startTestSuite$0.call(Unknown Source)
	at TempTestSuite1692932048422.run(TempTestSuite1692932048422.groovy:36)


2023-08-25 09:54:16 - [TEST_STEP][PASSED] - callTestCase(findTestCase("Login/Test Case 1.1 (Cara Manual)"), ["Username":username, "password":password], STOP_ON_FAILURE): Call Test Case 'Test Cases/Login/Test Case 1.1 (Cara Manual)' successfully

2023-08-25 09:54:16 - [TEST_CASE][PASSED] - Test Cases/Login/Test Case 1.1 (Cara Manual): Test Cases/Login/Test Case 1.1 (Cara Manual)

2023-08-25 09:54:17 - [TEST_STEP][PASSED] - openBrowser(web_url): Browser is opened with url: 'https://katalon-demo-cura.herokuapp.com/'

2023-08-25 09:54:17 - [MESSAGE][INFO] - Starting 'Edge Chromium' driver

2023-08-25 09:54:19 - [MESSAGE][INFO] - Action delay is set to 0 milliseconds

2023-08-25 09:54:25 - [MESSAGE][PASSED] - Browser is opened with url: 'https://katalon-demo-cura.herokuapp.com/'

2023-08-25 09:54:25 - [TEST_STEP][PASSED] - maximizeWindow(): Current window maximized

2023-08-25 09:54:25 - [MESSAGE][PASSED] - Current window maximized

2023-08-25 09:54:25 - [TEST_STEP][PASSED] - verifyElementPresent(findTestObject("Login Manual/title_homepage"), 0): Object 'Object Repository/Login Manual/title_homepage' is present

2023-08-25 09:54:25 - [MESSAGE][WARNING] - Timeout '0' is invalid. Using default page load timeout: '30'

2023-08-25 09:54:26 - [MESSAGE][PASSED] - Object 'Object Repository/Login Manual/title_homepage' is present

2023-08-25 09:54:26 - [TEST_STEP][PASSED] - click(findTestObject("Login Manual/burger_button")): Object: 'Object Repository/Login Manual/burger_button' is clicked on

2023-08-25 09:54:26 - [MESSAGE][PASSED] - Object: 'Object Repository/Login Manual/burger_button' is clicked on

2023-08-25 09:54:26 - [TEST_STEP][PASSED] - click(findTestObject("Login Manual/burger_button_login")): Object: 'Object Repository/Login Manual/burger_button_login' is clicked on

2023-08-25 09:54:28 - [MESSAGE][PASSED] - Object: 'Object Repository/Login Manual/burger_button_login' is clicked on

2023-08-25 09:54:28 - [TEST_STEP][PASSED] - verifyElementPresent(findTestObject("Login Manual/Title_Login"), 0): Object 'Object Repository/Login Manual/Title_Login' is present

2023-08-25 09:54:28 - [MESSAGE][WARNING] - Timeout '0' is invalid. Using default page load timeout: '30'

2023-08-25 09:54:28 - [MESSAGE][PASSED] - Object 'Object Repository/Login Manual/Title_Login' is present

2023-08-25 09:54:28 - [TEST_STEP][PASSED] - setText(findTestObject("Login Manual/input_Username"), Username): Text 'John Doe' is set on object 'Object Repository/Login Manual/input_Username'

2023-08-25 09:54:29 - [MESSAGE][PASSED] - Text 'John Doe' is set on object 'Object Repository/Login Manual/input_Username'

2023-08-25 09:54:29 - [TEST_STEP][PASSED] - setEncryptedText(findTestObject("Login Manual/input_Password"), password): Text ****** has been set on object 'Object Repository/Login Manual/input_Password'

2023-08-25 09:54:29 - [MESSAGE][PASSED] - Text ****** has been set on object 'Object Repository/Login Manual/input_Password'

2023-08-25 09:54:29 - [TEST_STEP][PASSED] - click(findTestObject("Login Manual/button_Login (1)")): Object: 'Object Repository/Login Manual/button_Login (1)' is clicked on

2023-08-25 09:54:31 - [MESSAGE][PASSED] - Object: 'Object Repository/Login Manual/button_Login (1)' is clicked on

2023-08-25 09:54:31 - [TEST_STEP][PASSED] - verifyElementPresent(findTestObject("Login Manual/title_Make Appointment"), 5): Object 'Object Repository/Login Manual/title_Make Appointment' is present

2023-08-25 09:54:31 - [MESSAGE][PASSED] - Object 'Object Repository/Login Manual/title_Make Appointment' is present

2023-08-25 09:54:31 - [MESSAGE][PASSED] - Call Test Case 'Test Cases/Login/Test Case 1.1 (Cara Manual)' successfully

2023-08-25 09:54:31 - [TEST_STEP][PASSED] - selectOptionByValue(findTestObject("Make Appointment/dropdown_menu"), dropdown_menu, false): All options with value 'Tokyo CURA Healthcare Center' are selected in object 'Object Repository/Make Appointment/dropdown_menu' 

2023-08-25 09:54:32 - [MESSAGE][PASSED] - All options with value 'Tokyo CURA Healthcare Center' are selected in object 'Object Repository/Make Appointment/dropdown_menu' 

2023-08-25 09:54:32 - [TEST_STEP][PASSED] - if (toString().equalsIgnoreCase("yes")): null

2023-08-25 09:54:32 - [TEST_STEP][PASSED] - if (toString().equalsIgnoreCase("medicare")): null

2023-08-25 09:54:32 - [TEST_STEP][PASSED] - else if (toString().equalsIgnoreCase("medicaid")): null

2023-08-25 09:54:32 - [TEST_STEP][PASSED] - else: Object 'Object Repository/Make Appointment/radio_button_input_None' is checked

2023-08-25 09:54:32 - [TEST_STEP][PASSED] - check(findTestObject("Object Repository/Make Appointment/radio_button_input_None")): Object 'Object Repository/Make Appointment/radio_button_input_None' is checked

2023-08-25 09:54:32 - [MESSAGE][PASSED] - Object 'Object Repository/Make Appointment/radio_button_input_None' is checked

2023-08-25 09:54:32 - [TEST_STEP][PASSED] - setText(findTestObject("Make Appointment/input_Visit Date (Required)_visit_date"), visit_date): Text '26/08/2023' is set on object 'Object Repository/Make Appointment/input_Visit Date (Required)_visit_date'

2023-08-25 09:54:33 - [MESSAGE][PASSED] - Text '26/08/2023' is set on object 'Object Repository/Make Appointment/input_Visit Date (Required)_visit_date'

2023-08-25 09:54:33 - [TEST_STEP][PASSED] - setText(findTestObject("Make Appointment/textarea_Comment_comment"), comment): Text 'sakit perut' is set on object 'Object Repository/Make Appointment/textarea_Comment_comment'

2023-08-25 09:54:34 - [MESSAGE][PASSED] - Text 'sakit perut' is set on object 'Object Repository/Make Appointment/textarea_Comment_comment'

2023-08-25 09:54:34 - [TEST_STEP][PASSED] - click(findTestObject("Make Appointment/button_Book Appointment")): Object: 'Object Repository/Make Appointment/button_Book Appointment' is clicked on

2023-08-25 09:54:35 - [MESSAGE][PASSED] - Object: 'Object Repository/Make Appointment/button_Book Appointment' is clicked on

2023-08-25 09:54:35 - [TEST_STEP][PASSED] - verifyElementVisible(findTestObject("Make Appointment/title_Appointment Confirmation")): Object 'Object Repository/Make Appointment/title_Appointment Confirmation' is visible

2023-08-25 09:54:35 - [MESSAGE][PASSED] - Object 'Object Repository/Make Appointment/title_Appointment Confirmation' is visible

2023-08-25 09:54:35 - [TEST_STEP][PASSED] - hasil_facility = getText(findTestObject("Object Repository/Make Appointment/facility_Tokyo CURA Healthcare Center")): Text of object 'Object Repository/Make Appointment/facility_Tokyo CURA Healthcare Center' is: 'Tokyo CURA Healthcare Center'

2023-08-25 09:54:35 - [MESSAGE][PASSED] - Text of object 'Object Repository/Make Appointment/facility_Tokyo CURA Healthcare Center' is: 'Tokyo CURA Healthcare Center'

2023-08-25 09:54:35 - [TEST_STEP][PASSED] - hasil_readmission = getText(findTestObject("Make Appointment/checkbox_Yes")): Text of object 'Object Repository/Make Appointment/checkbox_Yes' is: 'No'

2023-08-25 09:54:36 - [MESSAGE][PASSED] - Text of object 'Object Repository/Make Appointment/checkbox_Yes' is: 'No'

2023-08-25 09:54:36 - [TEST_STEP][PASSED] - hasil_program = getText(findTestObject("Make Appointment/program_Medicare")): Text of object 'Object Repository/Make Appointment/program_Medicare' is: 'None'

2023-08-25 09:54:36 - [MESSAGE][PASSED] - Text of object 'Object Repository/Make Appointment/program_Medicare' is: 'None'

2023-08-25 09:54:36 - [TEST_STEP][PASSED] - hasil_date = getText(findTestObject("Make Appointment/visit_date")): Text of object 'Object Repository/Make Appointment/visit_date' is: '26/08/2023'

2023-08-25 09:54:36 - [MESSAGE][PASSED] - Text of object 'Object Repository/Make Appointment/visit_date' is: '26/08/2023'

2023-08-25 09:54:36 - [TEST_STEP][PASSED] - hasil_comment = getText(findTestObject("Make Appointment/comment_sakit kepala")): Text of object 'Object Repository/Make Appointment/comment_sakit kepala' is: 'sakit perut'

2023-08-25 09:54:37 - [MESSAGE][PASSED] - Text of object 'Object Repository/Make Appointment/comment_sakit kepala' is: 'sakit perut'

2023-08-25 09:54:37 - [TEST_STEP][PASSED] - verifyMatch(hasil_facility, dropdown_menu, false): Actual text 'Tokyo CURA Healthcare Center' and expected text 'Tokyo CURA Healthcare Center' are matched 

2023-08-25 09:54:37 - [MESSAGE][PASSED] - Actual text 'Tokyo CURA Healthcare Center' and expected text 'Tokyo CURA Healthcare Center' are matched 

2023-08-25 09:54:37 - [TEST_STEP][FAILED] - verifyMatch(hasil_readmission, hospital_readmission, false): Unable to verify match between actual text 'No' and expected text 'no' (Root cause: com.kms.katalon.core.exception.StepFailedException: Actual text 'No' and expected text 'no' are not matched
	at com.kms.katalon.core.keyword.builtin.VerifyMatchKeyword$_verifyMatch_closure1.doCall(VerifyMatchKeyword.groovy:57)
	at com.kms.katalon.core.keyword.builtin.VerifyMatchKeyword$_verifyMatch_closure1.call(VerifyMatchKeyword.groovy)
	at com.kms.katalon.core.keyword.internal.KeywordMain.runKeyword(KeywordMain.groovy:75)
	at com.kms.katalon.core.keyword.builtin.VerifyMatchKeyword.verifyMatch(VerifyMatchKeyword.groovy:60)
	at com.kms.katalon.core.keyword.builtin.VerifyMatchKeyword.execute(VerifyMatchKeyword.groovy:45)
	at com.kms.katalon.core.keyword.internal.KeywordExecutor.executeKeywordForPlatform(KeywordExecutor.groovy:74)
	at com.kms.katalon.core.keyword.BuiltinKeywords.verifyMatch(BuiltinKeywords.groovy:78)
	at Test Case 2.1 (Versi Dinamis).run(Test Case 2.1 (Versi Dinamis):57)
	at com.kms.katalon.core.main.ScriptEngine.run(ScriptEngine.java:194)
	at com.kms.katalon.core.main.ScriptEngine.runScriptAsRawText(ScriptEngine.java:119)
	at com.kms.katalon.core.main.TestCaseExecutor.runScript(TestCaseExecutor.java:448)
	at com.kms.katalon.core.main.TestCaseExecutor.doExecute(TestCaseExecutor.java:439)
	at com.kms.katalon.core.main.TestCaseExecutor.processExecutionPhase(TestCaseExecutor.java:418)
	at com.kms.katalon.core.main.TestCaseExecutor.accessMainPhase(TestCaseExecutor.java:410)
	at com.kms.katalon.core.main.TestCaseExecutor.execute(TestCaseExecutor.java:285)
	at com.kms.katalon.core.common.CommonExecutor.accessTestCaseMainPhase(CommonExecutor.java:65)
	at com.kms.katalon.core.main.TestSuiteExecutor.accessTestSuiteMainPhase(TestSuiteExecutor.java:148)
	at com.kms.katalon.core.main.TestSuiteExecutor.execute(TestSuiteExecutor.java:106)
	at com.kms.katalon.core.main.TestCaseMain.startTestSuite(TestCaseMain.java:187)
	at com.kms.katalon.core.main.TestCaseMain$startTestSuite$0.call(Unknown Source)
	at TempTestSuite1692932048422.run(TempTestSuite1692932048422.groovy:36)
)

2023-08-25 09:54:37 - [MESSAGE][FAILED] - Unable to verify match between actual text 'No' and expected text 'no' (Root cause: com.kms.katalon.core.exception.StepFailedException: Actual text 'No' and expected text 'no' are not matched
	at com.kms.katalon.core.keyword.builtin.VerifyMatchKeyword$_verifyMatch_closure1.doCall(VerifyMatchKeyword.groovy:57)
	at com.kms.katalon.core.keyword.builtin.VerifyMatchKeyword$_verifyMatch_closure1.call(VerifyMatchKeyword.groovy)
	at com.kms.katalon.core.keyword.internal.KeywordMain.runKeyword(KeywordMain.groovy:75)
	at com.kms.katalon.core.keyword.builtin.VerifyMatchKeyword.verifyMatch(VerifyMatchKeyword.groovy:60)
	at com.kms.katalon.core.keyword.builtin.VerifyMatchKeyword.execute(VerifyMatchKeyword.groovy:45)
	at com.kms.katalon.core.keyword.internal.KeywordExecutor.executeKeywordForPlatform(KeywordExecutor.groovy:74)
	at com.kms.katalon.core.keyword.BuiltinKeywords.verifyMatch(BuiltinKeywords.groovy:78)
	at Test Case 2.1 (Versi Dinamis).run(Test Case 2.1 (Versi Dinamis):57)
	at com.kms.katalon.core.main.ScriptEngine.run(ScriptEngine.java:194)
	at com.kms.katalon.core.main.ScriptEngine.runScriptAsRawText(ScriptEngine.java:119)
	at com.kms.katalon.core.main.TestCaseExecutor.runScript(TestCaseExecutor.java:448)
	at com.kms.katalon.core.main.TestCaseExecutor.doExecute(TestCaseExecutor.java:439)
	at com.kms.katalon.core.main.TestCaseExecutor.processExecutionPhase(TestCaseExecutor.java:418)
	at com.kms.katalon.core.main.TestCaseExecutor.accessMainPhase(TestCaseExecutor.java:410)
	at com.kms.katalon.core.main.TestCaseExecutor.execute(TestCaseExecutor.java:285)
	at com.kms.katalon.core.common.CommonExecutor.accessTestCaseMainPhase(CommonExecutor.java:65)
	at com.kms.katalon.core.main.TestSuiteExecutor.accessTestSuiteMainPhase(TestSuiteExecutor.java:148)
	at com.kms.katalon.core.main.TestSuiteExecutor.execute(TestSuiteExecutor.java:106)
	at com.kms.katalon.core.main.TestCaseMain.startTestSuite(TestCaseMain.java:187)
	at com.kms.katalon.core.main.TestCaseMain$startTestSuite$0.call(Unknown Source)
	at TempTestSuite1692932048422.run(TempTestSuite1692932048422.groovy:36)
)]]></system-out>
         <system-err><![CDATA[2023-08-25 09:54:15 - [TEST_CASE][FAILED] - Test Cases/Make Appointment/Test Case 2.1 (Versi Dinamis): Test Cases/Make Appointment/Test Case 2.1 (Versi Dinamis) FAILED.
Reason:
com.kms.katalon.core.exception.StepFailedException: Actual text 'No' and expected text 'no' are not matched
	at com.kms.katalon.core.keyword.builtin.VerifyMatchKeyword$_verifyMatch_closure1.doCall(VerifyMatchKeyword.groovy:57)
	at com.kms.katalon.core.keyword.builtin.VerifyMatchKeyword$_verifyMatch_closure1.call(VerifyMatchKeyword.groovy)
	at com.kms.katalon.core.keyword.internal.KeywordMain.runKeyword(KeywordMain.groovy:75)
	at com.kms.katalon.core.keyword.builtin.VerifyMatchKeyword.verifyMatch(VerifyMatchKeyword.groovy:60)
	at com.kms.katalon.core.keyword.builtin.VerifyMatchKeyword.execute(VerifyMatchKeyword.groovy:45)
	at com.kms.katalon.core.keyword.internal.KeywordExecutor.executeKeywordForPlatform(KeywordExecutor.groovy:74)
	at com.kms.katalon.core.keyword.BuiltinKeywords.verifyMatch(BuiltinKeywords.groovy:78)
	at Test Case 2.1 (Versi Dinamis).run(Test Case 2.1 (Versi Dinamis):57)
	at com.kms.katalon.core.main.ScriptEngine.run(ScriptEngine.java:194)
	at com.kms.katalon.core.main.ScriptEngine.runScriptAsRawText(ScriptEngine.java:119)
	at com.kms.katalon.core.main.TestCaseExecutor.runScript(TestCaseExecutor.java:448)
	at com.kms.katalon.core.main.TestCaseExecutor.doExecute(TestCaseExecutor.java:439)
	at com.kms.katalon.core.main.TestCaseExecutor.processExecutionPhase(TestCaseExecutor.java:418)
	at com.kms.katalon.core.main.TestCaseExecutor.accessMainPhase(TestCaseExecutor.java:410)
	at com.kms.katalon.core.main.TestCaseExecutor.execute(TestCaseExecutor.java:285)
	at com.kms.katalon.core.common.CommonExecutor.accessTestCaseMainPhase(CommonExecutor.java:65)
	at com.kms.katalon.core.main.TestSuiteExecutor.accessTestSuiteMainPhase(TestSuiteExecutor.java:148)
	at com.kms.katalon.core.main.TestSuiteExecutor.execute(TestSuiteExecutor.java:106)
	at com.kms.katalon.core.main.TestCaseMain.startTestSuite(TestCaseMain.java:187)
	at com.kms.katalon.core.main.TestCaseMain$startTestSuite$0.call(Unknown Source)
	at TempTestSuite1692932048422.run(TempTestSuite1692932048422.groovy:36)]]></system-err>
      </testcase>
      <testcase name="Test Cases/Make Appointment/Test Case 2.1 (Versi Dinamis)" time="20.501" classname="Test Cases/Make Appointment/Test Case 2.1 (Versi Dinamis)" status="FAILED">
         <failure type="FAILED" message="Test Cases/Make Appointment/Test Case 2.1 (Versi Dinamis) FAILED.
Reason:
com.kms.katalon.core.exception.StepFailedException: Actual text 'Yes' and expected text 'yes' are not matched
	at com.kms.katalon.core.keyword.builtin.VerifyMatchKeyword$_verifyMatch_closure1.doCall(VerifyMatchKeyword.groovy:57)
	at com.kms.katalon.core.keyword.builtin.VerifyMatchKeyword$_verifyMatch_closure1.call(VerifyMatchKeyword.groovy)
	at com.kms.katalon.core.keyword.internal.KeywordMain.runKeyword(KeywordMain.groovy:75)
	at com.kms.katalon.core.keyword.builtin.VerifyMatchKeyword.verifyMatch(VerifyMatchKeyword.groovy:60)
	at com.kms.katalon.core.keyword.builtin.VerifyMatchKeyword.execute(VerifyMatchKeyword.groovy:45)
	at com.kms.katalon.core.keyword.internal.KeywordExecutor.executeKeywordForPlatform(KeywordExecutor.groovy:74)
	at com.kms.katalon.core.keyword.BuiltinKeywords.verifyMatch(BuiltinKeywords.groovy:78)
	at Test Case 2.1 (Versi Dinamis).run(Test Case 2.1 (Versi Dinamis):57)
	at com.kms.katalon.core.main.ScriptEngine.run(ScriptEngine.java:194)
	at com.kms.katalon.core.main.ScriptEngine.runScriptAsRawText(ScriptEngine.java:119)
	at com.kms.katalon.core.main.TestCaseExecutor.runScript(TestCaseExecutor.java:448)
	at com.kms.katalon.core.main.TestCaseExecutor.doExecute(TestCaseExecutor.java:439)
	at com.kms.katalon.core.main.TestCaseExecutor.processExecutionPhase(TestCaseExecutor.java:418)
	at com.kms.katalon.core.main.TestCaseExecutor.accessMainPhase(TestCaseExecutor.java:410)
	at com.kms.katalon.core.main.TestCaseExecutor.execute(TestCaseExecutor.java:285)
	at com.kms.katalon.core.common.CommonExecutor.accessTestCaseMainPhase(CommonExecutor.java:65)
	at com.kms.katalon.core.main.TestSuiteExecutor.accessTestSuiteMainPhase(TestSuiteExecutor.java:148)
	at com.kms.katalon.core.main.TestSuiteExecutor.execute(TestSuiteExecutor.java:106)
	at com.kms.katalon.core.main.TestCaseMain.startTestSuite(TestCaseMain.java:187)
	at com.kms.katalon.core.main.TestCaseMain$startTestSuite$0.call(Unknown Source)
	at TempTestSuite1692932048422.run(TempTestSuite1692932048422.groovy:36)
"/>
         <system-out><![CDATA[2023-08-25 09:54:37 - [TEST_CASE][FAILED] - Test Cases/Make Appointment/Test Case 2.1 (Versi Dinamis): Test Cases/Make Appointment/Test Case 2.1 (Versi Dinamis) FAILED.
Reason:
com.kms.katalon.core.exception.StepFailedException: Actual text 'Yes' and expected text 'yes' are not matched
	at com.kms.katalon.core.keyword.builtin.VerifyMatchKeyword$_verifyMatch_closure1.doCall(VerifyMatchKeyword.groovy:57)
	at com.kms.katalon.core.keyword.builtin.VerifyMatchKeyword$_verifyMatch_closure1.call(VerifyMatchKeyword.groovy)
	at com.kms.katalon.core.keyword.internal.KeywordMain.runKeyword(KeywordMain.groovy:75)
	at com.kms.katalon.core.keyword.builtin.VerifyMatchKeyword.verifyMatch(VerifyMatchKeyword.groovy:60)
	at com.kms.katalon.core.keyword.builtin.VerifyMatchKeyword.execute(VerifyMatchKeyword.groovy:45)
	at com.kms.katalon.core.keyword.internal.KeywordExecutor.executeKeywordForPlatform(KeywordExecutor.groovy:74)
	at com.kms.katalon.core.keyword.BuiltinKeywords.verifyMatch(BuiltinKeywords.groovy:78)
	at Test Case 2.1 (Versi Dinamis).run(Test Case 2.1 (Versi Dinamis):57)
	at com.kms.katalon.core.main.ScriptEngine.run(ScriptEngine.java:194)
	at com.kms.katalon.core.main.ScriptEngine.runScriptAsRawText(ScriptEngine.java:119)
	at com.kms.katalon.core.main.TestCaseExecutor.runScript(TestCaseExecutor.java:448)
	at com.kms.katalon.core.main.TestCaseExecutor.doExecute(TestCaseExecutor.java:439)
	at com.kms.katalon.core.main.TestCaseExecutor.processExecutionPhase(TestCaseExecutor.java:418)
	at com.kms.katalon.core.main.TestCaseExecutor.accessMainPhase(TestCaseExecutor.java:410)
	at com.kms.katalon.core.main.TestCaseExecutor.execute(TestCaseExecutor.java:285)
	at com.kms.katalon.core.common.CommonExecutor.accessTestCaseMainPhase(CommonExecutor.java:65)
	at com.kms.katalon.core.main.TestSuiteExecutor.accessTestSuiteMainPhase(TestSuiteExecutor.java:148)
	at com.kms.katalon.core.main.TestSuiteExecutor.execute(TestSuiteExecutor.java:106)
	at com.kms.katalon.core.main.TestCaseMain.startTestSuite(TestCaseMain.java:187)
	at com.kms.katalon.core.main.TestCaseMain$startTestSuite$0.call(Unknown Source)
	at TempTestSuite1692932048422.run(TempTestSuite1692932048422.groovy:36)


2023-08-25 09:54:37 - [TEST_STEP][PASSED] - callTestCase(findTestCase("Login/Test Case 1.1 (Cara Manual)"), ["Username":username, "password":password], STOP_ON_FAILURE): Call Test Case 'Test Cases/Login/Test Case 1.1 (Cara Manual)' successfully

2023-08-25 09:54:37 - [TEST_CASE][PASSED] - Test Cases/Login/Test Case 1.1 (Cara Manual): Test Cases/Login/Test Case 1.1 (Cara Manual)

2023-08-25 09:54:37 - [TEST_STEP][PASSED] - openBrowser(web_url): Browser is opened with url: 'https://katalon-demo-cura.herokuapp.com/'

2023-08-25 09:54:37 - [MESSAGE][WARNING] - A browser is already opened. Closing browser and opening a new one

2023-08-25 09:54:38 - [MESSAGE][INFO] - Starting 'Edge Chromium' driver

2023-08-25 09:54:40 - [MESSAGE][INFO] - Action delay is set to 0 milliseconds

2023-08-25 09:54:46 - [MESSAGE][PASSED] - Browser is opened with url: 'https://katalon-demo-cura.herokuapp.com/'

2023-08-25 09:54:46 - [TEST_STEP][PASSED] - maximizeWindow(): Current window maximized

2023-08-25 09:54:46 - [MESSAGE][PASSED] - Current window maximized

2023-08-25 09:54:46 - [TEST_STEP][PASSED] - verifyElementPresent(findTestObject("Login Manual/title_homepage"), 0): Object 'Object Repository/Login Manual/title_homepage' is present

2023-08-25 09:54:46 - [MESSAGE][WARNING] - Timeout '0' is invalid. Using default page load timeout: '30'

2023-08-25 09:54:47 - [MESSAGE][PASSED] - Object 'Object Repository/Login Manual/title_homepage' is present

2023-08-25 09:54:47 - [TEST_STEP][PASSED] - click(findTestObject("Login Manual/burger_button")): Object: 'Object Repository/Login Manual/burger_button' is clicked on

2023-08-25 09:54:47 - [MESSAGE][PASSED] - Object: 'Object Repository/Login Manual/burger_button' is clicked on

2023-08-25 09:54:47 - [TEST_STEP][PASSED] - click(findTestObject("Login Manual/burger_button_login")): Object: 'Object Repository/Login Manual/burger_button_login' is clicked on

2023-08-25 09:54:48 - [MESSAGE][PASSED] - Object: 'Object Repository/Login Manual/burger_button_login' is clicked on

2023-08-25 09:54:48 - [TEST_STEP][PASSED] - verifyElementPresent(findTestObject("Login Manual/Title_Login"), 0): Object 'Object Repository/Login Manual/Title_Login' is present

2023-08-25 09:54:48 - [MESSAGE][WARNING] - Timeout '0' is invalid. Using default page load timeout: '30'

2023-08-25 09:54:48 - [MESSAGE][PASSED] - Object 'Object Repository/Login Manual/Title_Login' is present

2023-08-25 09:54:48 - [TEST_STEP][PASSED] - setText(findTestObject("Login Manual/input_Username"), Username): Text 'John Doe' is set on object 'Object Repository/Login Manual/input_Username'

2023-08-25 09:54:49 - [MESSAGE][PASSED] - Text 'John Doe' is set on object 'Object Repository/Login Manual/input_Username'

2023-08-25 09:54:49 - [TEST_STEP][PASSED] - setEncryptedText(findTestObject("Login Manual/input_Password"), password): Text ****** has been set on object 'Object Repository/Login Manual/input_Password'

2023-08-25 09:54:50 - [MESSAGE][PASSED] - Text ****** has been set on object 'Object Repository/Login Manual/input_Password'

2023-08-25 09:54:50 - [TEST_STEP][PASSED] - click(findTestObject("Login Manual/button_Login (1)")): Object: 'Object Repository/Login Manual/button_Login (1)' is clicked on

2023-08-25 09:54:51 - [MESSAGE][PASSED] - Object: 'Object Repository/Login Manual/button_Login (1)' is clicked on

2023-08-25 09:54:51 - [TEST_STEP][PASSED] - verifyElementPresent(findTestObject("Login Manual/title_Make Appointment"), 5): Object 'Object Repository/Login Manual/title_Make Appointment' is present

2023-08-25 09:54:51 - [MESSAGE][PASSED] - Object 'Object Repository/Login Manual/title_Make Appointment' is present

2023-08-25 09:54:51 - [MESSAGE][PASSED] - Call Test Case 'Test Cases/Login/Test Case 1.1 (Cara Manual)' successfully

2023-08-25 09:54:51 - [TEST_STEP][PASSED] - selectOptionByValue(findTestObject("Make Appointment/dropdown_menu"), dropdown_menu, false): All options with value 'Hongkong CURA Healthcare Center' are selected in object 'Object Repository/Make Appointment/dropdown_menu' 

2023-08-25 09:54:52 - [MESSAGE][PASSED] - All options with value 'Hongkong CURA Healthcare Center' are selected in object 'Object Repository/Make Appointment/dropdown_menu' 

2023-08-25 09:54:52 - [TEST_STEP][PASSED] - if (toString().equalsIgnoreCase("yes")): Object 'Object Repository/Make Appointment/checkbox_apply_for_hospital_readmission' is checked

2023-08-25 09:54:52 - [TEST_STEP][PASSED] - check(findTestObject("Object Repository/Make Appointment/checkbox_apply_for_hospital_readmission")): Object 'Object Repository/Make Appointment/checkbox_apply_for_hospital_readmission' is checked

2023-08-25 09:54:52 - [MESSAGE][PASSED] - Object 'Object Repository/Make Appointment/checkbox_apply_for_hospital_readmission' is checked

2023-08-25 09:54:52 - [TEST_STEP][PASSED] - if (toString().equalsIgnoreCase("medicare")): Object 'Object Repository/Make Appointment/radio_button_input_Medicare' is checked

2023-08-25 09:54:52 - [TEST_STEP][PASSED] - check(findTestObject("Object Repository/Make Appointment/radio_button_input_Medicare")): Object 'Object Repository/Make Appointment/radio_button_input_Medicare' is checked

2023-08-25 09:54:53 - [MESSAGE][PASSED] - Object 'Object Repository/Make Appointment/radio_button_input_Medicare' is checked

2023-08-25 09:54:53 - [TEST_STEP][PASSED] - setText(findTestObject("Make Appointment/input_Visit Date (Required)_visit_date"), visit_date): Text '27/08/2023' is set on object 'Object Repository/Make Appointment/input_Visit Date (Required)_visit_date'

2023-08-25 09:54:54 - [MESSAGE][PASSED] - Text '27/08/2023' is set on object 'Object Repository/Make Appointment/input_Visit Date (Required)_visit_date'

2023-08-25 09:54:54 - [TEST_STEP][PASSED] - setText(findTestObject("Make Appointment/textarea_Comment_comment"), comment): Text 'sakit kepala' is set on object 'Object Repository/Make Appointment/textarea_Comment_comment'

2023-08-25 09:54:54 - [MESSAGE][PASSED] - Text 'sakit kepala' is set on object 'Object Repository/Make Appointment/textarea_Comment_comment'

2023-08-25 09:54:54 - [TEST_STEP][PASSED] - click(findTestObject("Make Appointment/button_Book Appointment")): Object: 'Object Repository/Make Appointment/button_Book Appointment' is clicked on

2023-08-25 09:54:55 - [MESSAGE][PASSED] - Object: 'Object Repository/Make Appointment/button_Book Appointment' is clicked on

2023-08-25 09:54:55 - [TEST_STEP][PASSED] - verifyElementVisible(findTestObject("Make Appointment/title_Appointment Confirmation")): Object 'Object Repository/Make Appointment/title_Appointment Confirmation' is visible

2023-08-25 09:54:56 - [MESSAGE][PASSED] - Object 'Object Repository/Make Appointment/title_Appointment Confirmation' is visible

2023-08-25 09:54:56 - [TEST_STEP][PASSED] - hasil_facility = getText(findTestObject("Object Repository/Make Appointment/facility_Tokyo CURA Healthcare Center")): Text of object 'Object Repository/Make Appointment/facility_Tokyo CURA Healthcare Center' is: 'Hongkong CURA Healthcare Center'

2023-08-25 09:54:56 - [MESSAGE][PASSED] - Text of object 'Object Repository/Make Appointment/facility_Tokyo CURA Healthcare Center' is: 'Hongkong CURA Healthcare Center'

2023-08-25 09:54:56 - [TEST_STEP][PASSED] - hasil_readmission = getText(findTestObject("Make Appointment/checkbox_Yes")): Text of object 'Object Repository/Make Appointment/checkbox_Yes' is: 'Yes'

2023-08-25 09:54:56 - [MESSAGE][PASSED] - Text of object 'Object Repository/Make Appointment/checkbox_Yes' is: 'Yes'

2023-08-25 09:54:56 - [TEST_STEP][PASSED] - hasil_program = getText(findTestObject("Make Appointment/program_Medicare")): Text of object 'Object Repository/Make Appointment/program_Medicare' is: 'Medicare'

2023-08-25 09:54:57 - [MESSAGE][PASSED] - Text of object 'Object Repository/Make Appointment/program_Medicare' is: 'Medicare'

2023-08-25 09:54:57 - [TEST_STEP][PASSED] - hasil_date = getText(findTestObject("Make Appointment/visit_date")): Text of object 'Object Repository/Make Appointment/visit_date' is: '27/08/2023'

2023-08-25 09:54:57 - [MESSAGE][PASSED] - Text of object 'Object Repository/Make Appointment/visit_date' is: '27/08/2023'

2023-08-25 09:54:57 - [TEST_STEP][PASSED] - hasil_comment = getText(findTestObject("Make Appointment/comment_sakit kepala")): Text of object 'Object Repository/Make Appointment/comment_sakit kepala' is: 'sakit kepala'

2023-08-25 09:54:57 - [MESSAGE][PASSED] - Text of object 'Object Repository/Make Appointment/comment_sakit kepala' is: 'sakit kepala'

2023-08-25 09:54:57 - [TEST_STEP][PASSED] - verifyMatch(hasil_facility, dropdown_menu, false): Actual text 'Hongkong CURA Healthcare Center' and expected text 'Hongkong CURA Healthcare Center' are matched 

2023-08-25 09:54:57 - [MESSAGE][PASSED] - Actual text 'Hongkong CURA Healthcare Center' and expected text 'Hongkong CURA Healthcare Center' are matched 

2023-08-25 09:54:57 - [TEST_STEP][FAILED] - verifyMatch(hasil_readmission, hospital_readmission, false): Unable to verify match between actual text 'Yes' and expected text 'yes' (Root cause: com.kms.katalon.core.exception.StepFailedException: Actual text 'Yes' and expected text 'yes' are not matched
	at com.kms.katalon.core.keyword.builtin.VerifyMatchKeyword$_verifyMatch_closure1.doCall(VerifyMatchKeyword.groovy:57)
	at com.kms.katalon.core.keyword.builtin.VerifyMatchKeyword$_verifyMatch_closure1.call(VerifyMatchKeyword.groovy)
	at com.kms.katalon.core.keyword.internal.KeywordMain.runKeyword(KeywordMain.groovy:75)
	at com.kms.katalon.core.keyword.builtin.VerifyMatchKeyword.verifyMatch(VerifyMatchKeyword.groovy:60)
	at com.kms.katalon.core.keyword.builtin.VerifyMatchKeyword.execute(VerifyMatchKeyword.groovy:45)
	at com.kms.katalon.core.keyword.internal.KeywordExecutor.executeKeywordForPlatform(KeywordExecutor.groovy:74)
	at com.kms.katalon.core.keyword.BuiltinKeywords.verifyMatch(BuiltinKeywords.groovy:78)
	at Test Case 2.1 (Versi Dinamis).run(Test Case 2.1 (Versi Dinamis):57)
	at com.kms.katalon.core.main.ScriptEngine.run(ScriptEngine.java:194)
	at com.kms.katalon.core.main.ScriptEngine.runScriptAsRawText(ScriptEngine.java:119)
	at com.kms.katalon.core.main.TestCaseExecutor.runScript(TestCaseExecutor.java:448)
	at com.kms.katalon.core.main.TestCaseExecutor.doExecute(TestCaseExecutor.java:439)
	at com.kms.katalon.core.main.TestCaseExecutor.processExecutionPhase(TestCaseExecutor.java:418)
	at com.kms.katalon.core.main.TestCaseExecutor.accessMainPhase(TestCaseExecutor.java:410)
	at com.kms.katalon.core.main.TestCaseExecutor.execute(TestCaseExecutor.java:285)
	at com.kms.katalon.core.common.CommonExecutor.accessTestCaseMainPhase(CommonExecutor.java:65)
	at com.kms.katalon.core.main.TestSuiteExecutor.accessTestSuiteMainPhase(TestSuiteExecutor.java:148)
	at com.kms.katalon.core.main.TestSuiteExecutor.execute(TestSuiteExecutor.java:106)
	at com.kms.katalon.core.main.TestCaseMain.startTestSuite(TestCaseMain.java:187)
	at com.kms.katalon.core.main.TestCaseMain$startTestSuite$0.call(Unknown Source)
	at TempTestSuite1692932048422.run(TempTestSuite1692932048422.groovy:36)
)

2023-08-25 09:54:57 - [MESSAGE][FAILED] - Unable to verify match between actual text 'Yes' and expected text 'yes' (Root cause: com.kms.katalon.core.exception.StepFailedException: Actual text 'Yes' and expected text 'yes' are not matched
	at com.kms.katalon.core.keyword.builtin.VerifyMatchKeyword$_verifyMatch_closure1.doCall(VerifyMatchKeyword.groovy:57)
	at com.kms.katalon.core.keyword.builtin.VerifyMatchKeyword$_verifyMatch_closure1.call(VerifyMatchKeyword.groovy)
	at com.kms.katalon.core.keyword.internal.KeywordMain.runKeyword(KeywordMain.groovy:75)
	at com.kms.katalon.core.keyword.builtin.VerifyMatchKeyword.verifyMatch(VerifyMatchKeyword.groovy:60)
	at com.kms.katalon.core.keyword.builtin.VerifyMatchKeyword.execute(VerifyMatchKeyword.groovy:45)
	at com.kms.katalon.core.keyword.internal.KeywordExecutor.executeKeywordForPlatform(KeywordExecutor.groovy:74)
	at com.kms.katalon.core.keyword.BuiltinKeywords.verifyMatch(BuiltinKeywords.groovy:78)
	at Test Case 2.1 (Versi Dinamis).run(Test Case 2.1 (Versi Dinamis):57)
	at com.kms.katalon.core.main.ScriptEngine.run(ScriptEngine.java:194)
	at com.kms.katalon.core.main.ScriptEngine.runScriptAsRawText(ScriptEngine.java:119)
	at com.kms.katalon.core.main.TestCaseExecutor.runScript(TestCaseExecutor.java:448)
	at com.kms.katalon.core.main.TestCaseExecutor.doExecute(TestCaseExecutor.java:439)
	at com.kms.katalon.core.main.TestCaseExecutor.processExecutionPhase(TestCaseExecutor.java:418)
	at com.kms.katalon.core.main.TestCaseExecutor.accessMainPhase(TestCaseExecutor.java:410)
	at com.kms.katalon.core.main.TestCaseExecutor.execute(TestCaseExecutor.java:285)
	at com.kms.katalon.core.common.CommonExecutor.accessTestCaseMainPhase(CommonExecutor.java:65)
	at com.kms.katalon.core.main.TestSuiteExecutor.accessTestSuiteMainPhase(TestSuiteExecutor.java:148)
	at com.kms.katalon.core.main.TestSuiteExecutor.execute(TestSuiteExecutor.java:106)
	at com.kms.katalon.core.main.TestCaseMain.startTestSuite(TestCaseMain.java:187)
	at com.kms.katalon.core.main.TestCaseMain$startTestSuite$0.call(Unknown Source)
	at TempTestSuite1692932048422.run(TempTestSuite1692932048422.groovy:36)
)]]></system-out>
         <system-err><![CDATA[2023-08-25 09:54:37 - [TEST_CASE][FAILED] - Test Cases/Make Appointment/Test Case 2.1 (Versi Dinamis): Test Cases/Make Appointment/Test Case 2.1 (Versi Dinamis) FAILED.
Reason:
com.kms.katalon.core.exception.StepFailedException: Actual text 'Yes' and expected text 'yes' are not matched
	at com.kms.katalon.core.keyword.builtin.VerifyMatchKeyword$_verifyMatch_closure1.doCall(VerifyMatchKeyword.groovy:57)
	at com.kms.katalon.core.keyword.builtin.VerifyMatchKeyword$_verifyMatch_closure1.call(VerifyMatchKeyword.groovy)
	at com.kms.katalon.core.keyword.internal.KeywordMain.runKeyword(KeywordMain.groovy:75)
	at com.kms.katalon.core.keyword.builtin.VerifyMatchKeyword.verifyMatch(VerifyMatchKeyword.groovy:60)
	at com.kms.katalon.core.keyword.builtin.VerifyMatchKeyword.execute(VerifyMatchKeyword.groovy:45)
	at com.kms.katalon.core.keyword.internal.KeywordExecutor.executeKeywordForPlatform(KeywordExecutor.groovy:74)
	at com.kms.katalon.core.keyword.BuiltinKeywords.verifyMatch(BuiltinKeywords.groovy:78)
	at Test Case 2.1 (Versi Dinamis).run(Test Case 2.1 (Versi Dinamis):57)
	at com.kms.katalon.core.main.ScriptEngine.run(ScriptEngine.java:194)
	at com.kms.katalon.core.main.ScriptEngine.runScriptAsRawText(ScriptEngine.java:119)
	at com.kms.katalon.core.main.TestCaseExecutor.runScript(TestCaseExecutor.java:448)
	at com.kms.katalon.core.main.TestCaseExecutor.doExecute(TestCaseExecutor.java:439)
	at com.kms.katalon.core.main.TestCaseExecutor.processExecutionPhase(TestCaseExecutor.java:418)
	at com.kms.katalon.core.main.TestCaseExecutor.accessMainPhase(TestCaseExecutor.java:410)
	at com.kms.katalon.core.main.TestCaseExecutor.execute(TestCaseExecutor.java:285)
	at com.kms.katalon.core.common.CommonExecutor.accessTestCaseMainPhase(CommonExecutor.java:65)
	at com.kms.katalon.core.main.TestSuiteExecutor.accessTestSuiteMainPhase(TestSuiteExecutor.java:148)
	at com.kms.katalon.core.main.TestSuiteExecutor.execute(TestSuiteExecutor.java:106)
	at com.kms.katalon.core.main.TestCaseMain.startTestSuite(TestCaseMain.java:187)
	at com.kms.katalon.core.main.TestCaseMain$startTestSuite$0.call(Unknown Source)
	at TempTestSuite1692932048422.run(TempTestSuite1692932048422.groovy:36)]]></system-err>
      </testcase>
      <testcase name="Test Cases/Make Appointment/Test Case 2.1 (Versi Dinamis)" time="18.927" classname="Test Cases/Make Appointment/Test Case 2.1 (Versi Dinamis)" status="FAILED">
         <failure type="FAILED" message="Test Cases/Make Appointment/Test Case 2.1 (Versi Dinamis) FAILED.
Reason:
com.kms.katalon.core.exception.StepFailedException: Actual text 'No' and expected text 'no' are not matched
	at com.kms.katalon.core.keyword.builtin.VerifyMatchKeyword$_verifyMatch_closure1.doCall(VerifyMatchKeyword.groovy:57)
	at com.kms.katalon.core.keyword.builtin.VerifyMatchKeyword$_verifyMatch_closure1.call(VerifyMatchKeyword.groovy)
	at com.kms.katalon.core.keyword.internal.KeywordMain.runKeyword(KeywordMain.groovy:75)
	at com.kms.katalon.core.keyword.builtin.VerifyMatchKeyword.verifyMatch(VerifyMatchKeyword.groovy:60)
	at com.kms.katalon.core.keyword.builtin.VerifyMatchKeyword.execute(VerifyMatchKeyword.groovy:45)
	at com.kms.katalon.core.keyword.internal.KeywordExecutor.executeKeywordForPlatform(KeywordExecutor.groovy:74)
	at com.kms.katalon.core.keyword.BuiltinKeywords.verifyMatch(BuiltinKeywords.groovy:78)
	at Test Case 2.1 (Versi Dinamis).run(Test Case 2.1 (Versi Dinamis):57)
	at com.kms.katalon.core.main.ScriptEngine.run(ScriptEngine.java:194)
	at com.kms.katalon.core.main.ScriptEngine.runScriptAsRawText(ScriptEngine.java:119)
	at com.kms.katalon.core.main.TestCaseExecutor.runScript(TestCaseExecutor.java:448)
	at com.kms.katalon.core.main.TestCaseExecutor.doExecute(TestCaseExecutor.java:439)
	at com.kms.katalon.core.main.TestCaseExecutor.processExecutionPhase(TestCaseExecutor.java:418)
	at com.kms.katalon.core.main.TestCaseExecutor.accessMainPhase(TestCaseExecutor.java:410)
	at com.kms.katalon.core.main.TestCaseExecutor.execute(TestCaseExecutor.java:285)
	at com.kms.katalon.core.common.CommonExecutor.accessTestCaseMainPhase(CommonExecutor.java:65)
	at com.kms.katalon.core.main.TestSuiteExecutor.accessTestSuiteMainPhase(TestSuiteExecutor.java:148)
	at com.kms.katalon.core.main.TestSuiteExecutor.execute(TestSuiteExecutor.java:106)
	at com.kms.katalon.core.main.TestCaseMain.startTestSuite(TestCaseMain.java:187)
	at com.kms.katalon.core.main.TestCaseMain$startTestSuite$0.call(Unknown Source)
	at TempTestSuite1692932048422.run(TempTestSuite1692932048422.groovy:36)
"/>
         <system-out><![CDATA[2023-08-25 09:54:58 - [TEST_CASE][FAILED] - Test Cases/Make Appointment/Test Case 2.1 (Versi Dinamis): Test Cases/Make Appointment/Test Case 2.1 (Versi Dinamis) FAILED.
Reason:
com.kms.katalon.core.exception.StepFailedException: Actual text 'No' and expected text 'no' are not matched
	at com.kms.katalon.core.keyword.builtin.VerifyMatchKeyword$_verifyMatch_closure1.doCall(VerifyMatchKeyword.groovy:57)
	at com.kms.katalon.core.keyword.builtin.VerifyMatchKeyword$_verifyMatch_closure1.call(VerifyMatchKeyword.groovy)
	at com.kms.katalon.core.keyword.internal.KeywordMain.runKeyword(KeywordMain.groovy:75)
	at com.kms.katalon.core.keyword.builtin.VerifyMatchKeyword.verifyMatch(VerifyMatchKeyword.groovy:60)
	at com.kms.katalon.core.keyword.builtin.VerifyMatchKeyword.execute(VerifyMatchKeyword.groovy:45)
	at com.kms.katalon.core.keyword.internal.KeywordExecutor.executeKeywordForPlatform(KeywordExecutor.groovy:74)
	at com.kms.katalon.core.keyword.BuiltinKeywords.verifyMatch(BuiltinKeywords.groovy:78)
	at Test Case 2.1 (Versi Dinamis).run(Test Case 2.1 (Versi Dinamis):57)
	at com.kms.katalon.core.main.ScriptEngine.run(ScriptEngine.java:194)
	at com.kms.katalon.core.main.ScriptEngine.runScriptAsRawText(ScriptEngine.java:119)
	at com.kms.katalon.core.main.TestCaseExecutor.runScript(TestCaseExecutor.java:448)
	at com.kms.katalon.core.main.TestCaseExecutor.doExecute(TestCaseExecutor.java:439)
	at com.kms.katalon.core.main.TestCaseExecutor.processExecutionPhase(TestCaseExecutor.java:418)
	at com.kms.katalon.core.main.TestCaseExecutor.accessMainPhase(TestCaseExecutor.java:410)
	at com.kms.katalon.core.main.TestCaseExecutor.execute(TestCaseExecutor.java:285)
	at com.kms.katalon.core.common.CommonExecutor.accessTestCaseMainPhase(CommonExecutor.java:65)
	at com.kms.katalon.core.main.TestSuiteExecutor.accessTestSuiteMainPhase(TestSuiteExecutor.java:148)
	at com.kms.katalon.core.main.TestSuiteExecutor.execute(TestSuiteExecutor.java:106)
	at com.kms.katalon.core.main.TestCaseMain.startTestSuite(TestCaseMain.java:187)
	at com.kms.katalon.core.main.TestCaseMain$startTestSuite$0.call(Unknown Source)
	at TempTestSuite1692932048422.run(TempTestSuite1692932048422.groovy:36)


2023-08-25 09:54:58 - [TEST_STEP][PASSED] - callTestCase(findTestCase("Login/Test Case 1.1 (Cara Manual)"), ["Username":username, "password":password], STOP_ON_FAILURE): Call Test Case 'Test Cases/Login/Test Case 1.1 (Cara Manual)' successfully

2023-08-25 09:54:58 - [TEST_CASE][PASSED] - Test Cases/Login/Test Case 1.1 (Cara Manual): Test Cases/Login/Test Case 1.1 (Cara Manual)

2023-08-25 09:54:58 - [TEST_STEP][PASSED] - openBrowser(web_url): Browser is opened with url: 'https://katalon-demo-cura.herokuapp.com/'

2023-08-25 09:54:58 - [MESSAGE][WARNING] - A browser is already opened. Closing browser and opening a new one

2023-08-25 09:54:58 - [MESSAGE][INFO] - Starting 'Edge Chromium' driver

2023-08-25 09:55:01 - [MESSAGE][INFO] - Action delay is set to 0 milliseconds

2023-08-25 09:55:05 - [MESSAGE][PASSED] - Browser is opened with url: 'https://katalon-demo-cura.herokuapp.com/'

2023-08-25 09:55:05 - [TEST_STEP][PASSED] - maximizeWindow(): Current window maximized

2023-08-25 09:55:06 - [MESSAGE][PASSED] - Current window maximized

2023-08-25 09:55:06 - [TEST_STEP][PASSED] - verifyElementPresent(findTestObject("Login Manual/title_homepage"), 0): Object 'Object Repository/Login Manual/title_homepage' is present

2023-08-25 09:55:06 - [MESSAGE][WARNING] - Timeout '0' is invalid. Using default page load timeout: '30'

2023-08-25 09:55:06 - [MESSAGE][PASSED] - Object 'Object Repository/Login Manual/title_homepage' is present

2023-08-25 09:55:06 - [TEST_STEP][PASSED] - click(findTestObject("Login Manual/burger_button")): Object: 'Object Repository/Login Manual/burger_button' is clicked on

2023-08-25 09:55:06 - [MESSAGE][PASSED] - Object: 'Object Repository/Login Manual/burger_button' is clicked on

2023-08-25 09:55:06 - [TEST_STEP][PASSED] - click(findTestObject("Login Manual/burger_button_login")): Object: 'Object Repository/Login Manual/burger_button_login' is clicked on

2023-08-25 09:55:07 - [MESSAGE][PASSED] - Object: 'Object Repository/Login Manual/burger_button_login' is clicked on

2023-08-25 09:55:07 - [TEST_STEP][PASSED] - verifyElementPresent(findTestObject("Login Manual/Title_Login"), 0): Object 'Object Repository/Login Manual/Title_Login' is present

2023-08-25 09:55:08 - [MESSAGE][WARNING] - Timeout '0' is invalid. Using default page load timeout: '30'

2023-08-25 09:55:08 - [MESSAGE][PASSED] - Object 'Object Repository/Login Manual/Title_Login' is present

2023-08-25 09:55:08 - [TEST_STEP][PASSED] - setText(findTestObject("Login Manual/input_Username"), Username): Text 'John Doe' is set on object 'Object Repository/Login Manual/input_Username'

2023-08-25 09:55:09 - [MESSAGE][PASSED] - Text 'John Doe' is set on object 'Object Repository/Login Manual/input_Username'

2023-08-25 09:55:09 - [TEST_STEP][PASSED] - setEncryptedText(findTestObject("Login Manual/input_Password"), password): Text ****** has been set on object 'Object Repository/Login Manual/input_Password'

2023-08-25 09:55:09 - [MESSAGE][PASSED] - Text ****** has been set on object 'Object Repository/Login Manual/input_Password'

2023-08-25 09:55:09 - [TEST_STEP][PASSED] - click(findTestObject("Login Manual/button_Login (1)")): Object: 'Object Repository/Login Manual/button_Login (1)' is clicked on

2023-08-25 09:55:10 - [MESSAGE][PASSED] - Object: 'Object Repository/Login Manual/button_Login (1)' is clicked on

2023-08-25 09:55:10 - [TEST_STEP][PASSED] - verifyElementPresent(findTestObject("Login Manual/title_Make Appointment"), 5): Object 'Object Repository/Login Manual/title_Make Appointment' is present

2023-08-25 09:55:10 - [MESSAGE][PASSED] - Object 'Object Repository/Login Manual/title_Make Appointment' is present

2023-08-25 09:55:10 - [MESSAGE][PASSED] - Call Test Case 'Test Cases/Login/Test Case 1.1 (Cara Manual)' successfully

2023-08-25 09:55:10 - [TEST_STEP][PASSED] - selectOptionByValue(findTestObject("Make Appointment/dropdown_menu"), dropdown_menu, false): All options with value 'Seoul CURA Healthcare Center' are selected in object 'Object Repository/Make Appointment/dropdown_menu' 

2023-08-25 09:55:11 - [MESSAGE][PASSED] - All options with value 'Seoul CURA Healthcare Center' are selected in object 'Object Repository/Make Appointment/dropdown_menu' 

2023-08-25 09:55:11 - [TEST_STEP][PASSED] - if (toString().equalsIgnoreCase("yes")): null

2023-08-25 09:55:11 - [TEST_STEP][PASSED] - if (toString().equalsIgnoreCase("medicare")): null

2023-08-25 09:55:11 - [TEST_STEP][PASSED] - else if (toString().equalsIgnoreCase("medicaid")): Object 'Object Repository/Make Appointment/radio_button_input_Medicaid' is checked

2023-08-25 09:55:11 - [TEST_STEP][PASSED] - check(findTestObject("Object Repository/Make Appointment/radio_button_input_Medicaid")): Object 'Object Repository/Make Appointment/radio_button_input_Medicaid' is checked

2023-08-25 09:55:12 - [MESSAGE][PASSED] - Object 'Object Repository/Make Appointment/radio_button_input_Medicaid' is checked

2023-08-25 09:55:12 - [TEST_STEP][PASSED] - setText(findTestObject("Make Appointment/input_Visit Date (Required)_visit_date"), visit_date): Text '30/08/2023' is set on object 'Object Repository/Make Appointment/input_Visit Date (Required)_visit_date'

2023-08-25 09:55:13 - [MESSAGE][PASSED] - Text '30/08/2023' is set on object 'Object Repository/Make Appointment/input_Visit Date (Required)_visit_date'

2023-08-25 09:55:13 - [TEST_STEP][PASSED] - setText(findTestObject("Make Appointment/textarea_Comment_comment"), comment): Text 'sakit hatiii, bikin sati hati' is set on object 'Object Repository/Make Appointment/textarea_Comment_comment'

2023-08-25 09:55:13 - [MESSAGE][PASSED] - Text 'sakit hatiii, bikin sati hati' is set on object 'Object Repository/Make Appointment/textarea_Comment_comment'

2023-08-25 09:55:13 - [TEST_STEP][PASSED] - click(findTestObject("Make Appointment/button_Book Appointment")): Object: 'Object Repository/Make Appointment/button_Book Appointment' is clicked on

2023-08-25 09:55:14 - [MESSAGE][PASSED] - Object: 'Object Repository/Make Appointment/button_Book Appointment' is clicked on

2023-08-25 09:55:14 - [TEST_STEP][PASSED] - verifyElementVisible(findTestObject("Make Appointment/title_Appointment Confirmation")): Object 'Object Repository/Make Appointment/title_Appointment Confirmation' is visible

2023-08-25 09:55:15 - [MESSAGE][PASSED] - Object 'Object Repository/Make Appointment/title_Appointment Confirmation' is visible

2023-08-25 09:55:15 - [TEST_STEP][PASSED] - hasil_facility = getText(findTestObject("Object Repository/Make Appointment/facility_Tokyo CURA Healthcare Center")): Text of object 'Object Repository/Make Appointment/facility_Tokyo CURA Healthcare Center' is: 'Seoul CURA Healthcare Center'

2023-08-25 09:55:15 - [MESSAGE][PASSED] - Text of object 'Object Repository/Make Appointment/facility_Tokyo CURA Healthcare Center' is: 'Seoul CURA Healthcare Center'

2023-08-25 09:55:15 - [TEST_STEP][PASSED] - hasil_readmission = getText(findTestObject("Make Appointment/checkbox_Yes")): Text of object 'Object Repository/Make Appointment/checkbox_Yes' is: 'No'

2023-08-25 09:55:15 - [MESSAGE][PASSED] - Text of object 'Object Repository/Make Appointment/checkbox_Yes' is: 'No'

2023-08-25 09:55:15 - [TEST_STEP][PASSED] - hasil_program = getText(findTestObject("Make Appointment/program_Medicare")): Text of object 'Object Repository/Make Appointment/program_Medicare' is: 'Medicaid'

2023-08-25 09:55:16 - [MESSAGE][PASSED] - Text of object 'Object Repository/Make Appointment/program_Medicare' is: 'Medicaid'

2023-08-25 09:55:16 - [TEST_STEP][PASSED] - hasil_date = getText(findTestObject("Make Appointment/visit_date")): Text of object 'Object Repository/Make Appointment/visit_date' is: '30/08/2023'

2023-08-25 09:55:16 - [MESSAGE][PASSED] - Text of object 'Object Repository/Make Appointment/visit_date' is: '30/08/2023'

2023-08-25 09:55:16 - [TEST_STEP][PASSED] - hasil_comment = getText(findTestObject("Make Appointment/comment_sakit kepala")): Text of object 'Object Repository/Make Appointment/comment_sakit kepala' is: 'sakit hatiii, bikin sati hati'

2023-08-25 09:55:16 - [MESSAGE][PASSED] - Text of object 'Object Repository/Make Appointment/comment_sakit kepala' is: 'sakit hatiii, bikin sati hati'

2023-08-25 09:55:16 - [TEST_STEP][PASSED] - verifyMatch(hasil_facility, dropdown_menu, false): Actual text 'Seoul CURA Healthcare Center' and expected text 'Seoul CURA Healthcare Center' are matched 

2023-08-25 09:55:16 - [MESSAGE][PASSED] - Actual text 'Seoul CURA Healthcare Center' and expected text 'Seoul CURA Healthcare Center' are matched 

2023-08-25 09:55:16 - [TEST_STEP][FAILED] - verifyMatch(hasil_readmission, hospital_readmission, false): Unable to verify match between actual text 'No' and expected text 'no' (Root cause: com.kms.katalon.core.exception.StepFailedException: Actual text 'No' and expected text 'no' are not matched
	at com.kms.katalon.core.keyword.builtin.VerifyMatchKeyword$_verifyMatch_closure1.doCall(VerifyMatchKeyword.groovy:57)
	at com.kms.katalon.core.keyword.builtin.VerifyMatchKeyword$_verifyMatch_closure1.call(VerifyMatchKeyword.groovy)
	at com.kms.katalon.core.keyword.internal.KeywordMain.runKeyword(KeywordMain.groovy:75)
	at com.kms.katalon.core.keyword.builtin.VerifyMatchKeyword.verifyMatch(VerifyMatchKeyword.groovy:60)
	at com.kms.katalon.core.keyword.builtin.VerifyMatchKeyword.execute(VerifyMatchKeyword.groovy:45)
	at com.kms.katalon.core.keyword.internal.KeywordExecutor.executeKeywordForPlatform(KeywordExecutor.groovy:74)
	at com.kms.katalon.core.keyword.BuiltinKeywords.verifyMatch(BuiltinKeywords.groovy:78)
	at Test Case 2.1 (Versi Dinamis).run(Test Case 2.1 (Versi Dinamis):57)
	at com.kms.katalon.core.main.ScriptEngine.run(ScriptEngine.java:194)
	at com.kms.katalon.core.main.ScriptEngine.runScriptAsRawText(ScriptEngine.java:119)
	at com.kms.katalon.core.main.TestCaseExecutor.runScript(TestCaseExecutor.java:448)
	at com.kms.katalon.core.main.TestCaseExecutor.doExecute(TestCaseExecutor.java:439)
	at com.kms.katalon.core.main.TestCaseExecutor.processExecutionPhase(TestCaseExecutor.java:418)
	at com.kms.katalon.core.main.TestCaseExecutor.accessMainPhase(TestCaseExecutor.java:410)
	at com.kms.katalon.core.main.TestCaseExecutor.execute(TestCaseExecutor.java:285)
	at com.kms.katalon.core.common.CommonExecutor.accessTestCaseMainPhase(CommonExecutor.java:65)
	at com.kms.katalon.core.main.TestSuiteExecutor.accessTestSuiteMainPhase(TestSuiteExecutor.java:148)
	at com.kms.katalon.core.main.TestSuiteExecutor.execute(TestSuiteExecutor.java:106)
	at com.kms.katalon.core.main.TestCaseMain.startTestSuite(TestCaseMain.java:187)
	at com.kms.katalon.core.main.TestCaseMain$startTestSuite$0.call(Unknown Source)
	at TempTestSuite1692932048422.run(TempTestSuite1692932048422.groovy:36)
)

2023-08-25 09:55:16 - [MESSAGE][FAILED] - Unable to verify match between actual text 'No' and expected text 'no' (Root cause: com.kms.katalon.core.exception.StepFailedException: Actual text 'No' and expected text 'no' are not matched
	at com.kms.katalon.core.keyword.builtin.VerifyMatchKeyword$_verifyMatch_closure1.doCall(VerifyMatchKeyword.groovy:57)
	at com.kms.katalon.core.keyword.builtin.VerifyMatchKeyword$_verifyMatch_closure1.call(VerifyMatchKeyword.groovy)
	at com.kms.katalon.core.keyword.internal.KeywordMain.runKeyword(KeywordMain.groovy:75)
	at com.kms.katalon.core.keyword.builtin.VerifyMatchKeyword.verifyMatch(VerifyMatchKeyword.groovy:60)
	at com.kms.katalon.core.keyword.builtin.VerifyMatchKeyword.execute(VerifyMatchKeyword.groovy:45)
	at com.kms.katalon.core.keyword.internal.KeywordExecutor.executeKeywordForPlatform(KeywordExecutor.groovy:74)
	at com.kms.katalon.core.keyword.BuiltinKeywords.verifyMatch(BuiltinKeywords.groovy:78)
	at Test Case 2.1 (Versi Dinamis).run(Test Case 2.1 (Versi Dinamis):57)
	at com.kms.katalon.core.main.ScriptEngine.run(ScriptEngine.java:194)
	at com.kms.katalon.core.main.ScriptEngine.runScriptAsRawText(ScriptEngine.java:119)
	at com.kms.katalon.core.main.TestCaseExecutor.runScript(TestCaseExecutor.java:448)
	at com.kms.katalon.core.main.TestCaseExecutor.doExecute(TestCaseExecutor.java:439)
	at com.kms.katalon.core.main.TestCaseExecutor.processExecutionPhase(TestCaseExecutor.java:418)
	at com.kms.katalon.core.main.TestCaseExecutor.accessMainPhase(TestCaseExecutor.java:410)
	at com.kms.katalon.core.main.TestCaseExecutor.execute(TestCaseExecutor.java:285)
	at com.kms.katalon.core.common.CommonExecutor.accessTestCaseMainPhase(CommonExecutor.java:65)
	at com.kms.katalon.core.main.TestSuiteExecutor.accessTestSuiteMainPhase(TestSuiteExecutor.java:148)
	at com.kms.katalon.core.main.TestSuiteExecutor.execute(TestSuiteExecutor.java:106)
	at com.kms.katalon.core.main.TestCaseMain.startTestSuite(TestCaseMain.java:187)
	at com.kms.katalon.core.main.TestCaseMain$startTestSuite$0.call(Unknown Source)
	at TempTestSuite1692932048422.run(TempTestSuite1692932048422.groovy:36)
)]]></system-out>
         <system-err><![CDATA[2023-08-25 09:54:58 - [TEST_CASE][FAILED] - Test Cases/Make Appointment/Test Case 2.1 (Versi Dinamis): Test Cases/Make Appointment/Test Case 2.1 (Versi Dinamis) FAILED.
Reason:
com.kms.katalon.core.exception.StepFailedException: Actual text 'No' and expected text 'no' are not matched
	at com.kms.katalon.core.keyword.builtin.VerifyMatchKeyword$_verifyMatch_closure1.doCall(VerifyMatchKeyword.groovy:57)
	at com.kms.katalon.core.keyword.builtin.VerifyMatchKeyword$_verifyMatch_closure1.call(VerifyMatchKeyword.groovy)
	at com.kms.katalon.core.keyword.internal.KeywordMain.runKeyword(KeywordMain.groovy:75)
	at com.kms.katalon.core.keyword.builtin.VerifyMatchKeyword.verifyMatch(VerifyMatchKeyword.groovy:60)
	at com.kms.katalon.core.keyword.builtin.VerifyMatchKeyword.execute(VerifyMatchKeyword.groovy:45)
	at com.kms.katalon.core.keyword.internal.KeywordExecutor.executeKeywordForPlatform(KeywordExecutor.groovy:74)
	at com.kms.katalon.core.keyword.BuiltinKeywords.verifyMatch(BuiltinKeywords.groovy:78)
	at Test Case 2.1 (Versi Dinamis).run(Test Case 2.1 (Versi Dinamis):57)
	at com.kms.katalon.core.main.ScriptEngine.run(ScriptEngine.java:194)
	at com.kms.katalon.core.main.ScriptEngine.runScriptAsRawText(ScriptEngine.java:119)
	at com.kms.katalon.core.main.TestCaseExecutor.runScript(TestCaseExecutor.java:448)
	at com.kms.katalon.core.main.TestCaseExecutor.doExecute(TestCaseExecutor.java:439)
	at com.kms.katalon.core.main.TestCaseExecutor.processExecutionPhase(TestCaseExecutor.java:418)
	at com.kms.katalon.core.main.TestCaseExecutor.accessMainPhase(TestCaseExecutor.java:410)
	at com.kms.katalon.core.main.TestCaseExecutor.execute(TestCaseExecutor.java:285)
	at com.kms.katalon.core.common.CommonExecutor.accessTestCaseMainPhase(CommonExecutor.java:65)
	at com.kms.katalon.core.main.TestSuiteExecutor.accessTestSuiteMainPhase(TestSuiteExecutor.java:148)
	at com.kms.katalon.core.main.TestSuiteExecutor.execute(TestSuiteExecutor.java:106)
	at com.kms.katalon.core.main.TestCaseMain.startTestSuite(TestCaseMain.java:187)
	at com.kms.katalon.core.main.TestCaseMain$startTestSuite$0.call(Unknown Source)
	at TempTestSuite1692932048422.run(TempTestSuite1692932048422.groovy:36)]]></system-err>
      </testcase>
      <system-out><![CDATA[2023-08-25 09:54:15 - [TEST_SUITE][FAILED] - Test Suite Make Appointment: Test Cases/Make Appointment/Test Case 2.1 (Versi Dinamis) FAILED.
Reason:
com.kms.katalon.core.exception.StepFailedException: Actual text 'No' and expected text 'no' are not matched
	at com.kms.katalon.core.keyword.builtin.VerifyMatchKeyword$_verifyMatch_closure1.doCall(VerifyMatchKeyword.groovy:57)
	at com.kms.katalon.core.keyword.builtin.VerifyMatchKeyword$_verifyMatch_closure1.call(VerifyMatchKeyword.groovy)
	at com.kms.katalon.core.keyword.internal.KeywordMain.runKeyword(KeywordMain.groovy:75)
	at com.kms.katalon.core.keyword.builtin.VerifyMatchKeyword.verifyMatch(VerifyMatchKeyword.groovy:60)
	at com.kms.katalon.core.keyword.builtin.VerifyMatchKeyword.execute(VerifyMatchKeyword.groovy:45)
	at com.kms.katalon.core.keyword.internal.KeywordExecutor.executeKeywordForPlatform(KeywordExecutor.groovy:74)
	at com.kms.katalon.core.keyword.BuiltinKeywords.verifyMatch(BuiltinKeywords.groovy:78)
	at Test Case 2.1 (Versi Dinamis).run(Test Case 2.1 (Versi Dinamis):57)
	at com.kms.katalon.core.main.ScriptEngine.run(ScriptEngine.java:194)
	at com.kms.katalon.core.main.ScriptEngine.runScriptAsRawText(ScriptEngine.java:119)
	at com.kms.katalon.core.main.TestCaseExecutor.runScript(TestCaseExecutor.java:448)
	at com.kms.katalon.core.main.TestCaseExecutor.doExecute(TestCaseExecutor.java:439)
	at com.kms.katalon.core.main.TestCaseExecutor.processExecutionPhase(TestCaseExecutor.java:418)
	at com.kms.katalon.core.main.TestCaseExecutor.accessMainPhase(TestCaseExecutor.java:410)
	at com.kms.katalon.core.main.TestCaseExecutor.execute(TestCaseExecutor.java:285)
	at com.kms.katalon.core.common.CommonExecutor.accessTestCaseMainPhase(CommonExecutor.java:65)
	at com.kms.katalon.core.main.TestSuiteExecutor.accessTestSuiteMainPhase(TestSuiteExecutor.java:148)
	at com.kms.katalon.core.main.TestSuiteExecutor.execute(TestSuiteExecutor.java:106)
	at com.kms.katalon.core.main.TestCaseMain.startTestSuite(TestCaseMain.java:187)
	at com.kms.katalon.core.main.TestCaseMain$startTestSuite$0.call(Unknown Source)
	at TempTestSuite1692932048422.run(TempTestSuite1692932048422.groovy:36)]]></system-out>
      <system-err><![CDATA[2023-08-25 09:54:15 - [TEST_SUITE][FAILED] - Test Suite Make Appointment: Test Cases/Make Appointment/Test Case 2.1 (Versi Dinamis) FAILED.
Reason:
com.kms.katalon.core.exception.StepFailedException: Actual text 'No' and expected text 'no' are not matched
	at com.kms.katalon.core.keyword.builtin.VerifyMatchKeyword$_verifyMatch_closure1.doCall(VerifyMatchKeyword.groovy:57)
	at com.kms.katalon.core.keyword.builtin.VerifyMatchKeyword$_verifyMatch_closure1.call(VerifyMatchKeyword.groovy)
	at com.kms.katalon.core.keyword.internal.KeywordMain.runKeyword(KeywordMain.groovy:75)
	at com.kms.katalon.core.keyword.builtin.VerifyMatchKeyword.verifyMatch(VerifyMatchKeyword.groovy:60)
	at com.kms.katalon.core.keyword.builtin.VerifyMatchKeyword.execute(VerifyMatchKeyword.groovy:45)
	at com.kms.katalon.core.keyword.internal.KeywordExecutor.executeKeywordForPlatform(KeywordExecutor.groovy:74)
	at com.kms.katalon.core.keyword.BuiltinKeywords.verifyMatch(BuiltinKeywords.groovy:78)
	at Test Case 2.1 (Versi Dinamis).run(Test Case 2.1 (Versi Dinamis):57)
	at com.kms.katalon.core.main.ScriptEngine.run(ScriptEngine.java:194)
	at com.kms.katalon.core.main.ScriptEngine.runScriptAsRawText(ScriptEngine.java:119)
	at com.kms.katalon.core.main.TestCaseExecutor.runScript(TestCaseExecutor.java:448)
	at com.kms.katalon.core.main.TestCaseExecutor.doExecute(TestCaseExecutor.java:439)
	at com.kms.katalon.core.main.TestCaseExecutor.processExecutionPhase(TestCaseExecutor.java:418)
	at com.kms.katalon.core.main.TestCaseExecutor.accessMainPhase(TestCaseExecutor.java:410)
	at com.kms.katalon.core.main.TestCaseExecutor.execute(TestCaseExecutor.java:285)
	at com.kms.katalon.core.common.CommonExecutor.accessTestCaseMainPhase(CommonExecutor.java:65)
	at com.kms.katalon.core.main.TestSuiteExecutor.accessTestSuiteMainPhase(TestSuiteExecutor.java:148)
	at com.kms.katalon.core.main.TestSuiteExecutor.execute(TestSuiteExecutor.java:106)
	at com.kms.katalon.core.main.TestCaseMain.startTestSuite(TestCaseMain.java:187)
	at com.kms.katalon.core.main.TestCaseMain$startTestSuite$0.call(Unknown Source)
	at TempTestSuite1692932048422.run(TempTestSuite1692932048422.groovy:36)]]></system-err>
   </testsuite>
</testsuites>
