<?xml version="1.0" encoding="UTF-8"?>
<testsuites name="Test Suite CURA Heroku App" time="709.155" tests="15" failures="5" errors="1">
   <testsuite name="Test Suite CURA Heroku App" tests="15" failures="5" errors="1" time="709.155" skipped="0" timestamp="2023-08-25 16:30:55" hostname="HP - LAPTOP-ILLI02GO" id="Test Suites/Test Suite CURA Heroku App">
      <properties>
         <property name="deviceName" value=""/>
         <property name="devicePlatform" value=""/>
         <property name="logFolder" value="D:\\XSIS MITRA UTAMA\\batch-324-qa\\Danty\\Cura Heroku App\\Reports\\20230825_163051\\Test Suite CURA Heroku App\\20230825_163051"/>
         <property name="logFiles" value="D:\\XSIS MITRA UTAMA\\batch-324-qa\\Danty\\Cura Heroku App\\Reports\\20230825_163051\\Test Suite CURA Heroku App\\20230825_163051\\execution0.log"/>
         <property name="attachments" value="D:\\XSIS MITRA UTAMA\\batch-324-qa\\Danty\\Cura Heroku App\\Reports\\20230825_163051\\Test Suite CURA Heroku App\\20230825_163051\\1692955901208.png, D:\\XSIS MITRA UTAMA\\batch-324-qa\\Danty\\Cura Heroku App\\Reports\\20230825_163051\\Test Suite CURA Heroku App\\20230825_163051\\1692955901395.png, D:\\XSIS MITRA UTAMA\\batch-324-qa\\Danty\\Cura Heroku App\\Reports\\20230825_163051\\Test Suite CURA Heroku App\\20230825_163051\\1692955914025.png, D:\\XSIS MITRA UTAMA\\batch-324-qa\\Danty\\Cura Heroku App\\Reports\\20230825_163051\\Test Suite CURA Heroku App\\20230825_163051\\1692955914135.png, D:\\XSIS MITRA UTAMA\\batch-324-qa\\Danty\\Cura Heroku App\\Reports\\20230825_163051\\Test Suite CURA Heroku App\\20230825_163051\\1692955930627.png, D:\\XSIS MITRA UTAMA\\batch-324-qa\\Danty\\Cura Heroku App\\Reports\\20230825_163051\\Test Suite CURA Heroku App\\20230825_163051\\1692955930718.png, D:\\XSIS MITRA UTAMA\\batch-324-qa\\Danty\\Cura Heroku App\\Reports\\20230825_163051\\Test Suite CURA Heroku App\\20230825_163051\\1692955943241.png, D:\\XSIS MITRA UTAMA\\batch-324-qa\\Danty\\Cura Heroku App\\Reports\\20230825_163051\\Test Suite CURA Heroku App\\20230825_163051\\1692955943338.png, D:\\XSIS MITRA UTAMA\\batch-324-qa\\Danty\\Cura Heroku App\\Reports\\20230825_163051\\Test Suite CURA Heroku App\\20230825_163051\\1692955956980.png, D:\\XSIS MITRA UTAMA\\batch-324-qa\\Danty\\Cura Heroku App\\Reports\\20230825_163051\\Test Suite CURA Heroku App\\20230825_163051\\1692955957101.png, D:\\XSIS MITRA UTAMA\\batch-324-qa\\Danty\\Cura Heroku App\\Reports\\20230825_163051\\Test Suite CURA Heroku App\\20230825_163051\\1692955970381.png, D:\\XSIS MITRA UTAMA\\batch-324-qa\\Danty\\Cura Heroku App\\Reports\\20230825_163051\\Test Suite CURA Heroku App\\20230825_163051\\1692955970502.png, D:\\XSIS MITRA UTAMA\\batch-324-qa\\Danty\\Cura Heroku App\\Reports\\20230825_163051\\Test Suite CURA Heroku App\\20230825_163051\\1692955993863.png, D:\\XSIS MITRA UTAMA\\batch-324-qa\\Danty\\Cura Heroku App\\Reports\\20230825_163051\\Test Suite CURA Heroku App\\20230825_163051\\1692955993954.png, D:\\XSIS MITRA UTAMA\\batch-324-qa\\Danty\\Cura Heroku App\\Reports\\20230825_163051\\Test Suite CURA Heroku App\\20230825_163051\\1692956008448.png, D:\\XSIS MITRA UTAMA\\batch-324-qa\\Danty\\Cura Heroku App\\Reports\\20230825_163051\\Test Suite CURA Heroku App\\20230825_163051\\1692956008544.png, D:\\XSIS MITRA UTAMA\\batch-324-qa\\Danty\\Cura Heroku App\\Reports\\20230825_163051\\Test Suite CURA Heroku App\\20230825_163051\\1692956108169.png, D:\\XSIS MITRA UTAMA\\batch-324-qa\\Danty\\Cura Heroku App\\Reports\\20230825_163051\\Test Suite CURA Heroku App\\20230825_163051\\1692956157153.png, D:\\XSIS MITRA UTAMA\\batch-324-qa\\Danty\\Cura Heroku App\\Reports\\20230825_163051\\Test Suite CURA Heroku App\\20230825_163051\\1692956206107.png, D:\\XSIS MITRA UTAMA\\batch-324-qa\\Danty\\Cura Heroku App\\Reports\\20230825_163051\\Test Suite CURA Heroku App\\20230825_163051\\1692956254165.png, D:\\XSIS MITRA UTAMA\\batch-324-qa\\Danty\\Cura Heroku App\\Reports\\20230825_163051\\Test Suite CURA Heroku App\\20230825_163051\\1692956410327.png, D:\\XSIS MITRA UTAMA\\batch-324-qa\\Danty\\Cura Heroku App\\Reports\\20230825_163051\\Test Suite CURA Heroku App\\20230825_163051\\1692956410479.png, D:\\XSIS MITRA UTAMA\\batch-324-qa\\Danty\\Cura Heroku App\\Reports\\20230825_163051\\Test Suite CURA Heroku App\\20230825_163051\\1692956426857.png, D:\\XSIS MITRA UTAMA\\batch-324-qa\\Danty\\Cura Heroku App\\Reports\\20230825_163051\\Test Suite CURA Heroku App\\20230825_163051\\1692956426963.png, D:\\XSIS MITRA UTAMA\\batch-324-qa\\Danty\\Cura Heroku App\\Reports\\20230825_163051\\Test Suite CURA Heroku App\\20230825_163051\\1692956442126.png, D:\\XSIS MITRA UTAMA\\batch-324-qa\\Danty\\Cura Heroku App\\Reports\\20230825_163051\\Test Suite CURA Heroku App\\20230825_163051\\1692956442240.png, D:\\XSIS MITRA UTAMA\\batch-324-qa\\Danty\\Cura Heroku App\\Reports\\20230825_163051\\Test Suite CURA Heroku App\\20230825_163051\\1692956458147.png, D:\\XSIS MITRA UTAMA\\batch-324-qa\\Danty\\Cura Heroku App\\Reports\\20230825_163051\\Test Suite CURA Heroku App\\20230825_163051\\1692956458262.png, D:\\XSIS MITRA UTAMA\\batch-324-qa\\Danty\\Cura Heroku App\\Reports\\20230825_163051\\Test Suite CURA Heroku App\\20230825_163051\\1692956480971.png, D:\\XSIS MITRA UTAMA\\batch-324-qa\\Danty\\Cura Heroku App\\Reports\\20230825_163051\\Test Suite CURA Heroku App\\20230825_163051\\1692956481054.png, D:\\XSIS MITRA UTAMA\\batch-324-qa\\Danty\\Cura Heroku App\\Reports\\20230825_163051\\Test Suite CURA Heroku App\\20230825_163051\\1692956503435.png, D:\\XSIS MITRA UTAMA\\batch-324-qa\\Danty\\Cura Heroku App\\Reports\\20230825_163051\\Test Suite CURA Heroku App\\20230825_163051\\1692956503514.png, D:\\XSIS MITRA UTAMA\\batch-324-qa\\Danty\\Cura Heroku App\\Reports\\20230825_163051\\Test Suite CURA Heroku App\\20230825_163051\\1692956524972.png, D:\\XSIS MITRA UTAMA\\batch-324-qa\\Danty\\Cura Heroku App\\Reports\\20230825_163051\\Test Suite CURA Heroku App\\20230825_163051\\1692956525125.png, D:\\XSIS MITRA UTAMA\\batch-324-qa\\Danty\\Cura Heroku App\\Reports\\20230825_163051\\Test Suite CURA Heroku App\\20230825_163051\\1692956549098.png, D:\\XSIS MITRA UTAMA\\batch-324-qa\\Danty\\Cura Heroku App\\Reports\\20230825_163051\\Test Suite CURA Heroku App\\20230825_163051\\1692956549189.png"/>
         <property name="hostName" value="HP - LAPTOP-ILLI02GO"/>
         <property name="os" value="Windows 11 64bit"/>
         <property name="katalonVersion" value="8.6.5.208"/>
         <property name="browser" value="Edge Chromium 115"/>
         <property name="hostAddress" value="10.9.2.36"/>
         <property name="sessionId" value="f7f073f28817bb29368b55ebdbc5a61e"/>
         <property name="seleniumVersion" value="3.141.59"/>
         <property name="proxyInformation" value="ProxyInformation { proxyOption=NO_PROXY, proxyServerType=HTTP, username=, password=********, proxyServerAddress=, proxyServerPort=0, executionList=&quot;&quot;, isApplyToDesiredCapabilities=true }"/>
         <property name="platform" value="Windows 11"/>
      </properties>
      <testcase name="Test Cases/Login/Test Case 1.1 (Manual)" time="17.187" classname="Test Cases/Login/Test Case 1.1 (Manual)" status="PASSED">
         <system-out><![CDATA[2023-08-25 16:30:55 - [TEST_CASE][PASSED] - Test Cases/Login/Test Case 1.1 (Manual): Test Cases/Login/Test Case 1.1 (Manual)

2023-08-25 16:30:56 - [TEST_STEP][PASSED] - openBrowser(WEB_URL): Browser is opened with url: 'https://katalon-demo-cura.herokuapp.com/'

2023-08-25 16:30:56 - [MESSAGE][INFO] - Starting 'Edge Chromium' driver

2023-08-25 16:30:58 - [MESSAGE][INFO] - Action delay is set to 0 milliseconds

2023-08-25 16:31:06 - [MESSAGE][PASSED] - Browser is opened with url: 'https://katalon-demo-cura.herokuapp.com/'

2023-08-25 16:31:06 - [TEST_STEP][PASSED] - verifyElementPresent(findTestObject("Login/Title Home Page"), 10): Object 'Object Repository/Login/Title Home Page' is present

2023-08-25 16:31:07 - [MESSAGE][PASSED] - Object 'Object Repository/Login/Title Home Page' is present

2023-08-25 16:31:07 - [TEST_STEP][PASSED] - click(findTestObject("Login/Menu Burger")): Object: 'Object Repository/Login/Menu Burger' is clicked on

2023-08-25 16:31:08 - [MESSAGE][PASSED] - Object: 'Object Repository/Login/Menu Burger' is clicked on

2023-08-25 16:31:08 - [TEST_STEP][PASSED] - click(findTestObject("Login/Menu Login")): Object: 'Object Repository/Login/Menu Login' is clicked on

2023-08-25 16:31:09 - [MESSAGE][PASSED] - Object: 'Object Repository/Login/Menu Login' is clicked on

2023-08-25 16:31:09 - [TEST_STEP][PASSED] - verifyElementPresent(findTestObject("Login/Title Login"), 10): Object 'Object Repository/Login/Title Login' is present

2023-08-25 16:31:09 - [MESSAGE][PASSED] - Object 'Object Repository/Login/Title Login' is present

2023-08-25 16:31:09 - [TEST_STEP][PASSED] - setText(findTestObject("Login/input_Username"), Username): Text 'John Doe' is set on object 'Object Repository/Login/input_Username'

2023-08-25 16:31:10 - [MESSAGE][PASSED] - Text 'John Doe' is set on object 'Object Repository/Login/input_Username'

2023-08-25 16:31:10 - [TEST_STEP][PASSED] - setEncryptedText(findTestObject("Login/input_Password"), Password): Text ****** has been set on object 'Object Repository/Login/input_Password'

2023-08-25 16:31:11 - [MESSAGE][PASSED] - Text ****** has been set on object 'Object Repository/Login/input_Password'

2023-08-25 16:31:11 - [TEST_STEP][PASSED] - click(findTestObject("Login/button_Login")): Object: 'Object Repository/Login/button_Login' is clicked on

2023-08-25 16:31:12 - [MESSAGE][PASSED] - Object: 'Object Repository/Login/button_Login' is clicked on

2023-08-25 16:31:12 - [TEST_STEP][PASSED] - verifyElementPresent(findTestObject("Login/Title_Make Appointment"), 10): Object 'Object Repository/Login/Title_Make Appointment' is present

2023-08-25 16:31:12 - [MESSAGE][PASSED] - Object 'Object Repository/Login/Title_Make Appointment' is present]]></system-out>
         <system-err><![CDATA[]]></system-err>
      </testcase>
      <testcase name="Test Cases/Login/Test Case 1.2" time="14.864" classname="Test Cases/Login/Test Case 1.2" status="PASSED">
         <system-out><![CDATA[2023-08-25 16:31:12 - [TEST_CASE][PASSED] - Test Cases/Login/Test Case 1.2: Test Cases/Login/Test Case 1.2

2023-08-25 16:31:13 - [TEST_STEP][PASSED] - openBrowser(WEB_URL): Browser is opened with url: 'https://katalon-demo-cura.herokuapp.com/'

2023-08-25 16:31:13 - [MESSAGE][WARNING] - A browser is already opened. Closing browser and opening a new one

2023-08-25 16:31:14 - [MESSAGE][INFO] - Starting 'Edge Chromium' driver

2023-08-25 16:31:16 - [MESSAGE][INFO] - Action delay is set to 0 milliseconds

2023-08-25 16:31:22 - [MESSAGE][PASSED] - Browser is opened with url: 'https://katalon-demo-cura.herokuapp.com/'

2023-08-25 16:31:22 - [TEST_STEP][PASSED] - maximizeWindow(): Current window maximized

2023-08-25 16:31:22 - [MESSAGE][PASSED] - Current window maximized

2023-08-25 16:31:22 - [TEST_STEP][PASSED] - verifyElementPresent(findTestObject("Login/Title Home Page"), 10): Object 'Object Repository/Login/Title Home Page' is present

2023-08-25 16:31:22 - [MESSAGE][PASSED] - Object 'Object Repository/Login/Title Home Page' is present

2023-08-25 16:31:22 - [TEST_STEP][PASSED] - click(findTestObject("Login/Menu Burger")): Object: 'Object Repository/Login/Menu Burger' is clicked on

2023-08-25 16:31:23 - [MESSAGE][PASSED] - Object: 'Object Repository/Login/Menu Burger' is clicked on

2023-08-25 16:31:23 - [TEST_STEP][PASSED] - click(findTestObject("Login/Menu Login")): Object: 'Object Repository/Login/Menu Login' is clicked on

2023-08-25 16:31:24 - [MESSAGE][PASSED] - Object: 'Object Repository/Login/Menu Login' is clicked on

2023-08-25 16:31:24 - [TEST_STEP][PASSED] - verifyElementPresent(findTestObject("Login/Title Login"), 10): Object 'Object Repository/Login/Title Login' is present

2023-08-25 16:31:24 - [MESSAGE][PASSED] - Object 'Object Repository/Login/Title Login' is present

2023-08-25 16:31:24 - [TEST_STEP][PASSED] - setText(findTestObject("Login/input_Username"), username): Text 'Dianty' is set on object 'Object Repository/Login/input_Username'

2023-08-25 16:31:25 - [MESSAGE][PASSED] - Text 'Dianty' is set on object 'Object Repository/Login/input_Username'

2023-08-25 16:31:25 - [TEST_STEP][PASSED] - setEncryptedText(findTestObject("Login/input_Password"), password): Text ****** has been set on object 'Object Repository/Login/input_Password'

2023-08-25 16:31:26 - [MESSAGE][PASSED] - Text ****** has been set on object 'Object Repository/Login/input_Password'

2023-08-25 16:31:26 - [TEST_STEP][PASSED] - click(findTestObject("Login/button_Login")): Object: 'Object Repository/Login/button_Login' is clicked on

2023-08-25 16:31:27 - [MESSAGE][PASSED] - Object: 'Object Repository/Login/button_Login' is clicked on

2023-08-25 16:31:27 - [TEST_STEP][PASSED] - verifyElementText(findTestObject("Login/Error Message"), "Login failed! Please ensure the username and password are valid."): Actual text and expected text of test object 'Object Repository/Login/Error Message' are matched.

2023-08-25 16:31:27 - [MESSAGE][PASSED] - Actual text and expected text of test object 'Object Repository/Login/Error Message' are matched.]]></system-out>
         <system-err><![CDATA[]]></system-err>
      </testcase>
      <testcase name="Test Cases/Login/Test Case 1.3" time="12.62" classname="Test Cases/Login/Test Case 1.3" status="FAILED">
         <failure type="FAILED" message="Test Cases/Login/Test Case 1.3 FAILED.
Reason:
com.kms.katalon.core.exception.StepFailedException: Verify element text of test object 'Object Repository/Login/Error Message' FAILED.
	at com.kms.katalon.core.webui.keyword.internal.WebUIKeywordMain.stepFailed(WebUIKeywordMain.groovy:64)
	at com.kms.katalon.core.webui.keyword.internal.WebUIKeywordMain.runKeyword(WebUIKeywordMain.groovy:26)
	at com.kms.katalon.core.webui.keyword.builtin.VerifyElementTextKeyword.verifyElementText(VerifyElementTextKeyword.groovy:72)
	at com.kms.katalon.core.webui.keyword.builtin.VerifyElementTextKeyword.execute(VerifyElementTextKeyword.groovy:40)
	at com.kms.katalon.core.keyword.internal.KeywordExecutor.executeKeywordForPlatform(KeywordExecutor.groovy:74)
	at com.kms.katalon.core.webui.keyword.WebUiBuiltInKeywords.verifyElementText(WebUiBuiltInKeywords.groovy:4749)
	at com.kms.katalon.core.webui.keyword.WebUiBuiltInKeywords$verifyElementText$5.call(Unknown Source)
	at Test Case 1.3.run(Test Case 1.3:34)
	at com.kms.katalon.core.main.ScriptEngine.run(ScriptEngine.java:194)
	at com.kms.katalon.core.main.ScriptEngine.runScriptAsRawText(ScriptEngine.java:119)
	at com.kms.katalon.core.main.TestCaseExecutor.runScript(TestCaseExecutor.java:448)
	at com.kms.katalon.core.main.TestCaseExecutor.doExecute(TestCaseExecutor.java:439)
	at com.kms.katalon.core.main.TestCaseExecutor.processExecutionPhase(TestCaseExecutor.java:418)
	at com.kms.katalon.core.main.TestCaseExecutor.accessMainPhase(TestCaseExecutor.java:410)
	at com.kms.katalon.core.main.TestCaseExecutor.execute(TestCaseExecutor.java:285)
	at com.kms.katalon.core.main.TestCaseExecutor.execute(TestCaseExecutor.java:369)
	at com.kms.katalon.core.main.TestCaseExecutor.execute(TestCaseExecutor.java:369)
	at com.kms.katalon.core.main.TestCaseExecutor.execute(TestCaseExecutor.java:369)
	at com.kms.katalon.core.common.CommonExecutor.accessTestCaseMainPhase(CommonExecutor.java:65)
	at com.kms.katalon.core.main.TestSuiteExecutor.accessTestSuiteMainPhase(TestSuiteExecutor.java:148)
	at com.kms.katalon.core.main.TestSuiteExecutor.execute(TestSuiteExecutor.java:106)
	at com.kms.katalon.core.main.TestCaseMain.startTestSuite(TestCaseMain.java:187)
	at com.kms.katalon.core.main.TestCaseMain$startTestSuite$0.call(Unknown Source)
	at TempTestSuite1692955851587.run(TempTestSuite1692955851587.groovy:36)
Caused by: com.kms.katalon.core.exception.StepFailedException: Actual text 'Login failed! Please ensure the username and password are valid.' and expected text 'Please fill out this field' of test object 'Object Repository/Login/Error Message' are NOT matched.
	at com.kms.katalon.core.webui.keyword.internal.WebUIKeywordMain.stepFailed(WebUIKeywordMain.groovy:64)
	at com.kms.katalon.core.webui.keyword.builtin.VerifyElementTextKeyword$_verifyElementText_closure1.doCall(VerifyElementTextKeyword.groovy:57)
	at com.kms.katalon.core.webui.keyword.builtin.VerifyElementTextKeyword$_verifyElementText_closure1.call(VerifyElementTextKeyword.groovy)
	at com.kms.katalon.core.webui.keyword.internal.WebUIKeywordMain.runKeyword(WebUIKeywordMain.groovy:20)
	... 22 more
"/>
         <system-out><![CDATA[2023-08-25 16:32:10 - [TEST_CASE][FAILED] - Test Cases/Login/Test Case 1.3: Test Cases/Login/Test Case 1.3 FAILED.
Reason:
com.kms.katalon.core.exception.StepFailedException: Verify element text of test object 'Object Repository/Login/Error Message' FAILED.
	at com.kms.katalon.core.webui.keyword.internal.WebUIKeywordMain.stepFailed(WebUIKeywordMain.groovy:64)
	at com.kms.katalon.core.webui.keyword.internal.WebUIKeywordMain.runKeyword(WebUIKeywordMain.groovy:26)
	at com.kms.katalon.core.webui.keyword.builtin.VerifyElementTextKeyword.verifyElementText(VerifyElementTextKeyword.groovy:72)
	at com.kms.katalon.core.webui.keyword.builtin.VerifyElementTextKeyword.execute(VerifyElementTextKeyword.groovy:40)
	at com.kms.katalon.core.keyword.internal.KeywordExecutor.executeKeywordForPlatform(KeywordExecutor.groovy:74)
	at com.kms.katalon.core.webui.keyword.WebUiBuiltInKeywords.verifyElementText(WebUiBuiltInKeywords.groovy:4749)
	at com.kms.katalon.core.webui.keyword.WebUiBuiltInKeywords$verifyElementText$5.call(Unknown Source)
	at Test Case 1.3.run(Test Case 1.3:34)
	at com.kms.katalon.core.main.ScriptEngine.run(ScriptEngine.java:194)
	at com.kms.katalon.core.main.ScriptEngine.runScriptAsRawText(ScriptEngine.java:119)
	at com.kms.katalon.core.main.TestCaseExecutor.runScript(TestCaseExecutor.java:448)
	at com.kms.katalon.core.main.TestCaseExecutor.doExecute(TestCaseExecutor.java:439)
	at com.kms.katalon.core.main.TestCaseExecutor.processExecutionPhase(TestCaseExecutor.java:418)
	at com.kms.katalon.core.main.TestCaseExecutor.accessMainPhase(TestCaseExecutor.java:410)
	at com.kms.katalon.core.main.TestCaseExecutor.execute(TestCaseExecutor.java:285)
	at com.kms.katalon.core.main.TestCaseExecutor.execute(TestCaseExecutor.java:369)
	at com.kms.katalon.core.main.TestCaseExecutor.execute(TestCaseExecutor.java:369)
	at com.kms.katalon.core.main.TestCaseExecutor.execute(TestCaseExecutor.java:369)
	at com.kms.katalon.core.common.CommonExecutor.accessTestCaseMainPhase(CommonExecutor.java:65)
	at com.kms.katalon.core.main.TestSuiteExecutor.accessTestSuiteMainPhase(TestSuiteExecutor.java:148)
	at com.kms.katalon.core.main.TestSuiteExecutor.execute(TestSuiteExecutor.java:106)
	at com.kms.katalon.core.main.TestCaseMain.startTestSuite(TestCaseMain.java:187)
	at com.kms.katalon.core.main.TestCaseMain$startTestSuite$0.call(Unknown Source)
	at TempTestSuite1692955851587.run(TempTestSuite1692955851587.groovy:36)
Caused by: com.kms.katalon.core.exception.StepFailedException: Actual text 'Login failed! Please ensure the username and password are valid.' and expected text 'Please fill out this field' of test object 'Object Repository/Login/Error Message' are NOT matched.
	at com.kms.katalon.core.webui.keyword.internal.WebUIKeywordMain.stepFailed(WebUIKeywordMain.groovy:64)
	at com.kms.katalon.core.webui.keyword.builtin.VerifyElementTextKeyword$_verifyElementText_closure1.doCall(VerifyElementTextKeyword.groovy:57)
	at com.kms.katalon.core.webui.keyword.builtin.VerifyElementTextKeyword$_verifyElementText_closure1.call(VerifyElementTextKeyword.groovy)
	at com.kms.katalon.core.webui.keyword.internal.WebUIKeywordMain.runKeyword(WebUIKeywordMain.groovy:20)
	... 22 more


2023-08-25 16:32:10 - [TEST_STEP][PASSED] - openBrowser(WEB_URL): Browser is opened with url: 'https://katalon-demo-cura.herokuapp.com/'

2023-08-25 16:32:10 - [MESSAGE][WARNING] - A browser is already opened. Closing browser and opening a new one

2023-08-25 16:32:11 - [MESSAGE][INFO] - Starting 'Edge Chromium' driver

2023-08-25 16:32:13 - [MESSAGE][INFO] - Action delay is set to 0 milliseconds

2023-08-25 16:32:18 - [MESSAGE][PASSED] - Browser is opened with url: 'https://katalon-demo-cura.herokuapp.com/'

2023-08-25 16:32:18 - [TEST_STEP][PASSED] - verifyElementPresent(findTestObject("Login/Title Home Page"), 10): Object 'Object Repository/Login/Title Home Page' is present

2023-08-25 16:32:18 - [MESSAGE][PASSED] - Object 'Object Repository/Login/Title Home Page' is present

2023-08-25 16:32:18 - [TEST_STEP][PASSED] - click(findTestObject("Login/Menu Burger")): Object: 'Object Repository/Login/Menu Burger' is clicked on

2023-08-25 16:32:19 - [MESSAGE][PASSED] - Object: 'Object Repository/Login/Menu Burger' is clicked on

2023-08-25 16:32:19 - [TEST_STEP][PASSED] - click(findTestObject("Login/Menu Login")): Object: 'Object Repository/Login/Menu Login' is clicked on

2023-08-25 16:32:20 - [MESSAGE][PASSED] - Object: 'Object Repository/Login/Menu Login' is clicked on

2023-08-25 16:32:20 - [TEST_STEP][PASSED] - verifyElementPresent(findTestObject("Login/Title Login"), 10): Object 'Object Repository/Login/Title Login' is present

2023-08-25 16:32:21 - [MESSAGE][PASSED] - Object 'Object Repository/Login/Title Login' is present

2023-08-25 16:32:21 - [TEST_STEP][PASSED] - setText(findTestObject("Login/input_Username"), username): Text 'John Doe' is set on object 'Object Repository/Login/input_Username'

2023-08-25 16:32:21 - [MESSAGE][PASSED] - Text 'John Doe' is set on object 'Object Repository/Login/input_Username'

2023-08-25 16:32:21 - [TEST_STEP][PASSED] - click(findTestObject("Login/button_Login")): Object: 'Object Repository/Login/button_Login' is clicked on

2023-08-25 16:32:22 - [MESSAGE][PASSED] - Object: 'Object Repository/Login/button_Login' is clicked on

2023-08-25 16:32:22 - [TEST_STEP][FAILED] - verifyElementText(findTestObject("Login/Error Message"), "Please fill out this field"): Verify element text of test object 'Object Repository/Login/Error Message' FAILED. (Root cause: com.kms.katalon.core.exception.StepFailedException: Verify element text of test object 'Object Repository/Login/Error Message' FAILED.
	at com.kms.katalon.core.webui.keyword.internal.WebUIKeywordMain.stepFailed(WebUIKeywordMain.groovy:64)
	at com.kms.katalon.core.webui.keyword.internal.WebUIKeywordMain.runKeyword(WebUIKeywordMain.groovy:26)
	at com.kms.katalon.core.webui.keyword.builtin.VerifyElementTextKeyword.verifyElementText(VerifyElementTextKeyword.groovy:72)
	at com.kms.katalon.core.webui.keyword.builtin.VerifyElementTextKeyword.execute(VerifyElementTextKeyword.groovy:40)
	at com.kms.katalon.core.keyword.internal.KeywordExecutor.executeKeywordForPlatform(KeywordExecutor.groovy:74)
	at com.kms.katalon.core.webui.keyword.WebUiBuiltInKeywords.verifyElementText(WebUiBuiltInKeywords.groovy:4749)
	at com.kms.katalon.core.webui.keyword.WebUiBuiltInKeywords$verifyElementText$5.call(Unknown Source)
	at Test Case 1.3.run(Test Case 1.3:34)
	at com.kms.katalon.core.main.ScriptEngine.run(ScriptEngine.java:194)
	at com.kms.katalon.core.main.ScriptEngine.runScriptAsRawText(ScriptEngine.java:119)
	at com.kms.katalon.core.main.TestCaseExecutor.runScript(TestCaseExecutor.java:448)
	at com.kms.katalon.core.main.TestCaseExecutor.doExecute(TestCaseExecutor.java:439)
	at com.kms.katalon.core.main.TestCaseExecutor.processExecutionPhase(TestCaseExecutor.java:418)
	at com.kms.katalon.core.main.TestCaseExecutor.accessMainPhase(TestCaseExecutor.java:410)
	at com.kms.katalon.core.main.TestCaseExecutor.execute(TestCaseExecutor.java:285)
	at com.kms.katalon.core.main.TestCaseExecutor.execute(TestCaseExecutor.java:369)
	at com.kms.katalon.core.main.TestCaseExecutor.execute(TestCaseExecutor.java:369)
	at com.kms.katalon.core.main.TestCaseExecutor.execute(TestCaseExecutor.java:369)
	at com.kms.katalon.core.common.CommonExecutor.accessTestCaseMainPhase(CommonExecutor.java:65)
	at com.kms.katalon.core.main.TestSuiteExecutor.accessTestSuiteMainPhase(TestSuiteExecutor.java:148)
	at com.kms.katalon.core.main.TestSuiteExecutor.execute(TestSuiteExecutor.java:106)
	at com.kms.katalon.core.main.TestCaseMain.startTestSuite(TestCaseMain.java:187)
	at com.kms.katalon.core.main.TestCaseMain$startTestSuite$0.call(Unknown Source)
	at TempTestSuite1692955851587.run(TempTestSuite1692955851587.groovy:36)
Caused by: com.kms.katalon.core.exception.StepFailedException: Actual text 'Login failed! Please ensure the username and password are valid.' and expected text 'Please fill out this field' of test object 'Object Repository/Login/Error Message' are NOT matched.
	at com.kms.katalon.core.webui.keyword.internal.WebUIKeywordMain.stepFailed(WebUIKeywordMain.groovy:64)
	at com.kms.katalon.core.webui.keyword.builtin.VerifyElementTextKeyword$_verifyElementText_closure1.doCall(VerifyElementTextKeyword.groovy:57)
	at com.kms.katalon.core.webui.keyword.builtin.VerifyElementTextKeyword$_verifyElementText_closure1.call(VerifyElementTextKeyword.groovy)
	at com.kms.katalon.core.webui.keyword.internal.WebUIKeywordMain.runKeyword(WebUIKeywordMain.groovy:20)
	... 22 more
)

2023-08-25 16:32:23 - [MESSAGE][FAILED] - Actual text 'Login failed! Please ensure the username and password are valid.' and expected text 'Please fill out this field' of test object 'Object Repository/Login/Error Message' are NOT matched. (Root cause: com.kms.katalon.core.exception.StepFailedException: Actual text 'Login failed! Please ensure the username and password are valid.' and expected text 'Please fill out this field' of test object 'Object Repository/Login/Error Message' are NOT matched.
	at com.kms.katalon.core.webui.keyword.internal.WebUIKeywordMain.stepFailed(WebUIKeywordMain.groovy:64)
	at com.kms.katalon.core.webui.keyword.builtin.VerifyElementTextKeyword$_verifyElementText_closure1.doCall(VerifyElementTextKeyword.groovy:57)
	at com.kms.katalon.core.webui.keyword.builtin.VerifyElementTextKeyword$_verifyElementText_closure1.call(VerifyElementTextKeyword.groovy)
	at com.kms.katalon.core.webui.keyword.internal.WebUIKeywordMain.runKeyword(WebUIKeywordMain.groovy:20)
	at com.kms.katalon.core.webui.keyword.builtin.VerifyElementTextKeyword.verifyElementText(VerifyElementTextKeyword.groovy:72)
	at com.kms.katalon.core.webui.keyword.builtin.VerifyElementTextKeyword.execute(VerifyElementTextKeyword.groovy:40)
	at com.kms.katalon.core.keyword.internal.KeywordExecutor.executeKeywordForPlatform(KeywordExecutor.groovy:74)
	at com.kms.katalon.core.webui.keyword.WebUiBuiltInKeywords.verifyElementText(WebUiBuiltInKeywords.groovy:4749)
	at com.kms.katalon.core.webui.keyword.WebUiBuiltInKeywords$verifyElementText$5.call(Unknown Source)
	at Test Case 1.3.run(Test Case 1.3:34)
	at com.kms.katalon.core.main.ScriptEngine.run(ScriptEngine.java:194)
	at com.kms.katalon.core.main.ScriptEngine.runScriptAsRawText(ScriptEngine.java:119)
	at com.kms.katalon.core.main.TestCaseExecutor.runScript(TestCaseExecutor.java:448)
	at com.kms.katalon.core.main.TestCaseExecutor.doExecute(TestCaseExecutor.java:439)
	at com.kms.katalon.core.main.TestCaseExecutor.processExecutionPhase(TestCaseExecutor.java:418)
	at com.kms.katalon.core.main.TestCaseExecutor.accessMainPhase(TestCaseExecutor.java:410)
	at com.kms.katalon.core.main.TestCaseExecutor.execute(TestCaseExecutor.java:285)
	at com.kms.katalon.core.main.TestCaseExecutor.execute(TestCaseExecutor.java:369)
	at com.kms.katalon.core.main.TestCaseExecutor.execute(TestCaseExecutor.java:369)
	at com.kms.katalon.core.main.TestCaseExecutor.execute(TestCaseExecutor.java:369)
	at com.kms.katalon.core.common.CommonExecutor.accessTestCaseMainPhase(CommonExecutor.java:65)
	at com.kms.katalon.core.main.TestSuiteExecutor.accessTestSuiteMainPhase(TestSuiteExecutor.java:148)
	at com.kms.katalon.core.main.TestSuiteExecutor.execute(TestSuiteExecutor.java:106)
	at com.kms.katalon.core.main.TestCaseMain.startTestSuite(TestCaseMain.java:187)
	at com.kms.katalon.core.main.TestCaseMain$startTestSuite$0.call(Unknown Source)
	at TempTestSuite1692955851587.run(TempTestSuite1692955851587.groovy:36)
)
[[ATTACHMENT|D:\\XSIS MITRA UTAMA\\batch-324-qa\\Danty\\Cura Heroku App\\Reports\\20230825_163051\\Test Suite CURA Heroku App\\20230825_163051\\1692955943241.png]]

2023-08-25 16:32:23 - [MESSAGE][FAILED] - Verify element text of test object 'Object Repository/Login/Error Message' FAILED. (Root cause: com.kms.katalon.core.exception.StepFailedException: Verify element text of test object 'Object Repository/Login/Error Message' FAILED.
	at com.kms.katalon.core.webui.keyword.internal.WebUIKeywordMain.stepFailed(WebUIKeywordMain.groovy:64)
	at com.kms.katalon.core.webui.keyword.internal.WebUIKeywordMain.runKeyword(WebUIKeywordMain.groovy:26)
	at com.kms.katalon.core.webui.keyword.builtin.VerifyElementTextKeyword.verifyElementText(VerifyElementTextKeyword.groovy:72)
	at com.kms.katalon.core.webui.keyword.builtin.VerifyElementTextKeyword.execute(VerifyElementTextKeyword.groovy:40)
	at com.kms.katalon.core.keyword.internal.KeywordExecutor.executeKeywordForPlatform(KeywordExecutor.groovy:74)
	at com.kms.katalon.core.webui.keyword.WebUiBuiltInKeywords.verifyElementText(WebUiBuiltInKeywords.groovy:4749)
	at com.kms.katalon.core.webui.keyword.WebUiBuiltInKeywords$verifyElementText$5.call(Unknown Source)
	at Test Case 1.3.run(Test Case 1.3:34)
	at com.kms.katalon.core.main.ScriptEngine.run(ScriptEngine.java:194)
	at com.kms.katalon.core.main.ScriptEngine.runScriptAsRawText(ScriptEngine.java:119)
	at com.kms.katalon.core.main.TestCaseExecutor.runScript(TestCaseExecutor.java:448)
	at com.kms.katalon.core.main.TestCaseExecutor.doExecute(TestCaseExecutor.java:439)
	at com.kms.katalon.core.main.TestCaseExecutor.processExecutionPhase(TestCaseExecutor.java:418)
	at com.kms.katalon.core.main.TestCaseExecutor.accessMainPhase(TestCaseExecutor.java:410)
	at com.kms.katalon.core.main.TestCaseExecutor.execute(TestCaseExecutor.java:285)
	at com.kms.katalon.core.main.TestCaseExecutor.execute(TestCaseExecutor.java:369)
	at com.kms.katalon.core.main.TestCaseExecutor.execute(TestCaseExecutor.java:369)
	at com.kms.katalon.core.main.TestCaseExecutor.execute(TestCaseExecutor.java:369)
	at com.kms.katalon.core.common.CommonExecutor.accessTestCaseMainPhase(CommonExecutor.java:65)
	at com.kms.katalon.core.main.TestSuiteExecutor.accessTestSuiteMainPhase(TestSuiteExecutor.java:148)
	at com.kms.katalon.core.main.TestSuiteExecutor.execute(TestSuiteExecutor.java:106)
	at com.kms.katalon.core.main.TestCaseMain.startTestSuite(TestCaseMain.java:187)
	at com.kms.katalon.core.main.TestCaseMain$startTestSuite$0.call(Unknown Source)
	at TempTestSuite1692955851587.run(TempTestSuite1692955851587.groovy:36)
Caused by: com.kms.katalon.core.exception.StepFailedException: Actual text 'Login failed! Please ensure the username and password are valid.' and expected text 'Please fill out this field' of test object 'Object Repository/Login/Error Message' are NOT matched.
	at com.kms.katalon.core.webui.keyword.internal.WebUIKeywordMain.stepFailed(WebUIKeywordMain.groovy:64)
	at com.kms.katalon.core.webui.keyword.builtin.VerifyElementTextKeyword$_verifyElementText_closure1.doCall(VerifyElementTextKeyword.groovy:57)
	at com.kms.katalon.core.webui.keyword.builtin.VerifyElementTextKeyword$_verifyElementText_closure1.call(VerifyElementTextKeyword.groovy)
	at com.kms.katalon.core.webui.keyword.internal.WebUIKeywordMain.runKeyword(WebUIKeywordMain.groovy:20)
	... 22 more
)
[[ATTACHMENT|D:\\XSIS MITRA UTAMA\\batch-324-qa\\Danty\\Cura Heroku App\\Reports\\20230825_163051\\Test Suite CURA Heroku App\\20230825_163051\\1692955943338.png]]]]></system-out>
         <system-err><![CDATA[2023-08-25 16:32:10 - [TEST_CASE][FAILED] - Test Cases/Login/Test Case 1.3: Test Cases/Login/Test Case 1.3 FAILED.
Reason:
com.kms.katalon.core.exception.StepFailedException: Verify element text of test object 'Object Repository/Login/Error Message' FAILED.
	at com.kms.katalon.core.webui.keyword.internal.WebUIKeywordMain.stepFailed(WebUIKeywordMain.groovy:64)
	at com.kms.katalon.core.webui.keyword.internal.WebUIKeywordMain.runKeyword(WebUIKeywordMain.groovy:26)
	at com.kms.katalon.core.webui.keyword.builtin.VerifyElementTextKeyword.verifyElementText(VerifyElementTextKeyword.groovy:72)
	at com.kms.katalon.core.webui.keyword.builtin.VerifyElementTextKeyword.execute(VerifyElementTextKeyword.groovy:40)
	at com.kms.katalon.core.keyword.internal.KeywordExecutor.executeKeywordForPlatform(KeywordExecutor.groovy:74)
	at com.kms.katalon.core.webui.keyword.WebUiBuiltInKeywords.verifyElementText(WebUiBuiltInKeywords.groovy:4749)
	at com.kms.katalon.core.webui.keyword.WebUiBuiltInKeywords$verifyElementText$5.call(Unknown Source)
	at Test Case 1.3.run(Test Case 1.3:34)
	at com.kms.katalon.core.main.ScriptEngine.run(ScriptEngine.java:194)
	at com.kms.katalon.core.main.ScriptEngine.runScriptAsRawText(ScriptEngine.java:119)
	at com.kms.katalon.core.main.TestCaseExecutor.runScript(TestCaseExecutor.java:448)
	at com.kms.katalon.core.main.TestCaseExecutor.doExecute(TestCaseExecutor.java:439)
	at com.kms.katalon.core.main.TestCaseExecutor.processExecutionPhase(TestCaseExecutor.java:418)
	at com.kms.katalon.core.main.TestCaseExecutor.accessMainPhase(TestCaseExecutor.java:410)
	at com.kms.katalon.core.main.TestCaseExecutor.execute(TestCaseExecutor.java:285)
	at com.kms.katalon.core.main.TestCaseExecutor.execute(TestCaseExecutor.java:369)
	at com.kms.katalon.core.main.TestCaseExecutor.execute(TestCaseExecutor.java:369)
	at com.kms.katalon.core.main.TestCaseExecutor.execute(TestCaseExecutor.java:369)
	at com.kms.katalon.core.common.CommonExecutor.accessTestCaseMainPhase(CommonExecutor.java:65)
	at com.kms.katalon.core.main.TestSuiteExecutor.accessTestSuiteMainPhase(TestSuiteExecutor.java:148)
	at com.kms.katalon.core.main.TestSuiteExecutor.execute(TestSuiteExecutor.java:106)
	at com.kms.katalon.core.main.TestCaseMain.startTestSuite(TestCaseMain.java:187)
	at com.kms.katalon.core.main.TestCaseMain$startTestSuite$0.call(Unknown Source)
	at TempTestSuite1692955851587.run(TempTestSuite1692955851587.groovy:36)
Caused by: com.kms.katalon.core.exception.StepFailedException: Actual text 'Login failed! Please ensure the username and password are valid.' and expected text 'Please fill out this field' of test object 'Object Repository/Login/Error Message' are NOT matched.
	at com.kms.katalon.core.webui.keyword.internal.WebUIKeywordMain.stepFailed(WebUIKeywordMain.groovy:64)
	at com.kms.katalon.core.webui.keyword.builtin.VerifyElementTextKeyword$_verifyElementText_closure1.doCall(VerifyElementTextKeyword.groovy:57)
	at com.kms.katalon.core.webui.keyword.builtin.VerifyElementTextKeyword$_verifyElementText_closure1.call(VerifyElementTextKeyword.groovy)
	at com.kms.katalon.core.webui.keyword.internal.WebUIKeywordMain.runKeyword(WebUIKeywordMain.groovy:20)
	... 22 more]]></system-err>
      </testcase>
      <testcase name="Test Cases/Login/Test Case 1.4" time="14.597" classname="Test Cases/Login/Test Case 1.4" status="FAILED">
         <failure type="FAILED" message="Test Cases/Login/Test Case 1.4 FAILED.
Reason:
com.kms.katalon.core.exception.StepFailedException: Verify element text of test object 'Object Repository/Login/Error Message' FAILED.
	at com.kms.katalon.core.webui.keyword.internal.WebUIKeywordMain.stepFailed(WebUIKeywordMain.groovy:64)
	at com.kms.katalon.core.webui.keyword.internal.WebUIKeywordMain.runKeyword(WebUIKeywordMain.groovy:26)
	at com.kms.katalon.core.webui.keyword.builtin.VerifyElementTextKeyword.verifyElementText(VerifyElementTextKeyword.groovy:72)
	at com.kms.katalon.core.webui.keyword.builtin.VerifyElementTextKeyword.execute(VerifyElementTextKeyword.groovy:40)
	at com.kms.katalon.core.keyword.internal.KeywordExecutor.executeKeywordForPlatform(KeywordExecutor.groovy:74)
	at com.kms.katalon.core.webui.keyword.WebUiBuiltInKeywords.verifyElementText(WebUiBuiltInKeywords.groovy:4749)
	at com.kms.katalon.core.webui.keyword.WebUiBuiltInKeywords$verifyElementText$5.call(Unknown Source)
	at Test Case 1.4.run(Test Case 1.4:34)
	at com.kms.katalon.core.main.ScriptEngine.run(ScriptEngine.java:194)
	at com.kms.katalon.core.main.ScriptEngine.runScriptAsRawText(ScriptEngine.java:119)
	at com.kms.katalon.core.main.TestCaseExecutor.runScript(TestCaseExecutor.java:448)
	at com.kms.katalon.core.main.TestCaseExecutor.doExecute(TestCaseExecutor.java:439)
	at com.kms.katalon.core.main.TestCaseExecutor.processExecutionPhase(TestCaseExecutor.java:418)
	at com.kms.katalon.core.main.TestCaseExecutor.accessMainPhase(TestCaseExecutor.java:410)
	at com.kms.katalon.core.main.TestCaseExecutor.execute(TestCaseExecutor.java:285)
	at com.kms.katalon.core.main.TestCaseExecutor.execute(TestCaseExecutor.java:369)
	at com.kms.katalon.core.main.TestCaseExecutor.execute(TestCaseExecutor.java:369)
	at com.kms.katalon.core.main.TestCaseExecutor.execute(TestCaseExecutor.java:369)
	at com.kms.katalon.core.common.CommonExecutor.accessTestCaseMainPhase(CommonExecutor.java:65)
	at com.kms.katalon.core.main.TestSuiteExecutor.accessTestSuiteMainPhase(TestSuiteExecutor.java:148)
	at com.kms.katalon.core.main.TestSuiteExecutor.execute(TestSuiteExecutor.java:106)
	at com.kms.katalon.core.main.TestCaseMain.startTestSuite(TestCaseMain.java:187)
	at com.kms.katalon.core.main.TestCaseMain$startTestSuite$0.call(Unknown Source)
	at TempTestSuite1692955851587.run(TempTestSuite1692955851587.groovy:36)
Caused by: com.kms.katalon.core.exception.StepFailedException: Actual text 'Login failed! Please ensure the username and password are valid.' and expected text 'Please fill out this field' of test object 'Object Repository/Login/Error Message' are NOT matched.
	at com.kms.katalon.core.webui.keyword.internal.WebUIKeywordMain.stepFailed(WebUIKeywordMain.groovy:64)
	at com.kms.katalon.core.webui.keyword.builtin.VerifyElementTextKeyword$_verifyElementText_closure1.doCall(VerifyElementTextKeyword.groovy:57)
	at com.kms.katalon.core.webui.keyword.builtin.VerifyElementTextKeyword$_verifyElementText_closure1.call(VerifyElementTextKeyword.groovy)
	at com.kms.katalon.core.webui.keyword.internal.WebUIKeywordMain.runKeyword(WebUIKeywordMain.groovy:20)
	... 22 more
"/>
         <system-out><![CDATA[2023-08-25 16:33:14 - [TEST_CASE][FAILED] - Test Cases/Login/Test Case 1.4: Test Cases/Login/Test Case 1.4 FAILED.
Reason:
com.kms.katalon.core.exception.StepFailedException: Verify element text of test object 'Object Repository/Login/Error Message' FAILED.
	at com.kms.katalon.core.webui.keyword.internal.WebUIKeywordMain.stepFailed(WebUIKeywordMain.groovy:64)
	at com.kms.katalon.core.webui.keyword.internal.WebUIKeywordMain.runKeyword(WebUIKeywordMain.groovy:26)
	at com.kms.katalon.core.webui.keyword.builtin.VerifyElementTextKeyword.verifyElementText(VerifyElementTextKeyword.groovy:72)
	at com.kms.katalon.core.webui.keyword.builtin.VerifyElementTextKeyword.execute(VerifyElementTextKeyword.groovy:40)
	at com.kms.katalon.core.keyword.internal.KeywordExecutor.executeKeywordForPlatform(KeywordExecutor.groovy:74)
	at com.kms.katalon.core.webui.keyword.WebUiBuiltInKeywords.verifyElementText(WebUiBuiltInKeywords.groovy:4749)
	at com.kms.katalon.core.webui.keyword.WebUiBuiltInKeywords$verifyElementText$5.call(Unknown Source)
	at Test Case 1.4.run(Test Case 1.4:34)
	at com.kms.katalon.core.main.ScriptEngine.run(ScriptEngine.java:194)
	at com.kms.katalon.core.main.ScriptEngine.runScriptAsRawText(ScriptEngine.java:119)
	at com.kms.katalon.core.main.TestCaseExecutor.runScript(TestCaseExecutor.java:448)
	at com.kms.katalon.core.main.TestCaseExecutor.doExecute(TestCaseExecutor.java:439)
	at com.kms.katalon.core.main.TestCaseExecutor.processExecutionPhase(TestCaseExecutor.java:418)
	at com.kms.katalon.core.main.TestCaseExecutor.accessMainPhase(TestCaseExecutor.java:410)
	at com.kms.katalon.core.main.TestCaseExecutor.execute(TestCaseExecutor.java:285)
	at com.kms.katalon.core.main.TestCaseExecutor.execute(TestCaseExecutor.java:369)
	at com.kms.katalon.core.main.TestCaseExecutor.execute(TestCaseExecutor.java:369)
	at com.kms.katalon.core.main.TestCaseExecutor.execute(TestCaseExecutor.java:369)
	at com.kms.katalon.core.common.CommonExecutor.accessTestCaseMainPhase(CommonExecutor.java:65)
	at com.kms.katalon.core.main.TestSuiteExecutor.accessTestSuiteMainPhase(TestSuiteExecutor.java:148)
	at com.kms.katalon.core.main.TestSuiteExecutor.execute(TestSuiteExecutor.java:106)
	at com.kms.katalon.core.main.TestCaseMain.startTestSuite(TestCaseMain.java:187)
	at com.kms.katalon.core.main.TestCaseMain$startTestSuite$0.call(Unknown Source)
	at TempTestSuite1692955851587.run(TempTestSuite1692955851587.groovy:36)
Caused by: com.kms.katalon.core.exception.StepFailedException: Actual text 'Login failed! Please ensure the username and password are valid.' and expected text 'Please fill out this field' of test object 'Object Repository/Login/Error Message' are NOT matched.
	at com.kms.katalon.core.webui.keyword.internal.WebUIKeywordMain.stepFailed(WebUIKeywordMain.groovy:64)
	at com.kms.katalon.core.webui.keyword.builtin.VerifyElementTextKeyword$_verifyElementText_closure1.doCall(VerifyElementTextKeyword.groovy:57)
	at com.kms.katalon.core.webui.keyword.builtin.VerifyElementTextKeyword$_verifyElementText_closure1.call(VerifyElementTextKeyword.groovy)
	at com.kms.katalon.core.webui.keyword.internal.WebUIKeywordMain.runKeyword(WebUIKeywordMain.groovy:20)
	... 22 more


2023-08-25 16:33:14 - [TEST_STEP][PASSED] - openBrowser(WEB_URL): Browser is opened with url: 'https://katalon-demo-cura.herokuapp.com/'

2023-08-25 16:33:14 - [MESSAGE][WARNING] - A browser is already opened. Closing browser and opening a new one

2023-08-25 16:33:14 - [MESSAGE][INFO] - Starting 'Edge Chromium' driver

2023-08-25 16:33:17 - [MESSAGE][INFO] - Action delay is set to 0 milliseconds

2023-08-25 16:33:23 - [MESSAGE][PASSED] - Browser is opened with url: 'https://katalon-demo-cura.herokuapp.com/'

2023-08-25 16:33:23 - [TEST_STEP][PASSED] - verifyElementPresent(findTestObject("Login/Title Home Page"), 10): Object 'Object Repository/Login/Title Home Page' is present

2023-08-25 16:33:24 - [MESSAGE][PASSED] - Object 'Object Repository/Login/Title Home Page' is present

2023-08-25 16:33:24 - [TEST_STEP][PASSED] - click(findTestObject("Login/Menu Burger")): Object: 'Object Repository/Login/Menu Burger' is clicked on

2023-08-25 16:33:24 - [MESSAGE][PASSED] - Object: 'Object Repository/Login/Menu Burger' is clicked on

2023-08-25 16:33:24 - [TEST_STEP][PASSED] - click(findTestObject("Login/Menu Login")): Object: 'Object Repository/Login/Menu Login' is clicked on

2023-08-25 16:33:26 - [MESSAGE][PASSED] - Object: 'Object Repository/Login/Menu Login' is clicked on

2023-08-25 16:33:26 - [TEST_STEP][PASSED] - verifyElementPresent(findTestObject("Login/Title Login"), 10): Object 'Object Repository/Login/Title Login' is present

2023-08-25 16:33:26 - [MESSAGE][PASSED] - Object 'Object Repository/Login/Title Login' is present

2023-08-25 16:33:26 - [TEST_STEP][PASSED] - setEncryptedText(findTestObject("Login/input_Password"), password): Text ****** has been set on object 'Object Repository/Login/input_Password'

2023-08-25 16:33:26 - [MESSAGE][PASSED] - Text ****** has been set on object 'Object Repository/Login/input_Password'

2023-08-25 16:33:26 - [TEST_STEP][PASSED] - click(findTestObject("Login/button_Login")): Object: 'Object Repository/Login/button_Login' is clicked on

2023-08-25 16:33:27 - [MESSAGE][PASSED] - Object: 'Object Repository/Login/button_Login' is clicked on

2023-08-25 16:33:27 - [TEST_STEP][FAILED] - verifyElementText(findTestObject("Login/Error Message"), "Please fill out this field"): Verify element text of test object 'Object Repository/Login/Error Message' FAILED. (Root cause: com.kms.katalon.core.exception.StepFailedException: Verify element text of test object 'Object Repository/Login/Error Message' FAILED.
	at com.kms.katalon.core.webui.keyword.internal.WebUIKeywordMain.stepFailed(WebUIKeywordMain.groovy:64)
	at com.kms.katalon.core.webui.keyword.internal.WebUIKeywordMain.runKeyword(WebUIKeywordMain.groovy:26)
	at com.kms.katalon.core.webui.keyword.builtin.VerifyElementTextKeyword.verifyElementText(VerifyElementTextKeyword.groovy:72)
	at com.kms.katalon.core.webui.keyword.builtin.VerifyElementTextKeyword.execute(VerifyElementTextKeyword.groovy:40)
	at com.kms.katalon.core.keyword.internal.KeywordExecutor.executeKeywordForPlatform(KeywordExecutor.groovy:74)
	at com.kms.katalon.core.webui.keyword.WebUiBuiltInKeywords.verifyElementText(WebUiBuiltInKeywords.groovy:4749)
	at com.kms.katalon.core.webui.keyword.WebUiBuiltInKeywords$verifyElementText$5.call(Unknown Source)
	at Test Case 1.4.run(Test Case 1.4:34)
	at com.kms.katalon.core.main.ScriptEngine.run(ScriptEngine.java:194)
	at com.kms.katalon.core.main.ScriptEngine.runScriptAsRawText(ScriptEngine.java:119)
	at com.kms.katalon.core.main.TestCaseExecutor.runScript(TestCaseExecutor.java:448)
	at com.kms.katalon.core.main.TestCaseExecutor.doExecute(TestCaseExecutor.java:439)
	at com.kms.katalon.core.main.TestCaseExecutor.processExecutionPhase(TestCaseExecutor.java:418)
	at com.kms.katalon.core.main.TestCaseExecutor.accessMainPhase(TestCaseExecutor.java:410)
	at com.kms.katalon.core.main.TestCaseExecutor.execute(TestCaseExecutor.java:285)
	at com.kms.katalon.core.main.TestCaseExecutor.execute(TestCaseExecutor.java:369)
	at com.kms.katalon.core.main.TestCaseExecutor.execute(TestCaseExecutor.java:369)
	at com.kms.katalon.core.main.TestCaseExecutor.execute(TestCaseExecutor.java:369)
	at com.kms.katalon.core.common.CommonExecutor.accessTestCaseMainPhase(CommonExecutor.java:65)
	at com.kms.katalon.core.main.TestSuiteExecutor.accessTestSuiteMainPhase(TestSuiteExecutor.java:148)
	at com.kms.katalon.core.main.TestSuiteExecutor.execute(TestSuiteExecutor.java:106)
	at com.kms.katalon.core.main.TestCaseMain.startTestSuite(TestCaseMain.java:187)
	at com.kms.katalon.core.main.TestCaseMain$startTestSuite$0.call(Unknown Source)
	at TempTestSuite1692955851587.run(TempTestSuite1692955851587.groovy:36)
Caused by: com.kms.katalon.core.exception.StepFailedException: Actual text 'Login failed! Please ensure the username and password are valid.' and expected text 'Please fill out this field' of test object 'Object Repository/Login/Error Message' are NOT matched.
	at com.kms.katalon.core.webui.keyword.internal.WebUIKeywordMain.stepFailed(WebUIKeywordMain.groovy:64)
	at com.kms.katalon.core.webui.keyword.builtin.VerifyElementTextKeyword$_verifyElementText_closure1.doCall(VerifyElementTextKeyword.groovy:57)
	at com.kms.katalon.core.webui.keyword.builtin.VerifyElementTextKeyword$_verifyElementText_closure1.call(VerifyElementTextKeyword.groovy)
	at com.kms.katalon.core.webui.keyword.internal.WebUIKeywordMain.runKeyword(WebUIKeywordMain.groovy:20)
	... 22 more
)

2023-08-25 16:33:28 - [MESSAGE][FAILED] - Actual text 'Login failed! Please ensure the username and password are valid.' and expected text 'Please fill out this field' of test object 'Object Repository/Login/Error Message' are NOT matched. (Root cause: com.kms.katalon.core.exception.StepFailedException: Actual text 'Login failed! Please ensure the username and password are valid.' and expected text 'Please fill out this field' of test object 'Object Repository/Login/Error Message' are NOT matched.
	at com.kms.katalon.core.webui.keyword.internal.WebUIKeywordMain.stepFailed(WebUIKeywordMain.groovy:64)
	at com.kms.katalon.core.webui.keyword.builtin.VerifyElementTextKeyword$_verifyElementText_closure1.doCall(VerifyElementTextKeyword.groovy:57)
	at com.kms.katalon.core.webui.keyword.builtin.VerifyElementTextKeyword$_verifyElementText_closure1.call(VerifyElementTextKeyword.groovy)
	at com.kms.katalon.core.webui.keyword.internal.WebUIKeywordMain.runKeyword(WebUIKeywordMain.groovy:20)
	at com.kms.katalon.core.webui.keyword.builtin.VerifyElementTextKeyword.verifyElementText(VerifyElementTextKeyword.groovy:72)
	at com.kms.katalon.core.webui.keyword.builtin.VerifyElementTextKeyword.execute(VerifyElementTextKeyword.groovy:40)
	at com.kms.katalon.core.keyword.internal.KeywordExecutor.executeKeywordForPlatform(KeywordExecutor.groovy:74)
	at com.kms.katalon.core.webui.keyword.WebUiBuiltInKeywords.verifyElementText(WebUiBuiltInKeywords.groovy:4749)
	at com.kms.katalon.core.webui.keyword.WebUiBuiltInKeywords$verifyElementText$5.call(Unknown Source)
	at Test Case 1.4.run(Test Case 1.4:34)
	at com.kms.katalon.core.main.ScriptEngine.run(ScriptEngine.java:194)
	at com.kms.katalon.core.main.ScriptEngine.runScriptAsRawText(ScriptEngine.java:119)
	at com.kms.katalon.core.main.TestCaseExecutor.runScript(TestCaseExecutor.java:448)
	at com.kms.katalon.core.main.TestCaseExecutor.doExecute(TestCaseExecutor.java:439)
	at com.kms.katalon.core.main.TestCaseExecutor.processExecutionPhase(TestCaseExecutor.java:418)
	at com.kms.katalon.core.main.TestCaseExecutor.accessMainPhase(TestCaseExecutor.java:410)
	at com.kms.katalon.core.main.TestCaseExecutor.execute(TestCaseExecutor.java:285)
	at com.kms.katalon.core.main.TestCaseExecutor.execute(TestCaseExecutor.java:369)
	at com.kms.katalon.core.main.TestCaseExecutor.execute(TestCaseExecutor.java:369)
	at com.kms.katalon.core.main.TestCaseExecutor.execute(TestCaseExecutor.java:369)
	at com.kms.katalon.core.common.CommonExecutor.accessTestCaseMainPhase(CommonExecutor.java:65)
	at com.kms.katalon.core.main.TestSuiteExecutor.accessTestSuiteMainPhase(TestSuiteExecutor.java:148)
	at com.kms.katalon.core.main.TestSuiteExecutor.execute(TestSuiteExecutor.java:106)
	at com.kms.katalon.core.main.TestCaseMain.startTestSuite(TestCaseMain.java:187)
	at com.kms.katalon.core.main.TestCaseMain$startTestSuite$0.call(Unknown Source)
	at TempTestSuite1692955851587.run(TempTestSuite1692955851587.groovy:36)
)
[[ATTACHMENT|D:\\XSIS MITRA UTAMA\\batch-324-qa\\Danty\\Cura Heroku App\\Reports\\20230825_163051\\Test Suite CURA Heroku App\\20230825_163051\\1692956008448.png]]

2023-08-25 16:33:28 - [MESSAGE][FAILED] - Verify element text of test object 'Object Repository/Login/Error Message' FAILED. (Root cause: com.kms.katalon.core.exception.StepFailedException: Verify element text of test object 'Object Repository/Login/Error Message' FAILED.
	at com.kms.katalon.core.webui.keyword.internal.WebUIKeywordMain.stepFailed(WebUIKeywordMain.groovy:64)
	at com.kms.katalon.core.webui.keyword.internal.WebUIKeywordMain.runKeyword(WebUIKeywordMain.groovy:26)
	at com.kms.katalon.core.webui.keyword.builtin.VerifyElementTextKeyword.verifyElementText(VerifyElementTextKeyword.groovy:72)
	at com.kms.katalon.core.webui.keyword.builtin.VerifyElementTextKeyword.execute(VerifyElementTextKeyword.groovy:40)
	at com.kms.katalon.core.keyword.internal.KeywordExecutor.executeKeywordForPlatform(KeywordExecutor.groovy:74)
	at com.kms.katalon.core.webui.keyword.WebUiBuiltInKeywords.verifyElementText(WebUiBuiltInKeywords.groovy:4749)
	at com.kms.katalon.core.webui.keyword.WebUiBuiltInKeywords$verifyElementText$5.call(Unknown Source)
	at Test Case 1.4.run(Test Case 1.4:34)
	at com.kms.katalon.core.main.ScriptEngine.run(ScriptEngine.java:194)
	at com.kms.katalon.core.main.ScriptEngine.runScriptAsRawText(ScriptEngine.java:119)
	at com.kms.katalon.core.main.TestCaseExecutor.runScript(TestCaseExecutor.java:448)
	at com.kms.katalon.core.main.TestCaseExecutor.doExecute(TestCaseExecutor.java:439)
	at com.kms.katalon.core.main.TestCaseExecutor.processExecutionPhase(TestCaseExecutor.java:418)
	at com.kms.katalon.core.main.TestCaseExecutor.accessMainPhase(TestCaseExecutor.java:410)
	at com.kms.katalon.core.main.TestCaseExecutor.execute(TestCaseExecutor.java:285)
	at com.kms.katalon.core.main.TestCaseExecutor.execute(TestCaseExecutor.java:369)
	at com.kms.katalon.core.main.TestCaseExecutor.execute(TestCaseExecutor.java:369)
	at com.kms.katalon.core.main.TestCaseExecutor.execute(TestCaseExecutor.java:369)
	at com.kms.katalon.core.common.CommonExecutor.accessTestCaseMainPhase(CommonExecutor.java:65)
	at com.kms.katalon.core.main.TestSuiteExecutor.accessTestSuiteMainPhase(TestSuiteExecutor.java:148)
	at com.kms.katalon.core.main.TestSuiteExecutor.execute(TestSuiteExecutor.java:106)
	at com.kms.katalon.core.main.TestCaseMain.startTestSuite(TestCaseMain.java:187)
	at com.kms.katalon.core.main.TestCaseMain$startTestSuite$0.call(Unknown Source)
	at TempTestSuite1692955851587.run(TempTestSuite1692955851587.groovy:36)
Caused by: com.kms.katalon.core.exception.StepFailedException: Actual text 'Login failed! Please ensure the username and password are valid.' and expected text 'Please fill out this field' of test object 'Object Repository/Login/Error Message' are NOT matched.
	at com.kms.katalon.core.webui.keyword.internal.WebUIKeywordMain.stepFailed(WebUIKeywordMain.groovy:64)
	at com.kms.katalon.core.webui.keyword.builtin.VerifyElementTextKeyword$_verifyElementText_closure1.doCall(VerifyElementTextKeyword.groovy:57)
	at com.kms.katalon.core.webui.keyword.builtin.VerifyElementTextKeyword$_verifyElementText_closure1.call(VerifyElementTextKeyword.groovy)
	at com.kms.katalon.core.webui.keyword.internal.WebUIKeywordMain.runKeyword(WebUIKeywordMain.groovy:20)
	... 22 more
)
[[ATTACHMENT|D:\\XSIS MITRA UTAMA\\batch-324-qa\\Danty\\Cura Heroku App\\Reports\\20230825_163051\\Test Suite CURA Heroku App\\20230825_163051\\1692956008544.png]]]]></system-out>
         <system-err><![CDATA[2023-08-25 16:33:14 - [TEST_CASE][FAILED] - Test Cases/Login/Test Case 1.4: Test Cases/Login/Test Case 1.4 FAILED.
Reason:
com.kms.katalon.core.exception.StepFailedException: Verify element text of test object 'Object Repository/Login/Error Message' FAILED.
	at com.kms.katalon.core.webui.keyword.internal.WebUIKeywordMain.stepFailed(WebUIKeywordMain.groovy:64)
	at com.kms.katalon.core.webui.keyword.internal.WebUIKeywordMain.runKeyword(WebUIKeywordMain.groovy:26)
	at com.kms.katalon.core.webui.keyword.builtin.VerifyElementTextKeyword.verifyElementText(VerifyElementTextKeyword.groovy:72)
	at com.kms.katalon.core.webui.keyword.builtin.VerifyElementTextKeyword.execute(VerifyElementTextKeyword.groovy:40)
	at com.kms.katalon.core.keyword.internal.KeywordExecutor.executeKeywordForPlatform(KeywordExecutor.groovy:74)
	at com.kms.katalon.core.webui.keyword.WebUiBuiltInKeywords.verifyElementText(WebUiBuiltInKeywords.groovy:4749)
	at com.kms.katalon.core.webui.keyword.WebUiBuiltInKeywords$verifyElementText$5.call(Unknown Source)
	at Test Case 1.4.run(Test Case 1.4:34)
	at com.kms.katalon.core.main.ScriptEngine.run(ScriptEngine.java:194)
	at com.kms.katalon.core.main.ScriptEngine.runScriptAsRawText(ScriptEngine.java:119)
	at com.kms.katalon.core.main.TestCaseExecutor.runScript(TestCaseExecutor.java:448)
	at com.kms.katalon.core.main.TestCaseExecutor.doExecute(TestCaseExecutor.java:439)
	at com.kms.katalon.core.main.TestCaseExecutor.processExecutionPhase(TestCaseExecutor.java:418)
	at com.kms.katalon.core.main.TestCaseExecutor.accessMainPhase(TestCaseExecutor.java:410)
	at com.kms.katalon.core.main.TestCaseExecutor.execute(TestCaseExecutor.java:285)
	at com.kms.katalon.core.main.TestCaseExecutor.execute(TestCaseExecutor.java:369)
	at com.kms.katalon.core.main.TestCaseExecutor.execute(TestCaseExecutor.java:369)
	at com.kms.katalon.core.main.TestCaseExecutor.execute(TestCaseExecutor.java:369)
	at com.kms.katalon.core.common.CommonExecutor.accessTestCaseMainPhase(CommonExecutor.java:65)
	at com.kms.katalon.core.main.TestSuiteExecutor.accessTestSuiteMainPhase(TestSuiteExecutor.java:148)
	at com.kms.katalon.core.main.TestSuiteExecutor.execute(TestSuiteExecutor.java:106)
	at com.kms.katalon.core.main.TestCaseMain.startTestSuite(TestCaseMain.java:187)
	at com.kms.katalon.core.main.TestCaseMain$startTestSuite$0.call(Unknown Source)
	at TempTestSuite1692955851587.run(TempTestSuite1692955851587.groovy:36)
Caused by: com.kms.katalon.core.exception.StepFailedException: Actual text 'Login failed! Please ensure the username and password are valid.' and expected text 'Please fill out this field' of test object 'Object Repository/Login/Error Message' are NOT matched.
	at com.kms.katalon.core.webui.keyword.internal.WebUIKeywordMain.stepFailed(WebUIKeywordMain.groovy:64)
	at com.kms.katalon.core.webui.keyword.builtin.VerifyElementTextKeyword$_verifyElementText_closure1.doCall(VerifyElementTextKeyword.groovy:57)
	at com.kms.katalon.core.webui.keyword.builtin.VerifyElementTextKeyword$_verifyElementText_closure1.call(VerifyElementTextKeyword.groovy)
	at com.kms.katalon.core.webui.keyword.internal.WebUIKeywordMain.runKeyword(WebUIKeywordMain.groovy:20)
	... 22 more]]></system-err>
      </testcase>
      <testcase name="Test Cases/Login/Test Case 1.5" time="13.323" classname="Test Cases/Login/Test Case 1.5" status="PASSED">
         <system-out><![CDATA[2023-08-25 16:33:28 - [TEST_CASE][PASSED] - Test Cases/Login/Test Case 1.5: Test Cases/Login/Test Case 1.5

2023-08-25 16:33:29 - [TEST_STEP][PASSED] - openBrowser(WEB_URL): Browser is opened with url: 'https://katalon-demo-cura.herokuapp.com/'

2023-08-25 16:33:29 - [MESSAGE][WARNING] - A browser is already opened. Closing browser and opening a new one

2023-08-25 16:33:30 - [MESSAGE][INFO] - Starting 'Edge Chromium' driver

2023-08-25 16:33:31 - [MESSAGE][INFO] - Action delay is set to 0 milliseconds

2023-08-25 16:33:37 - [MESSAGE][PASSED] - Browser is opened with url: 'https://katalon-demo-cura.herokuapp.com/'

2023-08-25 16:33:37 - [TEST_STEP][PASSED] - verifyElementPresent(findTestObject("Login/Title Home Page"), 10): Object 'Object Repository/Login/Title Home Page' is present

2023-08-25 16:33:37 - [MESSAGE][PASSED] - Object 'Object Repository/Login/Title Home Page' is present

2023-08-25 16:33:37 - [TEST_STEP][PASSED] - click(findTestObject("Login/Menu Burger")): Object: 'Object Repository/Login/Menu Burger' is clicked on

2023-08-25 16:33:38 - [MESSAGE][PASSED] - Object: 'Object Repository/Login/Menu Burger' is clicked on

2023-08-25 16:33:38 - [TEST_STEP][PASSED] - click(findTestObject("Login/Menu Login")): Object: 'Object Repository/Login/Menu Login' is clicked on

2023-08-25 16:33:39 - [MESSAGE][PASSED] - Object: 'Object Repository/Login/Menu Login' is clicked on

2023-08-25 16:33:39 - [TEST_STEP][PASSED] - verifyElementPresent(findTestObject("Login/Title Login"), 10): Object 'Object Repository/Login/Title Login' is present

2023-08-25 16:33:39 - [MESSAGE][PASSED] - Object 'Object Repository/Login/Title Login' is present

2023-08-25 16:33:39 - [TEST_STEP][PASSED] - setText(findTestObject("Login/input_Username"), username): Text 'John Doe' is set on object 'Object Repository/Login/input_Username'

2023-08-25 16:33:40 - [MESSAGE][PASSED] - Text 'John Doe' is set on object 'Object Repository/Login/input_Username'

2023-08-25 16:33:40 - [TEST_STEP][PASSED] - setEncryptedText(findTestObject("Login/input_Password"), password): Text ****** has been set on object 'Object Repository/Login/input_Password'

2023-08-25 16:33:40 - [MESSAGE][PASSED] - Text ****** has been set on object 'Object Repository/Login/input_Password'

2023-08-25 16:33:40 - [TEST_STEP][PASSED] - click(findTestObject("Login/button_Login")): Object: 'Object Repository/Login/button_Login' is clicked on

2023-08-25 16:33:41 - [MESSAGE][PASSED] - Object: 'Object Repository/Login/button_Login' is clicked on

2023-08-25 16:33:41 - [TEST_STEP][PASSED] - verifyElementText(findTestObject("Login/Error Message"), "Login failed! Please ensure the username and password are valid."): Actual text and expected text of test object 'Object Repository/Login/Error Message' are matched.

2023-08-25 16:33:41 - [MESSAGE][PASSED] - Actual text and expected text of test object 'Object Repository/Login/Error Message' are matched.]]></system-out>
         <system-err><![CDATA[]]></system-err>
      </testcase>
      <testcase name="Test Cases/Login/Test Case 1.6" time="15.136" classname="Test Cases/Login/Test Case 1.6" status="PASSED">
         <system-out><![CDATA[2023-08-25 16:33:41 - [TEST_CASE][PASSED] - Test Cases/Login/Test Case 1.6: Test Cases/Login/Test Case 1.6

2023-08-25 16:33:42 - [TEST_STEP][PASSED] - openBrowser(WEB_URL): Browser is opened with url: 'https://katalon-demo-cura.herokuapp.com/'

2023-08-25 16:33:42 - [MESSAGE][WARNING] - A browser is already opened. Closing browser and opening a new one

2023-08-25 16:33:42 - [MESSAGE][INFO] - Starting 'Edge Chromium' driver

2023-08-25 16:33:45 - [MESSAGE][INFO] - Action delay is set to 0 milliseconds

2023-08-25 16:33:50 - [MESSAGE][PASSED] - Browser is opened with url: 'https://katalon-demo-cura.herokuapp.com/'

2023-08-25 16:33:50 - [TEST_STEP][PASSED] - verifyElementPresent(findTestObject("Login/Title Home Page"), 10): Object 'Object Repository/Login/Title Home Page' is present

2023-08-25 16:33:50 - [MESSAGE][PASSED] - Object 'Object Repository/Login/Title Home Page' is present

2023-08-25 16:33:50 - [TEST_STEP][PASSED] - click(findTestObject("Login/Menu Burger")): Object: 'Object Repository/Login/Menu Burger' is clicked on

2023-08-25 16:33:50 - [MESSAGE][PASSED] - Object: 'Object Repository/Login/Menu Burger' is clicked on

2023-08-25 16:33:50 - [TEST_STEP][PASSED] - click(findTestObject("Login/Menu Login")): Object: 'Object Repository/Login/Menu Login' is clicked on

2023-08-25 16:33:54 - [MESSAGE][PASSED] - Object: 'Object Repository/Login/Menu Login' is clicked on

2023-08-25 16:33:54 - [TEST_STEP][PASSED] - verifyElementPresent(findTestObject("Login/Title Login"), 10): Object 'Object Repository/Login/Title Login' is present

2023-08-25 16:33:54 - [MESSAGE][PASSED] - Object 'Object Repository/Login/Title Login' is present

2023-08-25 16:33:54 - [TEST_STEP][PASSED] - setText(findTestObject("Login/input_Username"), username): Text 'Danty' is set on object 'Object Repository/Login/input_Username'

2023-08-25 16:33:55 - [MESSAGE][PASSED] - Text 'Danty' is set on object 'Object Repository/Login/input_Username'

2023-08-25 16:33:55 - [TEST_STEP][PASSED] - setEncryptedText(findTestObject("Login/input_Password"), password): Text ****** has been set on object 'Object Repository/Login/input_Password'

2023-08-25 16:33:55 - [MESSAGE][PASSED] - Text ****** has been set on object 'Object Repository/Login/input_Password'

2023-08-25 16:33:55 - [TEST_STEP][PASSED] - click(findTestObject("Login/button_Login")): Object: 'Object Repository/Login/button_Login' is clicked on

2023-08-25 16:33:56 - [MESSAGE][PASSED] - Object: 'Object Repository/Login/button_Login' is clicked on

2023-08-25 16:33:56 - [TEST_STEP][PASSED] - verifyElementText(findTestObject("Login/Error Message"), "Login failed! Please ensure the username and password are valid."): Actual text and expected text of test object 'Object Repository/Login/Error Message' are matched.

2023-08-25 16:33:57 - [MESSAGE][PASSED] - Actual text and expected text of test object 'Object Repository/Login/Error Message' are matched.]]></system-out>
         <system-err><![CDATA[]]></system-err>
      </testcase>
      <testcase name="Test Cases/Appointment/Test Case 2.1 (Versi Dinamis)" time="21.617" classname="Test Cases/Appointment/Test Case 2.1 (Versi Dinamis)" status="PASSED">
         <system-out><![CDATA[2023-08-25 16:33:57 - [TEST_CASE][PASSED] - Test Cases/Appointment/Test Case 2.1 (Versi Dinamis): Test Cases/Appointment/Test Case 2.1 (Versi Dinamis)

2023-08-25 16:33:57 - [TEST_STEP][PASSED] - callTestCase(findTestCase("Login/Test Case 1.1 (Manual)"), ["Username":username, "Password":password], STOP_ON_FAILURE): Call Test Case 'Test Cases/Login/Test Case 1.1 (Manual)' successfully

2023-08-25 16:33:58 - [TEST_CASE][PASSED] - Test Cases/Login/Test Case 1.1 (Manual): Test Cases/Login/Test Case 1.1 (Manual)

2023-08-25 16:33:58 - [TEST_STEP][PASSED] - openBrowser(WEB_URL): Browser is opened with url: 'https://katalon-demo-cura.herokuapp.com/'

2023-08-25 16:33:58 - [MESSAGE][WARNING] - A browser is already opened. Closing browser and opening a new one

2023-08-25 16:33:58 - [MESSAGE][INFO] - Starting 'Edge Chromium' driver

2023-08-25 16:34:01 - [MESSAGE][INFO] - Action delay is set to 0 milliseconds

2023-08-25 16:34:06 - [MESSAGE][PASSED] - Browser is opened with url: 'https://katalon-demo-cura.herokuapp.com/'

2023-08-25 16:34:06 - [TEST_STEP][PASSED] - verifyElementPresent(findTestObject("Login/Title Home Page"), 10): Object 'Object Repository/Login/Title Home Page' is present

2023-08-25 16:34:06 - [MESSAGE][PASSED] - Object 'Object Repository/Login/Title Home Page' is present

2023-08-25 16:34:06 - [TEST_STEP][PASSED] - click(findTestObject("Login/Menu Burger")): Object: 'Object Repository/Login/Menu Burger' is clicked on

2023-08-25 16:34:07 - [MESSAGE][PASSED] - Object: 'Object Repository/Login/Menu Burger' is clicked on

2023-08-25 16:34:07 - [TEST_STEP][PASSED] - click(findTestObject("Login/Menu Login")): Object: 'Object Repository/Login/Menu Login' is clicked on

2023-08-25 16:34:08 - [MESSAGE][PASSED] - Object: 'Object Repository/Login/Menu Login' is clicked on

2023-08-25 16:34:08 - [TEST_STEP][PASSED] - verifyElementPresent(findTestObject("Login/Title Login"), 10): Object 'Object Repository/Login/Title Login' is present

2023-08-25 16:34:09 - [MESSAGE][PASSED] - Object 'Object Repository/Login/Title Login' is present

2023-08-25 16:34:09 - [TEST_STEP][PASSED] - setText(findTestObject("Login/input_Username"), Username): Text 'John Doe' is set on object 'Object Repository/Login/input_Username'

2023-08-25 16:34:10 - [MESSAGE][PASSED] - Text 'John Doe' is set on object 'Object Repository/Login/input_Username'

2023-08-25 16:34:10 - [TEST_STEP][PASSED] - setEncryptedText(findTestObject("Login/input_Password"), Password): Text ****** has been set on object 'Object Repository/Login/input_Password'

2023-08-25 16:34:10 - [MESSAGE][PASSED] - Text ****** has been set on object 'Object Repository/Login/input_Password'

2023-08-25 16:34:10 - [TEST_STEP][PASSED] - click(findTestObject("Login/button_Login")): Object: 'Object Repository/Login/button_Login' is clicked on

2023-08-25 16:34:11 - [MESSAGE][PASSED] - Object: 'Object Repository/Login/button_Login' is clicked on

2023-08-25 16:34:11 - [TEST_STEP][PASSED] - verifyElementPresent(findTestObject("Login/Title_Make Appointment"), 10): Object 'Object Repository/Login/Title_Make Appointment' is present

2023-08-25 16:34:12 - [MESSAGE][PASSED] - Object 'Object Repository/Login/Title_Make Appointment' is present

2023-08-25 16:34:12 - [MESSAGE][PASSED] - Call Test Case 'Test Cases/Login/Test Case 1.1 (Manual)' successfully

2023-08-25 16:34:12 - [TEST_STEP][PASSED] - selectOptionByValue(findTestObject("Make Appointment/select dropdown"), facility, false): All options with value 'Tokyo CURA Healthcare Center' are selected in object 'Object Repository/Make Appointment/select dropdown' 

2023-08-25 16:34:12 - [MESSAGE][PASSED] - All options with value 'Tokyo CURA Healthcare Center' are selected in object 'Object Repository/Make Appointment/select dropdown' 

2023-08-25 16:34:12 - [TEST_STEP][PASSED] - if (toString().equalsIgnoreCase("yes")): Object 'Object Repository/Make Appointment/Check Box Readmission' is checked

2023-08-25 16:34:12 - [TEST_STEP][PASSED] - check(findTestObject("Make Appointment/Check Box Readmission")): Object 'Object Repository/Make Appointment/Check Box Readmission' is checked

2023-08-25 16:34:13 - [MESSAGE][PASSED] - Object 'Object Repository/Make Appointment/Check Box Readmission' is checked

2023-08-25 16:34:13 - [TEST_STEP][PASSED] - if (toString().equalsIgnoreCase("medicare")): null

2023-08-25 16:34:13 - [TEST_STEP][PASSED] - else if (toString().equalsIgnoreCase("medicaid")): Object 'Object Repository/Make Appointment/input_Medicaid_programs' is checked

2023-08-25 16:34:13 - [TEST_STEP][PASSED] - check(findTestObject("Object Repository/Make Appointment/input_Medicaid_programs")): Object 'Object Repository/Make Appointment/input_Medicaid_programs' is checked

2023-08-25 16:34:13 - [MESSAGE][PASSED] - Object 'Object Repository/Make Appointment/input_Medicaid_programs' is checked

2023-08-25 16:34:13 - [TEST_STEP][PASSED] - setText(findTestObject("Make Appointment/input_Visit Date"), visit_date): Text '23/08/2023' is set on object 'Object Repository/Make Appointment/input_Visit Date'

2023-08-25 16:34:14 - [MESSAGE][PASSED] - Text '23/08/2023' is set on object 'Object Repository/Make Appointment/input_Visit Date'

2023-08-25 16:34:14 - [TEST_STEP][PASSED] - setText(findTestObject("Make Appointment/Comment"), comment): Text 'Nice' is set on object 'Object Repository/Make Appointment/Comment'

2023-08-25 16:34:15 - [MESSAGE][PASSED] - Text 'Nice' is set on object 'Object Repository/Make Appointment/Comment'

2023-08-25 16:34:15 - [TEST_STEP][PASSED] - click(findTestObject("Make Appointment/button_Book Appointment")): Object: 'Object Repository/Make Appointment/button_Book Appointment' is clicked on

2023-08-25 16:34:16 - [MESSAGE][PASSED] - Object: 'Object Repository/Make Appointment/button_Book Appointment' is clicked on

2023-08-25 16:34:16 - [TEST_STEP][PASSED] - verifyElementPresent(findTestObject("Make Appointment/Appointment Confirmation"), 10): Object 'Object Repository/Make Appointment/Appointment Confirmation' is present

2023-08-25 16:34:16 - [MESSAGE][PASSED] - Object 'Object Repository/Make Appointment/Appointment Confirmation' is present

2023-08-25 16:34:16 - [TEST_STEP][PASSED] - hasilFacility = getText(findTestObject("Object Repository/Make Appointment/Facility")): Text of object 'Object Repository/Make Appointment/Facility' is: 'Tokyo CURA Healthcare Center'

2023-08-25 16:34:17 - [MESSAGE][PASSED] - Text of object 'Object Repository/Make Appointment/Facility' is: 'Tokyo CURA Healthcare Center'

2023-08-25 16:34:17 - [TEST_STEP][PASSED] - hasilReadmission = getText(findTestObject("Make Appointment/Apply Readmission")): Text of object 'Object Repository/Make Appointment/Apply Readmission' is: 'Yes'

2023-08-25 16:34:17 - [MESSAGE][PASSED] - Text of object 'Object Repository/Make Appointment/Apply Readmission' is: 'Yes'

2023-08-25 16:34:17 - [TEST_STEP][PASSED] - hasilHealthPro = getText(findTestObject("Make Appointment/Program Healthcare")): Text of object 'Object Repository/Make Appointment/Program Healthcare' is: 'Medicaid'

2023-08-25 16:34:17 - [MESSAGE][PASSED] - Text of object 'Object Repository/Make Appointment/Program Healthcare' is: 'Medicaid'

2023-08-25 16:34:17 - [TEST_STEP][PASSED] - hasilVisitDate = getText(findTestObject("Make Appointment/Visit_Date")): Text of object 'Object Repository/Make Appointment/Visit_Date' is: '23/08/2023'

2023-08-25 16:34:18 - [MESSAGE][PASSED] - Text of object 'Object Repository/Make Appointment/Visit_Date' is: '23/08/2023'

2023-08-25 16:34:18 - [TEST_STEP][PASSED] - hasilComment = getText(findTestObject("Make Appointment/isi comment")): Text of object 'Object Repository/Make Appointment/isi comment' is: 'Nice'

2023-08-25 16:34:18 - [MESSAGE][PASSED] - Text of object 'Object Repository/Make Appointment/isi comment' is: 'Nice'

2023-08-25 16:34:18 - [TEST_STEP][PASSED] - assert trim().equalsIgnoreCase(facility.trim()): null

2023-08-25 16:34:18 - [TEST_STEP][PASSED] - assert trim().equalsIgnoreCase(hospital_readmission.trim()): null

2023-08-25 16:34:18 - [TEST_STEP][PASSED] - assert trim().equalsIgnoreCase(healthcare_program.trim()): null

2023-08-25 16:34:18 - [TEST_STEP][PASSED] - assert trim().equalsIgnoreCase(visit_date.trim()): null

2023-08-25 16:34:18 - [TEST_STEP][PASSED] - assert trim().equalsIgnoreCase(comment.trim()): null]]></system-out>
         <system-err><![CDATA[]]></system-err>
      </testcase>
      <testcase name="Test Cases/Appointment/Test Case 2.2" time="48.035" classname="Test Cases/Appointment/Test Case 2.2" status="FAILED">
         <failure type="FAILED" message="Test Cases/Appointment/Test Case 2.2 FAILED.
Reason:
com.kms.katalon.core.exception.StepFailedException: Unable to set text 'Good Job' of object 'Object Repository/Make Appointment/isi comment'
	at com.kms.katalon.core.webui.keyword.internal.WebUIKeywordMain.stepFailed(WebUIKeywordMain.groovy:64)
	at com.kms.katalon.core.webui.keyword.internal.WebUIKeywordMain.runKeyword(WebUIKeywordMain.groovy:26)
	at com.kms.katalon.core.webui.keyword.builtin.SetTextKeyword.setText(SetTextKeyword.groovy:66)
	at com.kms.katalon.core.webui.keyword.builtin.SetTextKeyword.execute(SetTextKeyword.groovy:37)
	at com.kms.katalon.core.keyword.internal.KeywordExecutor.executeKeywordForPlatform(KeywordExecutor.groovy:74)
	at com.kms.katalon.core.webui.keyword.WebUiBuiltInKeywords.setText(WebUiBuiltInKeywords.groovy:980)
	at com.kms.katalon.core.webui.keyword.WebUiBuiltInKeywords$setText$2.call(Unknown Source)
	at Test Case 2.2.run(Test Case 2.2:39)
	at com.kms.katalon.core.main.ScriptEngine.run(ScriptEngine.java:194)
	at com.kms.katalon.core.main.ScriptEngine.runScriptAsRawText(ScriptEngine.java:119)
	at com.kms.katalon.core.main.TestCaseExecutor.runScript(TestCaseExecutor.java:448)
	at com.kms.katalon.core.main.TestCaseExecutor.doExecute(TestCaseExecutor.java:439)
	at com.kms.katalon.core.main.TestCaseExecutor.processExecutionPhase(TestCaseExecutor.java:418)
	at com.kms.katalon.core.main.TestCaseExecutor.accessMainPhase(TestCaseExecutor.java:410)
	at com.kms.katalon.core.main.TestCaseExecutor.execute(TestCaseExecutor.java:285)
	at com.kms.katalon.core.main.TestCaseExecutor.execute(TestCaseExecutor.java:369)
	at com.kms.katalon.core.main.TestCaseExecutor.execute(TestCaseExecutor.java:369)
	at com.kms.katalon.core.main.TestCaseExecutor.execute(TestCaseExecutor.java:369)
	at com.kms.katalon.core.common.CommonExecutor.accessTestCaseMainPhase(CommonExecutor.java:65)
	at com.kms.katalon.core.main.TestSuiteExecutor.accessTestSuiteMainPhase(TestSuiteExecutor.java:148)
	at com.kms.katalon.core.main.TestSuiteExecutor.execute(TestSuiteExecutor.java:106)
	at com.kms.katalon.core.main.TestCaseMain.startTestSuite(TestCaseMain.java:187)
	at com.kms.katalon.core.main.TestCaseMain$startTestSuite$0.call(Unknown Source)
	at TempTestSuite1692955851587.run(TempTestSuite1692955851587.groovy:36)
Caused by: org.openqa.selenium.InvalidElementStateException: invalid element state
  (Session info: MicrosoftEdge=115.0.1901.203)
Build info: version: '3.141.59', revision: 'e82be7d358', time: '2018-11-14T08:25:53'
System info: host: 'LAPTOP-ILLI02GO', ip: '10.9.2.36', os.name: 'Windows 11', os.arch: 'amd64', os.version: '10.0', java.version: '1.8.0_362'
Driver info: com.kms.katalon.selenium.driver.CEdgeDriver
Capabilities {acceptInsecureCerts: false, browserName: msedge, browserVersion: 115.0.1901.203, javascriptEnabled: true, ms:edgeOptions: {debuggerAddress: localhost:58824}, msedge: {msedgedriverVersion: 115.0.1901.203 (a5a2b1779bc..., userDataDir: C:\Users\HP\AppData\Local\T...}, networkConnectionEnabled: false, pageLoadStrategy: normal, platform: WINDOWS, platformName: WINDOWS, proxy: Proxy(), setWindowRect: true, strictFileInteractability: false, timeouts: {implicit: 0, pageLoad: 300000, script: 30000}, unhandledPromptBehavior: dismiss and notify, webauthn:extension:credBlob: true, webauthn:extension:largeBlob: true, webauthn:extension:minPinLength: true, webauthn:extension:prf: true, webauthn:virtualAuthenticators: true}
Session ID: 33e7d2ebd8ef8406da7f84c0f0c05d6f
	at org.openqa.selenium.remote.http.W3CHttpResponseCodec.createException(W3CHttpResponseCodec.java:187)
	at org.openqa.selenium.remote.http.W3CHttpResponseCodec.decode(W3CHttpResponseCodec.java:122)
	at org.openqa.selenium.remote.http.W3CHttpResponseCodec.decode(W3CHttpResponseCodec.java:49)
	at org.openqa.selenium.remote.HttpCommandExecutor.execute(HttpCommandExecutor.java:158)
	at org.openqa.selenium.remote.service.DriverCommandExecutor.execute(DriverCommandExecutor.java:83)
	at org.openqa.selenium.remote.RemoteWebDriver.execute(RemoteWebDriver.java:552)
	at com.kms.katalon.selenium.driver.CEdgeDriver.execute(CEdgeDriver.java:20)
	at org.openqa.selenium.remote.RemoteWebElement.execute(RemoteWebElement.java:285)
	at org.openqa.selenium.remote.RemoteWebElement.clear(RemoteWebElement.java:124)
	at org.openqa.selenium.support.events.EventFiringWebDriver$EventFiringWebElement.lambda$new$0(EventFiringWebDriver.java:404)
	at com.sun.proxy.$Proxy11.clear(Unknown Source)
	at org.openqa.selenium.support.events.EventFiringWebDriver$EventFiringWebElement.clear(EventFiringWebDriver.java:436)
	at com.kms.katalon.core.webui.keyword.builtin.SetTextKeyword$_setText_closure1.doCall(SetTextKeyword.groovy:53)
	at com.kms.katalon.core.webui.keyword.builtin.SetTextKeyword$_setText_closure1.call(SetTextKeyword.groovy)
	at com.kms.katalon.core.webui.keyword.internal.WebUIKeywordMain.runKeyword(WebUIKeywordMain.groovy:20)
	... 22 more
"/>
         <system-out><![CDATA[2023-08-25 16:36:46 - [TEST_CASE][FAILED] - Test Cases/Appointment/Test Case 2.2: Test Cases/Appointment/Test Case 2.2 FAILED.
Reason:
com.kms.katalon.core.exception.StepFailedException: Unable to set text 'Good Job' of object 'Object Repository/Make Appointment/isi comment'
	at com.kms.katalon.core.webui.keyword.internal.WebUIKeywordMain.stepFailed(WebUIKeywordMain.groovy:64)
	at com.kms.katalon.core.webui.keyword.internal.WebUIKeywordMain.runKeyword(WebUIKeywordMain.groovy:26)
	at com.kms.katalon.core.webui.keyword.builtin.SetTextKeyword.setText(SetTextKeyword.groovy:66)
	at com.kms.katalon.core.webui.keyword.builtin.SetTextKeyword.execute(SetTextKeyword.groovy:37)
	at com.kms.katalon.core.keyword.internal.KeywordExecutor.executeKeywordForPlatform(KeywordExecutor.groovy:74)
	at com.kms.katalon.core.webui.keyword.WebUiBuiltInKeywords.setText(WebUiBuiltInKeywords.groovy:980)
	at com.kms.katalon.core.webui.keyword.WebUiBuiltInKeywords$setText$2.call(Unknown Source)
	at Test Case 2.2.run(Test Case 2.2:39)
	at com.kms.katalon.core.main.ScriptEngine.run(ScriptEngine.java:194)
	at com.kms.katalon.core.main.ScriptEngine.runScriptAsRawText(ScriptEngine.java:119)
	at com.kms.katalon.core.main.TestCaseExecutor.runScript(TestCaseExecutor.java:448)
	at com.kms.katalon.core.main.TestCaseExecutor.doExecute(TestCaseExecutor.java:439)
	at com.kms.katalon.core.main.TestCaseExecutor.processExecutionPhase(TestCaseExecutor.java:418)
	at com.kms.katalon.core.main.TestCaseExecutor.accessMainPhase(TestCaseExecutor.java:410)
	at com.kms.katalon.core.main.TestCaseExecutor.execute(TestCaseExecutor.java:285)
	at com.kms.katalon.core.main.TestCaseExecutor.execute(TestCaseExecutor.java:369)
	at com.kms.katalon.core.main.TestCaseExecutor.execute(TestCaseExecutor.java:369)
	at com.kms.katalon.core.main.TestCaseExecutor.execute(TestCaseExecutor.java:369)
	at com.kms.katalon.core.common.CommonExecutor.accessTestCaseMainPhase(CommonExecutor.java:65)
	at com.kms.katalon.core.main.TestSuiteExecutor.accessTestSuiteMainPhase(TestSuiteExecutor.java:148)
	at com.kms.katalon.core.main.TestSuiteExecutor.execute(TestSuiteExecutor.java:106)
	at com.kms.katalon.core.main.TestCaseMain.startTestSuite(TestCaseMain.java:187)
	at com.kms.katalon.core.main.TestCaseMain$startTestSuite$0.call(Unknown Source)
	at TempTestSuite1692955851587.run(TempTestSuite1692955851587.groovy:36)
Caused by: org.openqa.selenium.InvalidElementStateException: invalid element state
  (Session info: MicrosoftEdge=115.0.1901.203)
Build info: version: '3.141.59', revision: 'e82be7d358', time: '2018-11-14T08:25:53'
System info: host: 'LAPTOP-ILLI02GO', ip: '10.9.2.36', os.name: 'Windows 11', os.arch: 'amd64', os.version: '10.0', java.version: '1.8.0_362'
Driver info: com.kms.katalon.selenium.driver.CEdgeDriver
Capabilities {acceptInsecureCerts: false, browserName: msedge, browserVersion: 115.0.1901.203, javascriptEnabled: true, ms:edgeOptions: {debuggerAddress: localhost:58824}, msedge: {msedgedriverVersion: 115.0.1901.203 (a5a2b1779bc..., userDataDir: C:\Users\HP\AppData\Local\T...}, networkConnectionEnabled: false, pageLoadStrategy: normal, platform: WINDOWS, platformName: WINDOWS, proxy: Proxy(), setWindowRect: true, strictFileInteractability: false, timeouts: {implicit: 0, pageLoad: 300000, script: 30000}, unhandledPromptBehavior: dismiss and notify, webauthn:extension:credBlob: true, webauthn:extension:largeBlob: true, webauthn:extension:minPinLength: true, webauthn:extension:prf: true, webauthn:virtualAuthenticators: true}
Session ID: 33e7d2ebd8ef8406da7f84c0f0c05d6f
	at org.openqa.selenium.remote.http.W3CHttpResponseCodec.createException(W3CHttpResponseCodec.java:187)
	at org.openqa.selenium.remote.http.W3CHttpResponseCodec.decode(W3CHttpResponseCodec.java:122)
	at org.openqa.selenium.remote.http.W3CHttpResponseCodec.decode(W3CHttpResponseCodec.java:49)
	at org.openqa.selenium.remote.HttpCommandExecutor.execute(HttpCommandExecutor.java:158)
	at org.openqa.selenium.remote.service.DriverCommandExecutor.execute(DriverCommandExecutor.java:83)
	at org.openqa.selenium.remote.RemoteWebDriver.execute(RemoteWebDriver.java:552)
	at com.kms.katalon.selenium.driver.CEdgeDriver.execute(CEdgeDriver.java:20)
	at org.openqa.selenium.remote.RemoteWebElement.execute(RemoteWebElement.java:285)
	at org.openqa.selenium.remote.RemoteWebElement.clear(RemoteWebElement.java:124)
	at org.openqa.selenium.support.events.EventFiringWebDriver$EventFiringWebElement.lambda$new$0(EventFiringWebDriver.java:404)
	at com.sun.proxy.$Proxy11.clear(Unknown Source)
	at org.openqa.selenium.support.events.EventFiringWebDriver$EventFiringWebElement.clear(EventFiringWebDriver.java:436)
	at com.kms.katalon.core.webui.keyword.builtin.SetTextKeyword$_setText_closure1.doCall(SetTextKeyword.groovy:53)
	at com.kms.katalon.core.webui.keyword.builtin.SetTextKeyword$_setText_closure1.call(SetTextKeyword.groovy)
	at com.kms.katalon.core.webui.keyword.internal.WebUIKeywordMain.runKeyword(WebUIKeywordMain.groovy:20)
	... 22 more


2023-08-25 16:36:46 - [TEST_STEP][PASSED] - callTestCase(findTestCase("Login/Test Case 1.1 (Manual)"), ["Username":username, "Password":password], STOP_ON_FAILURE): Call Test Case 'Test Cases/Login/Test Case 1.1 (Manual)' successfully

2023-08-25 16:36:46 - [TEST_CASE][PASSED] - Test Cases/Login/Test Case 1.1 (Manual): Test Cases/Login/Test Case 1.1 (Manual)

2023-08-25 16:36:46 - [TEST_STEP][PASSED] - openBrowser(WEB_URL): Browser is opened with url: 'https://katalon-demo-cura.herokuapp.com/'

2023-08-25 16:36:46 - [MESSAGE][WARNING] - A browser is already opened. Closing browser and opening a new one

2023-08-25 16:36:47 - [MESSAGE][INFO] - Starting 'Edge Chromium' driver

2023-08-25 16:36:49 - [MESSAGE][INFO] - Action delay is set to 0 milliseconds

2023-08-25 16:36:54 - [MESSAGE][PASSED] - Browser is opened with url: 'https://katalon-demo-cura.herokuapp.com/'

2023-08-25 16:36:54 - [TEST_STEP][PASSED] - verifyElementPresent(findTestObject("Login/Title Home Page"), 10): Object 'Object Repository/Login/Title Home Page' is present

2023-08-25 16:36:54 - [MESSAGE][PASSED] - Object 'Object Repository/Login/Title Home Page' is present

2023-08-25 16:36:54 - [TEST_STEP][PASSED] - click(findTestObject("Login/Menu Burger")): Object: 'Object Repository/Login/Menu Burger' is clicked on

2023-08-25 16:36:55 - [MESSAGE][PASSED] - Object: 'Object Repository/Login/Menu Burger' is clicked on

2023-08-25 16:36:55 - [TEST_STEP][PASSED] - click(findTestObject("Login/Menu Login")): Object: 'Object Repository/Login/Menu Login' is clicked on

2023-08-25 16:36:56 - [MESSAGE][PASSED] - Object: 'Object Repository/Login/Menu Login' is clicked on

2023-08-25 16:36:56 - [TEST_STEP][PASSED] - verifyElementPresent(findTestObject("Login/Title Login"), 10): Object 'Object Repository/Login/Title Login' is present

2023-08-25 16:36:56 - [MESSAGE][PASSED] - Object 'Object Repository/Login/Title Login' is present

2023-08-25 16:36:56 - [TEST_STEP][PASSED] - setText(findTestObject("Login/input_Username"), Username): Text 'John Doe' is set on object 'Object Repository/Login/input_Username'

2023-08-25 16:36:57 - [MESSAGE][PASSED] - Text 'John Doe' is set on object 'Object Repository/Login/input_Username'

2023-08-25 16:36:57 - [TEST_STEP][PASSED] - setEncryptedText(findTestObject("Login/input_Password"), Password): Text ****** has been set on object 'Object Repository/Login/input_Password'

2023-08-25 16:36:58 - [MESSAGE][PASSED] - Text ****** has been set on object 'Object Repository/Login/input_Password'

2023-08-25 16:36:58 - [TEST_STEP][PASSED] - click(findTestObject("Login/button_Login")): Object: 'Object Repository/Login/button_Login' is clicked on

2023-08-25 16:36:59 - [MESSAGE][PASSED] - Object: 'Object Repository/Login/button_Login' is clicked on

2023-08-25 16:36:59 - [TEST_STEP][PASSED] - verifyElementPresent(findTestObject("Login/Title_Make Appointment"), 10): Object 'Object Repository/Login/Title_Make Appointment' is present

2023-08-25 16:36:59 - [MESSAGE][PASSED] - Object 'Object Repository/Login/Title_Make Appointment' is present

2023-08-25 16:36:59 - [MESSAGE][PASSED] - Call Test Case 'Test Cases/Login/Test Case 1.1 (Manual)' successfully

2023-08-25 16:36:59 - [TEST_STEP][PASSED] - selectOptionByValue(findTestObject("Object Repository/Make Appointment/select dropdown"), facility, false): All options with value 'Seoul CURA Healthcare Center' are selected in object 'Object Repository/Make Appointment/select dropdown' 

2023-08-25 16:37:00 - [MESSAGE][PASSED] - All options with value 'Seoul CURA Healthcare Center' are selected in object 'Object Repository/Make Appointment/select dropdown' 

2023-08-25 16:37:00 - [TEST_STEP][PASSED] - if (toString().equalsIgnoreCase("yes")): null

2023-08-25 16:37:00 - [TEST_STEP][PASSED] - if (toString().equalsIgnoreCase("medicare")): Object 'Object Repository/Make Appointment/input_Medicare_programs' is checked

2023-08-25 16:37:00 - [TEST_STEP][PASSED] - check(findTestObject("Object Repository/Make Appointment/input_Medicare_programs")): Object 'Object Repository/Make Appointment/input_Medicare_programs' is checked

2023-08-25 16:37:00 - [MESSAGE][PASSED] - Object 'Object Repository/Make Appointment/input_Medicare_programs' is checked

2023-08-25 16:37:00 - [TEST_STEP][FAILED] - setText(findTestObject("Make Appointment/isi comment"), comment): Unable to set text 'Good Job' of object 'Object Repository/Make Appointment/isi comment' (Root cause: com.kms.katalon.core.exception.StepFailedException: Unable to set text 'Good Job' of object 'Object Repository/Make Appointment/isi comment'
	at com.kms.katalon.core.webui.keyword.internal.WebUIKeywordMain.stepFailed(WebUIKeywordMain.groovy:64)
	at com.kms.katalon.core.webui.keyword.internal.WebUIKeywordMain.runKeyword(WebUIKeywordMain.groovy:26)
	at com.kms.katalon.core.webui.keyword.builtin.SetTextKeyword.setText(SetTextKeyword.groovy:66)
	at com.kms.katalon.core.webui.keyword.builtin.SetTextKeyword.execute(SetTextKeyword.groovy:37)
	at com.kms.katalon.core.keyword.internal.KeywordExecutor.executeKeywordForPlatform(KeywordExecutor.groovy:74)
	at com.kms.katalon.core.webui.keyword.WebUiBuiltInKeywords.setText(WebUiBuiltInKeywords.groovy:980)
	at com.kms.katalon.core.webui.keyword.WebUiBuiltInKeywords$setText$2.call(Unknown Source)
	at Test Case 2.2.run(Test Case 2.2:39)
	at com.kms.katalon.core.main.ScriptEngine.run(ScriptEngine.java:194)
	at com.kms.katalon.core.main.ScriptEngine.runScriptAsRawText(ScriptEngine.java:119)
	at com.kms.katalon.core.main.TestCaseExecutor.runScript(TestCaseExecutor.java:448)
	at com.kms.katalon.core.main.TestCaseExecutor.doExecute(TestCaseExecutor.java:439)
	at com.kms.katalon.core.main.TestCaseExecutor.processExecutionPhase(TestCaseExecutor.java:418)
	at com.kms.katalon.core.main.TestCaseExecutor.accessMainPhase(TestCaseExecutor.java:410)
	at com.kms.katalon.core.main.TestCaseExecutor.execute(TestCaseExecutor.java:285)
	at com.kms.katalon.core.main.TestCaseExecutor.execute(TestCaseExecutor.java:369)
	at com.kms.katalon.core.main.TestCaseExecutor.execute(TestCaseExecutor.java:369)
	at com.kms.katalon.core.main.TestCaseExecutor.execute(TestCaseExecutor.java:369)
	at com.kms.katalon.core.common.CommonExecutor.accessTestCaseMainPhase(CommonExecutor.java:65)
	at com.kms.katalon.core.main.TestSuiteExecutor.accessTestSuiteMainPhase(TestSuiteExecutor.java:148)
	at com.kms.katalon.core.main.TestSuiteExecutor.execute(TestSuiteExecutor.java:106)
	at com.kms.katalon.core.main.TestCaseMain.startTestSuite(TestCaseMain.java:187)
	at com.kms.katalon.core.main.TestCaseMain$startTestSuite$0.call(Unknown Source)
	at TempTestSuite1692955851587.run(TempTestSuite1692955851587.groovy:36)
Caused by: org.openqa.selenium.InvalidElementStateException: invalid element state
  (Session info: MicrosoftEdge=115.0.1901.203)
Build info: version: '3.141.59', revision: 'e82be7d358', time: '2018-11-14T08:25:53'
System info: host: 'LAPTOP-ILLI02GO', ip: '10.9.2.36', os.name: 'Windows 11', os.arch: 'amd64', os.version: '10.0', java.version: '1.8.0_362'
Driver info: com.kms.katalon.selenium.driver.CEdgeDriver
Capabilities {acceptInsecureCerts: false, browserName: msedge, browserVersion: 115.0.1901.203, javascriptEnabled: true, ms:edgeOptions: {debuggerAddress: localhost:58824}, msedge: {msedgedriverVersion: 115.0.1901.203 (a5a2b1779bc..., userDataDir: C:\Users\HP\AppData\Local\T...}, networkConnectionEnabled: false, pageLoadStrategy: normal, platform: WINDOWS, platformName: WINDOWS, proxy: Proxy(), setWindowRect: true, strictFileInteractability: false, timeouts: {implicit: 0, pageLoad: 300000, script: 30000}, unhandledPromptBehavior: dismiss and notify, webauthn:extension:credBlob: true, webauthn:extension:largeBlob: true, webauthn:extension:minPinLength: true, webauthn:extension:prf: true, webauthn:virtualAuthenticators: true}
Session ID: 33e7d2ebd8ef8406da7f84c0f0c05d6f
	at org.openqa.selenium.remote.http.W3CHttpResponseCodec.createException(W3CHttpResponseCodec.java:187)
	at org.openqa.selenium.remote.http.W3CHttpResponseCodec.decode(W3CHttpResponseCodec.java:122)
	at org.openqa.selenium.remote.http.W3CHttpResponseCodec.decode(W3CHttpResponseCodec.java:49)
	at org.openqa.selenium.remote.HttpCommandExecutor.execute(HttpCommandExecutor.java:158)
	at org.openqa.selenium.remote.service.DriverCommandExecutor.execute(DriverCommandExecutor.java:83)
	at org.openqa.selenium.remote.RemoteWebDriver.execute(RemoteWebDriver.java:552)
	at com.kms.katalon.selenium.driver.CEdgeDriver.execute(CEdgeDriver.java:20)
	at org.openqa.selenium.remote.RemoteWebElement.execute(RemoteWebElement.java:285)
	at org.openqa.selenium.remote.RemoteWebElement.clear(RemoteWebElement.java:124)
	at org.openqa.selenium.support.events.EventFiringWebDriver$EventFiringWebElement.lambda$new$0(EventFiringWebDriver.java:404)
	at com.sun.proxy.$Proxy11.clear(Unknown Source)
	at org.openqa.selenium.support.events.EventFiringWebDriver$EventFiringWebElement.clear(EventFiringWebDriver.java:436)
	at com.kms.katalon.core.webui.keyword.builtin.SetTextKeyword$_setText_closure1.doCall(SetTextKeyword.groovy:53)
	at com.kms.katalon.core.webui.keyword.builtin.SetTextKeyword$_setText_closure1.call(SetTextKeyword.groovy)
	at com.kms.katalon.core.webui.keyword.internal.WebUIKeywordMain.runKeyword(WebUIKeywordMain.groovy:20)
	at com.kms.katalon.core.webui.keyword.builtin.SetTextKeyword.setText(SetTextKeyword.groovy:66)
	at com.kms.katalon.core.webui.keyword.builtin.SetTextKeyword.execute(SetTextKeyword.groovy:37)
	at com.kms.katalon.core.keyword.internal.KeywordExecutor.executeKeywordForPlatform(KeywordExecutor.groovy:74)
	at com.kms.katalon.core.webui.keyword.WebUiBuiltInKeywords.setText(WebUiBuiltInKeywords.groovy:980)
	at com.kms.katalon.core.webui.keyword.WebUiBuiltInKeywords$setText$2.call(Unknown Source)
	at Script1692949468167.run(Script1692949468167.groovy:39)
	... 16 more
)

2023-08-25 16:37:32 - [MESSAGE][INFO] - Unable to find the element located by 'By.xpath: //p[@id='comment']'. Please recheck the objects properties to make sure the desired element is located. 

2023-08-25 16:37:32 - [MESSAGE][WARNING] - [SELF-HEALING] Failed to find element with id 'Object Repository/Make Appointment/isi comment'. Try using Self-healing.

2023-08-25 16:37:34 - [MESSAGE][WARNING] - [SELF-HEALING] The current locator of test object 'Object Repository/Make Appointment/isi comment' was broken. Propose an alternative one: '(.//*[normalize-space(text()) and normalize-space(.)='Comment'])[1]/following::p[1]'.

2023-08-25 16:37:34 - [MESSAGE][FAILED] - Unable to set text 'Good Job' of object 'Object Repository/Make Appointment/isi comment' (Root cause: com.kms.katalon.core.exception.StepFailedException: Unable to set text 'Good Job' of object 'Object Repository/Make Appointment/isi comment'
	at com.kms.katalon.core.webui.keyword.internal.WebUIKeywordMain.stepFailed(WebUIKeywordMain.groovy:64)
	at com.kms.katalon.core.webui.keyword.internal.WebUIKeywordMain.runKeyword(WebUIKeywordMain.groovy:26)
	at com.kms.katalon.core.webui.keyword.builtin.SetTextKeyword.setText(SetTextKeyword.groovy:66)
	at com.kms.katalon.core.webui.keyword.builtin.SetTextKeyword.execute(SetTextKeyword.groovy:37)
	at com.kms.katalon.core.keyword.internal.KeywordExecutor.executeKeywordForPlatform(KeywordExecutor.groovy:74)
	at com.kms.katalon.core.webui.keyword.WebUiBuiltInKeywords.setText(WebUiBuiltInKeywords.groovy:980)
	at com.kms.katalon.core.webui.keyword.WebUiBuiltInKeywords$setText$2.call(Unknown Source)
	at Test Case 2.2.run(Test Case 2.2:39)
	at com.kms.katalon.core.main.ScriptEngine.run(ScriptEngine.java:194)
	at com.kms.katalon.core.main.ScriptEngine.runScriptAsRawText(ScriptEngine.java:119)
	at com.kms.katalon.core.main.TestCaseExecutor.runScript(TestCaseExecutor.java:448)
	at com.kms.katalon.core.main.TestCaseExecutor.doExecute(TestCaseExecutor.java:439)
	at com.kms.katalon.core.main.TestCaseExecutor.processExecutionPhase(TestCaseExecutor.java:418)
	at com.kms.katalon.core.main.TestCaseExecutor.accessMainPhase(TestCaseExecutor.java:410)
	at com.kms.katalon.core.main.TestCaseExecutor.execute(TestCaseExecutor.java:285)
	at com.kms.katalon.core.main.TestCaseExecutor.execute(TestCaseExecutor.java:369)
	at com.kms.katalon.core.main.TestCaseExecutor.execute(TestCaseExecutor.java:369)
	at com.kms.katalon.core.main.TestCaseExecutor.execute(TestCaseExecutor.java:369)
	at com.kms.katalon.core.common.CommonExecutor.accessTestCaseMainPhase(CommonExecutor.java:65)
	at com.kms.katalon.core.main.TestSuiteExecutor.accessTestSuiteMainPhase(TestSuiteExecutor.java:148)
	at com.kms.katalon.core.main.TestSuiteExecutor.execute(TestSuiteExecutor.java:106)
	at com.kms.katalon.core.main.TestCaseMain.startTestSuite(TestCaseMain.java:187)
	at com.kms.katalon.core.main.TestCaseMain$startTestSuite$0.call(Unknown Source)
	at TempTestSuite1692955851587.run(TempTestSuite1692955851587.groovy:36)
Caused by: org.openqa.selenium.InvalidElementStateException: invalid element state
  (Session info: MicrosoftEdge=115.0.1901.203)
Build info: version: '3.141.59', revision: 'e82be7d358', time: '2018-11-14T08:25:53'
System info: host: 'LAPTOP-ILLI02GO', ip: '10.9.2.36', os.name: 'Windows 11', os.arch: 'amd64', os.version: '10.0', java.version: '1.8.0_362'
Driver info: com.kms.katalon.selenium.driver.CEdgeDriver
Capabilities {acceptInsecureCerts: false, browserName: msedge, browserVersion: 115.0.1901.203, javascriptEnabled: true, ms:edgeOptions: {debuggerAddress: localhost:58824}, msedge: {msedgedriverVersion: 115.0.1901.203 (a5a2b1779bc..., userDataDir: C:\Users\HP\AppData\Local\T...}, networkConnectionEnabled: false, pageLoadStrategy: normal, platform: WINDOWS, platformName: WINDOWS, proxy: Proxy(), setWindowRect: true, strictFileInteractability: false, timeouts: {implicit: 0, pageLoad: 300000, script: 30000}, unhandledPromptBehavior: dismiss and notify, webauthn:extension:credBlob: true, webauthn:extension:largeBlob: true, webauthn:extension:minPinLength: true, webauthn:extension:prf: true, webauthn:virtualAuthenticators: true}
Session ID: 33e7d2ebd8ef8406da7f84c0f0c05d6f
	at org.openqa.selenium.remote.http.W3CHttpResponseCodec.createException(W3CHttpResponseCodec.java:187)
	at org.openqa.selenium.remote.http.W3CHttpResponseCodec.decode(W3CHttpResponseCodec.java:122)
	at org.openqa.selenium.remote.http.W3CHttpResponseCodec.decode(W3CHttpResponseCodec.java:49)
	at org.openqa.selenium.remote.HttpCommandExecutor.execute(HttpCommandExecutor.java:158)
	at org.openqa.selenium.remote.service.DriverCommandExecutor.execute(DriverCommandExecutor.java:83)
	at org.openqa.selenium.remote.RemoteWebDriver.execute(RemoteWebDriver.java:552)
	at com.kms.katalon.selenium.driver.CEdgeDriver.execute(CEdgeDriver.java:20)
	at org.openqa.selenium.remote.RemoteWebElement.execute(RemoteWebElement.java:285)
	at org.openqa.selenium.remote.RemoteWebElement.clear(RemoteWebElement.java:124)
	at org.openqa.selenium.support.events.EventFiringWebDriver$EventFiringWebElement.lambda$new$0(EventFiringWebDriver.java:404)
	at com.sun.proxy.$Proxy11.clear(Unknown Source)
	at org.openqa.selenium.support.events.EventFiringWebDriver$EventFiringWebElement.clear(EventFiringWebDriver.java:436)
	at com.kms.katalon.core.webui.keyword.builtin.SetTextKeyword$_setText_closure1.doCall(SetTextKeyword.groovy:53)
	at com.kms.katalon.core.webui.keyword.builtin.SetTextKeyword$_setText_closure1.call(SetTextKeyword.groovy)
	at com.kms.katalon.core.webui.keyword.internal.WebUIKeywordMain.runKeyword(WebUIKeywordMain.groovy:20)
	at com.kms.katalon.core.webui.keyword.builtin.SetTextKeyword.setText(SetTextKeyword.groovy:66)
	at com.kms.katalon.core.webui.keyword.builtin.SetTextKeyword.execute(SetTextKeyword.groovy:37)
	at com.kms.katalon.core.keyword.internal.KeywordExecutor.executeKeywordForPlatform(KeywordExecutor.groovy:74)
	at com.kms.katalon.core.webui.keyword.WebUiBuiltInKeywords.setText(WebUiBuiltInKeywords.groovy:980)
	at com.kms.katalon.core.webui.keyword.WebUiBuiltInKeywords$setText$2.call(Unknown Source)
	at Script1692949468167.run(Script1692949468167.groovy:39)
	... 16 more
)
[[ATTACHMENT|D:\\XSIS MITRA UTAMA\\batch-324-qa\\Danty\\Cura Heroku App\\Reports\\20230825_163051\\Test Suite CURA Heroku App\\20230825_163051\\1692956254165.png]]]]></system-out>
         <system-err><![CDATA[2023-08-25 16:36:46 - [TEST_CASE][FAILED] - Test Cases/Appointment/Test Case 2.2: Test Cases/Appointment/Test Case 2.2 FAILED.
Reason:
com.kms.katalon.core.exception.StepFailedException: Unable to set text 'Good Job' of object 'Object Repository/Make Appointment/isi comment'
	at com.kms.katalon.core.webui.keyword.internal.WebUIKeywordMain.stepFailed(WebUIKeywordMain.groovy:64)
	at com.kms.katalon.core.webui.keyword.internal.WebUIKeywordMain.runKeyword(WebUIKeywordMain.groovy:26)
	at com.kms.katalon.core.webui.keyword.builtin.SetTextKeyword.setText(SetTextKeyword.groovy:66)
	at com.kms.katalon.core.webui.keyword.builtin.SetTextKeyword.execute(SetTextKeyword.groovy:37)
	at com.kms.katalon.core.keyword.internal.KeywordExecutor.executeKeywordForPlatform(KeywordExecutor.groovy:74)
	at com.kms.katalon.core.webui.keyword.WebUiBuiltInKeywords.setText(WebUiBuiltInKeywords.groovy:980)
	at com.kms.katalon.core.webui.keyword.WebUiBuiltInKeywords$setText$2.call(Unknown Source)
	at Test Case 2.2.run(Test Case 2.2:39)
	at com.kms.katalon.core.main.ScriptEngine.run(ScriptEngine.java:194)
	at com.kms.katalon.core.main.ScriptEngine.runScriptAsRawText(ScriptEngine.java:119)
	at com.kms.katalon.core.main.TestCaseExecutor.runScript(TestCaseExecutor.java:448)
	at com.kms.katalon.core.main.TestCaseExecutor.doExecute(TestCaseExecutor.java:439)
	at com.kms.katalon.core.main.TestCaseExecutor.processExecutionPhase(TestCaseExecutor.java:418)
	at com.kms.katalon.core.main.TestCaseExecutor.accessMainPhase(TestCaseExecutor.java:410)
	at com.kms.katalon.core.main.TestCaseExecutor.execute(TestCaseExecutor.java:285)
	at com.kms.katalon.core.main.TestCaseExecutor.execute(TestCaseExecutor.java:369)
	at com.kms.katalon.core.main.TestCaseExecutor.execute(TestCaseExecutor.java:369)
	at com.kms.katalon.core.main.TestCaseExecutor.execute(TestCaseExecutor.java:369)
	at com.kms.katalon.core.common.CommonExecutor.accessTestCaseMainPhase(CommonExecutor.java:65)
	at com.kms.katalon.core.main.TestSuiteExecutor.accessTestSuiteMainPhase(TestSuiteExecutor.java:148)
	at com.kms.katalon.core.main.TestSuiteExecutor.execute(TestSuiteExecutor.java:106)
	at com.kms.katalon.core.main.TestCaseMain.startTestSuite(TestCaseMain.java:187)
	at com.kms.katalon.core.main.TestCaseMain$startTestSuite$0.call(Unknown Source)
	at TempTestSuite1692955851587.run(TempTestSuite1692955851587.groovy:36)
Caused by: org.openqa.selenium.InvalidElementStateException: invalid element state
  (Session info: MicrosoftEdge=115.0.1901.203)
Build info: version: '3.141.59', revision: 'e82be7d358', time: '2018-11-14T08:25:53'
System info: host: 'LAPTOP-ILLI02GO', ip: '10.9.2.36', os.name: 'Windows 11', os.arch: 'amd64', os.version: '10.0', java.version: '1.8.0_362'
Driver info: com.kms.katalon.selenium.driver.CEdgeDriver
Capabilities {acceptInsecureCerts: false, browserName: msedge, browserVersion: 115.0.1901.203, javascriptEnabled: true, ms:edgeOptions: {debuggerAddress: localhost:58824}, msedge: {msedgedriverVersion: 115.0.1901.203 (a5a2b1779bc..., userDataDir: C:\Users\HP\AppData\Local\T...}, networkConnectionEnabled: false, pageLoadStrategy: normal, platform: WINDOWS, platformName: WINDOWS, proxy: Proxy(), setWindowRect: true, strictFileInteractability: false, timeouts: {implicit: 0, pageLoad: 300000, script: 30000}, unhandledPromptBehavior: dismiss and notify, webauthn:extension:credBlob: true, webauthn:extension:largeBlob: true, webauthn:extension:minPinLength: true, webauthn:extension:prf: true, webauthn:virtualAuthenticators: true}
Session ID: 33e7d2ebd8ef8406da7f84c0f0c05d6f
	at org.openqa.selenium.remote.http.W3CHttpResponseCodec.createException(W3CHttpResponseCodec.java:187)
	at org.openqa.selenium.remote.http.W3CHttpResponseCodec.decode(W3CHttpResponseCodec.java:122)
	at org.openqa.selenium.remote.http.W3CHttpResponseCodec.decode(W3CHttpResponseCodec.java:49)
	at org.openqa.selenium.remote.HttpCommandExecutor.execute(HttpCommandExecutor.java:158)
	at org.openqa.selenium.remote.service.DriverCommandExecutor.execute(DriverCommandExecutor.java:83)
	at org.openqa.selenium.remote.RemoteWebDriver.execute(RemoteWebDriver.java:552)
	at com.kms.katalon.selenium.driver.CEdgeDriver.execute(CEdgeDriver.java:20)
	at org.openqa.selenium.remote.RemoteWebElement.execute(RemoteWebElement.java:285)
	at org.openqa.selenium.remote.RemoteWebElement.clear(RemoteWebElement.java:124)
	at org.openqa.selenium.support.events.EventFiringWebDriver$EventFiringWebElement.lambda$new$0(EventFiringWebDriver.java:404)
	at com.sun.proxy.$Proxy11.clear(Unknown Source)
	at org.openqa.selenium.support.events.EventFiringWebDriver$EventFiringWebElement.clear(EventFiringWebDriver.java:436)
	at com.kms.katalon.core.webui.keyword.builtin.SetTextKeyword$_setText_closure1.doCall(SetTextKeyword.groovy:53)
	at com.kms.katalon.core.webui.keyword.builtin.SetTextKeyword$_setText_closure1.call(SetTextKeyword.groovy)
	at com.kms.katalon.core.webui.keyword.internal.WebUIKeywordMain.runKeyword(WebUIKeywordMain.groovy:20)
	... 22 more]]></system-err>
      </testcase>
      <testcase name="Test Cases/Appointment/Test Case 2.3" time="20.011" classname="Test Cases/Appointment/Test Case 2.3" status="ERROR">
         <error type="ERROR" message="Test Cases/Appointment/Test Case 2.3 FAILED.
Reason:
groovy.lang.MissingPropertyException: No such property: hospital_readmission for class: Script1692952105195
	at Test Case 2.3.run(Test Case 2.3:52)
	at com.kms.katalon.core.main.ScriptEngine.run(ScriptEngine.java:194)
	at com.kms.katalon.core.main.ScriptEngine.runScriptAsRawText(ScriptEngine.java:119)
	at com.kms.katalon.core.main.TestCaseExecutor.runScript(TestCaseExecutor.java:448)
	at com.kms.katalon.core.main.TestCaseExecutor.doExecute(TestCaseExecutor.java:439)
	at com.kms.katalon.core.main.TestCaseExecutor.processExecutionPhase(TestCaseExecutor.java:418)
	at com.kms.katalon.core.main.TestCaseExecutor.accessMainPhase(TestCaseExecutor.java:410)
	at com.kms.katalon.core.main.TestCaseExecutor.execute(TestCaseExecutor.java:285)
	at com.kms.katalon.core.main.TestCaseExecutor.execute(TestCaseExecutor.java:369)
	at com.kms.katalon.core.main.TestCaseExecutor.execute(TestCaseExecutor.java:369)
	at com.kms.katalon.core.main.TestCaseExecutor.execute(TestCaseExecutor.java:369)
	at com.kms.katalon.core.common.CommonExecutor.accessTestCaseMainPhase(CommonExecutor.java:65)
	at com.kms.katalon.core.main.TestSuiteExecutor.accessTestSuiteMainPhase(TestSuiteExecutor.java:148)
	at com.kms.katalon.core.main.TestSuiteExecutor.execute(TestSuiteExecutor.java:106)
	at com.kms.katalon.core.main.TestCaseMain.startTestSuite(TestCaseMain.java:187)
	at com.kms.katalon.core.main.TestCaseMain$startTestSuite$0.call(Unknown Source)
	at TempTestSuite1692955851587.run(TempTestSuite1692955851587.groovy:36)
"/>
         <system-out><![CDATA[2023-08-25 16:38:30 - [TEST_CASE][ERROR] - Test Cases/Appointment/Test Case 2.3: Test Cases/Appointment/Test Case 2.3 FAILED.
Reason:
groovy.lang.MissingPropertyException: No such property: hospital_readmission for class: Script1692952105195
	at Test Case 2.3.run(Test Case 2.3:52)
	at com.kms.katalon.core.main.ScriptEngine.run(ScriptEngine.java:194)
	at com.kms.katalon.core.main.ScriptEngine.runScriptAsRawText(ScriptEngine.java:119)
	at com.kms.katalon.core.main.TestCaseExecutor.runScript(TestCaseExecutor.java:448)
	at com.kms.katalon.core.main.TestCaseExecutor.doExecute(TestCaseExecutor.java:439)
	at com.kms.katalon.core.main.TestCaseExecutor.processExecutionPhase(TestCaseExecutor.java:418)
	at com.kms.katalon.core.main.TestCaseExecutor.accessMainPhase(TestCaseExecutor.java:410)
	at com.kms.katalon.core.main.TestCaseExecutor.execute(TestCaseExecutor.java:285)
	at com.kms.katalon.core.main.TestCaseExecutor.execute(TestCaseExecutor.java:369)
	at com.kms.katalon.core.main.TestCaseExecutor.execute(TestCaseExecutor.java:369)
	at com.kms.katalon.core.main.TestCaseExecutor.execute(TestCaseExecutor.java:369)
	at com.kms.katalon.core.common.CommonExecutor.accessTestCaseMainPhase(CommonExecutor.java:65)
	at com.kms.katalon.core.main.TestSuiteExecutor.accessTestSuiteMainPhase(TestSuiteExecutor.java:148)
	at com.kms.katalon.core.main.TestSuiteExecutor.execute(TestSuiteExecutor.java:106)
	at com.kms.katalon.core.main.TestCaseMain.startTestSuite(TestCaseMain.java:187)
	at com.kms.katalon.core.main.TestCaseMain$startTestSuite$0.call(Unknown Source)
	at TempTestSuite1692955851587.run(TempTestSuite1692955851587.groovy:36)


2023-08-25 16:38:30 - [TEST_STEP][PASSED] - callTestCase(findTestCase("Login/Test Case 1.1 (Manual)"), ["Username":username, "Password":password], STOP_ON_FAILURE): Call Test Case 'Test Cases/Login/Test Case 1.1 (Manual)' successfully

2023-08-25 16:38:30 - [TEST_CASE][PASSED] - Test Cases/Login/Test Case 1.1 (Manual): Test Cases/Login/Test Case 1.1 (Manual)

2023-08-25 16:38:30 - [TEST_STEP][PASSED] - openBrowser(WEB_URL): Browser is opened with url: 'https://katalon-demo-cura.herokuapp.com/'

2023-08-25 16:38:30 - [MESSAGE][WARNING] - A browser is already opened. Closing browser and opening a new one

2023-08-25 16:38:31 - [MESSAGE][INFO] - Starting 'Edge Chromium' driver

2023-08-25 16:38:33 - [MESSAGE][INFO] - Action delay is set to 0 milliseconds

2023-08-25 16:38:38 - [MESSAGE][PASSED] - Browser is opened with url: 'https://katalon-demo-cura.herokuapp.com/'

2023-08-25 16:38:38 - [TEST_STEP][PASSED] - verifyElementPresent(findTestObject("Login/Title Home Page"), 10): Object 'Object Repository/Login/Title Home Page' is present

2023-08-25 16:38:39 - [MESSAGE][PASSED] - Object 'Object Repository/Login/Title Home Page' is present

2023-08-25 16:38:39 - [TEST_STEP][PASSED] - click(findTestObject("Login/Menu Burger")): Object: 'Object Repository/Login/Menu Burger' is clicked on

2023-08-25 16:38:39 - [MESSAGE][PASSED] - Object: 'Object Repository/Login/Menu Burger' is clicked on

2023-08-25 16:38:39 - [TEST_STEP][PASSED] - click(findTestObject("Login/Menu Login")): Object: 'Object Repository/Login/Menu Login' is clicked on

2023-08-25 16:38:40 - [MESSAGE][PASSED] - Object: 'Object Repository/Login/Menu Login' is clicked on

2023-08-25 16:38:40 - [TEST_STEP][PASSED] - verifyElementPresent(findTestObject("Login/Title Login"), 10): Object 'Object Repository/Login/Title Login' is present

2023-08-25 16:38:41 - [MESSAGE][PASSED] - Object 'Object Repository/Login/Title Login' is present

2023-08-25 16:38:41 - [TEST_STEP][PASSED] - setText(findTestObject("Login/input_Username"), Username): Text 'John Doe' is set on object 'Object Repository/Login/input_Username'

2023-08-25 16:38:42 - [MESSAGE][PASSED] - Text 'John Doe' is set on object 'Object Repository/Login/input_Username'

2023-08-25 16:38:42 - [TEST_STEP][PASSED] - setEncryptedText(findTestObject("Login/input_Password"), Password): Text ****** has been set on object 'Object Repository/Login/input_Password'

2023-08-25 16:38:42 - [MESSAGE][PASSED] - Text ****** has been set on object 'Object Repository/Login/input_Password'

2023-08-25 16:38:42 - [TEST_STEP][PASSED] - click(findTestObject("Login/button_Login")): Object: 'Object Repository/Login/button_Login' is clicked on

2023-08-25 16:38:44 - [MESSAGE][PASSED] - Object: 'Object Repository/Login/button_Login' is clicked on

2023-08-25 16:38:44 - [TEST_STEP][PASSED] - verifyElementPresent(findTestObject("Login/Title_Make Appointment"), 10): Object 'Object Repository/Login/Title_Make Appointment' is present

2023-08-25 16:38:44 - [MESSAGE][PASSED] - Object 'Object Repository/Login/Title_Make Appointment' is present

2023-08-25 16:38:44 - [MESSAGE][PASSED] - Call Test Case 'Test Cases/Login/Test Case 1.1 (Manual)' successfully

2023-08-25 16:38:44 - [TEST_STEP][PASSED] - selectOptionByValue(findTestObject("Make Appointment/select dropdown"), facility, false): All options with value 'Hongkong CURA Healthcare Center' are selected in object 'Object Repository/Make Appointment/select dropdown' 

2023-08-25 16:38:45 - [MESSAGE][PASSED] - All options with value 'Hongkong CURA Healthcare Center' are selected in object 'Object Repository/Make Appointment/select dropdown' 

2023-08-25 16:38:45 - [TEST_STEP][PASSED] - if (toString().equalsIgnoreCase("medicare")): null

2023-08-25 16:38:45 - [TEST_STEP][PASSED] - else if (toString().equalsIgnoreCase("medicaid")): Object 'Object Repository/Make Appointment/input_Medicaid_programs' is checked

2023-08-25 16:38:45 - [TEST_STEP][PASSED] - check(findTestObject("Object Repository/Make Appointment/input_Medicaid_programs")): Object 'Object Repository/Make Appointment/input_Medicaid_programs' is checked

2023-08-25 16:38:45 - [MESSAGE][PASSED] - Object 'Object Repository/Make Appointment/input_Medicaid_programs' is checked

2023-08-25 16:38:45 - [TEST_STEP][PASSED] - setText(findTestObject("Make Appointment/input_Visit Date"), visit_date): Text '29/08/2023' is set on object 'Object Repository/Make Appointment/input_Visit Date'

2023-08-25 16:38:46 - [MESSAGE][PASSED] - Text '29/08/2023' is set on object 'Object Repository/Make Appointment/input_Visit Date'

2023-08-25 16:38:46 - [TEST_STEP][PASSED] - setText(findTestObject("Make Appointment/Comment"), comment): Text 'Nice' is set on object 'Object Repository/Make Appointment/Comment'

2023-08-25 16:38:47 - [MESSAGE][PASSED] - Text 'Nice' is set on object 'Object Repository/Make Appointment/Comment'

2023-08-25 16:38:47 - [TEST_STEP][PASSED] - click(findTestObject("Make Appointment/button_Book Appointment")): Object: 'Object Repository/Make Appointment/button_Book Appointment' is clicked on

2023-08-25 16:38:48 - [MESSAGE][PASSED] - Object: 'Object Repository/Make Appointment/button_Book Appointment' is clicked on

2023-08-25 16:38:48 - [TEST_STEP][PASSED] - verifyElementPresent(findTestObject("Make Appointment/Appointment Confirmation"), 10): Object 'Object Repository/Make Appointment/Appointment Confirmation' is present

2023-08-25 16:38:48 - [MESSAGE][PASSED] - Object 'Object Repository/Make Appointment/Appointment Confirmation' is present

2023-08-25 16:38:48 - [TEST_STEP][PASSED] - hasilFacility = getText(findTestObject("Object Repository/Make Appointment/Facility")): Text of object 'Object Repository/Make Appointment/Facility' is: 'Hongkong CURA Healthcare Center'

2023-08-25 16:38:48 - [MESSAGE][PASSED] - Text of object 'Object Repository/Make Appointment/Facility' is: 'Hongkong CURA Healthcare Center'

2023-08-25 16:38:48 - [TEST_STEP][PASSED] - hasilReadmission = getText(findTestObject("Make Appointment/Apply Readmission")): Text of object 'Object Repository/Make Appointment/Apply Readmission' is: 'No'

2023-08-25 16:38:49 - [MESSAGE][PASSED] - Text of object 'Object Repository/Make Appointment/Apply Readmission' is: 'No'

2023-08-25 16:38:49 - [TEST_STEP][PASSED] - hasilHealthPro = getText(findTestObject("Make Appointment/Program Healthcare")): Text of object 'Object Repository/Make Appointment/Program Healthcare' is: 'Medicaid'

2023-08-25 16:38:49 - [MESSAGE][PASSED] - Text of object 'Object Repository/Make Appointment/Program Healthcare' is: 'Medicaid'

2023-08-25 16:38:49 - [TEST_STEP][PASSED] - hasilVisitDate = getText(findTestObject("Make Appointment/Visit_Date")): Text of object 'Object Repository/Make Appointment/Visit_Date' is: '29/08/2023'

2023-08-25 16:38:50 - [MESSAGE][PASSED] - Text of object 'Object Repository/Make Appointment/Visit_Date' is: '29/08/2023'

2023-08-25 16:38:50 - [TEST_STEP][PASSED] - hasilComment = getText(findTestObject("Make Appointment/isi comment")): Text of object 'Object Repository/Make Appointment/isi comment' is: 'Nice'

2023-08-25 16:38:50 - [MESSAGE][PASSED] - Text of object 'Object Repository/Make Appointment/isi comment' is: 'Nice'

2023-08-25 16:38:50 - [TEST_STEP][PASSED] - assert trim().equalsIgnoreCase(facility.trim()): null

2023-08-25 16:38:50 - [TEST_STEP][ERROR] - assert trim().equalsIgnoreCase(hospital_readmission.trim()): Test Cases/Appointment/Test Case 2.3 FAILED.
Reason:
groovy.lang.MissingPropertyException: No such property: hospital_readmission for class: Script1692952105195
	at Test Case 2.3.run(Test Case 2.3:52)
	at com.kms.katalon.core.main.ScriptEngine.run(ScriptEngine.java:194)
	at com.kms.katalon.core.main.ScriptEngine.runScriptAsRawText(ScriptEngine.java:119)
	at com.kms.katalon.core.main.TestCaseExecutor.runScript(TestCaseExecutor.java:448)
	at com.kms.katalon.core.main.TestCaseExecutor.doExecute(TestCaseExecutor.java:439)
	at com.kms.katalon.core.main.TestCaseExecutor.processExecutionPhase(TestCaseExecutor.java:418)
	at com.kms.katalon.core.main.TestCaseExecutor.accessMainPhase(TestCaseExecutor.java:410)
	at com.kms.katalon.core.main.TestCaseExecutor.execute(TestCaseExecutor.java:285)
	at com.kms.katalon.core.main.TestCaseExecutor.execute(TestCaseExecutor.java:369)
	at com.kms.katalon.core.main.TestCaseExecutor.execute(TestCaseExecutor.java:369)
	at com.kms.katalon.core.main.TestCaseExecutor.execute(TestCaseExecutor.java:369)
	at com.kms.katalon.core.common.CommonExecutor.accessTestCaseMainPhase(CommonExecutor.java:65)
	at com.kms.katalon.core.main.TestSuiteExecutor.accessTestSuiteMainPhase(TestSuiteExecutor.java:148)
	at com.kms.katalon.core.main.TestSuiteExecutor.execute(TestSuiteExecutor.java:106)
	at com.kms.katalon.core.main.TestCaseMain.startTestSuite(TestCaseMain.java:187)
	at com.kms.katalon.core.main.TestCaseMain$startTestSuite$0.call(Unknown Source)
	at TempTestSuite1692955851587.run(TempTestSuite1692955851587.groovy:36)


2023-08-25 16:38:50 - [MESSAGE][ERROR] - Test Cases/Appointment/Test Case 2.3 FAILED.
Reason:
groovy.lang.MissingPropertyException: No such property: hospital_readmission for class: Script1692952105195
	at Test Case 2.3.run(Test Case 2.3:52)
	at com.kms.katalon.core.main.ScriptEngine.run(ScriptEngine.java:194)
	at com.kms.katalon.core.main.ScriptEngine.runScriptAsRawText(ScriptEngine.java:119)
	at com.kms.katalon.core.main.TestCaseExecutor.runScript(TestCaseExecutor.java:448)
	at com.kms.katalon.core.main.TestCaseExecutor.doExecute(TestCaseExecutor.java:439)
	at com.kms.katalon.core.main.TestCaseExecutor.processExecutionPhase(TestCaseExecutor.java:418)
	at com.kms.katalon.core.main.TestCaseExecutor.accessMainPhase(TestCaseExecutor.java:410)
	at com.kms.katalon.core.main.TestCaseExecutor.execute(TestCaseExecutor.java:285)
	at com.kms.katalon.core.main.TestCaseExecutor.execute(TestCaseExecutor.java:369)
	at com.kms.katalon.core.main.TestCaseExecutor.execute(TestCaseExecutor.java:369)
	at com.kms.katalon.core.main.TestCaseExecutor.execute(TestCaseExecutor.java:369)
	at com.kms.katalon.core.common.CommonExecutor.accessTestCaseMainPhase(CommonExecutor.java:65)
	at com.kms.katalon.core.main.TestSuiteExecutor.accessTestSuiteMainPhase(TestSuiteExecutor.java:148)
	at com.kms.katalon.core.main.TestSuiteExecutor.execute(TestSuiteExecutor.java:106)
	at com.kms.katalon.core.main.TestCaseMain.startTestSuite(TestCaseMain.java:187)
	at com.kms.katalon.core.main.TestCaseMain$startTestSuite$0.call(Unknown Source)
	at TempTestSuite1692955851587.run(TempTestSuite1692955851587.groovy:36)]]></system-out>
         <system-err><![CDATA[2023-08-25 16:38:30 - [TEST_CASE][ERROR] - Test Cases/Appointment/Test Case 2.3: Test Cases/Appointment/Test Case 2.3 FAILED.
Reason:
groovy.lang.MissingPropertyException: No such property: hospital_readmission for class: Script1692952105195
	at Test Case 2.3.run(Test Case 2.3:52)
	at com.kms.katalon.core.main.ScriptEngine.run(ScriptEngine.java:194)
	at com.kms.katalon.core.main.ScriptEngine.runScriptAsRawText(ScriptEngine.java:119)
	at com.kms.katalon.core.main.TestCaseExecutor.runScript(TestCaseExecutor.java:448)
	at com.kms.katalon.core.main.TestCaseExecutor.doExecute(TestCaseExecutor.java:439)
	at com.kms.katalon.core.main.TestCaseExecutor.processExecutionPhase(TestCaseExecutor.java:418)
	at com.kms.katalon.core.main.TestCaseExecutor.accessMainPhase(TestCaseExecutor.java:410)
	at com.kms.katalon.core.main.TestCaseExecutor.execute(TestCaseExecutor.java:285)
	at com.kms.katalon.core.main.TestCaseExecutor.execute(TestCaseExecutor.java:369)
	at com.kms.katalon.core.main.TestCaseExecutor.execute(TestCaseExecutor.java:369)
	at com.kms.katalon.core.main.TestCaseExecutor.execute(TestCaseExecutor.java:369)
	at com.kms.katalon.core.common.CommonExecutor.accessTestCaseMainPhase(CommonExecutor.java:65)
	at com.kms.katalon.core.main.TestSuiteExecutor.accessTestSuiteMainPhase(TestSuiteExecutor.java:148)
	at com.kms.katalon.core.main.TestSuiteExecutor.execute(TestSuiteExecutor.java:106)
	at com.kms.katalon.core.main.TestCaseMain.startTestSuite(TestCaseMain.java:187)
	at com.kms.katalon.core.main.TestCaseMain$startTestSuite$0.call(Unknown Source)
	at TempTestSuite1692955851587.run(TempTestSuite1692955851587.groovy:36)]]></system-err>
      </testcase>
      <testcase name="Test Cases/Appointment/Test Case 2.4" time="20.376" classname="Test Cases/Appointment/Test Case 2.4" status="PASSED">
         <system-out><![CDATA[2023-08-25 16:38:50 - [TEST_CASE][PASSED] - Test Cases/Appointment/Test Case 2.4: Test Cases/Appointment/Test Case 2.4

2023-08-25 16:38:51 - [TEST_STEP][PASSED] - callTestCase(findTestCase("Login/Test Case 1.1 (Manual)"), ["Username":username, "Password":password], STOP_ON_FAILURE): Call Test Case 'Test Cases/Login/Test Case 1.1 (Manual)' successfully

2023-08-25 16:38:51 - [TEST_CASE][PASSED] - Test Cases/Login/Test Case 1.1 (Manual): Test Cases/Login/Test Case 1.1 (Manual)

2023-08-25 16:38:51 - [TEST_STEP][PASSED] - openBrowser(WEB_URL): Browser is opened with url: 'https://katalon-demo-cura.herokuapp.com/'

2023-08-25 16:38:51 - [MESSAGE][WARNING] - A browser is already opened. Closing browser and opening a new one

2023-08-25 16:38:52 - [MESSAGE][INFO] - Starting 'Edge Chromium' driver

2023-08-25 16:38:54 - [MESSAGE][INFO] - Action delay is set to 0 milliseconds

2023-08-25 16:38:59 - [MESSAGE][PASSED] - Browser is opened with url: 'https://katalon-demo-cura.herokuapp.com/'

2023-08-25 16:38:59 - [TEST_STEP][PASSED] - verifyElementPresent(findTestObject("Login/Title Home Page"), 10): Object 'Object Repository/Login/Title Home Page' is present

2023-08-25 16:38:59 - [MESSAGE][PASSED] - Object 'Object Repository/Login/Title Home Page' is present

2023-08-25 16:38:59 - [TEST_STEP][PASSED] - click(findTestObject("Login/Menu Burger")): Object: 'Object Repository/Login/Menu Burger' is clicked on

2023-08-25 16:39:00 - [MESSAGE][PASSED] - Object: 'Object Repository/Login/Menu Burger' is clicked on

2023-08-25 16:39:00 - [TEST_STEP][PASSED] - click(findTestObject("Login/Menu Login")): Object: 'Object Repository/Login/Menu Login' is clicked on

2023-08-25 16:39:01 - [MESSAGE][PASSED] - Object: 'Object Repository/Login/Menu Login' is clicked on

2023-08-25 16:39:01 - [TEST_STEP][PASSED] - verifyElementPresent(findTestObject("Login/Title Login"), 10): Object 'Object Repository/Login/Title Login' is present

2023-08-25 16:39:01 - [MESSAGE][PASSED] - Object 'Object Repository/Login/Title Login' is present

2023-08-25 16:39:01 - [TEST_STEP][PASSED] - setText(findTestObject("Login/input_Username"), Username): Text 'John Doe' is set on object 'Object Repository/Login/input_Username'

2023-08-25 16:39:02 - [MESSAGE][PASSED] - Text 'John Doe' is set on object 'Object Repository/Login/input_Username'

2023-08-25 16:39:02 - [TEST_STEP][PASSED] - setEncryptedText(findTestObject("Login/input_Password"), Password): Text ****** has been set on object 'Object Repository/Login/input_Password'

2023-08-25 16:39:03 - [MESSAGE][PASSED] - Text ****** has been set on object 'Object Repository/Login/input_Password'

2023-08-25 16:39:03 - [TEST_STEP][PASSED] - click(findTestObject("Login/button_Login")): Object: 'Object Repository/Login/button_Login' is clicked on

2023-08-25 16:39:04 - [MESSAGE][PASSED] - Object: 'Object Repository/Login/button_Login' is clicked on

2023-08-25 16:39:04 - [TEST_STEP][PASSED] - verifyElementPresent(findTestObject("Login/Title_Make Appointment"), 10): Object 'Object Repository/Login/Title_Make Appointment' is present

2023-08-25 16:39:04 - [MESSAGE][PASSED] - Object 'Object Repository/Login/Title_Make Appointment' is present

2023-08-25 16:39:04 - [MESSAGE][PASSED] - Call Test Case 'Test Cases/Login/Test Case 1.1 (Manual)' successfully

2023-08-25 16:39:04 - [TEST_STEP][PASSED] - selectOptionByValue(findTestObject("Make Appointment/select dropdown"), facility, false): All options with value 'Tokyo CURA Healthcare Center' are selected in object 'Object Repository/Make Appointment/select dropdown' 

2023-08-25 16:39:05 - [MESSAGE][PASSED] - All options with value 'Tokyo CURA Healthcare Center' are selected in object 'Object Repository/Make Appointment/select dropdown' 

2023-08-25 16:39:05 - [TEST_STEP][PASSED] - if (toString().equalsIgnoreCase("medicare")): null

2023-08-25 16:39:05 - [TEST_STEP][PASSED] - else if (toString().equalsIgnoreCase("medicaid")): Object 'Object Repository/Make Appointment/input_Medicaid_programs' is checked

2023-08-25 16:39:05 - [TEST_STEP][PASSED] - check(findTestObject("Object Repository/Make Appointment/input_Medicaid_programs")): Object 'Object Repository/Make Appointment/input_Medicaid_programs' is checked

2023-08-25 16:39:05 - [MESSAGE][PASSED] - Object 'Object Repository/Make Appointment/input_Medicaid_programs' is checked

2023-08-25 16:39:05 - [TEST_STEP][PASSED] - setText(findTestObject("Make Appointment/input_Visit Date"), visit_date): Text '23/08/2023' is set on object 'Object Repository/Make Appointment/input_Visit Date'

2023-08-25 16:39:06 - [MESSAGE][PASSED] - Text '23/08/2023' is set on object 'Object Repository/Make Appointment/input_Visit Date'

2023-08-25 16:39:06 - [TEST_STEP][PASSED] - setText(findTestObject("Make Appointment/Comment"), comment): Text 'Nice' is set on object 'Object Repository/Make Appointment/Comment'

2023-08-25 16:39:07 - [MESSAGE][PASSED] - Text 'Nice' is set on object 'Object Repository/Make Appointment/Comment'

2023-08-25 16:39:07 - [TEST_STEP][PASSED] - click(findTestObject("Make Appointment/button_Book Appointment")): Object: 'Object Repository/Make Appointment/button_Book Appointment' is clicked on

2023-08-25 16:39:08 - [MESSAGE][PASSED] - Object: 'Object Repository/Make Appointment/button_Book Appointment' is clicked on

2023-08-25 16:39:08 - [TEST_STEP][PASSED] - verifyElementPresent(findTestObject("Make Appointment/Appointment Confirmation"), 10): Object 'Object Repository/Make Appointment/Appointment Confirmation' is present

2023-08-25 16:39:09 - [MESSAGE][PASSED] - Object 'Object Repository/Make Appointment/Appointment Confirmation' is present

2023-08-25 16:39:09 - [TEST_STEP][PASSED] - hasilFacility = getText(findTestObject("Object Repository/Make Appointment/Facility")): Text of object 'Object Repository/Make Appointment/Facility' is: 'Tokyo CURA Healthcare Center'

2023-08-25 16:39:09 - [MESSAGE][PASSED] - Text of object 'Object Repository/Make Appointment/Facility' is: 'Tokyo CURA Healthcare Center'

2023-08-25 16:39:09 - [TEST_STEP][PASSED] - hasilHealthPro = getText(findTestObject("Make Appointment/Program Healthcare")): Text of object 'Object Repository/Make Appointment/Program Healthcare' is: 'Medicaid'

2023-08-25 16:39:10 - [MESSAGE][PASSED] - Text of object 'Object Repository/Make Appointment/Program Healthcare' is: 'Medicaid'

2023-08-25 16:39:10 - [TEST_STEP][PASSED] - hasilVisitDate = getText(findTestObject("Make Appointment/Visit_Date")): Text of object 'Object Repository/Make Appointment/Visit_Date' is: '23/08/2023'

2023-08-25 16:39:10 - [MESSAGE][PASSED] - Text of object 'Object Repository/Make Appointment/Visit_Date' is: '23/08/2023'

2023-08-25 16:39:10 - [TEST_STEP][PASSED] - hasilComment = getText(findTestObject("Make Appointment/isi comment")): Text of object 'Object Repository/Make Appointment/isi comment' is: 'Nice'

2023-08-25 16:39:10 - [MESSAGE][PASSED] - Text of object 'Object Repository/Make Appointment/isi comment' is: 'Nice'

2023-08-25 16:39:10 - [TEST_STEP][PASSED] - assert trim().equalsIgnoreCase(facility.trim()): null

2023-08-25 16:39:10 - [TEST_STEP][PASSED] - assert trim().equalsIgnoreCase(healthcare_program.trim()): null

2023-08-25 16:39:10 - [TEST_STEP][PASSED] - assert trim().equalsIgnoreCase(visit_date.trim()): null

2023-08-25 16:39:10 - [TEST_STEP][PASSED] - assert trim().equalsIgnoreCase(comment.trim()): null]]></system-out>
         <system-err><![CDATA[]]></system-err>
      </testcase>
      <testcase name="Test Cases/Appointment/Test Case 2.5" time="21.352" classname="Test Cases/Appointment/Test Case 2.5" status="PASSED">
         <system-out><![CDATA[2023-08-25 16:39:10 - [TEST_CASE][PASSED] - Test Cases/Appointment/Test Case 2.5: Test Cases/Appointment/Test Case 2.5

2023-08-25 16:39:11 - [TEST_STEP][PASSED] - callTestCase(findTestCase("Login/Test Case 1.1 (Manual)"), ["Username":username, "Password":password], STOP_ON_FAILURE): Call Test Case 'Test Cases/Login/Test Case 1.1 (Manual)' successfully

2023-08-25 16:39:11 - [TEST_CASE][PASSED] - Test Cases/Login/Test Case 1.1 (Manual): Test Cases/Login/Test Case 1.1 (Manual)

2023-08-25 16:39:11 - [TEST_STEP][PASSED] - openBrowser(WEB_URL): Browser is opened with url: 'https://katalon-demo-cura.herokuapp.com/'

2023-08-25 16:39:11 - [MESSAGE][WARNING] - A browser is already opened. Closing browser and opening a new one

2023-08-25 16:39:12 - [MESSAGE][INFO] - Starting 'Edge Chromium' driver

2023-08-25 16:39:14 - [MESSAGE][INFO] - Action delay is set to 0 milliseconds

2023-08-25 16:39:20 - [MESSAGE][PASSED] - Browser is opened with url: 'https://katalon-demo-cura.herokuapp.com/'

2023-08-25 16:39:20 - [TEST_STEP][PASSED] - verifyElementPresent(findTestObject("Login/Title Home Page"), 10): Object 'Object Repository/Login/Title Home Page' is present

2023-08-25 16:39:20 - [MESSAGE][PASSED] - Object 'Object Repository/Login/Title Home Page' is present

2023-08-25 16:39:20 - [TEST_STEP][PASSED] - click(findTestObject("Login/Menu Burger")): Object: 'Object Repository/Login/Menu Burger' is clicked on

2023-08-25 16:39:21 - [MESSAGE][PASSED] - Object: 'Object Repository/Login/Menu Burger' is clicked on

2023-08-25 16:39:21 - [TEST_STEP][PASSED] - click(findTestObject("Login/Menu Login")): Object: 'Object Repository/Login/Menu Login' is clicked on

2023-08-25 16:39:22 - [MESSAGE][PASSED] - Object: 'Object Repository/Login/Menu Login' is clicked on

2023-08-25 16:39:22 - [TEST_STEP][PASSED] - verifyElementPresent(findTestObject("Login/Title Login"), 10): Object 'Object Repository/Login/Title Login' is present

2023-08-25 16:39:23 - [MESSAGE][PASSED] - Object 'Object Repository/Login/Title Login' is present

2023-08-25 16:39:23 - [TEST_STEP][PASSED] - setText(findTestObject("Login/input_Username"), Username): Text 'John Doe' is set on object 'Object Repository/Login/input_Username'

2023-08-25 16:39:23 - [MESSAGE][PASSED] - Text 'John Doe' is set on object 'Object Repository/Login/input_Username'

2023-08-25 16:39:23 - [TEST_STEP][PASSED] - setEncryptedText(findTestObject("Login/input_Password"), Password): Text ****** has been set on object 'Object Repository/Login/input_Password'

2023-08-25 16:39:24 - [MESSAGE][PASSED] - Text ****** has been set on object 'Object Repository/Login/input_Password'

2023-08-25 16:39:24 - [TEST_STEP][PASSED] - click(findTestObject("Login/button_Login")): Object: 'Object Repository/Login/button_Login' is clicked on

2023-08-25 16:39:25 - [MESSAGE][PASSED] - Object: 'Object Repository/Login/button_Login' is clicked on

2023-08-25 16:39:25 - [TEST_STEP][PASSED] - verifyElementPresent(findTestObject("Login/Title_Make Appointment"), 10): Object 'Object Repository/Login/Title_Make Appointment' is present

2023-08-25 16:39:25 - [MESSAGE][PASSED] - Object 'Object Repository/Login/Title_Make Appointment' is present

2023-08-25 16:39:25 - [MESSAGE][PASSED] - Call Test Case 'Test Cases/Login/Test Case 1.1 (Manual)' successfully

2023-08-25 16:39:25 - [TEST_STEP][PASSED] - selectOptionByValue(findTestObject("Make Appointment/select dropdown"), facility, false): All options with value 'Tokyo CURA Healthcare Center' are selected in object 'Object Repository/Make Appointment/select dropdown' 

2023-08-25 16:39:26 - [MESSAGE][PASSED] - All options with value 'Tokyo CURA Healthcare Center' are selected in object 'Object Repository/Make Appointment/select dropdown' 

2023-08-25 16:39:26 - [TEST_STEP][PASSED] - if (toString().equalsIgnoreCase("yes")): Object 'Object Repository/Make Appointment/Check Box Readmission' is checked

2023-08-25 16:39:26 - [TEST_STEP][PASSED] - check(findTestObject("Make Appointment/Check Box Readmission")): Object 'Object Repository/Make Appointment/Check Box Readmission' is checked

2023-08-25 16:39:26 - [MESSAGE][PASSED] - Object 'Object Repository/Make Appointment/Check Box Readmission' is checked

2023-08-25 16:39:26 - [TEST_STEP][PASSED] - if (toString().equalsIgnoreCase("medicare")): null

2023-08-25 16:39:26 - [TEST_STEP][PASSED] - else if (toString().equalsIgnoreCase("medicaid")): Object 'Object Repository/Make Appointment/input_Medicaid_programs' is checked

2023-08-25 16:39:26 - [TEST_STEP][PASSED] - check(findTestObject("Object Repository/Make Appointment/input_Medicaid_programs")): Object 'Object Repository/Make Appointment/input_Medicaid_programs' is checked

2023-08-25 16:39:27 - [MESSAGE][PASSED] - Object 'Object Repository/Make Appointment/input_Medicaid_programs' is checked

2023-08-25 16:39:27 - [TEST_STEP][PASSED] - setText(findTestObject("Make Appointment/input_Visit Date"), visit_date): Text '07/03/2022' is set on object 'Object Repository/Make Appointment/input_Visit Date'

2023-08-25 16:39:28 - [MESSAGE][PASSED] - Text '07/03/2022' is set on object 'Object Repository/Make Appointment/input_Visit Date'

2023-08-25 16:39:28 - [TEST_STEP][PASSED] - setText(findTestObject("Make Appointment/Comment"), comment): Text 'Nice' is set on object 'Object Repository/Make Appointment/Comment'

2023-08-25 16:39:29 - [MESSAGE][PASSED] - Text 'Nice' is set on object 'Object Repository/Make Appointment/Comment'

2023-08-25 16:39:29 - [TEST_STEP][PASSED] - click(findTestObject("Make Appointment/button_Book Appointment")): Object: 'Object Repository/Make Appointment/button_Book Appointment' is clicked on

2023-08-25 16:39:29 - [MESSAGE][PASSED] - Object: 'Object Repository/Make Appointment/button_Book Appointment' is clicked on

2023-08-25 16:39:29 - [TEST_STEP][PASSED] - verifyElementPresent(findTestObject("Make Appointment/Appointment Confirmation"), 10): Object 'Object Repository/Make Appointment/Appointment Confirmation' is present

2023-08-25 16:39:30 - [MESSAGE][PASSED] - Object 'Object Repository/Make Appointment/Appointment Confirmation' is present

2023-08-25 16:39:30 - [TEST_STEP][PASSED] - hasilFacility = getText(findTestObject("Object Repository/Make Appointment/Facility")): Text of object 'Object Repository/Make Appointment/Facility' is: 'Tokyo CURA Healthcare Center'

2023-08-25 16:39:30 - [MESSAGE][PASSED] - Text of object 'Object Repository/Make Appointment/Facility' is: 'Tokyo CURA Healthcare Center'

2023-08-25 16:39:30 - [TEST_STEP][PASSED] - hasilReadmission = getText(findTestObject("Make Appointment/Apply Readmission")): Text of object 'Object Repository/Make Appointment/Apply Readmission' is: 'Yes'

2023-08-25 16:39:31 - [MESSAGE][PASSED] - Text of object 'Object Repository/Make Appointment/Apply Readmission' is: 'Yes'

2023-08-25 16:39:31 - [TEST_STEP][PASSED] - hasilHealthPro = getText(findTestObject("Make Appointment/Program Healthcare")): Text of object 'Object Repository/Make Appointment/Program Healthcare' is: 'Medicaid'

2023-08-25 16:39:31 - [MESSAGE][PASSED] - Text of object 'Object Repository/Make Appointment/Program Healthcare' is: 'Medicaid'

2023-08-25 16:39:31 - [TEST_STEP][PASSED] - hasilVisitDate = getText(findTestObject("Make Appointment/Visit_Date")): Text of object 'Object Repository/Make Appointment/Visit_Date' is: '07/03/2022'

2023-08-25 16:39:31 - [MESSAGE][PASSED] - Text of object 'Object Repository/Make Appointment/Visit_Date' is: '07/03/2022'

2023-08-25 16:39:31 - [TEST_STEP][PASSED] - hasilComment = getText(findTestObject("Make Appointment/isi comment")): Text of object 'Object Repository/Make Appointment/isi comment' is: 'Nice'

2023-08-25 16:39:32 - [MESSAGE][PASSED] - Text of object 'Object Repository/Make Appointment/isi comment' is: 'Nice'

2023-08-25 16:39:32 - [TEST_STEP][PASSED] - assert trim().equalsIgnoreCase(facility.trim()): null

2023-08-25 16:39:32 - [TEST_STEP][PASSED] - assert trim().equalsIgnoreCase(hospital_readmission.trim()): null

2023-08-25 16:39:32 - [TEST_STEP][PASSED] - assert trim().equalsIgnoreCase(healthcare_program.trim()): null

2023-08-25 16:39:32 - [TEST_STEP][PASSED] - assert trim().equalsIgnoreCase(visit_date.trim()): null

2023-08-25 16:39:32 - [TEST_STEP][PASSED] - assert trim().equalsIgnoreCase(comment.trim()): null]]></system-out>
         <system-err><![CDATA[]]></system-err>
      </testcase>
      <testcase name="Test Cases/Appointment/Test Case 2.6" time="18.542" classname="Test Cases/Appointment/Test Case 2.6" status="PASSED">
         <system-out><![CDATA[2023-08-25 16:39:32 - [TEST_CASE][PASSED] - Test Cases/Appointment/Test Case 2.6: Test Cases/Appointment/Test Case 2.6

2023-08-25 16:39:32 - [TEST_STEP][PASSED] - callTestCase(findTestCase("Login/Test Case 1.1 (Manual)"), ["Username":username, "Password":password], STOP_ON_FAILURE): Call Test Case 'Test Cases/Login/Test Case 1.1 (Manual)' successfully

2023-08-25 16:39:33 - [TEST_CASE][PASSED] - Test Cases/Login/Test Case 1.1 (Manual): Test Cases/Login/Test Case 1.1 (Manual)

2023-08-25 16:39:33 - [TEST_STEP][PASSED] - openBrowser(WEB_URL): Browser is opened with url: 'https://katalon-demo-cura.herokuapp.com/'

2023-08-25 16:39:33 - [MESSAGE][WARNING] - A browser is already opened. Closing browser and opening a new one

2023-08-25 16:39:33 - [MESSAGE][INFO] - Starting 'Edge Chromium' driver

2023-08-25 16:39:36 - [MESSAGE][INFO] - Action delay is set to 0 milliseconds

2023-08-25 16:39:40 - [MESSAGE][PASSED] - Browser is opened with url: 'https://katalon-demo-cura.herokuapp.com/'

2023-08-25 16:39:40 - [TEST_STEP][PASSED] - verifyElementPresent(findTestObject("Login/Title Home Page"), 10): Object 'Object Repository/Login/Title Home Page' is present

2023-08-25 16:39:40 - [MESSAGE][PASSED] - Object 'Object Repository/Login/Title Home Page' is present

2023-08-25 16:39:40 - [TEST_STEP][PASSED] - click(findTestObject("Login/Menu Burger")): Object: 'Object Repository/Login/Menu Burger' is clicked on

2023-08-25 16:39:41 - [MESSAGE][PASSED] - Object: 'Object Repository/Login/Menu Burger' is clicked on

2023-08-25 16:39:41 - [TEST_STEP][PASSED] - click(findTestObject("Login/Menu Login")): Object: 'Object Repository/Login/Menu Login' is clicked on

2023-08-25 16:39:42 - [MESSAGE][PASSED] - Object: 'Object Repository/Login/Menu Login' is clicked on

2023-08-25 16:39:42 - [TEST_STEP][PASSED] - verifyElementPresent(findTestObject("Login/Title Login"), 10): Object 'Object Repository/Login/Title Login' is present

2023-08-25 16:39:42 - [MESSAGE][PASSED] - Object 'Object Repository/Login/Title Login' is present

2023-08-25 16:39:42 - [TEST_STEP][PASSED] - setText(findTestObject("Login/input_Username"), Username): Text 'John Doe' is set on object 'Object Repository/Login/input_Username'

2023-08-25 16:39:43 - [MESSAGE][PASSED] - Text 'John Doe' is set on object 'Object Repository/Login/input_Username'

2023-08-25 16:39:43 - [TEST_STEP][PASSED] - setEncryptedText(findTestObject("Login/input_Password"), Password): Text ****** has been set on object 'Object Repository/Login/input_Password'

2023-08-25 16:39:44 - [MESSAGE][PASSED] - Text ****** has been set on object 'Object Repository/Login/input_Password'

2023-08-25 16:39:44 - [TEST_STEP][PASSED] - click(findTestObject("Login/button_Login")): Object: 'Object Repository/Login/button_Login' is clicked on

2023-08-25 16:39:45 - [MESSAGE][PASSED] - Object: 'Object Repository/Login/button_Login' is clicked on

2023-08-25 16:39:45 - [TEST_STEP][PASSED] - verifyElementPresent(findTestObject("Login/Title_Make Appointment"), 10): Object 'Object Repository/Login/Title_Make Appointment' is present

2023-08-25 16:39:45 - [MESSAGE][PASSED] - Object 'Object Repository/Login/Title_Make Appointment' is present

2023-08-25 16:39:45 - [MESSAGE][PASSED] - Call Test Case 'Test Cases/Login/Test Case 1.1 (Manual)' successfully

2023-08-25 16:39:45 - [TEST_STEP][PASSED] - selectOptionByValue(findTestObject("Make Appointment/select dropdown"), facility, false): All options with value 'Tokyo CURA Healthcare Center' are selected in object 'Object Repository/Make Appointment/select dropdown' 

2023-08-25 16:39:46 - [MESSAGE][PASSED] - All options with value 'Tokyo CURA Healthcare Center' are selected in object 'Object Repository/Make Appointment/select dropdown' 

2023-08-25 16:39:46 - [TEST_STEP][PASSED] - if (toString().equalsIgnoreCase("yes")): Object 'Object Repository/Make Appointment/Check Box Readmission' is checked

2023-08-25 16:39:46 - [TEST_STEP][PASSED] - check(findTestObject("Make Appointment/Check Box Readmission")): Object 'Object Repository/Make Appointment/Check Box Readmission' is checked

2023-08-25 16:39:46 - [MESSAGE][PASSED] - Object 'Object Repository/Make Appointment/Check Box Readmission' is checked

2023-08-25 16:39:46 - [TEST_STEP][PASSED] - if (toString().equalsIgnoreCase("medicare")): null

2023-08-25 16:39:46 - [TEST_STEP][PASSED] - else if (toString().equalsIgnoreCase("medicaid")): Object 'Object Repository/Make Appointment/input_Medicaid_programs' is checked

2023-08-25 16:39:46 - [TEST_STEP][PASSED] - check(findTestObject("Object Repository/Make Appointment/input_Medicaid_programs")): Object 'Object Repository/Make Appointment/input_Medicaid_programs' is checked

2023-08-25 16:39:47 - [MESSAGE][PASSED] - Object 'Object Repository/Make Appointment/input_Medicaid_programs' is checked

2023-08-25 16:39:47 - [TEST_STEP][PASSED] - setText(findTestObject("Make Appointment/input_Visit Date"), visit_date): Text '23/08/2023' is set on object 'Object Repository/Make Appointment/input_Visit Date'

2023-08-25 16:39:48 - [MESSAGE][PASSED] - Text '23/08/2023' is set on object 'Object Repository/Make Appointment/input_Visit Date'

2023-08-25 16:39:48 - [TEST_STEP][PASSED] - click(findTestObject("Make Appointment/button_Book Appointment")): Object: 'Object Repository/Make Appointment/button_Book Appointment' is clicked on

2023-08-25 16:39:48 - [MESSAGE][PASSED] - Object: 'Object Repository/Make Appointment/button_Book Appointment' is clicked on

2023-08-25 16:39:48 - [TEST_STEP][PASSED] - verifyElementPresent(findTestObject("Make Appointment/Appointment Confirmation"), 10): Object 'Object Repository/Make Appointment/Appointment Confirmation' is present

2023-08-25 16:39:49 - [MESSAGE][PASSED] - Object 'Object Repository/Make Appointment/Appointment Confirmation' is present

2023-08-25 16:39:49 - [TEST_STEP][PASSED] - hasilFacility = getText(findTestObject("Object Repository/Make Appointment/Facility")): Text of object 'Object Repository/Make Appointment/Facility' is: 'Tokyo CURA Healthcare Center'

2023-08-25 16:39:49 - [MESSAGE][PASSED] - Text of object 'Object Repository/Make Appointment/Facility' is: 'Tokyo CURA Healthcare Center'

2023-08-25 16:39:49 - [TEST_STEP][PASSED] - hasilReadmission = getText(findTestObject("Make Appointment/Apply Readmission")): Text of object 'Object Repository/Make Appointment/Apply Readmission' is: 'Yes'

2023-08-25 16:39:50 - [MESSAGE][PASSED] - Text of object 'Object Repository/Make Appointment/Apply Readmission' is: 'Yes'

2023-08-25 16:39:50 - [TEST_STEP][PASSED] - hasilHealthPro = getText(findTestObject("Make Appointment/Program Healthcare")): Text of object 'Object Repository/Make Appointment/Program Healthcare' is: 'Medicaid'

2023-08-25 16:39:50 - [MESSAGE][PASSED] - Text of object 'Object Repository/Make Appointment/Program Healthcare' is: 'Medicaid'

2023-08-25 16:39:50 - [TEST_STEP][PASSED] - hasilVisitDate = getText(findTestObject("Make Appointment/Visit_Date")): Text of object 'Object Repository/Make Appointment/Visit_Date' is: '23/08/2023'

2023-08-25 16:39:50 - [MESSAGE][PASSED] - Text of object 'Object Repository/Make Appointment/Visit_Date' is: '23/08/2023'

2023-08-25 16:39:50 - [TEST_STEP][PASSED] - assert trim().equalsIgnoreCase(facility.trim()): null

2023-08-25 16:39:50 - [TEST_STEP][PASSED] - assert trim().equalsIgnoreCase(hospital_readmission.trim()): null

2023-08-25 16:39:50 - [TEST_STEP][PASSED] - assert trim().equalsIgnoreCase(healthcare_program.trim()): null

2023-08-25 16:39:50 - [TEST_STEP][PASSED] - assert trim().equalsIgnoreCase(visit_date.trim()): null]]></system-out>
         <system-err><![CDATA[]]></system-err>
      </testcase>
      <testcase name="Test Cases/History/Test Case 3.1" time="16.025" classname="Test Cases/History/Test Case 3.1" status="FAILED">
         <failure type="FAILED" message="Test Cases/History/Test Case 3.1 FAILED.
Reason:
com.kms.katalon.core.exception.StepFailedException: Verify element text of test object 'Object Repository/History/title_History' FAILED.
	at com.kms.katalon.core.webui.keyword.internal.WebUIKeywordMain.stepFailed(WebUIKeywordMain.groovy:64)
	at com.kms.katalon.core.webui.keyword.internal.WebUIKeywordMain.runKeyword(WebUIKeywordMain.groovy:26)
	at com.kms.katalon.core.webui.keyword.builtin.VerifyElementTextKeyword.verifyElementText(VerifyElementTextKeyword.groovy:72)
	at com.kms.katalon.core.webui.keyword.builtin.VerifyElementTextKeyword.execute(VerifyElementTextKeyword.groovy:40)
	at com.kms.katalon.core.keyword.internal.KeywordExecutor.executeKeywordForPlatform(KeywordExecutor.groovy:74)
	at com.kms.katalon.core.webui.keyword.WebUiBuiltInKeywords.verifyElementText(WebUiBuiltInKeywords.groovy:4749)
	at com.kms.katalon.core.webui.keyword.WebUiBuiltInKeywords$verifyElementText$5.call(Unknown Source)
	at Test Case 3.1.run(Test Case 3.1:27)
	at com.kms.katalon.core.main.ScriptEngine.run(ScriptEngine.java:194)
	at com.kms.katalon.core.main.ScriptEngine.runScriptAsRawText(ScriptEngine.java:119)
	at com.kms.katalon.core.main.TestCaseExecutor.runScript(TestCaseExecutor.java:448)
	at com.kms.katalon.core.main.TestCaseExecutor.doExecute(TestCaseExecutor.java:439)
	at com.kms.katalon.core.main.TestCaseExecutor.processExecutionPhase(TestCaseExecutor.java:418)
	at com.kms.katalon.core.main.TestCaseExecutor.accessMainPhase(TestCaseExecutor.java:410)
	at com.kms.katalon.core.main.TestCaseExecutor.execute(TestCaseExecutor.java:285)
	at com.kms.katalon.core.main.TestCaseExecutor.execute(TestCaseExecutor.java:369)
	at com.kms.katalon.core.main.TestCaseExecutor.execute(TestCaseExecutor.java:369)
	at com.kms.katalon.core.main.TestCaseExecutor.execute(TestCaseExecutor.java:369)
	at com.kms.katalon.core.common.CommonExecutor.accessTestCaseMainPhase(CommonExecutor.java:65)
	at com.kms.katalon.core.main.TestSuiteExecutor.accessTestSuiteMainPhase(TestSuiteExecutor.java:148)
	at com.kms.katalon.core.main.TestSuiteExecutor.execute(TestSuiteExecutor.java:106)
	at com.kms.katalon.core.main.TestCaseMain.startTestSuite(TestCaseMain.java:187)
	at com.kms.katalon.core.main.TestCaseMain$startTestSuite$0.call(Unknown Source)
	at TempTestSuite1692955851587.run(TempTestSuite1692955851587.groovy:36)
Caused by: com.kms.katalon.core.exception.StepFailedException: Actual text 'History' and expected text '' of test object 'Object Repository/History/title_History' are NOT matched.
	at com.kms.katalon.core.webui.keyword.internal.WebUIKeywordMain.stepFailed(WebUIKeywordMain.groovy:64)
	at com.kms.katalon.core.webui.keyword.builtin.VerifyElementTextKeyword$_verifyElementText_closure1.doCall(VerifyElementTextKeyword.groovy:57)
	at com.kms.katalon.core.webui.keyword.builtin.VerifyElementTextKeyword$_verifyElementText_closure1.call(VerifyElementTextKeyword.groovy)
	at com.kms.katalon.core.webui.keyword.internal.WebUIKeywordMain.runKeyword(WebUIKeywordMain.groovy:20)
	... 22 more
"/>
         <system-out><![CDATA[2023-08-25 16:40:42 - [TEST_CASE][FAILED] - Test Cases/History/Test Case 3.1: Test Cases/History/Test Case 3.1 FAILED.
Reason:
com.kms.katalon.core.exception.StepFailedException: Verify element text of test object 'Object Repository/History/title_History' FAILED.
	at com.kms.katalon.core.webui.keyword.internal.WebUIKeywordMain.stepFailed(WebUIKeywordMain.groovy:64)
	at com.kms.katalon.core.webui.keyword.internal.WebUIKeywordMain.runKeyword(WebUIKeywordMain.groovy:26)
	at com.kms.katalon.core.webui.keyword.builtin.VerifyElementTextKeyword.verifyElementText(VerifyElementTextKeyword.groovy:72)
	at com.kms.katalon.core.webui.keyword.builtin.VerifyElementTextKeyword.execute(VerifyElementTextKeyword.groovy:40)
	at com.kms.katalon.core.keyword.internal.KeywordExecutor.executeKeywordForPlatform(KeywordExecutor.groovy:74)
	at com.kms.katalon.core.webui.keyword.WebUiBuiltInKeywords.verifyElementText(WebUiBuiltInKeywords.groovy:4749)
	at com.kms.katalon.core.webui.keyword.WebUiBuiltInKeywords$verifyElementText$5.call(Unknown Source)
	at Test Case 3.1.run(Test Case 3.1:27)
	at com.kms.katalon.core.main.ScriptEngine.run(ScriptEngine.java:194)
	at com.kms.katalon.core.main.ScriptEngine.runScriptAsRawText(ScriptEngine.java:119)
	at com.kms.katalon.core.main.TestCaseExecutor.runScript(TestCaseExecutor.java:448)
	at com.kms.katalon.core.main.TestCaseExecutor.doExecute(TestCaseExecutor.java:439)
	at com.kms.katalon.core.main.TestCaseExecutor.processExecutionPhase(TestCaseExecutor.java:418)
	at com.kms.katalon.core.main.TestCaseExecutor.accessMainPhase(TestCaseExecutor.java:410)
	at com.kms.katalon.core.main.TestCaseExecutor.execute(TestCaseExecutor.java:285)
	at com.kms.katalon.core.main.TestCaseExecutor.execute(TestCaseExecutor.java:369)
	at com.kms.katalon.core.main.TestCaseExecutor.execute(TestCaseExecutor.java:369)
	at com.kms.katalon.core.main.TestCaseExecutor.execute(TestCaseExecutor.java:369)
	at com.kms.katalon.core.common.CommonExecutor.accessTestCaseMainPhase(CommonExecutor.java:65)
	at com.kms.katalon.core.main.TestSuiteExecutor.accessTestSuiteMainPhase(TestSuiteExecutor.java:148)
	at com.kms.katalon.core.main.TestSuiteExecutor.execute(TestSuiteExecutor.java:106)
	at com.kms.katalon.core.main.TestCaseMain.startTestSuite(TestCaseMain.java:187)
	at com.kms.katalon.core.main.TestCaseMain$startTestSuite$0.call(Unknown Source)
	at TempTestSuite1692955851587.run(TempTestSuite1692955851587.groovy:36)
Caused by: com.kms.katalon.core.exception.StepFailedException: Actual text 'History' and expected text '' of test object 'Object Repository/History/title_History' are NOT matched.
	at com.kms.katalon.core.webui.keyword.internal.WebUIKeywordMain.stepFailed(WebUIKeywordMain.groovy:64)
	at com.kms.katalon.core.webui.keyword.builtin.VerifyElementTextKeyword$_verifyElementText_closure1.doCall(VerifyElementTextKeyword.groovy:57)
	at com.kms.katalon.core.webui.keyword.builtin.VerifyElementTextKeyword$_verifyElementText_closure1.call(VerifyElementTextKeyword.groovy)
	at com.kms.katalon.core.webui.keyword.internal.WebUIKeywordMain.runKeyword(WebUIKeywordMain.groovy:20)
	... 22 more


2023-08-25 16:40:42 - [TEST_STEP][PASSED] - callTestCase(findTestCase("Login/Test Case 1.1 (Manual)"), ["Username":"John Doe", "Password":"g3/DOGG74jC3Flrr3yH+3D/yKbOqqUNM"], STOP_ON_FAILURE): Call Test Case 'Test Cases/Login/Test Case 1.1 (Manual)' successfully

2023-08-25 16:40:42 - [TEST_CASE][PASSED] - Test Cases/Login/Test Case 1.1 (Manual): Test Cases/Login/Test Case 1.1 (Manual)

2023-08-25 16:40:42 - [TEST_STEP][PASSED] - openBrowser(WEB_URL): Browser is opened with url: 'https://katalon-demo-cura.herokuapp.com/'

2023-08-25 16:40:42 - [MESSAGE][WARNING] - A browser is already opened. Closing browser and opening a new one

2023-08-25 16:40:43 - [MESSAGE][INFO] - Starting 'Edge Chromium' driver

2023-08-25 16:40:45 - [MESSAGE][INFO] - Action delay is set to 0 milliseconds

2023-08-25 16:40:51 - [MESSAGE][PASSED] - Browser is opened with url: 'https://katalon-demo-cura.herokuapp.com/'

2023-08-25 16:40:51 - [TEST_STEP][PASSED] - verifyElementPresent(findTestObject("Login/Title Home Page"), 10): Object 'Object Repository/Login/Title Home Page' is present

2023-08-25 16:40:51 - [MESSAGE][PASSED] - Object 'Object Repository/Login/Title Home Page' is present

2023-08-25 16:40:51 - [TEST_STEP][PASSED] - click(findTestObject("Login/Menu Burger")): Object: 'Object Repository/Login/Menu Burger' is clicked on

2023-08-25 16:40:51 - [MESSAGE][PASSED] - Object: 'Object Repository/Login/Menu Burger' is clicked on

2023-08-25 16:40:51 - [TEST_STEP][PASSED] - click(findTestObject("Login/Menu Login")): Object: 'Object Repository/Login/Menu Login' is clicked on

2023-08-25 16:40:53 - [MESSAGE][PASSED] - Object: 'Object Repository/Login/Menu Login' is clicked on

2023-08-25 16:40:53 - [TEST_STEP][PASSED] - verifyElementPresent(findTestObject("Login/Title Login"), 10): Object 'Object Repository/Login/Title Login' is present

2023-08-25 16:40:53 - [MESSAGE][PASSED] - Object 'Object Repository/Login/Title Login' is present

2023-08-25 16:40:53 - [TEST_STEP][PASSED] - setText(findTestObject("Login/input_Username"), Username): Text 'John Doe' is set on object 'Object Repository/Login/input_Username'

2023-08-25 16:40:54 - [MESSAGE][PASSED] - Text 'John Doe' is set on object 'Object Repository/Login/input_Username'

2023-08-25 16:40:54 - [TEST_STEP][PASSED] - setEncryptedText(findTestObject("Login/input_Password"), Password): Text ****** has been set on object 'Object Repository/Login/input_Password'

2023-08-25 16:40:55 - [MESSAGE][PASSED] - Text ****** has been set on object 'Object Repository/Login/input_Password'

2023-08-25 16:40:55 - [TEST_STEP][PASSED] - click(findTestObject("Login/button_Login")): Object: 'Object Repository/Login/button_Login' is clicked on

2023-08-25 16:40:56 - [MESSAGE][PASSED] - Object: 'Object Repository/Login/button_Login' is clicked on

2023-08-25 16:40:56 - [TEST_STEP][PASSED] - verifyElementPresent(findTestObject("Login/Title_Make Appointment"), 10): Object 'Object Repository/Login/Title_Make Appointment' is present

2023-08-25 16:40:56 - [MESSAGE][PASSED] - Object 'Object Repository/Login/Title_Make Appointment' is present

2023-08-25 16:40:56 - [MESSAGE][PASSED] - Call Test Case 'Test Cases/Login/Test Case 1.1 (Manual)' successfully

2023-08-25 16:40:56 - [TEST_STEP][PASSED] - click(findTestObject("History/hamburger 3")): Object: 'Object Repository/History/hamburger 3' is clicked on

2023-08-25 16:40:56 - [MESSAGE][PASSED] - Object: 'Object Repository/History/hamburger 3' is clicked on

2023-08-25 16:40:56 - [TEST_STEP][PASSED] - click(findTestObject("History/Menu_History")): Object: 'Object Repository/History/Menu_History' is clicked on

2023-08-25 16:40:57 - [MESSAGE][PASSED] - Object: 'Object Repository/History/Menu_History' is clicked on

2023-08-25 16:40:57 - [TEST_STEP][FAILED] - verifyElementText(findTestObject("History/title_History"), ""): Verify element text of test object 'Object Repository/History/title_History' FAILED. (Root cause: com.kms.katalon.core.exception.StepFailedException: Verify element text of test object 'Object Repository/History/title_History' FAILED.
	at com.kms.katalon.core.webui.keyword.internal.WebUIKeywordMain.stepFailed(WebUIKeywordMain.groovy:64)
	at com.kms.katalon.core.webui.keyword.internal.WebUIKeywordMain.runKeyword(WebUIKeywordMain.groovy:26)
	at com.kms.katalon.core.webui.keyword.builtin.VerifyElementTextKeyword.verifyElementText(VerifyElementTextKeyword.groovy:72)
	at com.kms.katalon.core.webui.keyword.builtin.VerifyElementTextKeyword.execute(VerifyElementTextKeyword.groovy:40)
	at com.kms.katalon.core.keyword.internal.KeywordExecutor.executeKeywordForPlatform(KeywordExecutor.groovy:74)
	at com.kms.katalon.core.webui.keyword.WebUiBuiltInKeywords.verifyElementText(WebUiBuiltInKeywords.groovy:4749)
	at com.kms.katalon.core.webui.keyword.WebUiBuiltInKeywords$verifyElementText$5.call(Unknown Source)
	at Test Case 3.1.run(Test Case 3.1:27)
	at com.kms.katalon.core.main.ScriptEngine.run(ScriptEngine.java:194)
	at com.kms.katalon.core.main.ScriptEngine.runScriptAsRawText(ScriptEngine.java:119)
	at com.kms.katalon.core.main.TestCaseExecutor.runScript(TestCaseExecutor.java:448)
	at com.kms.katalon.core.main.TestCaseExecutor.doExecute(TestCaseExecutor.java:439)
	at com.kms.katalon.core.main.TestCaseExecutor.processExecutionPhase(TestCaseExecutor.java:418)
	at com.kms.katalon.core.main.TestCaseExecutor.accessMainPhase(TestCaseExecutor.java:410)
	at com.kms.katalon.core.main.TestCaseExecutor.execute(TestCaseExecutor.java:285)
	at com.kms.katalon.core.main.TestCaseExecutor.execute(TestCaseExecutor.java:369)
	at com.kms.katalon.core.main.TestCaseExecutor.execute(TestCaseExecutor.java:369)
	at com.kms.katalon.core.main.TestCaseExecutor.execute(TestCaseExecutor.java:369)
	at com.kms.katalon.core.common.CommonExecutor.accessTestCaseMainPhase(CommonExecutor.java:65)
	at com.kms.katalon.core.main.TestSuiteExecutor.accessTestSuiteMainPhase(TestSuiteExecutor.java:148)
	at com.kms.katalon.core.main.TestSuiteExecutor.execute(TestSuiteExecutor.java:106)
	at com.kms.katalon.core.main.TestCaseMain.startTestSuite(TestCaseMain.java:187)
	at com.kms.katalon.core.main.TestCaseMain$startTestSuite$0.call(Unknown Source)
	at TempTestSuite1692955851587.run(TempTestSuite1692955851587.groovy:36)
Caused by: com.kms.katalon.core.exception.StepFailedException: Actual text 'History' and expected text '' of test object 'Object Repository/History/title_History' are NOT matched.
	at com.kms.katalon.core.webui.keyword.internal.WebUIKeywordMain.stepFailed(WebUIKeywordMain.groovy:64)
	at com.kms.katalon.core.webui.keyword.builtin.VerifyElementTextKeyword$_verifyElementText_closure1.doCall(VerifyElementTextKeyword.groovy:57)
	at com.kms.katalon.core.webui.keyword.builtin.VerifyElementTextKeyword$_verifyElementText_closure1.call(VerifyElementTextKeyword.groovy)
	at com.kms.katalon.core.webui.keyword.internal.WebUIKeywordMain.runKeyword(WebUIKeywordMain.groovy:20)
	... 22 more
)

2023-08-25 16:40:58 - [MESSAGE][FAILED] - Actual text 'History' and expected text '' of test object 'Object Repository/History/title_History' are NOT matched. (Root cause: com.kms.katalon.core.exception.StepFailedException: Actual text 'History' and expected text '' of test object 'Object Repository/History/title_History' are NOT matched.
	at com.kms.katalon.core.webui.keyword.internal.WebUIKeywordMain.stepFailed(WebUIKeywordMain.groovy:64)
	at com.kms.katalon.core.webui.keyword.builtin.VerifyElementTextKeyword$_verifyElementText_closure1.doCall(VerifyElementTextKeyword.groovy:57)
	at com.kms.katalon.core.webui.keyword.builtin.VerifyElementTextKeyword$_verifyElementText_closure1.call(VerifyElementTextKeyword.groovy)
	at com.kms.katalon.core.webui.keyword.internal.WebUIKeywordMain.runKeyword(WebUIKeywordMain.groovy:20)
	at com.kms.katalon.core.webui.keyword.builtin.VerifyElementTextKeyword.verifyElementText(VerifyElementTextKeyword.groovy:72)
	at com.kms.katalon.core.webui.keyword.builtin.VerifyElementTextKeyword.execute(VerifyElementTextKeyword.groovy:40)
	at com.kms.katalon.core.keyword.internal.KeywordExecutor.executeKeywordForPlatform(KeywordExecutor.groovy:74)
	at com.kms.katalon.core.webui.keyword.WebUiBuiltInKeywords.verifyElementText(WebUiBuiltInKeywords.groovy:4749)
	at com.kms.katalon.core.webui.keyword.WebUiBuiltInKeywords$verifyElementText$5.call(Unknown Source)
	at Test Case 3.1.run(Test Case 3.1:27)
	at com.kms.katalon.core.main.ScriptEngine.run(ScriptEngine.java:194)
	at com.kms.katalon.core.main.ScriptEngine.runScriptAsRawText(ScriptEngine.java:119)
	at com.kms.katalon.core.main.TestCaseExecutor.runScript(TestCaseExecutor.java:448)
	at com.kms.katalon.core.main.TestCaseExecutor.doExecute(TestCaseExecutor.java:439)
	at com.kms.katalon.core.main.TestCaseExecutor.processExecutionPhase(TestCaseExecutor.java:418)
	at com.kms.katalon.core.main.TestCaseExecutor.accessMainPhase(TestCaseExecutor.java:410)
	at com.kms.katalon.core.main.TestCaseExecutor.execute(TestCaseExecutor.java:285)
	at com.kms.katalon.core.main.TestCaseExecutor.execute(TestCaseExecutor.java:369)
	at com.kms.katalon.core.main.TestCaseExecutor.execute(TestCaseExecutor.java:369)
	at com.kms.katalon.core.main.TestCaseExecutor.execute(TestCaseExecutor.java:369)
	at com.kms.katalon.core.common.CommonExecutor.accessTestCaseMainPhase(CommonExecutor.java:65)
	at com.kms.katalon.core.main.TestSuiteExecutor.accessTestSuiteMainPhase(TestSuiteExecutor.java:148)
	at com.kms.katalon.core.main.TestSuiteExecutor.execute(TestSuiteExecutor.java:106)
	at com.kms.katalon.core.main.TestCaseMain.startTestSuite(TestCaseMain.java:187)
	at com.kms.katalon.core.main.TestCaseMain$startTestSuite$0.call(Unknown Source)
	at TempTestSuite1692955851587.run(TempTestSuite1692955851587.groovy:36)
)
[[ATTACHMENT|D:\\XSIS MITRA UTAMA\\batch-324-qa\\Danty\\Cura Heroku App\\Reports\\20230825_163051\\Test Suite CURA Heroku App\\20230825_163051\\1692956458147.png]]

2023-08-25 16:40:58 - [MESSAGE][FAILED] - Verify element text of test object 'Object Repository/History/title_History' FAILED. (Root cause: com.kms.katalon.core.exception.StepFailedException: Verify element text of test object 'Object Repository/History/title_History' FAILED.
	at com.kms.katalon.core.webui.keyword.internal.WebUIKeywordMain.stepFailed(WebUIKeywordMain.groovy:64)
	at com.kms.katalon.core.webui.keyword.internal.WebUIKeywordMain.runKeyword(WebUIKeywordMain.groovy:26)
	at com.kms.katalon.core.webui.keyword.builtin.VerifyElementTextKeyword.verifyElementText(VerifyElementTextKeyword.groovy:72)
	at com.kms.katalon.core.webui.keyword.builtin.VerifyElementTextKeyword.execute(VerifyElementTextKeyword.groovy:40)
	at com.kms.katalon.core.keyword.internal.KeywordExecutor.executeKeywordForPlatform(KeywordExecutor.groovy:74)
	at com.kms.katalon.core.webui.keyword.WebUiBuiltInKeywords.verifyElementText(WebUiBuiltInKeywords.groovy:4749)
	at com.kms.katalon.core.webui.keyword.WebUiBuiltInKeywords$verifyElementText$5.call(Unknown Source)
	at Test Case 3.1.run(Test Case 3.1:27)
	at com.kms.katalon.core.main.ScriptEngine.run(ScriptEngine.java:194)
	at com.kms.katalon.core.main.ScriptEngine.runScriptAsRawText(ScriptEngine.java:119)
	at com.kms.katalon.core.main.TestCaseExecutor.runScript(TestCaseExecutor.java:448)
	at com.kms.katalon.core.main.TestCaseExecutor.doExecute(TestCaseExecutor.java:439)
	at com.kms.katalon.core.main.TestCaseExecutor.processExecutionPhase(TestCaseExecutor.java:418)
	at com.kms.katalon.core.main.TestCaseExecutor.accessMainPhase(TestCaseExecutor.java:410)
	at com.kms.katalon.core.main.TestCaseExecutor.execute(TestCaseExecutor.java:285)
	at com.kms.katalon.core.main.TestCaseExecutor.execute(TestCaseExecutor.java:369)
	at com.kms.katalon.core.main.TestCaseExecutor.execute(TestCaseExecutor.java:369)
	at com.kms.katalon.core.main.TestCaseExecutor.execute(TestCaseExecutor.java:369)
	at com.kms.katalon.core.common.CommonExecutor.accessTestCaseMainPhase(CommonExecutor.java:65)
	at com.kms.katalon.core.main.TestSuiteExecutor.accessTestSuiteMainPhase(TestSuiteExecutor.java:148)
	at com.kms.katalon.core.main.TestSuiteExecutor.execute(TestSuiteExecutor.java:106)
	at com.kms.katalon.core.main.TestCaseMain.startTestSuite(TestCaseMain.java:187)
	at com.kms.katalon.core.main.TestCaseMain$startTestSuite$0.call(Unknown Source)
	at TempTestSuite1692955851587.run(TempTestSuite1692955851587.groovy:36)
Caused by: com.kms.katalon.core.exception.StepFailedException: Actual text 'History' and expected text '' of test object 'Object Repository/History/title_History' are NOT matched.
	at com.kms.katalon.core.webui.keyword.internal.WebUIKeywordMain.stepFailed(WebUIKeywordMain.groovy:64)
	at com.kms.katalon.core.webui.keyword.builtin.VerifyElementTextKeyword$_verifyElementText_closure1.doCall(VerifyElementTextKeyword.groovy:57)
	at com.kms.katalon.core.webui.keyword.builtin.VerifyElementTextKeyword$_verifyElementText_closure1.call(VerifyElementTextKeyword.groovy)
	at com.kms.katalon.core.webui.keyword.internal.WebUIKeywordMain.runKeyword(WebUIKeywordMain.groovy:20)
	... 22 more
)
[[ATTACHMENT|D:\\XSIS MITRA UTAMA\\batch-324-qa\\Danty\\Cura Heroku App\\Reports\\20230825_163051\\Test Suite CURA Heroku App\\20230825_163051\\1692956458262.png]]]]></system-out>
         <system-err><![CDATA[2023-08-25 16:40:42 - [TEST_CASE][FAILED] - Test Cases/History/Test Case 3.1: Test Cases/History/Test Case 3.1 FAILED.
Reason:
com.kms.katalon.core.exception.StepFailedException: Verify element text of test object 'Object Repository/History/title_History' FAILED.
	at com.kms.katalon.core.webui.keyword.internal.WebUIKeywordMain.stepFailed(WebUIKeywordMain.groovy:64)
	at com.kms.katalon.core.webui.keyword.internal.WebUIKeywordMain.runKeyword(WebUIKeywordMain.groovy:26)
	at com.kms.katalon.core.webui.keyword.builtin.VerifyElementTextKeyword.verifyElementText(VerifyElementTextKeyword.groovy:72)
	at com.kms.katalon.core.webui.keyword.builtin.VerifyElementTextKeyword.execute(VerifyElementTextKeyword.groovy:40)
	at com.kms.katalon.core.keyword.internal.KeywordExecutor.executeKeywordForPlatform(KeywordExecutor.groovy:74)
	at com.kms.katalon.core.webui.keyword.WebUiBuiltInKeywords.verifyElementText(WebUiBuiltInKeywords.groovy:4749)
	at com.kms.katalon.core.webui.keyword.WebUiBuiltInKeywords$verifyElementText$5.call(Unknown Source)
	at Test Case 3.1.run(Test Case 3.1:27)
	at com.kms.katalon.core.main.ScriptEngine.run(ScriptEngine.java:194)
	at com.kms.katalon.core.main.ScriptEngine.runScriptAsRawText(ScriptEngine.java:119)
	at com.kms.katalon.core.main.TestCaseExecutor.runScript(TestCaseExecutor.java:448)
	at com.kms.katalon.core.main.TestCaseExecutor.doExecute(TestCaseExecutor.java:439)
	at com.kms.katalon.core.main.TestCaseExecutor.processExecutionPhase(TestCaseExecutor.java:418)
	at com.kms.katalon.core.main.TestCaseExecutor.accessMainPhase(TestCaseExecutor.java:410)
	at com.kms.katalon.core.main.TestCaseExecutor.execute(TestCaseExecutor.java:285)
	at com.kms.katalon.core.main.TestCaseExecutor.execute(TestCaseExecutor.java:369)
	at com.kms.katalon.core.main.TestCaseExecutor.execute(TestCaseExecutor.java:369)
	at com.kms.katalon.core.main.TestCaseExecutor.execute(TestCaseExecutor.java:369)
	at com.kms.katalon.core.common.CommonExecutor.accessTestCaseMainPhase(CommonExecutor.java:65)
	at com.kms.katalon.core.main.TestSuiteExecutor.accessTestSuiteMainPhase(TestSuiteExecutor.java:148)
	at com.kms.katalon.core.main.TestSuiteExecutor.execute(TestSuiteExecutor.java:106)
	at com.kms.katalon.core.main.TestCaseMain.startTestSuite(TestCaseMain.java:187)
	at com.kms.katalon.core.main.TestCaseMain$startTestSuite$0.call(Unknown Source)
	at TempTestSuite1692955851587.run(TempTestSuite1692955851587.groovy:36)
Caused by: com.kms.katalon.core.exception.StepFailedException: Actual text 'History' and expected text '' of test object 'Object Repository/History/title_History' are NOT matched.
	at com.kms.katalon.core.webui.keyword.internal.WebUIKeywordMain.stepFailed(WebUIKeywordMain.groovy:64)
	at com.kms.katalon.core.webui.keyword.builtin.VerifyElementTextKeyword$_verifyElementText_closure1.doCall(VerifyElementTextKeyword.groovy:57)
	at com.kms.katalon.core.webui.keyword.builtin.VerifyElementTextKeyword$_verifyElementText_closure1.call(VerifyElementTextKeyword.groovy)
	at com.kms.katalon.core.webui.keyword.internal.WebUIKeywordMain.runKeyword(WebUIKeywordMain.groovy:20)
	... 22 more]]></system-err>
      </testcase>
      <testcase name="Test Cases/History/Test Case 3.2" time="24.063" classname="Test Cases/History/Test Case 3.2" status="FAILED">
         <failure type="FAILED" message="Test Cases/History/Test Case 3.2 FAILED.
Reason:
com.kms.katalon.core.exception.StepFailedException: Verify element text of test object 'Object Repository/History/title_History' FAILED.
	at com.kms.katalon.core.webui.keyword.internal.WebUIKeywordMain.stepFailed(WebUIKeywordMain.groovy:64)
	at com.kms.katalon.core.webui.keyword.internal.WebUIKeywordMain.runKeyword(WebUIKeywordMain.groovy:26)
	at com.kms.katalon.core.webui.keyword.builtin.VerifyElementTextKeyword.verifyElementText(VerifyElementTextKeyword.groovy:72)
	at com.kms.katalon.core.webui.keyword.builtin.VerifyElementTextKeyword.execute(VerifyElementTextKeyword.groovy:40)
	at com.kms.katalon.core.keyword.internal.KeywordExecutor.executeKeywordForPlatform(KeywordExecutor.groovy:74)
	at com.kms.katalon.core.webui.keyword.WebUiBuiltInKeywords.verifyElementText(WebUiBuiltInKeywords.groovy:4749)
	at com.kms.katalon.core.webui.keyword.WebUiBuiltInKeywords$verifyElementText$5.call(Unknown Source)
	at Test Case 3.2.run(Test Case 3.2:28)
	at com.kms.katalon.core.main.ScriptEngine.run(ScriptEngine.java:194)
	at com.kms.katalon.core.main.ScriptEngine.runScriptAsRawText(ScriptEngine.java:119)
	at com.kms.katalon.core.main.TestCaseExecutor.runScript(TestCaseExecutor.java:448)
	at com.kms.katalon.core.main.TestCaseExecutor.doExecute(TestCaseExecutor.java:439)
	at com.kms.katalon.core.main.TestCaseExecutor.processExecutionPhase(TestCaseExecutor.java:418)
	at com.kms.katalon.core.main.TestCaseExecutor.accessMainPhase(TestCaseExecutor.java:410)
	at com.kms.katalon.core.main.TestCaseExecutor.execute(TestCaseExecutor.java:285)
	at com.kms.katalon.core.main.TestCaseExecutor.execute(TestCaseExecutor.java:369)
	at com.kms.katalon.core.main.TestCaseExecutor.execute(TestCaseExecutor.java:369)
	at com.kms.katalon.core.main.TestCaseExecutor.execute(TestCaseExecutor.java:369)
	at com.kms.katalon.core.common.CommonExecutor.accessTestCaseMainPhase(CommonExecutor.java:65)
	at com.kms.katalon.core.main.TestSuiteExecutor.accessTestSuiteMainPhase(TestSuiteExecutor.java:148)
	at com.kms.katalon.core.main.TestSuiteExecutor.execute(TestSuiteExecutor.java:106)
	at com.kms.katalon.core.main.TestCaseMain.startTestSuite(TestCaseMain.java:187)
	at com.kms.katalon.core.main.TestCaseMain$startTestSuite$0.call(Unknown Source)
	at TempTestSuite1692955851587.run(TempTestSuite1692955851587.groovy:36)
Caused by: com.kms.katalon.core.exception.StepFailedException: Actual text 'History' and expected text '' of test object 'Object Repository/History/title_History' are NOT matched.
	at com.kms.katalon.core.webui.keyword.internal.WebUIKeywordMain.stepFailed(WebUIKeywordMain.groovy:64)
	at com.kms.katalon.core.webui.keyword.builtin.VerifyElementTextKeyword$_verifyElementText_closure1.doCall(VerifyElementTextKeyword.groovy:57)
	at com.kms.katalon.core.webui.keyword.builtin.VerifyElementTextKeyword$_verifyElementText_closure1.call(VerifyElementTextKeyword.groovy)
	at com.kms.katalon.core.webui.keyword.internal.WebUIKeywordMain.runKeyword(WebUIKeywordMain.groovy:20)
	... 22 more
"/>
         <system-out><![CDATA[2023-08-25 16:42:05 - [TEST_CASE][FAILED] - Test Cases/History/Test Case 3.2: Test Cases/History/Test Case 3.2 FAILED.
Reason:
com.kms.katalon.core.exception.StepFailedException: Verify element text of test object 'Object Repository/History/title_History' FAILED.
	at com.kms.katalon.core.webui.keyword.internal.WebUIKeywordMain.stepFailed(WebUIKeywordMain.groovy:64)
	at com.kms.katalon.core.webui.keyword.internal.WebUIKeywordMain.runKeyword(WebUIKeywordMain.groovy:26)
	at com.kms.katalon.core.webui.keyword.builtin.VerifyElementTextKeyword.verifyElementText(VerifyElementTextKeyword.groovy:72)
	at com.kms.katalon.core.webui.keyword.builtin.VerifyElementTextKeyword.execute(VerifyElementTextKeyword.groovy:40)
	at com.kms.katalon.core.keyword.internal.KeywordExecutor.executeKeywordForPlatform(KeywordExecutor.groovy:74)
	at com.kms.katalon.core.webui.keyword.WebUiBuiltInKeywords.verifyElementText(WebUiBuiltInKeywords.groovy:4749)
	at com.kms.katalon.core.webui.keyword.WebUiBuiltInKeywords$verifyElementText$5.call(Unknown Source)
	at Test Case 3.2.run(Test Case 3.2:28)
	at com.kms.katalon.core.main.ScriptEngine.run(ScriptEngine.java:194)
	at com.kms.katalon.core.main.ScriptEngine.runScriptAsRawText(ScriptEngine.java:119)
	at com.kms.katalon.core.main.TestCaseExecutor.runScript(TestCaseExecutor.java:448)
	at com.kms.katalon.core.main.TestCaseExecutor.doExecute(TestCaseExecutor.java:439)
	at com.kms.katalon.core.main.TestCaseExecutor.processExecutionPhase(TestCaseExecutor.java:418)
	at com.kms.katalon.core.main.TestCaseExecutor.accessMainPhase(TestCaseExecutor.java:410)
	at com.kms.katalon.core.main.TestCaseExecutor.execute(TestCaseExecutor.java:285)
	at com.kms.katalon.core.main.TestCaseExecutor.execute(TestCaseExecutor.java:369)
	at com.kms.katalon.core.main.TestCaseExecutor.execute(TestCaseExecutor.java:369)
	at com.kms.katalon.core.main.TestCaseExecutor.execute(TestCaseExecutor.java:369)
	at com.kms.katalon.core.common.CommonExecutor.accessTestCaseMainPhase(CommonExecutor.java:65)
	at com.kms.katalon.core.main.TestSuiteExecutor.accessTestSuiteMainPhase(TestSuiteExecutor.java:148)
	at com.kms.katalon.core.main.TestSuiteExecutor.execute(TestSuiteExecutor.java:106)
	at com.kms.katalon.core.main.TestCaseMain.startTestSuite(TestCaseMain.java:187)
	at com.kms.katalon.core.main.TestCaseMain$startTestSuite$0.call(Unknown Source)
	at TempTestSuite1692955851587.run(TempTestSuite1692955851587.groovy:36)
Caused by: com.kms.katalon.core.exception.StepFailedException: Actual text 'History' and expected text '' of test object 'Object Repository/History/title_History' are NOT matched.
	at com.kms.katalon.core.webui.keyword.internal.WebUIKeywordMain.stepFailed(WebUIKeywordMain.groovy:64)
	at com.kms.katalon.core.webui.keyword.builtin.VerifyElementTextKeyword$_verifyElementText_closure1.doCall(VerifyElementTextKeyword.groovy:57)
	at com.kms.katalon.core.webui.keyword.builtin.VerifyElementTextKeyword$_verifyElementText_closure1.call(VerifyElementTextKeyword.groovy)
	at com.kms.katalon.core.webui.keyword.internal.WebUIKeywordMain.runKeyword(WebUIKeywordMain.groovy:20)
	... 22 more


2023-08-25 16:42:05 - [TEST_STEP][PASSED] - callTestCase(findTestCase("Appointment/Test Case 2.1 (Versi Dinamis)"), ["username":"John Doe", "password":"g3/DOGG74jC3Flrr3yH+3D/yKbOqqUNM", "facility":"Tokyo CURA Healthcare Center", "hospital_readmission":"yes", ... ], STOP_ON_FAILURE): Call Test Case 'Test Cases/Appointment/Test Case 2.1 (Versi Dinamis)' successfully

2023-08-25 16:42:05 - [TEST_CASE][PASSED] - Test Cases/Appointment/Test Case 2.1 (Versi Dinamis): Test Cases/Appointment/Test Case 2.1 (Versi Dinamis)

2023-08-25 16:42:05 - [TEST_STEP][PASSED] - callTestCase(findTestCase("Login/Test Case 1.1 (Manual)"), ["Username":username, "Password":password], STOP_ON_FAILURE): Call Test Case 'Test Cases/Login/Test Case 1.1 (Manual)' successfully

2023-08-25 16:42:05 - [TEST_CASE][PASSED] - Test Cases/Login/Test Case 1.1 (Manual): Test Cases/Login/Test Case 1.1 (Manual)

2023-08-25 16:42:05 - [TEST_STEP][PASSED] - openBrowser(WEB_URL): Browser is opened with url: 'https://katalon-demo-cura.herokuapp.com/'

2023-08-25 16:42:05 - [MESSAGE][WARNING] - A browser is already opened. Closing browser and opening a new one

2023-08-25 16:42:06 - [MESSAGE][INFO] - Starting 'Edge Chromium' driver

2023-08-25 16:42:08 - [MESSAGE][INFO] - Action delay is set to 0 milliseconds

2023-08-25 16:42:14 - [MESSAGE][PASSED] - Browser is opened with url: 'https://katalon-demo-cura.herokuapp.com/'

2023-08-25 16:42:14 - [TEST_STEP][PASSED] - verifyElementPresent(findTestObject("Login/Title Home Page"), 10): Object 'Object Repository/Login/Title Home Page' is present

2023-08-25 16:42:15 - [MESSAGE][PASSED] - Object 'Object Repository/Login/Title Home Page' is present

2023-08-25 16:42:15 - [TEST_STEP][PASSED] - click(findTestObject("Login/Menu Burger")): Object: 'Object Repository/Login/Menu Burger' is clicked on

2023-08-25 16:42:15 - [MESSAGE][PASSED] - Object: 'Object Repository/Login/Menu Burger' is clicked on

2023-08-25 16:42:15 - [TEST_STEP][PASSED] - click(findTestObject("Login/Menu Login")): Object: 'Object Repository/Login/Menu Login' is clicked on

2023-08-25 16:42:17 - [MESSAGE][PASSED] - Object: 'Object Repository/Login/Menu Login' is clicked on

2023-08-25 16:42:17 - [TEST_STEP][PASSED] - verifyElementPresent(findTestObject("Login/Title Login"), 10): Object 'Object Repository/Login/Title Login' is present

2023-08-25 16:42:17 - [MESSAGE][PASSED] - Object 'Object Repository/Login/Title Login' is present

2023-08-25 16:42:17 - [TEST_STEP][PASSED] - setText(findTestObject("Login/input_Username"), Username): Text 'John Doe' is set on object 'Object Repository/Login/input_Username'

2023-08-25 16:42:18 - [MESSAGE][PASSED] - Text 'John Doe' is set on object 'Object Repository/Login/input_Username'

2023-08-25 16:42:18 - [TEST_STEP][PASSED] - setEncryptedText(findTestObject("Login/input_Password"), Password): Text ****** has been set on object 'Object Repository/Login/input_Password'

2023-08-25 16:42:19 - [MESSAGE][PASSED] - Text ****** has been set on object 'Object Repository/Login/input_Password'

2023-08-25 16:42:19 - [TEST_STEP][PASSED] - click(findTestObject("Login/button_Login")): Object: 'Object Repository/Login/button_Login' is clicked on

2023-08-25 16:42:20 - [MESSAGE][PASSED] - Object: 'Object Repository/Login/button_Login' is clicked on

2023-08-25 16:42:20 - [TEST_STEP][PASSED] - verifyElementPresent(findTestObject("Login/Title_Make Appointment"), 10): Object 'Object Repository/Login/Title_Make Appointment' is present

2023-08-25 16:42:20 - [MESSAGE][PASSED] - Object 'Object Repository/Login/Title_Make Appointment' is present

2023-08-25 16:42:20 - [MESSAGE][PASSED] - Call Test Case 'Test Cases/Login/Test Case 1.1 (Manual)' successfully

2023-08-25 16:42:20 - [TEST_STEP][PASSED] - selectOptionByValue(findTestObject("Make Appointment/select dropdown"), facility, false): All options with value 'Tokyo CURA Healthcare Center' are selected in object 'Object Repository/Make Appointment/select dropdown' 

2023-08-25 16:42:21 - [MESSAGE][PASSED] - All options with value 'Tokyo CURA Healthcare Center' are selected in object 'Object Repository/Make Appointment/select dropdown' 

2023-08-25 16:42:21 - [TEST_STEP][PASSED] - if (toString().equalsIgnoreCase("yes")): Object 'Object Repository/Make Appointment/Check Box Readmission' is checked

2023-08-25 16:42:21 - [TEST_STEP][PASSED] - check(findTestObject("Make Appointment/Check Box Readmission")): Object 'Object Repository/Make Appointment/Check Box Readmission' is checked

2023-08-25 16:42:21 - [MESSAGE][PASSED] - Object 'Object Repository/Make Appointment/Check Box Readmission' is checked

2023-08-25 16:42:21 - [TEST_STEP][PASSED] - if (toString().equalsIgnoreCase("medicare")): null

2023-08-25 16:42:21 - [TEST_STEP][PASSED] - else if (toString().equalsIgnoreCase("medicaid")): Object 'Object Repository/Make Appointment/input_Medicaid_programs' is checked

2023-08-25 16:42:21 - [TEST_STEP][PASSED] - check(findTestObject("Object Repository/Make Appointment/input_Medicaid_programs")): Object 'Object Repository/Make Appointment/input_Medicaid_programs' is checked

2023-08-25 16:42:22 - [MESSAGE][PASSED] - Object 'Object Repository/Make Appointment/input_Medicaid_programs' is checked

2023-08-25 16:42:22 - [TEST_STEP][PASSED] - setText(findTestObject("Make Appointment/input_Visit Date"), visit_date): Text '23/08/2023' is set on object 'Object Repository/Make Appointment/input_Visit Date'

2023-08-25 16:42:22 - [MESSAGE][PASSED] - Text '23/08/2023' is set on object 'Object Repository/Make Appointment/input_Visit Date'

2023-08-25 16:42:22 - [TEST_STEP][PASSED] - setText(findTestObject("Make Appointment/Comment"), comment): Text 'Nice' is set on object 'Object Repository/Make Appointment/Comment'

2023-08-25 16:42:23 - [MESSAGE][PASSED] - Text 'Nice' is set on object 'Object Repository/Make Appointment/Comment'

2023-08-25 16:42:23 - [TEST_STEP][PASSED] - click(findTestObject("Make Appointment/button_Book Appointment")): Object: 'Object Repository/Make Appointment/button_Book Appointment' is clicked on

2023-08-25 16:42:25 - [MESSAGE][PASSED] - Object: 'Object Repository/Make Appointment/button_Book Appointment' is clicked on

2023-08-25 16:42:25 - [TEST_STEP][PASSED] - verifyElementPresent(findTestObject("Make Appointment/Appointment Confirmation"), 10): Object 'Object Repository/Make Appointment/Appointment Confirmation' is present

2023-08-25 16:42:25 - [MESSAGE][PASSED] - Object 'Object Repository/Make Appointment/Appointment Confirmation' is present

2023-08-25 16:42:25 - [TEST_STEP][PASSED] - hasilFacility = getText(findTestObject("Object Repository/Make Appointment/Facility")): Text of object 'Object Repository/Make Appointment/Facility' is: 'Tokyo CURA Healthcare Center'

2023-08-25 16:42:25 - [MESSAGE][PASSED] - Text of object 'Object Repository/Make Appointment/Facility' is: 'Tokyo CURA Healthcare Center'

2023-08-25 16:42:25 - [TEST_STEP][PASSED] - hasilReadmission = getText(findTestObject("Make Appointment/Apply Readmission")): Text of object 'Object Repository/Make Appointment/Apply Readmission' is: 'Yes'

2023-08-25 16:42:26 - [MESSAGE][PASSED] - Text of object 'Object Repository/Make Appointment/Apply Readmission' is: 'Yes'

2023-08-25 16:42:26 - [TEST_STEP][PASSED] - hasilHealthPro = getText(findTestObject("Make Appointment/Program Healthcare")): Text of object 'Object Repository/Make Appointment/Program Healthcare' is: 'Medicaid'

2023-08-25 16:42:26 - [MESSAGE][PASSED] - Text of object 'Object Repository/Make Appointment/Program Healthcare' is: 'Medicaid'

2023-08-25 16:42:26 - [TEST_STEP][PASSED] - hasilVisitDate = getText(findTestObject("Make Appointment/Visit_Date")): Text of object 'Object Repository/Make Appointment/Visit_Date' is: '23/08/2023'

2023-08-25 16:42:27 - [MESSAGE][PASSED] - Text of object 'Object Repository/Make Appointment/Visit_Date' is: '23/08/2023'

2023-08-25 16:42:27 - [TEST_STEP][PASSED] - hasilComment = getText(findTestObject("Make Appointment/isi comment")): Text of object 'Object Repository/Make Appointment/isi comment' is: 'Nice'

2023-08-25 16:42:27 - [MESSAGE][PASSED] - Text of object 'Object Repository/Make Appointment/isi comment' is: 'Nice'

2023-08-25 16:42:27 - [TEST_STEP][PASSED] - assert trim().equalsIgnoreCase(facility.trim()): null

2023-08-25 16:42:27 - [TEST_STEP][PASSED] - assert trim().equalsIgnoreCase(hospital_readmission.trim()): null

2023-08-25 16:42:27 - [TEST_STEP][PASSED] - assert trim().equalsIgnoreCase(healthcare_program.trim()): null

2023-08-25 16:42:27 - [TEST_STEP][PASSED] - assert trim().equalsIgnoreCase(visit_date.trim()): null

2023-08-25 16:42:27 - [TEST_STEP][PASSED] - assert trim().equalsIgnoreCase(comment.trim()): null

2023-08-25 16:42:27 - [MESSAGE][PASSED] - Call Test Case 'Test Cases/Appointment/Test Case 2.1 (Versi Dinamis)' successfully

2023-08-25 16:42:27 - [TEST_STEP][PASSED] - click(findTestObject("History/hamburger 3")): Object: 'Object Repository/History/hamburger 3' is clicked on

2023-08-25 16:42:27 - [MESSAGE][PASSED] - Object: 'Object Repository/History/hamburger 3' is clicked on

2023-08-25 16:42:27 - [TEST_STEP][PASSED] - click(findTestObject("History/Menu_History")): Object: 'Object Repository/History/Menu_History' is clicked on

2023-08-25 16:42:28 - [MESSAGE][PASSED] - Object: 'Object Repository/History/Menu_History' is clicked on

2023-08-25 16:42:28 - [TEST_STEP][FAILED] - verifyElementText(findTestObject("History/title_History"), ""): Verify element text of test object 'Object Repository/History/title_History' FAILED. (Root cause: com.kms.katalon.core.exception.StepFailedException: Verify element text of test object 'Object Repository/History/title_History' FAILED.
	at com.kms.katalon.core.webui.keyword.internal.WebUIKeywordMain.stepFailed(WebUIKeywordMain.groovy:64)
	at com.kms.katalon.core.webui.keyword.internal.WebUIKeywordMain.runKeyword(WebUIKeywordMain.groovy:26)
	at com.kms.katalon.core.webui.keyword.builtin.VerifyElementTextKeyword.verifyElementText(VerifyElementTextKeyword.groovy:72)
	at com.kms.katalon.core.webui.keyword.builtin.VerifyElementTextKeyword.execute(VerifyElementTextKeyword.groovy:40)
	at com.kms.katalon.core.keyword.internal.KeywordExecutor.executeKeywordForPlatform(KeywordExecutor.groovy:74)
	at com.kms.katalon.core.webui.keyword.WebUiBuiltInKeywords.verifyElementText(WebUiBuiltInKeywords.groovy:4749)
	at com.kms.katalon.core.webui.keyword.WebUiBuiltInKeywords$verifyElementText$5.call(Unknown Source)
	at Test Case 3.2.run(Test Case 3.2:28)
	at com.kms.katalon.core.main.ScriptEngine.run(ScriptEngine.java:194)
	at com.kms.katalon.core.main.ScriptEngine.runScriptAsRawText(ScriptEngine.java:119)
	at com.kms.katalon.core.main.TestCaseExecutor.runScript(TestCaseExecutor.java:448)
	at com.kms.katalon.core.main.TestCaseExecutor.doExecute(TestCaseExecutor.java:439)
	at com.kms.katalon.core.main.TestCaseExecutor.processExecutionPhase(TestCaseExecutor.java:418)
	at com.kms.katalon.core.main.TestCaseExecutor.accessMainPhase(TestCaseExecutor.java:410)
	at com.kms.katalon.core.main.TestCaseExecutor.execute(TestCaseExecutor.java:285)
	at com.kms.katalon.core.main.TestCaseExecutor.execute(TestCaseExecutor.java:369)
	at com.kms.katalon.core.main.TestCaseExecutor.execute(TestCaseExecutor.java:369)
	at com.kms.katalon.core.main.TestCaseExecutor.execute(TestCaseExecutor.java:369)
	at com.kms.katalon.core.common.CommonExecutor.accessTestCaseMainPhase(CommonExecutor.java:65)
	at com.kms.katalon.core.main.TestSuiteExecutor.accessTestSuiteMainPhase(TestSuiteExecutor.java:148)
	at com.kms.katalon.core.main.TestSuiteExecutor.execute(TestSuiteExecutor.java:106)
	at com.kms.katalon.core.main.TestCaseMain.startTestSuite(TestCaseMain.java:187)
	at com.kms.katalon.core.main.TestCaseMain$startTestSuite$0.call(Unknown Source)
	at TempTestSuite1692955851587.run(TempTestSuite1692955851587.groovy:36)
Caused by: com.kms.katalon.core.exception.StepFailedException: Actual text 'History' and expected text '' of test object 'Object Repository/History/title_History' are NOT matched.
	at com.kms.katalon.core.webui.keyword.internal.WebUIKeywordMain.stepFailed(WebUIKeywordMain.groovy:64)
	at com.kms.katalon.core.webui.keyword.builtin.VerifyElementTextKeyword$_verifyElementText_closure1.doCall(VerifyElementTextKeyword.groovy:57)
	at com.kms.katalon.core.webui.keyword.builtin.VerifyElementTextKeyword$_verifyElementText_closure1.call(VerifyElementTextKeyword.groovy)
	at com.kms.katalon.core.webui.keyword.internal.WebUIKeywordMain.runKeyword(WebUIKeywordMain.groovy:20)
	... 22 more
)

2023-08-25 16:42:29 - [MESSAGE][FAILED] - Actual text 'History' and expected text '' of test object 'Object Repository/History/title_History' are NOT matched. (Root cause: com.kms.katalon.core.exception.StepFailedException: Actual text 'History' and expected text '' of test object 'Object Repository/History/title_History' are NOT matched.
	at com.kms.katalon.core.webui.keyword.internal.WebUIKeywordMain.stepFailed(WebUIKeywordMain.groovy:64)
	at com.kms.katalon.core.webui.keyword.builtin.VerifyElementTextKeyword$_verifyElementText_closure1.doCall(VerifyElementTextKeyword.groovy:57)
	at com.kms.katalon.core.webui.keyword.builtin.VerifyElementTextKeyword$_verifyElementText_closure1.call(VerifyElementTextKeyword.groovy)
	at com.kms.katalon.core.webui.keyword.internal.WebUIKeywordMain.runKeyword(WebUIKeywordMain.groovy:20)
	at com.kms.katalon.core.webui.keyword.builtin.VerifyElementTextKeyword.verifyElementText(VerifyElementTextKeyword.groovy:72)
	at com.kms.katalon.core.webui.keyword.builtin.VerifyElementTextKeyword.execute(VerifyElementTextKeyword.groovy:40)
	at com.kms.katalon.core.keyword.internal.KeywordExecutor.executeKeywordForPlatform(KeywordExecutor.groovy:74)
	at com.kms.katalon.core.webui.keyword.WebUiBuiltInKeywords.verifyElementText(WebUiBuiltInKeywords.groovy:4749)
	at com.kms.katalon.core.webui.keyword.WebUiBuiltInKeywords$verifyElementText$5.call(Unknown Source)
	at Test Case 3.2.run(Test Case 3.2:28)
	at com.kms.katalon.core.main.ScriptEngine.run(ScriptEngine.java:194)
	at com.kms.katalon.core.main.ScriptEngine.runScriptAsRawText(ScriptEngine.java:119)
	at com.kms.katalon.core.main.TestCaseExecutor.runScript(TestCaseExecutor.java:448)
	at com.kms.katalon.core.main.TestCaseExecutor.doExecute(TestCaseExecutor.java:439)
	at com.kms.katalon.core.main.TestCaseExecutor.processExecutionPhase(TestCaseExecutor.java:418)
	at com.kms.katalon.core.main.TestCaseExecutor.accessMainPhase(TestCaseExecutor.java:410)
	at com.kms.katalon.core.main.TestCaseExecutor.execute(TestCaseExecutor.java:285)
	at com.kms.katalon.core.main.TestCaseExecutor.execute(TestCaseExecutor.java:369)
	at com.kms.katalon.core.main.TestCaseExecutor.execute(TestCaseExecutor.java:369)
	at com.kms.katalon.core.main.TestCaseExecutor.execute(TestCaseExecutor.java:369)
	at com.kms.katalon.core.common.CommonExecutor.accessTestCaseMainPhase(CommonExecutor.java:65)
	at com.kms.katalon.core.main.TestSuiteExecutor.accessTestSuiteMainPhase(TestSuiteExecutor.java:148)
	at com.kms.katalon.core.main.TestSuiteExecutor.execute(TestSuiteExecutor.java:106)
	at com.kms.katalon.core.main.TestCaseMain.startTestSuite(TestCaseMain.java:187)
	at com.kms.katalon.core.main.TestCaseMain$startTestSuite$0.call(Unknown Source)
	at TempTestSuite1692955851587.run(TempTestSuite1692955851587.groovy:36)
)
[[ATTACHMENT|D:\\XSIS MITRA UTAMA\\batch-324-qa\\Danty\\Cura Heroku App\\Reports\\20230825_163051\\Test Suite CURA Heroku App\\20230825_163051\\1692956549098.png]]

2023-08-25 16:42:29 - [MESSAGE][FAILED] - Verify element text of test object 'Object Repository/History/title_History' FAILED. (Root cause: com.kms.katalon.core.exception.StepFailedException: Verify element text of test object 'Object Repository/History/title_History' FAILED.
	at com.kms.katalon.core.webui.keyword.internal.WebUIKeywordMain.stepFailed(WebUIKeywordMain.groovy:64)
	at com.kms.katalon.core.webui.keyword.internal.WebUIKeywordMain.runKeyword(WebUIKeywordMain.groovy:26)
	at com.kms.katalon.core.webui.keyword.builtin.VerifyElementTextKeyword.verifyElementText(VerifyElementTextKeyword.groovy:72)
	at com.kms.katalon.core.webui.keyword.builtin.VerifyElementTextKeyword.execute(VerifyElementTextKeyword.groovy:40)
	at com.kms.katalon.core.keyword.internal.KeywordExecutor.executeKeywordForPlatform(KeywordExecutor.groovy:74)
	at com.kms.katalon.core.webui.keyword.WebUiBuiltInKeywords.verifyElementText(WebUiBuiltInKeywords.groovy:4749)
	at com.kms.katalon.core.webui.keyword.WebUiBuiltInKeywords$verifyElementText$5.call(Unknown Source)
	at Test Case 3.2.run(Test Case 3.2:28)
	at com.kms.katalon.core.main.ScriptEngine.run(ScriptEngine.java:194)
	at com.kms.katalon.core.main.ScriptEngine.runScriptAsRawText(ScriptEngine.java:119)
	at com.kms.katalon.core.main.TestCaseExecutor.runScript(TestCaseExecutor.java:448)
	at com.kms.katalon.core.main.TestCaseExecutor.doExecute(TestCaseExecutor.java:439)
	at com.kms.katalon.core.main.TestCaseExecutor.processExecutionPhase(TestCaseExecutor.java:418)
	at com.kms.katalon.core.main.TestCaseExecutor.accessMainPhase(TestCaseExecutor.java:410)
	at com.kms.katalon.core.main.TestCaseExecutor.execute(TestCaseExecutor.java:285)
	at com.kms.katalon.core.main.TestCaseExecutor.execute(TestCaseExecutor.java:369)
	at com.kms.katalon.core.main.TestCaseExecutor.execute(TestCaseExecutor.java:369)
	at com.kms.katalon.core.main.TestCaseExecutor.execute(TestCaseExecutor.java:369)
	at com.kms.katalon.core.common.CommonExecutor.accessTestCaseMainPhase(CommonExecutor.java:65)
	at com.kms.katalon.core.main.TestSuiteExecutor.accessTestSuiteMainPhase(TestSuiteExecutor.java:148)
	at com.kms.katalon.core.main.TestSuiteExecutor.execute(TestSuiteExecutor.java:106)
	at com.kms.katalon.core.main.TestCaseMain.startTestSuite(TestCaseMain.java:187)
	at com.kms.katalon.core.main.TestCaseMain$startTestSuite$0.call(Unknown Source)
	at TempTestSuite1692955851587.run(TempTestSuite1692955851587.groovy:36)
Caused by: com.kms.katalon.core.exception.StepFailedException: Actual text 'History' and expected text '' of test object 'Object Repository/History/title_History' are NOT matched.
	at com.kms.katalon.core.webui.keyword.internal.WebUIKeywordMain.stepFailed(WebUIKeywordMain.groovy:64)
	at com.kms.katalon.core.webui.keyword.builtin.VerifyElementTextKeyword$_verifyElementText_closure1.doCall(VerifyElementTextKeyword.groovy:57)
	at com.kms.katalon.core.webui.keyword.builtin.VerifyElementTextKeyword$_verifyElementText_closure1.call(VerifyElementTextKeyword.groovy)
	at com.kms.katalon.core.webui.keyword.internal.WebUIKeywordMain.runKeyword(WebUIKeywordMain.groovy:20)
	... 22 more
)
[[ATTACHMENT|D:\\XSIS MITRA UTAMA\\batch-324-qa\\Danty\\Cura Heroku App\\Reports\\20230825_163051\\Test Suite CURA Heroku App\\20230825_163051\\1692956549189.png]]]]></system-out>
         <system-err><![CDATA[2023-08-25 16:42:05 - [TEST_CASE][FAILED] - Test Cases/History/Test Case 3.2: Test Cases/History/Test Case 3.2 FAILED.
Reason:
com.kms.katalon.core.exception.StepFailedException: Verify element text of test object 'Object Repository/History/title_History' FAILED.
	at com.kms.katalon.core.webui.keyword.internal.WebUIKeywordMain.stepFailed(WebUIKeywordMain.groovy:64)
	at com.kms.katalon.core.webui.keyword.internal.WebUIKeywordMain.runKeyword(WebUIKeywordMain.groovy:26)
	at com.kms.katalon.core.webui.keyword.builtin.VerifyElementTextKeyword.verifyElementText(VerifyElementTextKeyword.groovy:72)
	at com.kms.katalon.core.webui.keyword.builtin.VerifyElementTextKeyword.execute(VerifyElementTextKeyword.groovy:40)
	at com.kms.katalon.core.keyword.internal.KeywordExecutor.executeKeywordForPlatform(KeywordExecutor.groovy:74)
	at com.kms.katalon.core.webui.keyword.WebUiBuiltInKeywords.verifyElementText(WebUiBuiltInKeywords.groovy:4749)
	at com.kms.katalon.core.webui.keyword.WebUiBuiltInKeywords$verifyElementText$5.call(Unknown Source)
	at Test Case 3.2.run(Test Case 3.2:28)
	at com.kms.katalon.core.main.ScriptEngine.run(ScriptEngine.java:194)
	at com.kms.katalon.core.main.ScriptEngine.runScriptAsRawText(ScriptEngine.java:119)
	at com.kms.katalon.core.main.TestCaseExecutor.runScript(TestCaseExecutor.java:448)
	at com.kms.katalon.core.main.TestCaseExecutor.doExecute(TestCaseExecutor.java:439)
	at com.kms.katalon.core.main.TestCaseExecutor.processExecutionPhase(TestCaseExecutor.java:418)
	at com.kms.katalon.core.main.TestCaseExecutor.accessMainPhase(TestCaseExecutor.java:410)
	at com.kms.katalon.core.main.TestCaseExecutor.execute(TestCaseExecutor.java:285)
	at com.kms.katalon.core.main.TestCaseExecutor.execute(TestCaseExecutor.java:369)
	at com.kms.katalon.core.main.TestCaseExecutor.execute(TestCaseExecutor.java:369)
	at com.kms.katalon.core.main.TestCaseExecutor.execute(TestCaseExecutor.java:369)
	at com.kms.katalon.core.common.CommonExecutor.accessTestCaseMainPhase(CommonExecutor.java:65)
	at com.kms.katalon.core.main.TestSuiteExecutor.accessTestSuiteMainPhase(TestSuiteExecutor.java:148)
	at com.kms.katalon.core.main.TestSuiteExecutor.execute(TestSuiteExecutor.java:106)
	at com.kms.katalon.core.main.TestCaseMain.startTestSuite(TestCaseMain.java:187)
	at com.kms.katalon.core.main.TestCaseMain$startTestSuite$0.call(Unknown Source)
	at TempTestSuite1692955851587.run(TempTestSuite1692955851587.groovy:36)
Caused by: com.kms.katalon.core.exception.StepFailedException: Actual text 'History' and expected text '' of test object 'Object Repository/History/title_History' are NOT matched.
	at com.kms.katalon.core.webui.keyword.internal.WebUIKeywordMain.stepFailed(WebUIKeywordMain.groovy:64)
	at com.kms.katalon.core.webui.keyword.builtin.VerifyElementTextKeyword$_verifyElementText_closure1.doCall(VerifyElementTextKeyword.groovy:57)
	at com.kms.katalon.core.webui.keyword.builtin.VerifyElementTextKeyword$_verifyElementText_closure1.call(VerifyElementTextKeyword.groovy)
	at com.kms.katalon.core.webui.keyword.internal.WebUIKeywordMain.runKeyword(WebUIKeywordMain.groovy:20)
	... 22 more]]></system-err>
      </testcase>
      <testcase name="Test Cases/Logout/Test Case 4.1" time="14.977" classname="Test Cases/Logout/Test Case 4.1" status="PASSED">
         <system-out><![CDATA[2023-08-25 16:42:29 - [TEST_CASE][PASSED] - Test Cases/Logout/Test Case 4.1: Test Cases/Logout/Test Case 4.1

2023-08-25 16:42:29 - [TEST_STEP][PASSED] - callTestCase(findTestCase("Login/Test Case 1.1 (Manual)"), ["Username":username, "Password":password], STOP_ON_FAILURE): Call Test Case 'Test Cases/Login/Test Case 1.1 (Manual)' successfully

2023-08-25 16:42:29 - [TEST_CASE][PASSED] - Test Cases/Login/Test Case 1.1 (Manual): Test Cases/Login/Test Case 1.1 (Manual)

2023-08-25 16:42:29 - [TEST_STEP][PASSED] - openBrowser(WEB_URL): Browser is opened with url: 'https://katalon-demo-cura.herokuapp.com/'

2023-08-25 16:42:29 - [MESSAGE][WARNING] - A browser is already opened. Closing browser and opening a new one

2023-08-25 16:42:30 - [MESSAGE][INFO] - Starting 'Edge Chromium' driver

2023-08-25 16:42:32 - [MESSAGE][INFO] - Action delay is set to 0 milliseconds

2023-08-25 16:42:37 - [MESSAGE][PASSED] - Browser is opened with url: 'https://katalon-demo-cura.herokuapp.com/'

2023-08-25 16:42:37 - [TEST_STEP][PASSED] - verifyElementPresent(findTestObject("Login/Title Home Page"), 10): Object 'Object Repository/Login/Title Home Page' is present

2023-08-25 16:42:37 - [MESSAGE][PASSED] - Object 'Object Repository/Login/Title Home Page' is present

2023-08-25 16:42:37 - [TEST_STEP][PASSED] - click(findTestObject("Login/Menu Burger")): Object: 'Object Repository/Login/Menu Burger' is clicked on

2023-08-25 16:42:37 - [MESSAGE][PASSED] - Object: 'Object Repository/Login/Menu Burger' is clicked on

2023-08-25 16:42:37 - [TEST_STEP][PASSED] - click(findTestObject("Login/Menu Login")): Object: 'Object Repository/Login/Menu Login' is clicked on

2023-08-25 16:42:39 - [MESSAGE][PASSED] - Object: 'Object Repository/Login/Menu Login' is clicked on

2023-08-25 16:42:39 - [TEST_STEP][PASSED] - verifyElementPresent(findTestObject("Login/Title Login"), 10): Object 'Object Repository/Login/Title Login' is present

2023-08-25 16:42:39 - [MESSAGE][PASSED] - Object 'Object Repository/Login/Title Login' is present

2023-08-25 16:42:39 - [TEST_STEP][PASSED] - setText(findTestObject("Login/input_Username"), Username): Text 'John Doe' is set on object 'Object Repository/Login/input_Username'

2023-08-25 16:42:40 - [MESSAGE][PASSED] - Text 'John Doe' is set on object 'Object Repository/Login/input_Username'

2023-08-25 16:42:40 - [TEST_STEP][PASSED] - setEncryptedText(findTestObject("Login/input_Password"), Password): Text ****** has been set on object 'Object Repository/Login/input_Password'

2023-08-25 16:42:41 - [MESSAGE][PASSED] - Text ****** has been set on object 'Object Repository/Login/input_Password'

2023-08-25 16:42:41 - [TEST_STEP][PASSED] - click(findTestObject("Login/button_Login")): Object: 'Object Repository/Login/button_Login' is clicked on

2023-08-25 16:42:42 - [MESSAGE][PASSED] - Object: 'Object Repository/Login/button_Login' is clicked on

2023-08-25 16:42:42 - [TEST_STEP][PASSED] - verifyElementPresent(findTestObject("Login/Title_Make Appointment"), 10): Object 'Object Repository/Login/Title_Make Appointment' is present

2023-08-25 16:42:42 - [MESSAGE][PASSED] - Object 'Object Repository/Login/Title_Make Appointment' is present

2023-08-25 16:42:42 - [MESSAGE][PASSED] - Call Test Case 'Test Cases/Login/Test Case 1.1 (Manual)' successfully

2023-08-25 16:42:42 - [TEST_STEP][PASSED] - click(findTestObject("Logout/Hamburger 2")): Object: 'Object Repository/Logout/Hamburger 2' is clicked on

2023-08-25 16:42:42 - [MESSAGE][PASSED] - Object: 'Object Repository/Logout/Hamburger 2' is clicked on

2023-08-25 16:42:42 - [TEST_STEP][PASSED] - click(findTestObject("Logout/Menu_Logout")): Object: 'Object Repository/Logout/Menu_Logout' is clicked on

2023-08-25 16:42:43 - [MESSAGE][PASSED] - Object: 'Object Repository/Logout/Menu_Logout' is clicked on

2023-08-25 16:42:43 - [TEST_STEP][PASSED] - verifyElementPresent(findTestObject("Login/Title Home Page"), 10): Object 'Object Repository/Login/Title Home Page' is present

2023-08-25 16:42:44 - [MESSAGE][PASSED] - Object 'Object Repository/Login/Title Home Page' is present]]></system-out>
         <system-err><![CDATA[]]></system-err>
      </testcase>
      <system-out><![CDATA[2023-08-25 16:30:55 - [TEST_SUITE][FAILED] - Test Suite CURA Heroku App: Test Cases/Login/Test Case 1.3 FAILED.
Reason:
com.kms.katalon.core.exception.StepFailedException: Verify element text of test object 'Object Repository/Login/Error Message' FAILED.
	at com.kms.katalon.core.webui.keyword.internal.WebUIKeywordMain.stepFailed(WebUIKeywordMain.groovy:64)
	at com.kms.katalon.core.webui.keyword.internal.WebUIKeywordMain.runKeyword(WebUIKeywordMain.groovy:26)
	at com.kms.katalon.core.webui.keyword.builtin.VerifyElementTextKeyword.verifyElementText(VerifyElementTextKeyword.groovy:72)
	at com.kms.katalon.core.webui.keyword.builtin.VerifyElementTextKeyword.execute(VerifyElementTextKeyword.groovy:40)
	at com.kms.katalon.core.keyword.internal.KeywordExecutor.executeKeywordForPlatform(KeywordExecutor.groovy:74)
	at com.kms.katalon.core.webui.keyword.WebUiBuiltInKeywords.verifyElementText(WebUiBuiltInKeywords.groovy:4749)
	at com.kms.katalon.core.webui.keyword.WebUiBuiltInKeywords$verifyElementText$5.call(Unknown Source)
	at Test Case 1.3.run(Test Case 1.3:34)
	at com.kms.katalon.core.main.ScriptEngine.run(ScriptEngine.java:194)
	at com.kms.katalon.core.main.ScriptEngine.runScriptAsRawText(ScriptEngine.java:119)
	at com.kms.katalon.core.main.TestCaseExecutor.runScript(TestCaseExecutor.java:448)
	at com.kms.katalon.core.main.TestCaseExecutor.doExecute(TestCaseExecutor.java:439)
	at com.kms.katalon.core.main.TestCaseExecutor.processExecutionPhase(TestCaseExecutor.java:418)
	at com.kms.katalon.core.main.TestCaseExecutor.accessMainPhase(TestCaseExecutor.java:410)
	at com.kms.katalon.core.main.TestCaseExecutor.execute(TestCaseExecutor.java:285)
	at com.kms.katalon.core.common.CommonExecutor.accessTestCaseMainPhase(CommonExecutor.java:65)
	at com.kms.katalon.core.main.TestSuiteExecutor.accessTestSuiteMainPhase(TestSuiteExecutor.java:148)
	at com.kms.katalon.core.main.TestSuiteExecutor.execute(TestSuiteExecutor.java:106)
	at com.kms.katalon.core.main.TestCaseMain.startTestSuite(TestCaseMain.java:187)
	at com.kms.katalon.core.main.TestCaseMain$startTestSuite$0.call(Unknown Source)
	at TempTestSuite1692955851587.run(TempTestSuite1692955851587.groovy:36)
Caused by: com.kms.katalon.core.exception.StepFailedException: Actual text 'Login failed! Please ensure the username and password are valid.' and expected text 'Please fill out this field' of test object 'Object Repository/Login/Error Message' are NOT matched.
	at com.kms.katalon.core.webui.keyword.internal.WebUIKeywordMain.stepFailed(WebUIKeywordMain.groovy:64)
	at com.kms.katalon.core.webui.keyword.builtin.VerifyElementTextKeyword$_verifyElementText_closure1.doCall(VerifyElementTextKeyword.groovy:57)
	at com.kms.katalon.core.webui.keyword.builtin.VerifyElementTextKeyword$_verifyElementText_closure1.call(VerifyElementTextKeyword.groovy)
	at com.kms.katalon.core.webui.keyword.internal.WebUIKeywordMain.runKeyword(WebUIKeywordMain.groovy:20)
	... 19 more]]></system-out>
      <system-err><![CDATA[2023-08-25 16:30:55 - [TEST_SUITE][FAILED] - Test Suite CURA Heroku App: Test Cases/Login/Test Case 1.3 FAILED.
Reason:
com.kms.katalon.core.exception.StepFailedException: Verify element text of test object 'Object Repository/Login/Error Message' FAILED.
	at com.kms.katalon.core.webui.keyword.internal.WebUIKeywordMain.stepFailed(WebUIKeywordMain.groovy:64)
	at com.kms.katalon.core.webui.keyword.internal.WebUIKeywordMain.runKeyword(WebUIKeywordMain.groovy:26)
	at com.kms.katalon.core.webui.keyword.builtin.VerifyElementTextKeyword.verifyElementText(VerifyElementTextKeyword.groovy:72)
	at com.kms.katalon.core.webui.keyword.builtin.VerifyElementTextKeyword.execute(VerifyElementTextKeyword.groovy:40)
	at com.kms.katalon.core.keyword.internal.KeywordExecutor.executeKeywordForPlatform(KeywordExecutor.groovy:74)
	at com.kms.katalon.core.webui.keyword.WebUiBuiltInKeywords.verifyElementText(WebUiBuiltInKeywords.groovy:4749)
	at com.kms.katalon.core.webui.keyword.WebUiBuiltInKeywords$verifyElementText$5.call(Unknown Source)
	at Test Case 1.3.run(Test Case 1.3:34)
	at com.kms.katalon.core.main.ScriptEngine.run(ScriptEngine.java:194)
	at com.kms.katalon.core.main.ScriptEngine.runScriptAsRawText(ScriptEngine.java:119)
	at com.kms.katalon.core.main.TestCaseExecutor.runScript(TestCaseExecutor.java:448)
	at com.kms.katalon.core.main.TestCaseExecutor.doExecute(TestCaseExecutor.java:439)
	at com.kms.katalon.core.main.TestCaseExecutor.processExecutionPhase(TestCaseExecutor.java:418)
	at com.kms.katalon.core.main.TestCaseExecutor.accessMainPhase(TestCaseExecutor.java:410)
	at com.kms.katalon.core.main.TestCaseExecutor.execute(TestCaseExecutor.java:285)
	at com.kms.katalon.core.common.CommonExecutor.accessTestCaseMainPhase(CommonExecutor.java:65)
	at com.kms.katalon.core.main.TestSuiteExecutor.accessTestSuiteMainPhase(TestSuiteExecutor.java:148)
	at com.kms.katalon.core.main.TestSuiteExecutor.execute(TestSuiteExecutor.java:106)
	at com.kms.katalon.core.main.TestCaseMain.startTestSuite(TestCaseMain.java:187)
	at com.kms.katalon.core.main.TestCaseMain$startTestSuite$0.call(Unknown Source)
	at TempTestSuite1692955851587.run(TempTestSuite1692955851587.groovy:36)
Caused by: com.kms.katalon.core.exception.StepFailedException: Actual text 'Login failed! Please ensure the username and password are valid.' and expected text 'Please fill out this field' of test object 'Object Repository/Login/Error Message' are NOT matched.
	at com.kms.katalon.core.webui.keyword.internal.WebUIKeywordMain.stepFailed(WebUIKeywordMain.groovy:64)
	at com.kms.katalon.core.webui.keyword.builtin.VerifyElementTextKeyword$_verifyElementText_closure1.doCall(VerifyElementTextKeyword.groovy:57)
	at com.kms.katalon.core.webui.keyword.builtin.VerifyElementTextKeyword$_verifyElementText_closure1.call(VerifyElementTextKeyword.groovy)
	at com.kms.katalon.core.webui.keyword.internal.WebUIKeywordMain.runKeyword(WebUIKeywordMain.groovy:20)
	... 19 more]]></system-err>
   </testsuite>
</testsuites>
