<?xml version="1.0" encoding="UTF-8"?>
<testsuites name="Product Story Test Suite" time="123.026" tests="8" failures="0" errors="0">
   <testsuite name="Product Story Test Suite" tests="8" failures="0" errors="0" time="123.026" skipped="0" timestamp="2023-08-29 19:47:10" hostname="Aslamadin Alvian Haz - DESKTOP-L5FUI4E" id="Test Suites/Product Story Test Suite">
      <properties>
         <property name="deviceName" value=""/>
         <property name="devicePlatform" value=""/>
         <property name="logFolder" value="C:\\Users\\Aslamadin Alvian Haz\\Documents\\Batch 324 QA XSIS Academy\\batch-324-qa\\Alvin\\Sauce Demo\\Reports\\20230829_194655\\Product Story Test Suite\\20230829_194655"/>
         <property name="logFiles" value="C:\\Users\\Aslamadin Alvian Haz\\Documents\\Batch 324 QA XSIS Academy\\batch-324-qa\\Alvin\\Sauce Demo\\Reports\\20230829_194655\\Product Story Test Suite\\20230829_194655\\execution0.log"/>
         <property name="attachments" value=""/>
         <property name="hostName" value="Aslamadin Alvian Haz - DESKTOP-L5FUI4E"/>
         <property name="os" value="Windows 10 64bit"/>
         <property name="katalonVersion" value="8.6.5.208"/>
         <property name="browser" value="Edge Chromium 116"/>
         <property name="hostAddress" value="192.168.1.116"/>
         <property name="sessionId" value="ab6cf49976897ba9b8616cf6503f7b3b"/>
         <property name="seleniumVersion" value="3.141.59"/>
         <property name="proxyInformation" value="ProxyInformation { proxyOption=NO_PROXY, proxyServerType=HTTP, username=, password=********, proxyServerAddress=, proxyServerPort=0, executionList=&quot;&quot;, isApplyToDesiredCapabilities=true }"/>
         <property name="platform" value="Windows 10"/>
      </properties>
      <testcase name="Test Cases/Product/TC-Product-Show-001" time="17.445" classname="Test Cases/Product/TC-Product-Show-001" status="PASSED">
         <system-out><![CDATA[2023-08-29 19:47:11 - [TEST_CASE][PASSED] - Test Cases/Product/TC-Product-Show-001: Test Cases/Product/TC-Product-Show-001

2023-08-29 19:47:12 - [TEST_STEP][PASSED] - callTestCase(findTestCase("Login/TC-Login-Success-001"), ["username":"standard_user", "password":"qcu24s4901FyWDTwXGr6XA=="], STOP_ON_FAILURE): Call Test Case 'Test Cases/Login/TC-Login-Success-001' successfully

2023-08-29 19:47:12 - [TEST_CASE][PASSED] - Test Cases/Login/TC-Login-Success-001: Test Cases/Login/TC-Login-Success-001

2023-08-29 19:47:13 - [TEST_STEP][PASSED] - openBrowser(webSauceDemo): Browser is opened with url: 'https://www.saucedemo.com/'

2023-08-29 19:47:14 - [MESSAGE][INFO] - Starting 'Edge Chromium' driver

2023-08-29 19:47:17 - [MESSAGE][INFO] - Action delay is set to 0 milliseconds

2023-08-29 19:47:23 - [MESSAGE][PASSED] - Browser is opened with url: 'https://www.saucedemo.com/'

2023-08-29 19:47:23 - [TEST_STEP][PASSED] - verifyElementPresent(findTestObject("Login Page Object/Swag Labs Text (tanda masuk home)"), 5): Object 'Object Repository/Login Page Object/Swag Labs Text (tanda masuk home)' is present

2023-08-29 19:47:23 - [MESSAGE][PASSED] - Object 'Object Repository/Login Page Object/Swag Labs Text (tanda masuk home)' is present

2023-08-29 19:47:23 - [TEST_STEP][PASSED] - setText(findTestObject("Login Page Object/username login"), username): Text 'standard_user' is set on object 'Object Repository/Login Page Object/username login'

2023-08-29 19:47:25 - [MESSAGE][PASSED] - Text 'standard_user' is set on object 'Object Repository/Login Page Object/username login'

2023-08-29 19:47:25 - [TEST_STEP][PASSED] - setEncryptedText(findTestObject("Login Page Object/password login"), password): Text ****** has been set on object 'Object Repository/Login Page Object/password login'

2023-08-29 19:47:26 - [MESSAGE][PASSED] - Text ****** has been set on object 'Object Repository/Login Page Object/password login'

2023-08-29 19:47:26 - [TEST_STEP][PASSED] - click(findTestObject("Login Page Object/button login")): Object: 'Object Repository/Login Page Object/button login' is clicked on

2023-08-29 19:47:27 - [MESSAGE][PASSED] - Object: 'Object Repository/Login Page Object/button login' is clicked on

2023-08-29 19:47:27 - [TEST_STEP][PASSED] - verifyElementPresent(findTestObject("Login Page Object/Element Swag Labs Berhasil Login"), 5): Object 'Object Repository/Login Page Object/Element Swag Labs Berhasil Login' is present

2023-08-29 19:47:28 - [MESSAGE][PASSED] - Object 'Object Repository/Login Page Object/Element Swag Labs Berhasil Login' is present

2023-08-29 19:47:28 - [MESSAGE][PASSED] - Call Test Case 'Test Cases/Login/TC-Login-Success-001' successfully]]></system-out>
         <system-err><![CDATA[]]></system-err>
      </testcase>
      <testcase name="Test Cases/Product/TC-Product-Sort-001" time="13.98" classname="Test Cases/Product/TC-Product-Sort-001" status="PASSED">
         <system-out><![CDATA[2023-08-29 19:47:28 - [TEST_CASE][PASSED] - Test Cases/Product/TC-Product-Sort-001: Test Cases/Product/TC-Product-Sort-001

2023-08-29 19:47:29 - [TEST_STEP][PASSED] - callTestCase(findTestCase("Product/TC-Product-Show-001"), [:], STOP_ON_FAILURE): Call Test Case 'Test Cases/Product/TC-Product-Show-001' successfully

2023-08-29 19:47:29 - [TEST_CASE][PASSED] - Test Cases/Product/TC-Product-Show-001: Test Cases/Product/TC-Product-Show-001

2023-08-29 19:47:29 - [TEST_STEP][PASSED] - callTestCase(findTestCase("Login/TC-Login-Success-001"), ["username":"standard_user", "password":"qcu24s4901FyWDTwXGr6XA=="], STOP_ON_FAILURE): Call Test Case 'Test Cases/Login/TC-Login-Success-001' successfully

2023-08-29 19:47:29 - [TEST_CASE][PASSED] - Test Cases/Login/TC-Login-Success-001: Test Cases/Login/TC-Login-Success-001

2023-08-29 19:47:29 - [TEST_STEP][PASSED] - openBrowser(webSauceDemo): Browser is opened with url: 'https://www.saucedemo.com/'

2023-08-29 19:47:29 - [MESSAGE][WARNING] - A browser is already opened. Closing browser and opening a new one

2023-08-29 19:47:30 - [MESSAGE][INFO] - Starting 'Edge Chromium' driver

2023-08-29 19:47:32 - [MESSAGE][INFO] - Action delay is set to 0 milliseconds

2023-08-29 19:47:36 - [MESSAGE][PASSED] - Browser is opened with url: 'https://www.saucedemo.com/'

2023-08-29 19:47:36 - [TEST_STEP][PASSED] - verifyElementPresent(findTestObject("Login Page Object/Swag Labs Text (tanda masuk home)"), 5): Object 'Object Repository/Login Page Object/Swag Labs Text (tanda masuk home)' is present

2023-08-29 19:47:37 - [MESSAGE][PASSED] - Object 'Object Repository/Login Page Object/Swag Labs Text (tanda masuk home)' is present

2023-08-29 19:47:37 - [TEST_STEP][PASSED] - setText(findTestObject("Login Page Object/username login"), username): Text 'standard_user' is set on object 'Object Repository/Login Page Object/username login'

2023-08-29 19:47:38 - [MESSAGE][PASSED] - Text 'standard_user' is set on object 'Object Repository/Login Page Object/username login'

2023-08-29 19:47:38 - [TEST_STEP][PASSED] - setEncryptedText(findTestObject("Login Page Object/password login"), password): Text ****** has been set on object 'Object Repository/Login Page Object/password login'

2023-08-29 19:47:39 - [MESSAGE][PASSED] - Text ****** has been set on object 'Object Repository/Login Page Object/password login'

2023-08-29 19:47:39 - [TEST_STEP][PASSED] - click(findTestObject("Login Page Object/button login")): Object: 'Object Repository/Login Page Object/button login' is clicked on

2023-08-29 19:47:40 - [MESSAGE][PASSED] - Object: 'Object Repository/Login Page Object/button login' is clicked on

2023-08-29 19:47:40 - [TEST_STEP][PASSED] - verifyElementPresent(findTestObject("Login Page Object/Element Swag Labs Berhasil Login"), 5): Object 'Object Repository/Login Page Object/Element Swag Labs Berhasil Login' is present

2023-08-29 19:47:41 - [MESSAGE][PASSED] - Object 'Object Repository/Login Page Object/Element Swag Labs Berhasil Login' is present

2023-08-29 19:47:41 - [MESSAGE][PASSED] - Call Test Case 'Test Cases/Login/TC-Login-Success-001' successfully

2023-08-29 19:47:41 - [MESSAGE][PASSED] - Call Test Case 'Test Cases/Product/TC-Product-Show-001' successfully

2023-08-29 19:47:41 - [TEST_STEP][PASSED] - selectOptionByValue(findTestObject("Product/select_Name (A to Z)Name (Z to A)Price (low to high)Price (high to low)"), "az", false): All options with value 'az' are selected in object 'Object Repository/Product/select_Name (A to Z)Name (Z to A)Price (low to high)Price (high to low)' 

2023-08-29 19:47:42 - [MESSAGE][PASSED] - All options with value 'az' are selected in object 'Object Repository/Product/select_Name (A to Z)Name (Z to A)Price (low to high)Price (high to low)']]></system-out>
         <system-err><![CDATA[]]></system-err>
      </testcase>
      <testcase name="Test Cases/Product/TC-Product-Sort-002" time="14.395" classname="Test Cases/Product/TC-Product-Sort-002" status="PASSED">
         <system-out><![CDATA[2023-08-29 19:47:42 - [TEST_CASE][PASSED] - Test Cases/Product/TC-Product-Sort-002: Test Cases/Product/TC-Product-Sort-002

2023-08-29 19:47:43 - [TEST_STEP][PASSED] - callTestCase(findTestCase("Product/TC-Product-Show-001"), [:], STOP_ON_FAILURE): Call Test Case 'Test Cases/Product/TC-Product-Show-001' successfully

2023-08-29 19:47:43 - [TEST_CASE][PASSED] - Test Cases/Product/TC-Product-Show-001: Test Cases/Product/TC-Product-Show-001

2023-08-29 19:47:43 - [TEST_STEP][PASSED] - callTestCase(findTestCase("Login/TC-Login-Success-001"), ["username":"standard_user", "password":"qcu24s4901FyWDTwXGr6XA=="], STOP_ON_FAILURE): Call Test Case 'Test Cases/Login/TC-Login-Success-001' successfully

2023-08-29 19:47:43 - [TEST_CASE][PASSED] - Test Cases/Login/TC-Login-Success-001: Test Cases/Login/TC-Login-Success-001

2023-08-29 19:47:43 - [TEST_STEP][PASSED] - openBrowser(webSauceDemo): Browser is opened with url: 'https://www.saucedemo.com/'

2023-08-29 19:47:43 - [MESSAGE][WARNING] - A browser is already opened. Closing browser and opening a new one

2023-08-29 19:47:44 - [MESSAGE][INFO] - Starting 'Edge Chromium' driver

2023-08-29 19:47:46 - [MESSAGE][INFO] - Action delay is set to 0 milliseconds

2023-08-29 19:47:51 - [MESSAGE][PASSED] - Browser is opened with url: 'https://www.saucedemo.com/'

2023-08-29 19:47:51 - [TEST_STEP][PASSED] - verifyElementPresent(findTestObject("Login Page Object/Swag Labs Text (tanda masuk home)"), 5): Object 'Object Repository/Login Page Object/Swag Labs Text (tanda masuk home)' is present

2023-08-29 19:47:52 - [MESSAGE][PASSED] - Object 'Object Repository/Login Page Object/Swag Labs Text (tanda masuk home)' is present

2023-08-29 19:47:52 - [TEST_STEP][PASSED] - setText(findTestObject("Login Page Object/username login"), username): Text 'standard_user' is set on object 'Object Repository/Login Page Object/username login'

2023-08-29 19:47:53 - [MESSAGE][PASSED] - Text 'standard_user' is set on object 'Object Repository/Login Page Object/username login'

2023-08-29 19:47:53 - [TEST_STEP][PASSED] - setEncryptedText(findTestObject("Login Page Object/password login"), password): Text ****** has been set on object 'Object Repository/Login Page Object/password login'

2023-08-29 19:47:53 - [MESSAGE][PASSED] - Text ****** has been set on object 'Object Repository/Login Page Object/password login'

2023-08-29 19:47:53 - [TEST_STEP][PASSED] - click(findTestObject("Login Page Object/button login")): Object: 'Object Repository/Login Page Object/button login' is clicked on

2023-08-29 19:47:54 - [MESSAGE][PASSED] - Object: 'Object Repository/Login Page Object/button login' is clicked on

2023-08-29 19:47:54 - [TEST_STEP][PASSED] - verifyElementPresent(findTestObject("Login Page Object/Element Swag Labs Berhasil Login"), 5): Object 'Object Repository/Login Page Object/Element Swag Labs Berhasil Login' is present

2023-08-29 19:47:55 - [MESSAGE][PASSED] - Object 'Object Repository/Login Page Object/Element Swag Labs Berhasil Login' is present

2023-08-29 19:47:55 - [MESSAGE][PASSED] - Call Test Case 'Test Cases/Login/TC-Login-Success-001' successfully

2023-08-29 19:47:55 - [MESSAGE][PASSED] - Call Test Case 'Test Cases/Product/TC-Product-Show-001' successfully

2023-08-29 19:47:55 - [TEST_STEP][PASSED] - selectOptionByValue(findTestObject("Product/select_Name (A to Z)Name (Z to A)Price (low to high)Price (high to low)"), "za", false): All options with value 'za' are selected in object 'Object Repository/Product/select_Name (A to Z)Name (Z to A)Price (low to high)Price (high to low)' 

2023-08-29 19:47:56 - [MESSAGE][PASSED] - All options with value 'za' are selected in object 'Object Repository/Product/select_Name (A to Z)Name (Z to A)Price (low to high)Price (high to low)']]></system-out>
         <system-err><![CDATA[]]></system-err>
      </testcase>
      <testcase name="Test Cases/Product/TC-Product-Sort-003" time="16.167" classname="Test Cases/Product/TC-Product-Sort-003" status="PASSED">
         <system-out><![CDATA[2023-08-29 19:47:56 - [TEST_CASE][PASSED] - Test Cases/Product/TC-Product-Sort-003: Test Cases/Product/TC-Product-Sort-003

2023-08-29 19:47:57 - [TEST_STEP][PASSED] - callTestCase(findTestCase("Product/TC-Product-Show-001"), [:], STOP_ON_FAILURE): Call Test Case 'Test Cases/Product/TC-Product-Show-001' successfully

2023-08-29 19:47:58 - [TEST_CASE][PASSED] - Test Cases/Product/TC-Product-Show-001: Test Cases/Product/TC-Product-Show-001

2023-08-29 19:47:58 - [TEST_STEP][PASSED] - callTestCase(findTestCase("Login/TC-Login-Success-001"), ["username":"standard_user", "password":"qcu24s4901FyWDTwXGr6XA=="], STOP_ON_FAILURE): Call Test Case 'Test Cases/Login/TC-Login-Success-001' successfully

2023-08-29 19:47:58 - [TEST_CASE][PASSED] - Test Cases/Login/TC-Login-Success-001: Test Cases/Login/TC-Login-Success-001

2023-08-29 19:47:58 - [TEST_STEP][PASSED] - openBrowser(webSauceDemo): Browser is opened with url: 'https://www.saucedemo.com/'

2023-08-29 19:47:58 - [MESSAGE][WARNING] - A browser is already opened. Closing browser and opening a new one

2023-08-29 19:47:59 - [MESSAGE][INFO] - Starting 'Edge Chromium' driver

2023-08-29 19:48:01 - [MESSAGE][INFO] - Action delay is set to 0 milliseconds

2023-08-29 19:48:07 - [MESSAGE][PASSED] - Browser is opened with url: 'https://www.saucedemo.com/'

2023-08-29 19:48:07 - [TEST_STEP][PASSED] - verifyElementPresent(findTestObject("Login Page Object/Swag Labs Text (tanda masuk home)"), 5): Object 'Object Repository/Login Page Object/Swag Labs Text (tanda masuk home)' is present

2023-08-29 19:48:08 - [MESSAGE][PASSED] - Object 'Object Repository/Login Page Object/Swag Labs Text (tanda masuk home)' is present

2023-08-29 19:48:08 - [TEST_STEP][PASSED] - setText(findTestObject("Login Page Object/username login"), username): Text 'standard_user' is set on object 'Object Repository/Login Page Object/username login'

2023-08-29 19:48:09 - [MESSAGE][PASSED] - Text 'standard_user' is set on object 'Object Repository/Login Page Object/username login'

2023-08-29 19:48:09 - [TEST_STEP][PASSED] - setEncryptedText(findTestObject("Login Page Object/password login"), password): Text ****** has been set on object 'Object Repository/Login Page Object/password login'

2023-08-29 19:48:10 - [MESSAGE][PASSED] - Text ****** has been set on object 'Object Repository/Login Page Object/password login'

2023-08-29 19:48:10 - [TEST_STEP][PASSED] - click(findTestObject("Login Page Object/button login")): Object: 'Object Repository/Login Page Object/button login' is clicked on

2023-08-29 19:48:11 - [MESSAGE][PASSED] - Object: 'Object Repository/Login Page Object/button login' is clicked on

2023-08-29 19:48:11 - [TEST_STEP][PASSED] - verifyElementPresent(findTestObject("Login Page Object/Element Swag Labs Berhasil Login"), 5): Object 'Object Repository/Login Page Object/Element Swag Labs Berhasil Login' is present

2023-08-29 19:48:12 - [MESSAGE][PASSED] - Object 'Object Repository/Login Page Object/Element Swag Labs Berhasil Login' is present

2023-08-29 19:48:12 - [MESSAGE][PASSED] - Call Test Case 'Test Cases/Login/TC-Login-Success-001' successfully

2023-08-29 19:48:12 - [MESSAGE][PASSED] - Call Test Case 'Test Cases/Product/TC-Product-Show-001' successfully

2023-08-29 19:48:12 - [TEST_STEP][PASSED] - selectOptionByValue(findTestObject("Product/select_Name (A to Z)Name (Z to A)Price (low to high)Price (high to low)"), "lohi", false): All options with value 'lohi' are selected in object 'Object Repository/Product/select_Name (A to Z)Name (Z to A)Price (low to high)Price (high to low)' 

2023-08-29 19:48:13 - [MESSAGE][PASSED] - All options with value 'lohi' are selected in object 'Object Repository/Product/select_Name (A to Z)Name (Z to A)Price (low to high)Price (high to low)']]></system-out>
         <system-err><![CDATA[]]></system-err>
      </testcase>
      <testcase name="Test Cases/Product/TC-Product-Sort-004" time="14.948" classname="Test Cases/Product/TC-Product-Sort-004" status="PASSED">
         <system-out><![CDATA[2023-08-29 19:48:13 - [TEST_CASE][PASSED] - Test Cases/Product/TC-Product-Sort-004: Test Cases/Product/TC-Product-Sort-004

2023-08-29 19:48:14 - [TEST_STEP][PASSED] - callTestCase(findTestCase("Product/TC-Product-Show-001"), [:], STOP_ON_FAILURE): Call Test Case 'Test Cases/Product/TC-Product-Show-001' successfully

2023-08-29 19:48:14 - [TEST_CASE][PASSED] - Test Cases/Product/TC-Product-Show-001: Test Cases/Product/TC-Product-Show-001

2023-08-29 19:48:14 - [TEST_STEP][PASSED] - callTestCase(findTestCase("Login/TC-Login-Success-001"), ["username":"standard_user", "password":"qcu24s4901FyWDTwXGr6XA=="], STOP_ON_FAILURE): Call Test Case 'Test Cases/Login/TC-Login-Success-001' successfully

2023-08-29 19:48:14 - [TEST_CASE][PASSED] - Test Cases/Login/TC-Login-Success-001: Test Cases/Login/TC-Login-Success-001

2023-08-29 19:48:14 - [TEST_STEP][PASSED] - openBrowser(webSauceDemo): Browser is opened with url: 'https://www.saucedemo.com/'

2023-08-29 19:48:14 - [MESSAGE][WARNING] - A browser is already opened. Closing browser and opening a new one

2023-08-29 19:48:15 - [MESSAGE][INFO] - Starting 'Edge Chromium' driver

2023-08-29 19:48:17 - [MESSAGE][INFO] - Action delay is set to 0 milliseconds

2023-08-29 19:48:22 - [MESSAGE][PASSED] - Browser is opened with url: 'https://www.saucedemo.com/'

2023-08-29 19:48:22 - [TEST_STEP][PASSED] - verifyElementPresent(findTestObject("Login Page Object/Swag Labs Text (tanda masuk home)"), 5): Object 'Object Repository/Login Page Object/Swag Labs Text (tanda masuk home)' is present

2023-08-29 19:48:23 - [MESSAGE][PASSED] - Object 'Object Repository/Login Page Object/Swag Labs Text (tanda masuk home)' is present

2023-08-29 19:48:23 - [TEST_STEP][PASSED] - setText(findTestObject("Login Page Object/username login"), username): Text 'standard_user' is set on object 'Object Repository/Login Page Object/username login'

2023-08-29 19:48:24 - [MESSAGE][PASSED] - Text 'standard_user' is set on object 'Object Repository/Login Page Object/username login'

2023-08-29 19:48:24 - [TEST_STEP][PASSED] - setEncryptedText(findTestObject("Login Page Object/password login"), password): Text ****** has been set on object 'Object Repository/Login Page Object/password login'

2023-08-29 19:48:25 - [MESSAGE][PASSED] - Text ****** has been set on object 'Object Repository/Login Page Object/password login'

2023-08-29 19:48:25 - [TEST_STEP][PASSED] - click(findTestObject("Login Page Object/button login")): Object: 'Object Repository/Login Page Object/button login' is clicked on

2023-08-29 19:48:26 - [MESSAGE][PASSED] - Object: 'Object Repository/Login Page Object/button login' is clicked on

2023-08-29 19:48:26 - [TEST_STEP][PASSED] - verifyElementPresent(findTestObject("Login Page Object/Element Swag Labs Berhasil Login"), 5): Object 'Object Repository/Login Page Object/Element Swag Labs Berhasil Login' is present

2023-08-29 19:48:27 - [MESSAGE][PASSED] - Object 'Object Repository/Login Page Object/Element Swag Labs Berhasil Login' is present

2023-08-29 19:48:27 - [MESSAGE][PASSED] - Call Test Case 'Test Cases/Login/TC-Login-Success-001' successfully

2023-08-29 19:48:27 - [MESSAGE][PASSED] - Call Test Case 'Test Cases/Product/TC-Product-Show-001' successfully

2023-08-29 19:48:27 - [TEST_STEP][PASSED] - selectOptionByValue(findTestObject("Product/select_Name (A to Z)Name (Z to A)Price (low to high)Price (high to low)"), "hilo", false): All options with value 'hilo' are selected in object 'Object Repository/Product/select_Name (A to Z)Name (Z to A)Price (low to high)Price (high to low)' 

2023-08-29 19:48:28 - [MESSAGE][PASSED] - All options with value 'hilo' are selected in object 'Object Repository/Product/select_Name (A to Z)Name (Z to A)Price (low to high)Price (high to low)']]></system-out>
         <system-err><![CDATA[]]></system-err>
      </testcase>
      <testcase name="Test Cases/Product/TC-Product-AddCart-001" time="16.39" classname="Test Cases/Product/TC-Product-AddCart-001" status="PASSED">
         <system-out><![CDATA[2023-08-29 19:48:28 - [TEST_CASE][PASSED] - Test Cases/Product/TC-Product-AddCart-001: Test Cases/Product/TC-Product-AddCart-001

2023-08-29 19:48:28 - [TEST_STEP][PASSED] - callTestCase(findTestCase("Product/TC-Product-Show-001"), [:], STOP_ON_FAILURE): Call Test Case 'Test Cases/Product/TC-Product-Show-001' successfully

2023-08-29 19:48:29 - [TEST_CASE][PASSED] - Test Cases/Product/TC-Product-Show-001: Test Cases/Product/TC-Product-Show-001

2023-08-29 19:48:29 - [TEST_STEP][PASSED] - callTestCase(findTestCase("Login/TC-Login-Success-001"), ["username":"standard_user", "password":"qcu24s4901FyWDTwXGr6XA=="], STOP_ON_FAILURE): Call Test Case 'Test Cases/Login/TC-Login-Success-001' successfully

2023-08-29 19:48:29 - [TEST_CASE][PASSED] - Test Cases/Login/TC-Login-Success-001: Test Cases/Login/TC-Login-Success-001

2023-08-29 19:48:29 - [TEST_STEP][PASSED] - openBrowser(webSauceDemo): Browser is opened with url: 'https://www.saucedemo.com/'

2023-08-29 19:48:29 - [MESSAGE][WARNING] - A browser is already opened. Closing browser and opening a new one

2023-08-29 19:48:30 - [MESSAGE][INFO] - Starting 'Edge Chromium' driver

2023-08-29 19:48:32 - [MESSAGE][INFO] - Action delay is set to 0 milliseconds

2023-08-29 19:48:38 - [MESSAGE][PASSED] - Browser is opened with url: 'https://www.saucedemo.com/'

2023-08-29 19:48:38 - [TEST_STEP][PASSED] - verifyElementPresent(findTestObject("Login Page Object/Swag Labs Text (tanda masuk home)"), 5): Object 'Object Repository/Login Page Object/Swag Labs Text (tanda masuk home)' is present

2023-08-29 19:48:39 - [MESSAGE][PASSED] - Object 'Object Repository/Login Page Object/Swag Labs Text (tanda masuk home)' is present

2023-08-29 19:48:39 - [TEST_STEP][PASSED] - setText(findTestObject("Login Page Object/username login"), username): Text 'standard_user' is set on object 'Object Repository/Login Page Object/username login'

2023-08-29 19:48:40 - [MESSAGE][PASSED] - Text 'standard_user' is set on object 'Object Repository/Login Page Object/username login'

2023-08-29 19:48:40 - [TEST_STEP][PASSED] - setEncryptedText(findTestObject("Login Page Object/password login"), password): Text ****** has been set on object 'Object Repository/Login Page Object/password login'

2023-08-29 19:48:41 - [MESSAGE][PASSED] - Text ****** has been set on object 'Object Repository/Login Page Object/password login'

2023-08-29 19:48:41 - [TEST_STEP][PASSED] - click(findTestObject("Login Page Object/button login")): Object: 'Object Repository/Login Page Object/button login' is clicked on

2023-08-29 19:48:41 - [MESSAGE][PASSED] - Object: 'Object Repository/Login Page Object/button login' is clicked on

2023-08-29 19:48:41 - [TEST_STEP][PASSED] - verifyElementPresent(findTestObject("Login Page Object/Element Swag Labs Berhasil Login"), 5): Object 'Object Repository/Login Page Object/Element Swag Labs Berhasil Login' is present

2023-08-29 19:48:42 - [MESSAGE][PASSED] - Object 'Object Repository/Login Page Object/Element Swag Labs Berhasil Login' is present

2023-08-29 19:48:42 - [MESSAGE][PASSED] - Call Test Case 'Test Cases/Login/TC-Login-Success-001' successfully

2023-08-29 19:48:42 - [MESSAGE][PASSED] - Call Test Case 'Test Cases/Product/TC-Product-Show-001' successfully

2023-08-29 19:48:42 - [TEST_STEP][PASSED] - click(findTestObject("Product/button add to cart backpack")): Object: 'Object Repository/Product/button add to cart backpack' is clicked on

2023-08-29 19:48:43 - [MESSAGE][PASSED] - Object: 'Object Repository/Product/button add to cart backpack' is clicked on

2023-08-29 19:48:43 - [TEST_STEP][PASSED] - verifyElementPresent(findTestObject("Product/button remove item from cart"), 5): Object 'Object Repository/Product/button remove item from cart' is present

2023-08-29 19:48:43 - [MESSAGE][PASSED] - Object 'Object Repository/Product/button remove item from cart' is present

2023-08-29 19:48:43 - [TEST_STEP][PASSED] - verifyElementPresent(findTestObject("Product/cart notification"), 5): Object 'Object Repository/Product/cart notification' is present

2023-08-29 19:48:44 - [MESSAGE][PASSED] - Object 'Object Repository/Product/cart notification' is present]]></system-out>
         <system-err><![CDATA[]]></system-err>
      </testcase>
      <testcase name="Test Cases/Product/TC-Product-AddCart-002" time="14.363" classname="Test Cases/Product/TC-Product-AddCart-002" status="PASSED">
         <system-out><![CDATA[2023-08-29 19:48:44 - [TEST_CASE][PASSED] - Test Cases/Product/TC-Product-AddCart-002: Test Cases/Product/TC-Product-AddCart-002

2023-08-29 19:48:45 - [TEST_STEP][PASSED] - callTestCase(findTestCase("Product/TC-Product-AddCart-001"), [:], STOP_ON_FAILURE): Call Test Case 'Test Cases/Product/TC-Product-AddCart-001' successfully

2023-08-29 19:48:45 - [TEST_CASE][PASSED] - Test Cases/Product/TC-Product-AddCart-001: Test Cases/Product/TC-Product-AddCart-001

2023-08-29 19:48:45 - [TEST_STEP][PASSED] - callTestCase(findTestCase("Product/TC-Product-Show-001"), [:], STOP_ON_FAILURE): Call Test Case 'Test Cases/Product/TC-Product-Show-001' successfully

2023-08-29 19:48:45 - [TEST_CASE][PASSED] - Test Cases/Product/TC-Product-Show-001: Test Cases/Product/TC-Product-Show-001

2023-08-29 19:48:45 - [TEST_STEP][PASSED] - callTestCase(findTestCase("Login/TC-Login-Success-001"), ["username":"standard_user", "password":"qcu24s4901FyWDTwXGr6XA=="], STOP_ON_FAILURE): Call Test Case 'Test Cases/Login/TC-Login-Success-001' successfully

2023-08-29 19:48:45 - [TEST_CASE][PASSED] - Test Cases/Login/TC-Login-Success-001: Test Cases/Login/TC-Login-Success-001

2023-08-29 19:48:45 - [TEST_STEP][PASSED] - openBrowser(webSauceDemo): Browser is opened with url: 'https://www.saucedemo.com/'

2023-08-29 19:48:45 - [MESSAGE][WARNING] - A browser is already opened. Closing browser and opening a new one

2023-08-29 19:48:46 - [MESSAGE][INFO] - Starting 'Edge Chromium' driver

2023-08-29 19:48:48 - [MESSAGE][INFO] - Action delay is set to 0 milliseconds

2023-08-29 19:48:52 - [MESSAGE][PASSED] - Browser is opened with url: 'https://www.saucedemo.com/'

2023-08-29 19:48:52 - [TEST_STEP][PASSED] - verifyElementPresent(findTestObject("Login Page Object/Swag Labs Text (tanda masuk home)"), 5): Object 'Object Repository/Login Page Object/Swag Labs Text (tanda masuk home)' is present

2023-08-29 19:48:52 - [MESSAGE][PASSED] - Object 'Object Repository/Login Page Object/Swag Labs Text (tanda masuk home)' is present

2023-08-29 19:48:52 - [TEST_STEP][PASSED] - setText(findTestObject("Login Page Object/username login"), username): Text 'standard_user' is set on object 'Object Repository/Login Page Object/username login'

2023-08-29 19:48:53 - [MESSAGE][PASSED] - Text 'standard_user' is set on object 'Object Repository/Login Page Object/username login'

2023-08-29 19:48:53 - [TEST_STEP][PASSED] - setEncryptedText(findTestObject("Login Page Object/password login"), password): Text ****** has been set on object 'Object Repository/Login Page Object/password login'

2023-08-29 19:48:54 - [MESSAGE][PASSED] - Text ****** has been set on object 'Object Repository/Login Page Object/password login'

2023-08-29 19:48:54 - [TEST_STEP][PASSED] - click(findTestObject("Login Page Object/button login")): Object: 'Object Repository/Login Page Object/button login' is clicked on

2023-08-29 19:48:55 - [MESSAGE][PASSED] - Object: 'Object Repository/Login Page Object/button login' is clicked on

2023-08-29 19:48:55 - [TEST_STEP][PASSED] - verifyElementPresent(findTestObject("Login Page Object/Element Swag Labs Berhasil Login"), 5): Object 'Object Repository/Login Page Object/Element Swag Labs Berhasil Login' is present

2023-08-29 19:48:56 - [MESSAGE][PASSED] - Object 'Object Repository/Login Page Object/Element Swag Labs Berhasil Login' is present

2023-08-29 19:48:56 - [MESSAGE][PASSED] - Call Test Case 'Test Cases/Login/TC-Login-Success-001' successfully

2023-08-29 19:48:56 - [MESSAGE][PASSED] - Call Test Case 'Test Cases/Product/TC-Product-Show-001' successfully

2023-08-29 19:48:56 - [TEST_STEP][PASSED] - click(findTestObject("Product/button add to cart backpack")): Object: 'Object Repository/Product/button add to cart backpack' is clicked on

2023-08-29 19:48:57 - [MESSAGE][PASSED] - Object: 'Object Repository/Product/button add to cart backpack' is clicked on

2023-08-29 19:48:57 - [TEST_STEP][PASSED] - verifyElementPresent(findTestObject("Product/button remove item from cart"), 5): Object 'Object Repository/Product/button remove item from cart' is present

2023-08-29 19:48:57 - [MESSAGE][PASSED] - Object 'Object Repository/Product/button remove item from cart' is present

2023-08-29 19:48:57 - [TEST_STEP][PASSED] - verifyElementPresent(findTestObject("Product/cart notification"), 5): Object 'Object Repository/Product/cart notification' is present

2023-08-29 19:48:58 - [MESSAGE][PASSED] - Object 'Object Repository/Product/cart notification' is present

2023-08-29 19:48:58 - [MESSAGE][PASSED] - Call Test Case 'Test Cases/Product/TC-Product-AddCart-001' successfully

2023-08-29 19:48:58 - [TEST_STEP][PASSED] - click(findTestObject("Product/button add to cart pos 2")): Object: 'Object Repository/Product/button add to cart pos 2' is clicked on

2023-08-29 19:48:58 - [MESSAGE][PASSED] - Object: 'Object Repository/Product/button add to cart pos 2' is clicked on]]></system-out>
         <system-err><![CDATA[]]></system-err>
      </testcase>
      <testcase name="Test Cases/Product/TC-Product-RemoveCart-001" time="14.451" classname="Test Cases/Product/TC-Product-RemoveCart-001" status="PASSED">
         <system-out><![CDATA[2023-08-29 19:48:58 - [TEST_CASE][PASSED] - Test Cases/Product/TC-Product-RemoveCart-001: Test Cases/Product/TC-Product-RemoveCart-001

2023-08-29 19:48:59 - [TEST_STEP][PASSED] - callTestCase(findTestCase("Product/TC-Product-AddCart-001"), [:], STOP_ON_FAILURE): Call Test Case 'Test Cases/Product/TC-Product-AddCart-001' successfully

2023-08-29 19:48:59 - [TEST_CASE][PASSED] - Test Cases/Product/TC-Product-AddCart-001: Test Cases/Product/TC-Product-AddCart-001

2023-08-29 19:48:59 - [TEST_STEP][PASSED] - callTestCase(findTestCase("Product/TC-Product-Show-001"), [:], STOP_ON_FAILURE): Call Test Case 'Test Cases/Product/TC-Product-Show-001' successfully

2023-08-29 19:48:59 - [TEST_CASE][PASSED] - Test Cases/Product/TC-Product-Show-001: Test Cases/Product/TC-Product-Show-001

2023-08-29 19:48:59 - [TEST_STEP][PASSED] - callTestCase(findTestCase("Login/TC-Login-Success-001"), ["username":"standard_user", "password":"qcu24s4901FyWDTwXGr6XA=="], STOP_ON_FAILURE): Call Test Case 'Test Cases/Login/TC-Login-Success-001' successfully

2023-08-29 19:48:59 - [TEST_CASE][PASSED] - Test Cases/Login/TC-Login-Success-001: Test Cases/Login/TC-Login-Success-001

2023-08-29 19:48:59 - [TEST_STEP][PASSED] - openBrowser(webSauceDemo): Browser is opened with url: 'https://www.saucedemo.com/'

2023-08-29 19:48:59 - [MESSAGE][WARNING] - A browser is already opened. Closing browser and opening a new one

2023-08-29 19:49:00 - [MESSAGE][INFO] - Starting 'Edge Chromium' driver

2023-08-29 19:49:03 - [MESSAGE][INFO] - Action delay is set to 0 milliseconds

2023-08-29 19:49:06 - [MESSAGE][PASSED] - Browser is opened with url: 'https://www.saucedemo.com/'

2023-08-29 19:49:06 - [TEST_STEP][PASSED] - verifyElementPresent(findTestObject("Login Page Object/Swag Labs Text (tanda masuk home)"), 5): Object 'Object Repository/Login Page Object/Swag Labs Text (tanda masuk home)' is present

2023-08-29 19:49:07 - [MESSAGE][PASSED] - Object 'Object Repository/Login Page Object/Swag Labs Text (tanda masuk home)' is present

2023-08-29 19:49:07 - [TEST_STEP][PASSED] - setText(findTestObject("Login Page Object/username login"), username): Text 'standard_user' is set on object 'Object Repository/Login Page Object/username login'

2023-08-29 19:49:08 - [MESSAGE][PASSED] - Text 'standard_user' is set on object 'Object Repository/Login Page Object/username login'

2023-08-29 19:49:08 - [TEST_STEP][PASSED] - setEncryptedText(findTestObject("Login Page Object/password login"), password): Text ****** has been set on object 'Object Repository/Login Page Object/password login'

2023-08-29 19:49:09 - [MESSAGE][PASSED] - Text ****** has been set on object 'Object Repository/Login Page Object/password login'

2023-08-29 19:49:09 - [TEST_STEP][PASSED] - click(findTestObject("Login Page Object/button login")): Object: 'Object Repository/Login Page Object/button login' is clicked on

2023-08-29 19:49:10 - [MESSAGE][PASSED] - Object: 'Object Repository/Login Page Object/button login' is clicked on

2023-08-29 19:49:10 - [TEST_STEP][PASSED] - verifyElementPresent(findTestObject("Login Page Object/Element Swag Labs Berhasil Login"), 5): Object 'Object Repository/Login Page Object/Element Swag Labs Berhasil Login' is present

2023-08-29 19:49:11 - [MESSAGE][PASSED] - Object 'Object Repository/Login Page Object/Element Swag Labs Berhasil Login' is present

2023-08-29 19:49:11 - [MESSAGE][PASSED] - Call Test Case 'Test Cases/Login/TC-Login-Success-001' successfully

2023-08-29 19:49:11 - [MESSAGE][PASSED] - Call Test Case 'Test Cases/Product/TC-Product-Show-001' successfully

2023-08-29 19:49:11 - [TEST_STEP][PASSED] - click(findTestObject("Product/button add to cart backpack")): Object: 'Object Repository/Product/button add to cart backpack' is clicked on

2023-08-29 19:49:11 - [MESSAGE][PASSED] - Object: 'Object Repository/Product/button add to cart backpack' is clicked on

2023-08-29 19:49:11 - [TEST_STEP][PASSED] - verifyElementPresent(findTestObject("Product/button remove item from cart"), 5): Object 'Object Repository/Product/button remove item from cart' is present

2023-08-29 19:49:12 - [MESSAGE][PASSED] - Object 'Object Repository/Product/button remove item from cart' is present

2023-08-29 19:49:12 - [TEST_STEP][PASSED] - verifyElementPresent(findTestObject("Product/cart notification"), 5): Object 'Object Repository/Product/cart notification' is present

2023-08-29 19:49:12 - [MESSAGE][PASSED] - Object 'Object Repository/Product/cart notification' is present

2023-08-29 19:49:12 - [MESSAGE][PASSED] - Call Test Case 'Test Cases/Product/TC-Product-AddCart-001' successfully

2023-08-29 19:49:12 - [TEST_STEP][PASSED] - click(findTestObject("Product/button remove item from cart")): Object: 'Object Repository/Product/button remove item from cart' is clicked on

2023-08-29 19:49:13 - [MESSAGE][PASSED] - Object: 'Object Repository/Product/button remove item from cart' is clicked on]]></system-out>
         <system-err><![CDATA[]]></system-err>
      </testcase>
      <system-out><![CDATA[2023-08-29 19:47:10 - [TEST_SUITE][PASSED] - Product Story Test Suite: Test Cases/Product/TC-Product-RemoveCart-001]]></system-out>
      <system-err><![CDATA[]]></system-err>
   </testsuite>
</testsuites>
