<?xml version="1.0" encoding="UTF-8"?>
<testsuites name="Test Suite APPOINTMENT" time="134.603" tests="3" failures="1" errors="0">
   <testsuite name="Test Suite APPOINTMENT" tests="3" failures="1" errors="0" time="134.603" skipped="0" timestamp="2023-08-25 09:50:36" hostname="HP - LAPTOP-ILLI02GO" id="Test Suites/Test Suite APPOINTMENT">
      <properties>
         <property name="deviceName" value=""/>
         <property name="devicePlatform" value=""/>
         <property name="logFolder" value="D:\\XSIS MITRA UTAMA\\batch-324-qa\\Danty\\Cura Heroku App\\Reports\\20230825_095034\\Test Suite APPOINTMENT\\20230825_095034"/>
         <property name="logFiles" value="D:\\XSIS MITRA UTAMA\\batch-324-qa\\Danty\\Cura Heroku App\\Reports\\20230825_095034\\Test Suite APPOINTMENT\\20230825_095034\\execution0.log"/>
         <property name="attachments" value=""/>
         <property name="hostName" value="HP - LAPTOP-ILLI02GO"/>
         <property name="os" value="Windows 11 64bit"/>
         <property name="katalonVersion" value="8.6.5.208"/>
         <property name="browser" value="Edge Chromium 115"/>
         <property name="hostAddress" value="10.9.2.36"/>
         <property name="sessionId" value="9cdf99eac4e9d0567af40031ff38f597"/>
         <property name="seleniumVersion" value="3.141.59"/>
         <property name="proxyInformation" value="ProxyInformation { proxyOption=NO_PROXY, proxyServerType=HTTP, username=, password=********, proxyServerAddress=, proxyServerPort=0, executionList=&quot;&quot;, isApplyToDesiredCapabilities=true }"/>
         <property name="platform" value="Windows 11"/>
      </properties>
      <testcase name="Test Cases/Appointment/Test Case 2.1 (Versi Dinamis)" time="23.217" classname="Test Cases/Appointment/Test Case 2.1 (Versi Dinamis)" status="PASSED">
         <system-out><![CDATA[2023-08-25 09:50:37 - [TEST_CASE][PASSED] - Test Cases/Appointment/Test Case 2.1 (Versi Dinamis): Test Cases/Appointment/Test Case 2.1 (Versi Dinamis)

2023-08-25 09:50:37 - [TEST_STEP][PASSED] - callTestCase(findTestCase("Login/Test Case 1.1 (Manual)"), ["Username":username, "Password":password], STOP_ON_FAILURE): Call Test Case 'Test Cases/Login/Test Case 1.1 (Manual)' successfully

2023-08-25 09:50:37 - [TEST_CASE][PASSED] - Test Cases/Login/Test Case 1.1 (Manual): Test Cases/Login/Test Case 1.1 (Manual)

2023-08-25 09:50:38 - [TEST_STEP][PASSED] - openBrowser(WEB_URL): Browser is opened with url: 'https://katalon-demo-cura.herokuapp.com/'

2023-08-25 09:50:38 - [MESSAGE][INFO] - Starting 'Edge Chromium' driver

2023-08-25 09:50:40 - [MESSAGE][INFO] - Action delay is set to 0 milliseconds

2023-08-25 09:50:46 - [MESSAGE][PASSED] - Browser is opened with url: 'https://katalon-demo-cura.herokuapp.com/'

2023-08-25 09:50:46 - [TEST_STEP][PASSED] - verifyElementPresent(findTestObject("Login/Title Home Page"), 10): Object 'Object Repository/Login/Title Home Page' is present

2023-08-25 09:50:47 - [MESSAGE][PASSED] - Object 'Object Repository/Login/Title Home Page' is present

2023-08-25 09:50:47 - [TEST_STEP][PASSED] - click(findTestObject("Login/Menu Burger")): Object: 'Object Repository/Login/Menu Burger' is clicked on

2023-08-25 09:50:47 - [MESSAGE][PASSED] - Object: 'Object Repository/Login/Menu Burger' is clicked on

2023-08-25 09:50:47 - [TEST_STEP][PASSED] - click(findTestObject("Login/Menu Login")): Object: 'Object Repository/Login/Menu Login' is clicked on

2023-08-25 09:50:49 - [MESSAGE][PASSED] - Object: 'Object Repository/Login/Menu Login' is clicked on

2023-08-25 09:50:49 - [TEST_STEP][PASSED] - verifyElementPresent(findTestObject("Login/Title Login"), 10): Object 'Object Repository/Login/Title Login' is present

2023-08-25 09:50:50 - [MESSAGE][PASSED] - Object 'Object Repository/Login/Title Login' is present

2023-08-25 09:50:50 - [TEST_STEP][PASSED] - setText(findTestObject("Login/input_Username"), Username): Text 'John Doe' is set on object 'Object Repository/Login/input_Username'

2023-08-25 09:50:51 - [MESSAGE][PASSED] - Text 'John Doe' is set on object 'Object Repository/Login/input_Username'

2023-08-25 09:50:51 - [TEST_STEP][PASSED] - setEncryptedText(findTestObject("Login/input_Password"), Password): Text ****** has been set on object 'Object Repository/Login/input_Password'

2023-08-25 09:50:51 - [MESSAGE][PASSED] - Text ****** has been set on object 'Object Repository/Login/input_Password'

2023-08-25 09:50:51 - [TEST_STEP][PASSED] - click(findTestObject("Login/button_Login")): Object: 'Object Repository/Login/button_Login' is clicked on

2023-08-25 09:50:52 - [MESSAGE][PASSED] - Object: 'Object Repository/Login/button_Login' is clicked on

2023-08-25 09:50:52 - [TEST_STEP][PASSED] - verifyElementPresent(findTestObject("Login/Title_Make Appointment"), 10): Object 'Object Repository/Login/Title_Make Appointment' is present

2023-08-25 09:50:53 - [MESSAGE][PASSED] - Object 'Object Repository/Login/Title_Make Appointment' is present

2023-08-25 09:50:53 - [MESSAGE][PASSED] - Call Test Case 'Test Cases/Login/Test Case 1.1 (Manual)' successfully

2023-08-25 09:50:53 - [TEST_STEP][PASSED] - selectOptionByValue(findTestObject("Make Appointment/select dropdown"), facility, false): All options with value 'Tokyo CURA Healthcare Center' are selected in object 'Object Repository/Make Appointment/select dropdown' 

2023-08-25 09:50:54 - [MESSAGE][PASSED] - All options with value 'Tokyo CURA Healthcare Center' are selected in object 'Object Repository/Make Appointment/select dropdown' 

2023-08-25 09:50:54 - [TEST_STEP][PASSED] - if (toString().equalsIgnoreCase("yes")): Object 'Object Repository/Make Appointment/Check Box Readmission' is checked

2023-08-25 09:50:54 - [TEST_STEP][PASSED] - check(findTestObject("Make Appointment/Check Box Readmission")): Object 'Object Repository/Make Appointment/Check Box Readmission' is checked

2023-08-25 09:50:54 - [MESSAGE][PASSED] - Object 'Object Repository/Make Appointment/Check Box Readmission' is checked

2023-08-25 09:50:54 - [TEST_STEP][PASSED] - if (toString().equalsIgnoreCase("medicare")): Object 'Object Repository/Make Appointment/input_Medicare_programs' is checked

2023-08-25 09:50:54 - [TEST_STEP][PASSED] - check(findTestObject("Object Repository/Make Appointment/input_Medicare_programs")): Object 'Object Repository/Make Appointment/input_Medicare_programs' is checked

2023-08-25 09:50:55 - [MESSAGE][PASSED] - Object 'Object Repository/Make Appointment/input_Medicare_programs' is checked

2023-08-25 09:50:55 - [TEST_STEP][PASSED] - setText(findTestObject("Make Appointment/input_Visit Date"), visit_date): Text '23/08/2023' is set on object 'Object Repository/Make Appointment/input_Visit Date'

2023-08-25 09:50:56 - [MESSAGE][PASSED] - Text '23/08/2023' is set on object 'Object Repository/Make Appointment/input_Visit Date'

2023-08-25 09:50:56 - [TEST_STEP][PASSED] - setText(findTestObject("Make Appointment/Comment"), comment): Text 'You have' is set on object 'Object Repository/Make Appointment/Comment'

2023-08-25 09:50:57 - [MESSAGE][PASSED] - Text 'You have' is set on object 'Object Repository/Make Appointment/Comment'

2023-08-25 09:50:57 - [TEST_STEP][PASSED] - click(findTestObject("Make Appointment/button_Book Appointment")): Object: 'Object Repository/Make Appointment/button_Book Appointment' is clicked on

2023-08-25 09:50:57 - [MESSAGE][PASSED] - Object: 'Object Repository/Make Appointment/button_Book Appointment' is clicked on

2023-08-25 09:50:57 - [TEST_STEP][PASSED] - verifyElementPresent(findTestObject("Make Appointment/Appointment Confirmation"), 10): Object 'Object Repository/Make Appointment/Appointment Confirmation' is present

2023-08-25 09:50:58 - [MESSAGE][PASSED] - Object 'Object Repository/Make Appointment/Appointment Confirmation' is present

2023-08-25 09:50:58 - [TEST_STEP][PASSED] - hasilFacility = getText(findTestObject("Object Repository/Make Appointment/Facility")): Text of object 'Object Repository/Make Appointment/Facility' is: 'Tokyo CURA Healthcare Center'

2023-08-25 09:50:58 - [MESSAGE][PASSED] - Text of object 'Object Repository/Make Appointment/Facility' is: 'Tokyo CURA Healthcare Center'

2023-08-25 09:50:58 - [TEST_STEP][PASSED] - hasilReadmission = getText(findTestObject("Make Appointment/Apply Readmission")): Text of object 'Object Repository/Make Appointment/Apply Readmission' is: 'Yes'

2023-08-25 09:50:59 - [MESSAGE][PASSED] - Text of object 'Object Repository/Make Appointment/Apply Readmission' is: 'Yes'

2023-08-25 09:50:59 - [TEST_STEP][PASSED] - hasilHealthPro = getText(findTestObject("Make Appointment/Program Healthcare")): Text of object 'Object Repository/Make Appointment/Program Healthcare' is: 'Medicare'

2023-08-25 09:50:59 - [MESSAGE][PASSED] - Text of object 'Object Repository/Make Appointment/Program Healthcare' is: 'Medicare'

2023-08-25 09:50:59 - [TEST_STEP][PASSED] - hasilVisitDate = getText(findTestObject("Make Appointment/Visit_Date")): Text of object 'Object Repository/Make Appointment/Visit_Date' is: '23/08/2023'

2023-08-25 09:50:59 - [MESSAGE][PASSED] - Text of object 'Object Repository/Make Appointment/Visit_Date' is: '23/08/2023'

2023-08-25 09:50:59 - [TEST_STEP][PASSED] - hasilComment = getText(findTestObject("Make Appointment/isi comment")): Text of object 'Object Repository/Make Appointment/isi comment' is: 'You have'

2023-08-25 09:51:00 - [MESSAGE][PASSED] - Text of object 'Object Repository/Make Appointment/isi comment' is: 'You have'

2023-08-25 09:51:00 - [TEST_STEP][PASSED] - assert toString().equalsIgnoreCase(facility): null

2023-08-25 09:51:00 - [TEST_STEP][PASSED] - assert toString().equalsIgnoreCase(hospital_readmission): null

2023-08-25 09:51:00 - [TEST_STEP][PASSED] - assert toString().equalsIgnoreCase(healthcare_program): null

2023-08-25 09:51:00 - [TEST_STEP][PASSED] - assert toString().equalsIgnoreCase(visit_date): null

2023-08-25 09:51:00 - [TEST_STEP][PASSED] - assert toString().equalsIgnoreCase(comment): null]]></system-out>
         <system-err><![CDATA[]]></system-err>
      </testcase>
      <testcase name="Test Cases/Appointment/Test Case 2.1 (Versi Dinamis)" time="23.338" classname="Test Cases/Appointment/Test Case 2.1 (Versi Dinamis)" status="FAILED">
         <failure type="FAILED" message="Test Cases/Appointment/Test Case 2.1 (Versi Dinamis) FAILED.
Reason:
Assertion failed: 

assert hasilComment.toString().equalsIgnoreCase(comment)
       |            |          |                |
       done         done       false            done 

	at Test Case 2.1 (Versi Dinamis).run(Test Case 2.1 (Versi Dinamis):58)
	at com.kms.katalon.core.main.ScriptEngine.run(ScriptEngine.java:194)
	at com.kms.katalon.core.main.ScriptEngine.runScriptAsRawText(ScriptEngine.java:119)
	at com.kms.katalon.core.main.TestCaseExecutor.runScript(TestCaseExecutor.java:448)
	at com.kms.katalon.core.main.TestCaseExecutor.doExecute(TestCaseExecutor.java:439)
	at com.kms.katalon.core.main.TestCaseExecutor.processExecutionPhase(TestCaseExecutor.java:418)
	at com.kms.katalon.core.main.TestCaseExecutor.accessMainPhase(TestCaseExecutor.java:410)
	at com.kms.katalon.core.main.TestCaseExecutor.execute(TestCaseExecutor.java:285)
	at com.kms.katalon.core.main.TestCaseExecutor.execute(TestCaseExecutor.java:369)
	at com.kms.katalon.core.main.TestCaseExecutor.execute(TestCaseExecutor.java:369)
	at com.kms.katalon.core.main.TestCaseExecutor.execute(TestCaseExecutor.java:369)
	at com.kms.katalon.core.common.CommonExecutor.accessTestCaseMainPhase(CommonExecutor.java:65)
	at com.kms.katalon.core.main.TestSuiteExecutor.accessTestSuiteMainPhase(TestSuiteExecutor.java:148)
	at com.kms.katalon.core.main.TestSuiteExecutor.execute(TestSuiteExecutor.java:106)
	at com.kms.katalon.core.main.TestCaseMain.startTestSuite(TestCaseMain.java:187)
	at com.kms.katalon.core.main.TestCaseMain$startTestSuite$0.call(Unknown Source)
	at TempTestSuite1692931834347.run(TempTestSuite1692931834347.groovy:36)
"/>
         <system-out><![CDATA[2023-08-25 09:52:05 - [TEST_CASE][FAILED] - Test Cases/Appointment/Test Case 2.1 (Versi Dinamis): Test Cases/Appointment/Test Case 2.1 (Versi Dinamis) FAILED.
Reason:
Assertion failed: 

assert hasilComment.toString().equalsIgnoreCase(comment)
       |            |          |                |
       done         done       false            done 

	at Test Case 2.1 (Versi Dinamis).run(Test Case 2.1 (Versi Dinamis):58)
	at com.kms.katalon.core.main.ScriptEngine.run(ScriptEngine.java:194)
	at com.kms.katalon.core.main.ScriptEngine.runScriptAsRawText(ScriptEngine.java:119)
	at com.kms.katalon.core.main.TestCaseExecutor.runScript(TestCaseExecutor.java:448)
	at com.kms.katalon.core.main.TestCaseExecutor.doExecute(TestCaseExecutor.java:439)
	at com.kms.katalon.core.main.TestCaseExecutor.processExecutionPhase(TestCaseExecutor.java:418)
	at com.kms.katalon.core.main.TestCaseExecutor.accessMainPhase(TestCaseExecutor.java:410)
	at com.kms.katalon.core.main.TestCaseExecutor.execute(TestCaseExecutor.java:285)
	at com.kms.katalon.core.main.TestCaseExecutor.execute(TestCaseExecutor.java:369)
	at com.kms.katalon.core.main.TestCaseExecutor.execute(TestCaseExecutor.java:369)
	at com.kms.katalon.core.main.TestCaseExecutor.execute(TestCaseExecutor.java:369)
	at com.kms.katalon.core.common.CommonExecutor.accessTestCaseMainPhase(CommonExecutor.java:65)
	at com.kms.katalon.core.main.TestSuiteExecutor.accessTestSuiteMainPhase(TestSuiteExecutor.java:148)
	at com.kms.katalon.core.main.TestSuiteExecutor.execute(TestSuiteExecutor.java:106)
	at com.kms.katalon.core.main.TestCaseMain.startTestSuite(TestCaseMain.java:187)
	at com.kms.katalon.core.main.TestCaseMain$startTestSuite$0.call(Unknown Source)
	at TempTestSuite1692931834347.run(TempTestSuite1692931834347.groovy:36)


2023-08-25 09:52:05 - [TEST_STEP][PASSED] - callTestCase(findTestCase("Login/Test Case 1.1 (Manual)"), ["Username":username, "Password":password], STOP_ON_FAILURE): Call Test Case 'Test Cases/Login/Test Case 1.1 (Manual)' successfully

2023-08-25 09:52:05 - [TEST_CASE][PASSED] - Test Cases/Login/Test Case 1.1 (Manual): Test Cases/Login/Test Case 1.1 (Manual)

2023-08-25 09:52:05 - [TEST_STEP][PASSED] - openBrowser(WEB_URL): Browser is opened with url: 'https://katalon-demo-cura.herokuapp.com/'

2023-08-25 09:52:05 - [MESSAGE][WARNING] - A browser is already opened. Closing browser and opening a new one

2023-08-25 09:52:06 - [MESSAGE][INFO] - Starting 'Edge Chromium' driver

2023-08-25 09:52:08 - [MESSAGE][INFO] - Action delay is set to 0 milliseconds

2023-08-25 09:52:15 - [MESSAGE][PASSED] - Browser is opened with url: 'https://katalon-demo-cura.herokuapp.com/'

2023-08-25 09:52:15 - [TEST_STEP][PASSED] - verifyElementPresent(findTestObject("Login/Title Home Page"), 10): Object 'Object Repository/Login/Title Home Page' is present

2023-08-25 09:52:16 - [MESSAGE][PASSED] - Object 'Object Repository/Login/Title Home Page' is present

2023-08-25 09:52:16 - [TEST_STEP][PASSED] - click(findTestObject("Login/Menu Burger")): Object: 'Object Repository/Login/Menu Burger' is clicked on

2023-08-25 09:52:17 - [MESSAGE][PASSED] - Object: 'Object Repository/Login/Menu Burger' is clicked on

2023-08-25 09:52:17 - [TEST_STEP][PASSED] - click(findTestObject("Login/Menu Login")): Object: 'Object Repository/Login/Menu Login' is clicked on

2023-08-25 09:52:18 - [MESSAGE][PASSED] - Object: 'Object Repository/Login/Menu Login' is clicked on

2023-08-25 09:52:18 - [TEST_STEP][PASSED] - verifyElementPresent(findTestObject("Login/Title Login"), 10): Object 'Object Repository/Login/Title Login' is present

2023-08-25 09:52:19 - [MESSAGE][PASSED] - Object 'Object Repository/Login/Title Login' is present

2023-08-25 09:52:19 - [TEST_STEP][PASSED] - setText(findTestObject("Login/input_Username"), Username): Text 'John Doe' is set on object 'Object Repository/Login/input_Username'

2023-08-25 09:52:19 - [MESSAGE][PASSED] - Text 'John Doe' is set on object 'Object Repository/Login/input_Username'

2023-08-25 09:52:19 - [TEST_STEP][PASSED] - setEncryptedText(findTestObject("Login/input_Password"), Password): Text ****** has been set on object 'Object Repository/Login/input_Password'

2023-08-25 09:52:20 - [MESSAGE][PASSED] - Text ****** has been set on object 'Object Repository/Login/input_Password'

2023-08-25 09:52:20 - [TEST_STEP][PASSED] - click(findTestObject("Login/button_Login")): Object: 'Object Repository/Login/button_Login' is clicked on

2023-08-25 09:52:21 - [MESSAGE][PASSED] - Object: 'Object Repository/Login/button_Login' is clicked on

2023-08-25 09:52:21 - [TEST_STEP][PASSED] - verifyElementPresent(findTestObject("Login/Title_Make Appointment"), 10): Object 'Object Repository/Login/Title_Make Appointment' is present

2023-08-25 09:52:21 - [MESSAGE][PASSED] - Object 'Object Repository/Login/Title_Make Appointment' is present

2023-08-25 09:52:21 - [MESSAGE][PASSED] - Call Test Case 'Test Cases/Login/Test Case 1.1 (Manual)' successfully

2023-08-25 09:52:21 - [TEST_STEP][PASSED] - selectOptionByValue(findTestObject("Make Appointment/select dropdown"), facility, false): All options with value 'Hongkong CURA Healthcare Center' are selected in object 'Object Repository/Make Appointment/select dropdown' 

2023-08-25 09:52:22 - [MESSAGE][PASSED] - All options with value 'Hongkong CURA Healthcare Center' are selected in object 'Object Repository/Make Appointment/select dropdown' 

2023-08-25 09:52:22 - [TEST_STEP][PASSED] - if (toString().equalsIgnoreCase("yes")): null

2023-08-25 09:52:22 - [TEST_STEP][PASSED] - if (toString().equalsIgnoreCase("medicare")): null

2023-08-25 09:52:22 - [TEST_STEP][PASSED] - else if (toString().equalsIgnoreCase("medicaid")): Object 'Object Repository/Make Appointment/input_Medicaid_programs' is checked

2023-08-25 09:52:22 - [TEST_STEP][PASSED] - check(findTestObject("Object Repository/Make Appointment/input_Medicaid_programs")): Object 'Object Repository/Make Appointment/input_Medicaid_programs' is checked

2023-08-25 09:52:23 - [MESSAGE][PASSED] - Object 'Object Repository/Make Appointment/input_Medicaid_programs' is checked

2023-08-25 09:52:23 - [TEST_STEP][PASSED] - setText(findTestObject("Make Appointment/input_Visit Date"), visit_date): Text '23/08/2023' is set on object 'Object Repository/Make Appointment/input_Visit Date'

2023-08-25 09:52:24 - [MESSAGE][PASSED] - Text '23/08/2023' is set on object 'Object Repository/Make Appointment/input_Visit Date'

2023-08-25 09:52:24 - [TEST_STEP][PASSED] - setText(findTestObject("Make Appointment/Comment"), comment): Text 'done ' is set on object 'Object Repository/Make Appointment/Comment'

2023-08-25 09:52:25 - [MESSAGE][PASSED] - Text 'done ' is set on object 'Object Repository/Make Appointment/Comment'

2023-08-25 09:52:25 - [TEST_STEP][PASSED] - click(findTestObject("Make Appointment/button_Book Appointment")): Object: 'Object Repository/Make Appointment/button_Book Appointment' is clicked on

2023-08-25 09:52:26 - [MESSAGE][PASSED] - Object: 'Object Repository/Make Appointment/button_Book Appointment' is clicked on

2023-08-25 09:52:26 - [TEST_STEP][PASSED] - verifyElementPresent(findTestObject("Make Appointment/Appointment Confirmation"), 10): Object 'Object Repository/Make Appointment/Appointment Confirmation' is present

2023-08-25 09:52:26 - [MESSAGE][PASSED] - Object 'Object Repository/Make Appointment/Appointment Confirmation' is present

2023-08-25 09:52:26 - [TEST_STEP][PASSED] - hasilFacility = getText(findTestObject("Object Repository/Make Appointment/Facility")): Text of object 'Object Repository/Make Appointment/Facility' is: 'Hongkong CURA Healthcare Center'

2023-08-25 09:52:27 - [MESSAGE][PASSED] - Text of object 'Object Repository/Make Appointment/Facility' is: 'Hongkong CURA Healthcare Center'

2023-08-25 09:52:27 - [TEST_STEP][PASSED] - hasilReadmission = getText(findTestObject("Make Appointment/Apply Readmission")): Text of object 'Object Repository/Make Appointment/Apply Readmission' is: 'No'

2023-08-25 09:52:27 - [MESSAGE][PASSED] - Text of object 'Object Repository/Make Appointment/Apply Readmission' is: 'No'

2023-08-25 09:52:27 - [TEST_STEP][PASSED] - hasilHealthPro = getText(findTestObject("Make Appointment/Program Healthcare")): Text of object 'Object Repository/Make Appointment/Program Healthcare' is: 'Medicaid'

2023-08-25 09:52:28 - [MESSAGE][PASSED] - Text of object 'Object Repository/Make Appointment/Program Healthcare' is: 'Medicaid'

2023-08-25 09:52:28 - [TEST_STEP][PASSED] - hasilVisitDate = getText(findTestObject("Make Appointment/Visit_Date")): Text of object 'Object Repository/Make Appointment/Visit_Date' is: '23/08/2023'

2023-08-25 09:52:28 - [MESSAGE][PASSED] - Text of object 'Object Repository/Make Appointment/Visit_Date' is: '23/08/2023'

2023-08-25 09:52:28 - [TEST_STEP][PASSED] - hasilComment = getText(findTestObject("Make Appointment/isi comment")): Text of object 'Object Repository/Make Appointment/isi comment' is: 'done'

2023-08-25 09:52:28 - [MESSAGE][PASSED] - Text of object 'Object Repository/Make Appointment/isi comment' is: 'done'

2023-08-25 09:52:28 - [TEST_STEP][PASSED] - assert toString().equalsIgnoreCase(facility): null

2023-08-25 09:52:28 - [TEST_STEP][PASSED] - assert toString().equalsIgnoreCase(hospital_readmission): null

2023-08-25 09:52:28 - [TEST_STEP][PASSED] - assert toString().equalsIgnoreCase(healthcare_program): null

2023-08-25 09:52:28 - [TEST_STEP][PASSED] - assert toString().equalsIgnoreCase(visit_date): null

2023-08-25 09:52:28 - [TEST_STEP][FAILED] - assert toString().equalsIgnoreCase(comment): Test Cases/Appointment/Test Case 2.1 (Versi Dinamis) FAILED.
Reason:
Assertion failed: 

assert hasilComment.toString().equalsIgnoreCase(comment)
       |            |          |                |
       done         done       false            done 

	at Test Case 2.1 (Versi Dinamis).run(Test Case 2.1 (Versi Dinamis):58)
	at com.kms.katalon.core.main.ScriptEngine.run(ScriptEngine.java:194)
	at com.kms.katalon.core.main.ScriptEngine.runScriptAsRawText(ScriptEngine.java:119)
	at com.kms.katalon.core.main.TestCaseExecutor.runScript(TestCaseExecutor.java:448)
	at com.kms.katalon.core.main.TestCaseExecutor.doExecute(TestCaseExecutor.java:439)
	at com.kms.katalon.core.main.TestCaseExecutor.processExecutionPhase(TestCaseExecutor.java:418)
	at com.kms.katalon.core.main.TestCaseExecutor.accessMainPhase(TestCaseExecutor.java:410)
	at com.kms.katalon.core.main.TestCaseExecutor.execute(TestCaseExecutor.java:285)
	at com.kms.katalon.core.main.TestCaseExecutor.execute(TestCaseExecutor.java:369)
	at com.kms.katalon.core.main.TestCaseExecutor.execute(TestCaseExecutor.java:369)
	at com.kms.katalon.core.main.TestCaseExecutor.execute(TestCaseExecutor.java:369)
	at com.kms.katalon.core.common.CommonExecutor.accessTestCaseMainPhase(CommonExecutor.java:65)
	at com.kms.katalon.core.main.TestSuiteExecutor.accessTestSuiteMainPhase(TestSuiteExecutor.java:148)
	at com.kms.katalon.core.main.TestSuiteExecutor.execute(TestSuiteExecutor.java:106)
	at com.kms.katalon.core.main.TestCaseMain.startTestSuite(TestCaseMain.java:187)
	at com.kms.katalon.core.main.TestCaseMain$startTestSuite$0.call(Unknown Source)
	at TempTestSuite1692931834347.run(TempTestSuite1692931834347.groovy:36)


2023-08-25 09:52:28 - [MESSAGE][FAILED] - Test Cases/Appointment/Test Case 2.1 (Versi Dinamis) FAILED.
Reason:
Assertion failed: 

assert hasilComment.toString().equalsIgnoreCase(comment)
       |            |          |                |
       done         done       false            done 

	at Test Case 2.1 (Versi Dinamis).run(Test Case 2.1 (Versi Dinamis):58)
	at com.kms.katalon.core.main.ScriptEngine.run(ScriptEngine.java:194)
	at com.kms.katalon.core.main.ScriptEngine.runScriptAsRawText(ScriptEngine.java:119)
	at com.kms.katalon.core.main.TestCaseExecutor.runScript(TestCaseExecutor.java:448)
	at com.kms.katalon.core.main.TestCaseExecutor.doExecute(TestCaseExecutor.java:439)
	at com.kms.katalon.core.main.TestCaseExecutor.processExecutionPhase(TestCaseExecutor.java:418)
	at com.kms.katalon.core.main.TestCaseExecutor.accessMainPhase(TestCaseExecutor.java:410)
	at com.kms.katalon.core.main.TestCaseExecutor.execute(TestCaseExecutor.java:285)
	at com.kms.katalon.core.main.TestCaseExecutor.execute(TestCaseExecutor.java:369)
	at com.kms.katalon.core.main.TestCaseExecutor.execute(TestCaseExecutor.java:369)
	at com.kms.katalon.core.main.TestCaseExecutor.execute(TestCaseExecutor.java:369)
	at com.kms.katalon.core.common.CommonExecutor.accessTestCaseMainPhase(CommonExecutor.java:65)
	at com.kms.katalon.core.main.TestSuiteExecutor.accessTestSuiteMainPhase(TestSuiteExecutor.java:148)
	at com.kms.katalon.core.main.TestSuiteExecutor.execute(TestSuiteExecutor.java:106)
	at com.kms.katalon.core.main.TestCaseMain.startTestSuite(TestCaseMain.java:187)
	at com.kms.katalon.core.main.TestCaseMain$startTestSuite$0.call(Unknown Source)
	at TempTestSuite1692931834347.run(TempTestSuite1692931834347.groovy:36)]]></system-out>
         <system-err><![CDATA[2023-08-25 09:52:05 - [TEST_CASE][FAILED] - Test Cases/Appointment/Test Case 2.1 (Versi Dinamis): Test Cases/Appointment/Test Case 2.1 (Versi Dinamis) FAILED.
Reason:
Assertion failed: 

assert hasilComment.toString().equalsIgnoreCase(comment)
       |            |          |                |
       done         done       false            done 

	at Test Case 2.1 (Versi Dinamis).run(Test Case 2.1 (Versi Dinamis):58)
	at com.kms.katalon.core.main.ScriptEngine.run(ScriptEngine.java:194)
	at com.kms.katalon.core.main.ScriptEngine.runScriptAsRawText(ScriptEngine.java:119)
	at com.kms.katalon.core.main.TestCaseExecutor.runScript(TestCaseExecutor.java:448)
	at com.kms.katalon.core.main.TestCaseExecutor.doExecute(TestCaseExecutor.java:439)
	at com.kms.katalon.core.main.TestCaseExecutor.processExecutionPhase(TestCaseExecutor.java:418)
	at com.kms.katalon.core.main.TestCaseExecutor.accessMainPhase(TestCaseExecutor.java:410)
	at com.kms.katalon.core.main.TestCaseExecutor.execute(TestCaseExecutor.java:285)
	at com.kms.katalon.core.main.TestCaseExecutor.execute(TestCaseExecutor.java:369)
	at com.kms.katalon.core.main.TestCaseExecutor.execute(TestCaseExecutor.java:369)
	at com.kms.katalon.core.main.TestCaseExecutor.execute(TestCaseExecutor.java:369)
	at com.kms.katalon.core.common.CommonExecutor.accessTestCaseMainPhase(CommonExecutor.java:65)
	at com.kms.katalon.core.main.TestSuiteExecutor.accessTestSuiteMainPhase(TestSuiteExecutor.java:148)
	at com.kms.katalon.core.main.TestSuiteExecutor.execute(TestSuiteExecutor.java:106)
	at com.kms.katalon.core.main.TestCaseMain.startTestSuite(TestCaseMain.java:187)
	at com.kms.katalon.core.main.TestCaseMain$startTestSuite$0.call(Unknown Source)
	at TempTestSuite1692931834347.run(TempTestSuite1692931834347.groovy:36)]]></system-err>
      </testcase>
      <testcase name="Test Cases/Appointment/Test Case 2.1 (Versi Dinamis)" time="22.416" classname="Test Cases/Appointment/Test Case 2.1 (Versi Dinamis)" status="PASSED">
         <system-out><![CDATA[2023-08-25 09:52:29 - [TEST_CASE][PASSED] - Test Cases/Appointment/Test Case 2.1 (Versi Dinamis): Test Cases/Appointment/Test Case 2.1 (Versi Dinamis)

2023-08-25 09:52:29 - [TEST_STEP][PASSED] - callTestCase(findTestCase("Login/Test Case 1.1 (Manual)"), ["Username":username, "Password":password], STOP_ON_FAILURE): Call Test Case 'Test Cases/Login/Test Case 1.1 (Manual)' successfully

2023-08-25 09:52:29 - [TEST_CASE][PASSED] - Test Cases/Login/Test Case 1.1 (Manual): Test Cases/Login/Test Case 1.1 (Manual)

2023-08-25 09:52:29 - [TEST_STEP][PASSED] - openBrowser(WEB_URL): Browser is opened with url: 'https://katalon-demo-cura.herokuapp.com/'

2023-08-25 09:52:29 - [MESSAGE][WARNING] - A browser is already opened. Closing browser and opening a new one

2023-08-25 09:52:29 - [MESSAGE][INFO] - Starting 'Edge Chromium' driver

2023-08-25 09:52:32 - [MESSAGE][INFO] - Action delay is set to 0 milliseconds

2023-08-25 09:52:38 - [MESSAGE][PASSED] - Browser is opened with url: 'https://katalon-demo-cura.herokuapp.com/'

2023-08-25 09:52:38 - [TEST_STEP][PASSED] - verifyElementPresent(findTestObject("Login/Title Home Page"), 10): Object 'Object Repository/Login/Title Home Page' is present

2023-08-25 09:52:38 - [MESSAGE][PASSED] - Object 'Object Repository/Login/Title Home Page' is present

2023-08-25 09:52:38 - [TEST_STEP][PASSED] - click(findTestObject("Login/Menu Burger")): Object: 'Object Repository/Login/Menu Burger' is clicked on

2023-08-25 09:52:39 - [MESSAGE][PASSED] - Object: 'Object Repository/Login/Menu Burger' is clicked on

2023-08-25 09:52:39 - [TEST_STEP][PASSED] - click(findTestObject("Login/Menu Login")): Object: 'Object Repository/Login/Menu Login' is clicked on

2023-08-25 09:52:40 - [MESSAGE][PASSED] - Object: 'Object Repository/Login/Menu Login' is clicked on

2023-08-25 09:52:40 - [TEST_STEP][PASSED] - verifyElementPresent(findTestObject("Login/Title Login"), 10): Object 'Object Repository/Login/Title Login' is present

2023-08-25 09:52:41 - [MESSAGE][PASSED] - Object 'Object Repository/Login/Title Login' is present

2023-08-25 09:52:41 - [TEST_STEP][PASSED] - setText(findTestObject("Login/input_Username"), Username): Text 'John Doe' is set on object 'Object Repository/Login/input_Username'

2023-08-25 09:52:42 - [MESSAGE][PASSED] - Text 'John Doe' is set on object 'Object Repository/Login/input_Username'

2023-08-25 09:52:42 - [TEST_STEP][PASSED] - setEncryptedText(findTestObject("Login/input_Password"), Password): Text ****** has been set on object 'Object Repository/Login/input_Password'

2023-08-25 09:52:42 - [MESSAGE][PASSED] - Text ****** has been set on object 'Object Repository/Login/input_Password'

2023-08-25 09:52:42 - [TEST_STEP][PASSED] - click(findTestObject("Login/button_Login")): Object: 'Object Repository/Login/button_Login' is clicked on

2023-08-25 09:52:43 - [MESSAGE][PASSED] - Object: 'Object Repository/Login/button_Login' is clicked on

2023-08-25 09:52:43 - [TEST_STEP][PASSED] - verifyElementPresent(findTestObject("Login/Title_Make Appointment"), 10): Object 'Object Repository/Login/Title_Make Appointment' is present

2023-08-25 09:52:44 - [MESSAGE][PASSED] - Object 'Object Repository/Login/Title_Make Appointment' is present

2023-08-25 09:52:44 - [MESSAGE][PASSED] - Call Test Case 'Test Cases/Login/Test Case 1.1 (Manual)' successfully

2023-08-25 09:52:44 - [TEST_STEP][PASSED] - selectOptionByValue(findTestObject("Make Appointment/select dropdown"), facility, false): All options with value 'Seoul CURA Healthcare Center' are selected in object 'Object Repository/Make Appointment/select dropdown' 

2023-08-25 09:52:44 - [MESSAGE][PASSED] - All options with value 'Seoul CURA Healthcare Center' are selected in object 'Object Repository/Make Appointment/select dropdown' 

2023-08-25 09:52:44 - [TEST_STEP][PASSED] - if (toString().equalsIgnoreCase("yes")): Object 'Object Repository/Make Appointment/Check Box Readmission' is checked

2023-08-25 09:52:44 - [TEST_STEP][PASSED] - check(findTestObject("Make Appointment/Check Box Readmission")): Object 'Object Repository/Make Appointment/Check Box Readmission' is checked

2023-08-25 09:52:45 - [MESSAGE][PASSED] - Object 'Object Repository/Make Appointment/Check Box Readmission' is checked

2023-08-25 09:52:45 - [TEST_STEP][PASSED] - if (toString().equalsIgnoreCase("medicare")): null

2023-08-25 09:52:45 - [TEST_STEP][PASSED] - else if (toString().equalsIgnoreCase("medicaid")): null

2023-08-25 09:52:45 - [TEST_STEP][PASSED] - else: Object 'Object Repository/Make Appointment/input_None_programs' is checked

2023-08-25 09:52:45 - [TEST_STEP][PASSED] - check(findTestObject("Object Repository/Make Appointment/input_None_programs")): Object 'Object Repository/Make Appointment/input_None_programs' is checked

2023-08-25 09:52:45 - [MESSAGE][PASSED] - Object 'Object Repository/Make Appointment/input_None_programs' is checked

2023-08-25 09:52:45 - [TEST_STEP][PASSED] - setText(findTestObject("Make Appointment/input_Visit Date"), visit_date): Text '23/08/2023' is set on object 'Object Repository/Make Appointment/input_Visit Date'

2023-08-25 09:52:46 - [MESSAGE][PASSED] - Text '23/08/2023' is set on object 'Object Repository/Make Appointment/input_Visit Date'

2023-08-25 09:52:46 - [TEST_STEP][PASSED] - setText(findTestObject("Make Appointment/Comment"), comment): Text 'a Great Job' is set on object 'Object Repository/Make Appointment/Comment'

2023-08-25 09:52:47 - [MESSAGE][PASSED] - Text 'a Great Job' is set on object 'Object Repository/Make Appointment/Comment'

2023-08-25 09:52:47 - [TEST_STEP][PASSED] - click(findTestObject("Make Appointment/button_Book Appointment")): Object: 'Object Repository/Make Appointment/button_Book Appointment' is clicked on

2023-08-25 09:52:49 - [MESSAGE][PASSED] - Object: 'Object Repository/Make Appointment/button_Book Appointment' is clicked on

2023-08-25 09:52:49 - [TEST_STEP][PASSED] - verifyElementPresent(findTestObject("Make Appointment/Appointment Confirmation"), 10): Object 'Object Repository/Make Appointment/Appointment Confirmation' is present

2023-08-25 09:52:49 - [MESSAGE][PASSED] - Object 'Object Repository/Make Appointment/Appointment Confirmation' is present

2023-08-25 09:52:49 - [TEST_STEP][PASSED] - hasilFacility = getText(findTestObject("Object Repository/Make Appointment/Facility")): Text of object 'Object Repository/Make Appointment/Facility' is: 'Seoul CURA Healthcare Center'

2023-08-25 09:52:49 - [MESSAGE][PASSED] - Text of object 'Object Repository/Make Appointment/Facility' is: 'Seoul CURA Healthcare Center'

2023-08-25 09:52:49 - [TEST_STEP][PASSED] - hasilReadmission = getText(findTestObject("Make Appointment/Apply Readmission")): Text of object 'Object Repository/Make Appointment/Apply Readmission' is: 'Yes'

2023-08-25 09:52:50 - [MESSAGE][PASSED] - Text of object 'Object Repository/Make Appointment/Apply Readmission' is: 'Yes'

2023-08-25 09:52:50 - [TEST_STEP][PASSED] - hasilHealthPro = getText(findTestObject("Make Appointment/Program Healthcare")): Text of object 'Object Repository/Make Appointment/Program Healthcare' is: 'None'

2023-08-25 09:52:50 - [MESSAGE][PASSED] - Text of object 'Object Repository/Make Appointment/Program Healthcare' is: 'None'

2023-08-25 09:52:50 - [TEST_STEP][PASSED] - hasilVisitDate = getText(findTestObject("Make Appointment/Visit_Date")): Text of object 'Object Repository/Make Appointment/Visit_Date' is: '23/08/2023'

2023-08-25 09:52:51 - [MESSAGE][PASSED] - Text of object 'Object Repository/Make Appointment/Visit_Date' is: '23/08/2023'

2023-08-25 09:52:51 - [TEST_STEP][PASSED] - hasilComment = getText(findTestObject("Make Appointment/isi comment")): Text of object 'Object Repository/Make Appointment/isi comment' is: 'a Great Job'

2023-08-25 09:52:51 - [MESSAGE][PASSED] - Text of object 'Object Repository/Make Appointment/isi comment' is: 'a Great Job'

2023-08-25 09:52:51 - [TEST_STEP][PASSED] - assert toString().equalsIgnoreCase(facility): null

2023-08-25 09:52:51 - [TEST_STEP][PASSED] - assert toString().equalsIgnoreCase(hospital_readmission): null

2023-08-25 09:52:51 - [TEST_STEP][PASSED] - assert toString().equalsIgnoreCase(healthcare_program): null

2023-08-25 09:52:51 - [TEST_STEP][PASSED] - assert toString().equalsIgnoreCase(visit_date): null

2023-08-25 09:52:51 - [TEST_STEP][PASSED] - assert toString().equalsIgnoreCase(comment): null]]></system-out>
         <system-err><![CDATA[]]></system-err>
      </testcase>
      <system-out><![CDATA[2023-08-25 09:50:36 - [TEST_SUITE][FAILED] - Test Suite APPOINTMENT: Test Cases/Appointment/Test Case 2.1 (Versi Dinamis) FAILED.
Reason:
Assertion failed: 

assert hasilComment.toString().equalsIgnoreCase(comment)
       |            |          |                |
       done         done       false            done 

	at Test Case 2.1 (Versi Dinamis).run(Test Case 2.1 (Versi Dinamis):58)
	at com.kms.katalon.core.main.ScriptEngine.run(ScriptEngine.java:194)
	at com.kms.katalon.core.main.ScriptEngine.runScriptAsRawText(ScriptEngine.java:119)
	at com.kms.katalon.core.main.TestCaseExecutor.runScript(TestCaseExecutor.java:448)
	at com.kms.katalon.core.main.TestCaseExecutor.doExecute(TestCaseExecutor.java:439)
	at com.kms.katalon.core.main.TestCaseExecutor.processExecutionPhase(TestCaseExecutor.java:418)
	at com.kms.katalon.core.main.TestCaseExecutor.accessMainPhase(TestCaseExecutor.java:410)
	at com.kms.katalon.core.main.TestCaseExecutor.execute(TestCaseExecutor.java:285)
	at com.kms.katalon.core.common.CommonExecutor.accessTestCaseMainPhase(CommonExecutor.java:65)
	at com.kms.katalon.core.main.TestSuiteExecutor.accessTestSuiteMainPhase(TestSuiteExecutor.java:148)
	at com.kms.katalon.core.main.TestSuiteExecutor.execute(TestSuiteExecutor.java:106)
	at com.kms.katalon.core.main.TestCaseMain.startTestSuite(TestCaseMain.java:187)
	at com.kms.katalon.core.main.TestCaseMain$startTestSuite$0.call(Unknown Source)
	at TempTestSuite1692931834347.run(TempTestSuite1692931834347.groovy:36)]]></system-out>
      <system-err><![CDATA[2023-08-25 09:50:36 - [TEST_SUITE][FAILED] - Test Suite APPOINTMENT: Test Cases/Appointment/Test Case 2.1 (Versi Dinamis) FAILED.
Reason:
Assertion failed: 

assert hasilComment.toString().equalsIgnoreCase(comment)
       |            |          |                |
       done         done       false            done 

	at Test Case 2.1 (Versi Dinamis).run(Test Case 2.1 (Versi Dinamis):58)
	at com.kms.katalon.core.main.ScriptEngine.run(ScriptEngine.java:194)
	at com.kms.katalon.core.main.ScriptEngine.runScriptAsRawText(ScriptEngine.java:119)
	at com.kms.katalon.core.main.TestCaseExecutor.runScript(TestCaseExecutor.java:448)
	at com.kms.katalon.core.main.TestCaseExecutor.doExecute(TestCaseExecutor.java:439)
	at com.kms.katalon.core.main.TestCaseExecutor.processExecutionPhase(TestCaseExecutor.java:418)
	at com.kms.katalon.core.main.TestCaseExecutor.accessMainPhase(TestCaseExecutor.java:410)
	at com.kms.katalon.core.main.TestCaseExecutor.execute(TestCaseExecutor.java:285)
	at com.kms.katalon.core.common.CommonExecutor.accessTestCaseMainPhase(CommonExecutor.java:65)
	at com.kms.katalon.core.main.TestSuiteExecutor.accessTestSuiteMainPhase(TestSuiteExecutor.java:148)
	at com.kms.katalon.core.main.TestSuiteExecutor.execute(TestSuiteExecutor.java:106)
	at com.kms.katalon.core.main.TestCaseMain.startTestSuite(TestCaseMain.java:187)
	at com.kms.katalon.core.main.TestCaseMain$startTestSuite$0.call(Unknown Source)
	at TempTestSuite1692931834347.run(TempTestSuite1692931834347.groovy:36)]]></system-err>
   </testsuite>
</testsuites>
