<?xml version="1.0" encoding="UTF-8"?>
<testsuites name="Checkout Story Test Suite" time="397.215" tests="6" failures="0" errors="1">
   <testsuite name="Checkout Story Test Suite" tests="6" failures="0" errors="1" time="397.215" skipped="0" timestamp="2023-08-30 16:37:43" hostname="Aslamadin Alvian Haz - DESKTOP-L5FUI4E" id="Test Suites/Checkout Story Test Suite">
      <properties>
         <property name="deviceName" value=""/>
         <property name="devicePlatform" value=""/>
         <property name="logFolder" value="C:\\Users\\Aslamadin Alvian Haz\\Documents\\Batch 324 QA XSIS Academy\\batch-324-qa\\Alvin\\Sauce Demo\\Reports\\20230830_163655\\Checkout Story Test Suite\\20230830_163655"/>
         <property name="logFiles" value="C:\\Users\\Aslamadin Alvian Haz\\Documents\\Batch 324 QA XSIS Academy\\batch-324-qa\\Alvin\\Sauce Demo\\Reports\\20230830_163655\\Checkout Story Test Suite\\20230830_163655\\execution0.log"/>
         <property name="attachments" value=""/>
         <property name="hostName" value="Aslamadin Alvian Haz - DESKTOP-L5FUI4E"/>
         <property name="os" value="Windows 10 64bit"/>
         <property name="katalonVersion" value="8.6.5.208"/>
         <property name="browser" value="Edge Chromium 116"/>
         <property name="hostAddress" value="10.9.2.55"/>
         <property name="sessionId" value="b9954468c3bbbae7466662a70730cbe1"/>
         <property name="seleniumVersion" value="3.141.59"/>
         <property name="proxyInformation" value="ProxyInformation { proxyOption=NO_PROXY, proxyServerType=HTTP, username=, password=********, proxyServerAddress=, proxyServerPort=0, executionList=&quot;&quot;, isApplyToDesiredCapabilities=true }"/>
         <property name="platform" value="Windows 10"/>
      </properties>
      <testcase name="Test Cases/Checkout/TC-Checkout-Success-001" time="105.25" classname="Test Cases/Checkout/TC-Checkout-Success-001" status="PASSED">
         <system-out><![CDATA[2023-08-30 16:37:45 - [TEST_CASE][PASSED] - Test Cases/Checkout/TC-Checkout-Success-001: Test Cases/Checkout/TC-Checkout-Success-001

2023-08-30 16:37:50 - [TEST_STEP][PASSED] - cartItems = callTestCase(findTestCase("Keranjang/TC-Cart-Show-002"), [:], STOP_ON_FAILURE): Call Test Case 'Test Cases/Keranjang/TC-Cart-Show-002' successfully

2023-08-30 16:37:51 - [TEST_CASE][PASSED] - Test Cases/Keranjang/TC-Cart-Show-002: Test Cases/Keranjang/TC-Cart-Show-002

2023-08-30 16:37:54 - [TEST_STEP][PASSED] - productPage = callTestCase(findTestCase("Product/TC-Product-AddCart-001"), [:], STOP_ON_FAILURE): Call Test Case 'Test Cases/Product/TC-Product-AddCart-001' successfully

2023-08-30 16:37:54 - [TEST_CASE][PASSED] - Test Cases/Product/TC-Product-AddCart-001: Test Cases/Product/TC-Product-AddCart-001

2023-08-30 16:37:56 - [TEST_STEP][PASSED] - callTestCase(findTestCase("Product/TC-Product-Show-001"), [:], STOP_ON_FAILURE): Call Test Case 'Test Cases/Product/TC-Product-Show-001' successfully

2023-08-30 16:37:56 - [TEST_CASE][PASSED] - Test Cases/Product/TC-Product-Show-001: Test Cases/Product/TC-Product-Show-001

2023-08-30 16:37:57 - [TEST_STEP][PASSED] - callTestCase(findTestCase("Login/TC-Login-Success-001"), ["username":"standard_user", "password":"qcu24s4901FyWDTwXGr6XA=="], STOP_ON_FAILURE): Call Test Case 'Test Cases/Login/TC-Login-Success-001' successfully

2023-08-30 16:37:57 - [TEST_CASE][PASSED] - Test Cases/Login/TC-Login-Success-001: Test Cases/Login/TC-Login-Success-001

2023-08-30 16:37:59 - [TEST_STEP][PASSED] - openBrowser(webSauceDemo): Browser is opened with url: 'https://www.saucedemo.com/'

2023-08-30 16:38:00 - [MESSAGE][INFO] - Starting 'Edge Chromium' driver

2023-08-30 16:38:03 - [MESSAGE][INFO] - Action delay is set to 0 milliseconds

2023-08-30 16:38:12 - [MESSAGE][PASSED] - Browser is opened with url: 'https://www.saucedemo.com/'

2023-08-30 16:38:12 - [TEST_STEP][PASSED] - verifyElementPresent(findTestObject("Login Page Object/Swag Labs Text (tanda masuk home)"), 5): Object 'Object Repository/Login Page Object/Swag Labs Text (tanda masuk home)' is present

2023-08-30 16:38:15 - [MESSAGE][PASSED] - Object 'Object Repository/Login Page Object/Swag Labs Text (tanda masuk home)' is present

2023-08-30 16:38:15 - [TEST_STEP][PASSED] - setText(findTestObject("Login Page Object/username login"), username): Text 'standard_user' is set on object 'Object Repository/Login Page Object/username login'

2023-08-30 16:38:19 - [MESSAGE][PASSED] - Text 'standard_user' is set on object 'Object Repository/Login Page Object/username login'

2023-08-30 16:38:19 - [TEST_STEP][PASSED] - setEncryptedText(findTestObject("Login Page Object/password login"), password): Text ****** has been set on object 'Object Repository/Login Page Object/password login'

2023-08-30 16:38:22 - [MESSAGE][PASSED] - Text ****** has been set on object 'Object Repository/Login Page Object/password login'

2023-08-30 16:38:22 - [TEST_STEP][PASSED] - click(findTestObject("Login Page Object/button login")): Object: 'Object Repository/Login Page Object/button login' is clicked on

2023-08-30 16:38:24 - [MESSAGE][PASSED] - Object: 'Object Repository/Login Page Object/button login' is clicked on

2023-08-30 16:38:24 - [TEST_STEP][PASSED] - verifyElementPresent(findTestObject("Product/span_Products"), 5): Object 'Object Repository/Product/span_Products' is present

2023-08-30 16:38:26 - [MESSAGE][PASSED] - Object 'Object Repository/Product/span_Products' is present

2023-08-30 16:38:26 - [MESSAGE][PASSED] - Call Test Case 'Test Cases/Login/TC-Login-Success-001' successfully

2023-08-30 16:38:26 - [MESSAGE][PASSED] - Call Test Case 'Test Cases/Product/TC-Product-Show-001' successfully

2023-08-30 16:38:26 - [TEST_STEP][PASSED] - nameProduct = text: null

2023-08-30 16:38:28 - [TEST_STEP][PASSED] - descProduct = text: null

2023-08-30 16:38:30 - [TEST_STEP][PASSED] - priceProduct = text: null

2023-08-30 16:38:32 - [TEST_STEP][PASSED] - dataProduct = new java.util.HashMap(): null

2023-08-30 16:38:32 - [TEST_STEP][PASSED] - dataProduct.put("nameProduct", nameProduct): null

2023-08-30 16:38:32 - [TEST_STEP][PASSED] - dataProduct.put("descProduct", descProduct): null

2023-08-30 16:38:32 - [TEST_STEP][PASSED] - dataProduct.put("priceProduct", priceProduct): null

2023-08-30 16:38:32 - [TEST_STEP][PASSED] - click(findTestObject("Product/button add to cart backpack")): Object: 'Object Repository/Product/button add to cart backpack' is clicked on

2023-08-30 16:38:35 - [MESSAGE][PASSED] - Object: 'Object Repository/Product/button add to cart backpack' is clicked on

2023-08-30 16:38:35 - [TEST_STEP][PASSED] - verifyElementPresent(findTestObject("selector for verify/button remove item pos 1"), 5): Object 'Object Repository/selector for verify/button remove item pos 1' is present

2023-08-30 16:38:38 - [MESSAGE][PASSED] - Object 'Object Repository/selector for verify/button remove item pos 1' is present

2023-08-30 16:38:38 - [TEST_STEP][PASSED] - verifyElementPresent(findTestObject("selector for verify/verify jumlah item 1 (cart)"), 5): Object 'Object Repository/selector for verify/verify jumlah item 1 (cart)' is present

2023-08-30 16:38:40 - [MESSAGE][PASSED] - Object 'Object Repository/selector for verify/verify jumlah item 1 (cart)' is present

2023-08-30 16:38:40 - [TEST_STEP][PASSED] - return dataProduct: null

2023-08-30 16:38:40 - [MESSAGE][PASSED] - Call Test Case 'Test Cases/Product/TC-Product-AddCart-001' successfully

2023-08-30 16:38:40 - [TEST_STEP][PASSED] - click(findTestObject("Checkout/cart icon")): Object: 'Object Repository/Checkout/cart icon' is clicked on

2023-08-30 16:38:42 - [MESSAGE][PASSED] - Object: 'Object Repository/Checkout/cart icon' is clicked on

2023-08-30 16:38:42 - [TEST_STEP][PASSED] - verifyElementPresent(findTestObject("Checkout/span_Your Cart"), 5): Object 'Object Repository/Checkout/span_Your Cart' is present

2023-08-30 16:38:44 - [MESSAGE][PASSED] - Object 'Object Repository/Checkout/span_Your Cart' is present

2023-08-30 16:38:44 - [TEST_STEP][PASSED] - nameCart = text: null

2023-08-30 16:38:46 - [TEST_STEP][PASSED] - descCart = text: null

2023-08-30 16:38:48 - [TEST_STEP][PASSED] - priceCart = text: null

2023-08-30 16:38:50 - [TEST_STEP][PASSED] - productPage.put("nameCart", nameCart): null

2023-08-30 16:38:50 - [TEST_STEP][PASSED] - productPage.put("descCart", descCart): null

2023-08-30 16:38:50 - [TEST_STEP][PASSED] - productPage.put("priceCart", priceCart): null

2023-08-30 16:38:50 - [TEST_STEP][PASSED] - assert productPage.get("nameProduct") == nameCart: null

2023-08-30 16:38:50 - [TEST_STEP][PASSED] - assert productPage.get("priceProduct") == priceCart: null

2023-08-30 16:38:50 - [TEST_STEP][PASSED] - assert productPage.get("descProduct") == descCart: null

2023-08-30 16:38:50 - [TEST_STEP][PASSED] - return productPage: null

2023-08-30 16:38:50 - [MESSAGE][PASSED] - Call Test Case 'Test Cases/Keranjang/TC-Cart-Show-002' successfully

2023-08-30 16:38:50 - [TEST_STEP][PASSED] - click(findTestObject("Checkout/button_Checkout")): Object: 'Object Repository/Checkout/button_Checkout' is clicked on

2023-08-30 16:38:52 - [MESSAGE][PASSED] - Object: 'Object Repository/Checkout/button_Checkout' is clicked on

2023-08-30 16:38:52 - [TEST_STEP][PASSED] - verifyElementPresent(findTestObject("Checkout/span_Checkout Your Information"), 5): Object 'Object Repository/Checkout/span_Checkout Your Information' is present

2023-08-30 16:38:54 - [MESSAGE][PASSED] - Object 'Object Repository/Checkout/span_Checkout Your Information' is present

2023-08-30 16:38:54 - [TEST_STEP][PASSED] - setText(findTestObject("Checkout/input_Checkout Your Information_firstName"), firstName): Text 'Joko' is set on object 'Object Repository/Checkout/input_Checkout Your Information_firstName'

2023-08-30 16:38:58 - [MESSAGE][PASSED] - Text 'Joko' is set on object 'Object Repository/Checkout/input_Checkout Your Information_firstName'

2023-08-30 16:38:58 - [TEST_STEP][PASSED] - setText(findTestObject("Checkout/input_Checkout Your Information_lastName"), lastName): Text 'Widodo' is set on object 'Object Repository/Checkout/input_Checkout Your Information_lastName'

2023-08-30 16:39:03 - [MESSAGE][PASSED] - Text 'Widodo' is set on object 'Object Repository/Checkout/input_Checkout Your Information_lastName'

2023-08-30 16:39:03 - [TEST_STEP][PASSED] - setText(findTestObject("Checkout/input_Checkout Your Information_postalCode"), postalCode): Text '12345' is set on object 'Object Repository/Checkout/input_Checkout Your Information_postalCode'

2023-08-30 16:39:11 - [MESSAGE][PASSED] - Text '12345' is set on object 'Object Repository/Checkout/input_Checkout Your Information_postalCode'

2023-08-30 16:39:11 - [TEST_STEP][PASSED] - click(findTestObject("Checkout/input_Cancel_continue")): Object: 'Object Repository/Checkout/input_Cancel_continue' is clicked on

2023-08-30 16:39:13 - [MESSAGE][PASSED] - Object: 'Object Repository/Checkout/input_Cancel_continue' is clicked on

2023-08-30 16:39:13 - [TEST_STEP][PASSED] - verifyElementPresent(findTestObject("Checkout/span_Checkout Overview"), 5): Object 'Object Repository/Checkout/span_Checkout Overview' is present

2023-08-30 16:39:15 - [MESSAGE][PASSED] - Object 'Object Repository/Checkout/span_Checkout Overview' is present

2023-08-30 16:39:15 - [TEST_STEP][PASSED] - cartName = text: null

2023-08-30 16:39:17 - [TEST_STEP][PASSED] - cartDesc = text: null

2023-08-30 16:39:19 - [TEST_STEP][PASSED] - cartPrice = text: null

2023-08-30 16:39:21 - [TEST_STEP][PASSED] - taxElement = text: null

2023-08-30 16:39:23 - [TEST_STEP][PASSED] - itemTotalElement = text: null

2023-08-30 16:39:25 - [TEST_STEP][PASSED] - totalElement = text: null

2023-08-30 16:39:27 - [TEST_STEP][PASSED] - assert cartName == cartItems.get("nameProduct"): null

2023-08-30 16:39:27 - [TEST_STEP][PASSED] - assert cartDesc == cartItems.get("descProduct"): null

2023-08-30 16:39:27 - [TEST_STEP][PASSED] - assert cartPrice == cartItems.get("priceProduct"): null

2023-08-30 16:39:27 - [TEST_STEP][PASSED] - assert cartName == cartItems.get("nameCart"): null

2023-08-30 16:39:27 - [TEST_STEP][PASSED] - assert cartDesc == cartItems.get("descCart"): null

2023-08-30 16:39:27 - [TEST_STEP][PASSED] - assert cartPrice == cartItems.get("priceCart"): null

2023-08-30 16:39:27 - [TEST_STEP][PASSED] - df = new java.text.DecimalFormat(#.##): null

2023-08-30 16:39:27 - [TEST_STEP][PASSED] - tax = Double.parseDouble(df.format(Double.parseDouble(cartPrice.replace("$", "")) * 0.08)): null

2023-08-30 16:39:27 - [TEST_STEP][PASSED] - itemTotal = Double.parseDouble(cartPrice.replace("$", "")): null

2023-08-30 16:39:27 - [TEST_STEP][PASSED] - total = tax + itemTotal: null

2023-08-30 16:39:27 - [TEST_STEP][PASSED] - arrItemTotalElement = itemTotalElement.split("\$"): null

2023-08-30 16:39:27 - [TEST_STEP][PASSED] - arrTaxElement = taxElement.split("\$"): null

2023-08-30 16:39:27 - [TEST_STEP][PASSED] - arrTotalElement = totalElement.split("\$"): null

2023-08-30 16:39:27 - [TEST_STEP][PASSED] - assert tax == Double.parseDouble(arrTaxElement[1]): null

2023-08-30 16:39:27 - [TEST_STEP][PASSED] - assert itemTotal == Double.parseDouble(arrItemTotalElement[1]): null

2023-08-30 16:39:27 - [TEST_STEP][PASSED] - assert total == Double.parseDouble(arrTotalElement[1]): null

2023-08-30 16:39:27 - [TEST_STEP][PASSED] - click(findTestObject("Checkout/button_Finish")): Object: 'Object Repository/Checkout/button_Finish' is clicked on

2023-08-30 16:39:30 - [MESSAGE][PASSED] - Object: 'Object Repository/Checkout/button_Finish' is clicked on]]></system-out>
         <system-err><![CDATA[]]></system-err>
      </testcase>
      <testcase name="Test Cases/Checkout/TC-Checkout-Success-002" time="55.711" classname="Test Cases/Checkout/TC-Checkout-Success-002" status="PASSED">
         <system-out><![CDATA[2023-08-30 16:39:30 - [TEST_CASE][PASSED] - Test Cases/Checkout/TC-Checkout-Success-002: Test Cases/Checkout/TC-Checkout-Success-002

2023-08-30 16:39:32 - [TEST_STEP][PASSED] - cartItems = callTestCase(findTestCase("Keranjang/TC-Cart-Show-003"), [:], STOP_ON_FAILURE): Call Test Case 'Test Cases/Keranjang/TC-Cart-Show-003' successfully

2023-08-30 16:39:32 - [TEST_CASE][PASSED] - Test Cases/Keranjang/TC-Cart-Show-003: Test Cases/Keranjang/TC-Cart-Show-003

2023-08-30 16:39:34 - [TEST_STEP][PASSED] - itemProduct = callTestCase(findTestCase("Product/TC-Product-AddCart-002"), [:], STOP_ON_FAILURE): Call Test Case 'Test Cases/Product/TC-Product-AddCart-002' successfully

2023-08-30 16:39:34 - [TEST_CASE][PASSED] - Test Cases/Product/TC-Product-AddCart-002: Test Cases/Product/TC-Product-AddCart-002

2023-08-30 16:39:35 - [TEST_STEP][PASSED] - itemProduct = callTestCase(findTestCase("Product/TC-Product-AddCart-001"), [:], STOP_ON_FAILURE): Call Test Case 'Test Cases/Product/TC-Product-AddCart-001' successfully

2023-08-30 16:39:35 - [TEST_CASE][PASSED] - Test Cases/Product/TC-Product-AddCart-001: Test Cases/Product/TC-Product-AddCart-001

2023-08-30 16:39:35 - [TEST_STEP][PASSED] - callTestCase(findTestCase("Product/TC-Product-Show-001"), [:], STOP_ON_FAILURE): Call Test Case 'Test Cases/Product/TC-Product-Show-001' successfully

2023-08-30 16:39:35 - [TEST_CASE][PASSED] - Test Cases/Product/TC-Product-Show-001: Test Cases/Product/TC-Product-Show-001

2023-08-30 16:39:35 - [TEST_STEP][PASSED] - callTestCase(findTestCase("Login/TC-Login-Success-001"), ["username":"standard_user", "password":"qcu24s4901FyWDTwXGr6XA=="], STOP_ON_FAILURE): Call Test Case 'Test Cases/Login/TC-Login-Success-001' successfully

2023-08-30 16:39:36 - [TEST_CASE][PASSED] - Test Cases/Login/TC-Login-Success-001: Test Cases/Login/TC-Login-Success-001

2023-08-30 16:39:36 - [TEST_STEP][PASSED] - openBrowser(webSauceDemo): Browser is opened with url: 'https://www.saucedemo.com/'

2023-08-30 16:39:36 - [MESSAGE][WARNING] - A browser is already opened. Closing browser and opening a new one

2023-08-30 16:39:37 - [MESSAGE][INFO] - Starting 'Edge Chromium' driver

2023-08-30 16:39:39 - [MESSAGE][INFO] - Action delay is set to 0 milliseconds

2023-08-30 16:39:44 - [MESSAGE][PASSED] - Browser is opened with url: 'https://www.saucedemo.com/'

2023-08-30 16:39:44 - [TEST_STEP][PASSED] - verifyElementPresent(findTestObject("Login Page Object/Swag Labs Text (tanda masuk home)"), 5): Object 'Object Repository/Login Page Object/Swag Labs Text (tanda masuk home)' is present

2023-08-30 16:39:45 - [MESSAGE][PASSED] - Object 'Object Repository/Login Page Object/Swag Labs Text (tanda masuk home)' is present

2023-08-30 16:39:45 - [TEST_STEP][PASSED] - setText(findTestObject("Login Page Object/username login"), username): Text 'standard_user' is set on object 'Object Repository/Login Page Object/username login'

2023-08-30 16:39:46 - [MESSAGE][PASSED] - Text 'standard_user' is set on object 'Object Repository/Login Page Object/username login'

2023-08-30 16:39:46 - [TEST_STEP][PASSED] - setEncryptedText(findTestObject("Login Page Object/password login"), password): Text ****** has been set on object 'Object Repository/Login Page Object/password login'

2023-08-30 16:39:48 - [MESSAGE][PASSED] - Text ****** has been set on object 'Object Repository/Login Page Object/password login'

2023-08-30 16:39:48 - [TEST_STEP][PASSED] - click(findTestObject("Login Page Object/button login")): Object: 'Object Repository/Login Page Object/button login' is clicked on

2023-08-30 16:39:50 - [MESSAGE][PASSED] - Object: 'Object Repository/Login Page Object/button login' is clicked on

2023-08-30 16:39:50 - [TEST_STEP][PASSED] - verifyElementPresent(findTestObject("Product/span_Products"), 5): Object 'Object Repository/Product/span_Products' is present

2023-08-30 16:39:50 - [MESSAGE][PASSED] - Object 'Object Repository/Product/span_Products' is present

2023-08-30 16:39:50 - [MESSAGE][PASSED] - Call Test Case 'Test Cases/Login/TC-Login-Success-001' successfully

2023-08-30 16:39:51 - [MESSAGE][PASSED] - Call Test Case 'Test Cases/Product/TC-Product-Show-001' successfully

2023-08-30 16:39:51 - [TEST_STEP][PASSED] - nameProduct = text: null

2023-08-30 16:39:51 - [TEST_STEP][PASSED] - descProduct = text: null

2023-08-30 16:39:52 - [TEST_STEP][PASSED] - priceProduct = text: null

2023-08-30 16:39:53 - [TEST_STEP][PASSED] - dataProduct = new java.util.HashMap(): null

2023-08-30 16:39:53 - [TEST_STEP][PASSED] - dataProduct.put("nameProduct", nameProduct): null

2023-08-30 16:39:53 - [TEST_STEP][PASSED] - dataProduct.put("descProduct", descProduct): null

2023-08-30 16:39:53 - [TEST_STEP][PASSED] - dataProduct.put("priceProduct", priceProduct): null

2023-08-30 16:39:53 - [TEST_STEP][PASSED] - click(findTestObject("Product/button add to cart backpack")): Object: 'Object Repository/Product/button add to cart backpack' is clicked on

2023-08-30 16:39:53 - [MESSAGE][PASSED] - Object: 'Object Repository/Product/button add to cart backpack' is clicked on

2023-08-30 16:39:53 - [TEST_STEP][PASSED] - verifyElementPresent(findTestObject("selector for verify/button remove item pos 1"), 5): Object 'Object Repository/selector for verify/button remove item pos 1' is present

2023-08-30 16:39:54 - [MESSAGE][PASSED] - Object 'Object Repository/selector for verify/button remove item pos 1' is present

2023-08-30 16:39:54 - [TEST_STEP][PASSED] - verifyElementPresent(findTestObject("selector for verify/verify jumlah item 1 (cart)"), 5): Object 'Object Repository/selector for verify/verify jumlah item 1 (cart)' is present

2023-08-30 16:39:55 - [MESSAGE][PASSED] - Object 'Object Repository/selector for verify/verify jumlah item 1 (cart)' is present

2023-08-30 16:39:55 - [TEST_STEP][PASSED] - return dataProduct: null

2023-08-30 16:39:55 - [MESSAGE][PASSED] - Call Test Case 'Test Cases/Product/TC-Product-AddCart-001' successfully

2023-08-30 16:39:55 - [TEST_STEP][PASSED] - nameProduct = text: null

2023-08-30 16:39:55 - [TEST_STEP][PASSED] - descProduct = text: null

2023-08-30 16:39:56 - [TEST_STEP][PASSED] - priceProduct = text: null

2023-08-30 16:39:57 - [TEST_STEP][PASSED] - nameProductList = new java.util.ArrayList(): null

2023-08-30 16:39:57 - [TEST_STEP][PASSED] - descProductList = new java.util.ArrayList(): null

2023-08-30 16:39:57 - [TEST_STEP][PASSED] - priceProductList = new java.util.ArrayList(): null

2023-08-30 16:39:57 - [TEST_STEP][PASSED] - nameProductList.add(itemProduct.get("nameProduct")): null

2023-08-30 16:39:57 - [TEST_STEP][PASSED] - nameProductList.add(nameProduct): null

2023-08-30 16:39:57 - [TEST_STEP][PASSED] - descProductList.add(itemProduct.get("descProduct")): null

2023-08-30 16:39:57 - [TEST_STEP][PASSED] - descProductList.add(descProduct): null

2023-08-30 16:39:57 - [TEST_STEP][PASSED] - priceProductList.add(itemProduct.get("priceProduct")): null

2023-08-30 16:39:57 - [TEST_STEP][PASSED] - priceProductList.add(priceProduct): null

2023-08-30 16:39:57 - [TEST_STEP][PASSED] - itemProduct.put("listNameProduct", nameProductList): null

2023-08-30 16:39:57 - [TEST_STEP][PASSED] - itemProduct.put("listDescProduct", descProductList): null

2023-08-30 16:39:57 - [TEST_STEP][PASSED] - itemProduct.put("listPriceProduct", priceProductList): null

2023-08-30 16:39:57 - [TEST_STEP][PASSED] - click(findTestObject("Product/button add to cart pos 2")): Object: 'Object Repository/Product/button add to cart pos 2' is clicked on

2023-08-30 16:39:57 - [MESSAGE][PASSED] - Object: 'Object Repository/Product/button add to cart pos 2' is clicked on

2023-08-30 16:39:57 - [TEST_STEP][PASSED] - verifyElementPresent(findTestObject("selector for verify/button remove item pos 2"), 5): Object 'Object Repository/selector for verify/button remove item pos 2' is present

2023-08-30 16:39:58 - [MESSAGE][PASSED] - Object 'Object Repository/selector for verify/button remove item pos 2' is present

2023-08-30 16:39:58 - [TEST_STEP][PASSED] - verifyElementPresent(findTestObject("selector for verify/verify jumlah item 2 (cart)"), 5): Object 'Object Repository/selector for verify/verify jumlah item 2 (cart)' is present

2023-08-30 16:39:59 - [MESSAGE][PASSED] - Object 'Object Repository/selector for verify/verify jumlah item 2 (cart)' is present

2023-08-30 16:39:59 - [TEST_STEP][PASSED] - return itemProduct: null

2023-08-30 16:39:59 - [MESSAGE][PASSED] - Call Test Case 'Test Cases/Product/TC-Product-AddCart-002' successfully

2023-08-30 16:39:59 - [TEST_STEP][PASSED] - click(findTestObject("Checkout/cart icon")): Object: 'Object Repository/Checkout/cart icon' is clicked on

2023-08-30 16:39:59 - [MESSAGE][PASSED] - Object: 'Object Repository/Checkout/cart icon' is clicked on

2023-08-30 16:39:59 - [TEST_STEP][PASSED] - verifyElementPresent(findTestObject("Checkout/span_Your Cart"), 5): Object 'Object Repository/Checkout/span_Your Cart' is present

2023-08-30 16:40:00 - [MESSAGE][PASSED] - Object 'Object Repository/Checkout/span_Your Cart' is present

2023-08-30 16:40:00 - [TEST_STEP][PASSED] - nameCart = findWebElements(findTestObject("Object Repository/selector for verify/cart item pos 1 name"), 5): null

2023-08-30 16:40:01 - [TEST_STEP][PASSED] - descCart = findWebElements(findTestObject("Object Repository/selector for verify/cart item pos 1 desc"), 5): null

2023-08-30 16:40:02 - [TEST_STEP][PASSED] - priceCart = findWebElements(findTestObject("Object Repository/selector for verify/cart item pos 1 price"), 5): null

2023-08-30 16:40:03 - [TEST_STEP][PASSED] - nameProduct = new java.util.ArrayList(): null

2023-08-30 16:40:03 - [TEST_STEP][PASSED] - descProduct = new java.util.ArrayList(): null

2023-08-30 16:40:03 - [TEST_STEP][PASSED] - priceProduct = new java.util.ArrayList(): null

2023-08-30 16:40:03 - [TEST_STEP][PASSED] - for ([i = 0, i < nameCart.size(), (i++)]): null

2023-08-30 16:40:03 - [TEST_STEP][PASSED] - tempNameCart = text: null

2023-08-30 16:40:03 - [TEST_STEP][PASSED] - tempDescCart = text: null

2023-08-30 16:40:03 - [TEST_STEP][PASSED] - tempPriceCart = text: null

2023-08-30 16:40:03 - [TEST_STEP][PASSED] - nameProduct.add(tempNameCart): null

2023-08-30 16:40:03 - [TEST_STEP][PASSED] - descProduct.add(tempDescCart): null

2023-08-30 16:40:03 - [TEST_STEP][PASSED] - priceProduct.add(tempPriceCart): null

2023-08-30 16:40:03 - [TEST_STEP][PASSED] - tempNameCart = text: null

2023-08-30 16:40:03 - [TEST_STEP][PASSED] - tempDescCart = text: null

2023-08-30 16:40:03 - [TEST_STEP][PASSED] - tempPriceCart = text: null

2023-08-30 16:40:03 - [TEST_STEP][PASSED] - nameProduct.add(tempNameCart): null

2023-08-30 16:40:03 - [TEST_STEP][PASSED] - descProduct.add(tempDescCart): null

2023-08-30 16:40:03 - [TEST_STEP][PASSED] - priceProduct.add(tempPriceCart): null

2023-08-30 16:40:03 - [TEST_STEP][PASSED] - assert itemProduct.get("listNameProduct") == nameProduct: null

2023-08-30 16:40:03 - [TEST_STEP][PASSED] - assert itemProduct.get("listDescProduct") == descProduct: null

2023-08-30 16:40:03 - [TEST_STEP][PASSED] - assert itemProduct.get("listPriceProduct") == priceProduct: null

2023-08-30 16:40:03 - [TEST_STEP][PASSED] - return itemProduct: null

2023-08-30 16:40:03 - [MESSAGE][PASSED] - Call Test Case 'Test Cases/Keranjang/TC-Cart-Show-003' successfully

2023-08-30 16:40:03 - [TEST_STEP][PASSED] - click(findTestObject("Checkout/button_Checkout")): Object: 'Object Repository/Checkout/button_Checkout' is clicked on

2023-08-30 16:40:04 - [MESSAGE][PASSED] - Object: 'Object Repository/Checkout/button_Checkout' is clicked on

2023-08-30 16:40:04 - [TEST_STEP][PASSED] - verifyElementPresent(findTestObject("Checkout/span_Checkout Your Information"), 5): Object 'Object Repository/Checkout/span_Checkout Your Information' is present

2023-08-30 16:40:04 - [MESSAGE][PASSED] - Object 'Object Repository/Checkout/span_Checkout Your Information' is present

2023-08-30 16:40:04 - [TEST_STEP][PASSED] - setText(findTestObject("Checkout/input_Checkout Your Information_firstName"), firstName): Text 'Joko' is set on object 'Object Repository/Checkout/input_Checkout Your Information_firstName'

2023-08-30 16:40:05 - [MESSAGE][PASSED] - Text 'Joko' is set on object 'Object Repository/Checkout/input_Checkout Your Information_firstName'

2023-08-30 16:40:05 - [TEST_STEP][PASSED] - setText(findTestObject("Checkout/input_Checkout Your Information_lastName"), lastName): Text 'Widodo' is set on object 'Object Repository/Checkout/input_Checkout Your Information_lastName'

2023-08-30 16:40:07 - [MESSAGE][PASSED] - Text 'Widodo' is set on object 'Object Repository/Checkout/input_Checkout Your Information_lastName'

2023-08-30 16:40:07 - [TEST_STEP][PASSED] - setText(findTestObject("Checkout/input_Checkout Your Information_postalCode"), postalCode): Text '12345' is set on object 'Object Repository/Checkout/input_Checkout Your Information_postalCode'

2023-08-30 16:40:10 - [MESSAGE][PASSED] - Text '12345' is set on object 'Object Repository/Checkout/input_Checkout Your Information_postalCode'

2023-08-30 16:40:10 - [TEST_STEP][PASSED] - click(findTestObject("Checkout/input_Cancel_continue")): Object: 'Object Repository/Checkout/input_Cancel_continue' is clicked on

2023-08-30 16:40:12 - [MESSAGE][PASSED] - Object: 'Object Repository/Checkout/input_Cancel_continue' is clicked on

2023-08-30 16:40:12 - [TEST_STEP][PASSED] - verifyElementPresent(findTestObject("Checkout/span_Checkout Overview"), 5): Object 'Object Repository/Checkout/span_Checkout Overview' is present

2023-08-30 16:40:14 - [MESSAGE][PASSED] - Object 'Object Repository/Checkout/span_Checkout Overview' is present

2023-08-30 16:40:14 - [TEST_STEP][PASSED] - cartName = findWebElements(findTestObject("Object Repository/Checkout/overview item pos 1 name"), 5): null

2023-08-30 16:40:16 - [TEST_STEP][PASSED] - cartDesc = findWebElements(findTestObject("Object Repository/Checkout/overview item pos 1 desc"), 5): null

2023-08-30 16:40:18 - [TEST_STEP][PASSED] - cartPrice = findWebElements(findTestObject("Object Repository/Checkout/overview item pos 1 price"), 5): null

2023-08-30 16:40:20 - [TEST_STEP][PASSED] - productName = new java.util.ArrayList(): null

2023-08-30 16:40:20 - [TEST_STEP][PASSED] - productDesc = new java.util.ArrayList(): null

2023-08-30 16:40:20 - [TEST_STEP][PASSED] - productPrice = new java.util.ArrayList(): null

2023-08-30 16:40:20 - [TEST_STEP][PASSED] - for ([i = 0, i < cartName.size(), (i++)]): null

2023-08-30 16:40:20 - [TEST_STEP][PASSED] - tempProductName = text: null

2023-08-30 16:40:20 - [TEST_STEP][PASSED] - tempProductDesc = text: null

2023-08-30 16:40:20 - [TEST_STEP][PASSED] - tempProductPrice = text: null

2023-08-30 16:40:20 - [TEST_STEP][PASSED] - productName.add(tempProductName): null

2023-08-30 16:40:20 - [TEST_STEP][PASSED] - productDesc.add(tempProductDesc): null

2023-08-30 16:40:20 - [TEST_STEP][PASSED] - productPrice.add(tempProductPrice): null

2023-08-30 16:40:20 - [TEST_STEP][PASSED] - tempProductName = text: null

2023-08-30 16:40:20 - [TEST_STEP][PASSED] - tempProductDesc = text: null

2023-08-30 16:40:20 - [TEST_STEP][PASSED] - tempProductPrice = text: null

2023-08-30 16:40:20 - [TEST_STEP][PASSED] - productName.add(tempProductName): null

2023-08-30 16:40:20 - [TEST_STEP][PASSED] - productDesc.add(tempProductDesc): null

2023-08-30 16:40:20 - [TEST_STEP][PASSED] - productPrice.add(tempProductPrice): null

2023-08-30 16:40:20 - [TEST_STEP][PASSED] - assert cartItems.get("listNameProduct") == productName: null

2023-08-30 16:40:20 - [TEST_STEP][PASSED] - assert cartItems.get("listDescProduct") == productDesc: null

2023-08-30 16:40:20 - [TEST_STEP][PASSED] - assert cartItems.get("listPriceProduct") == productPrice: null

2023-08-30 16:40:20 - [TEST_STEP][PASSED] - click(findTestObject("Checkout/button_Finish")): Object: 'Object Repository/Checkout/button_Finish' is clicked on

2023-08-30 16:40:22 - [MESSAGE][PASSED] - Object: 'Object Repository/Checkout/button_Finish' is clicked on

2023-08-30 16:40:22 - [TEST_STEP][PASSED] - verifyElementPresent(findTestObject("Object Repository/Checkout/span_Checkout Complete"), 5): Object 'Object Repository/Checkout/span_Checkout Complete' is present

2023-08-30 16:40:24 - [MESSAGE][PASSED] - Object 'Object Repository/Checkout/span_Checkout Complete' is present

2023-08-30 16:40:24 - [TEST_STEP][PASSED] - verifyElementPresent(findTestObject("Object Repository/Checkout/present thankyou for your order"), 5): Object 'Object Repository/Checkout/present thankyou for your order' is present

2023-08-30 16:40:26 - [MESSAGE][PASSED] - Object 'Object Repository/Checkout/present thankyou for your order' is present]]></system-out>
         <system-err><![CDATA[]]></system-err>
      </testcase>
      <testcase name="Test Cases/Checkout/TC-Checkout-Nav-001" time="32.551" classname="Test Cases/Checkout/TC-Checkout-Nav-001" status="PASSED">
         <system-out><![CDATA[2023-08-30 16:40:26 - [TEST_CASE][PASSED] - Test Cases/Checkout/TC-Checkout-Nav-001: Test Cases/Checkout/TC-Checkout-Nav-001

2023-08-30 16:40:27 - [TEST_STEP][PASSED] - callTestCase(findTestCase("Keranjang/TC-Cart-Show-002"), [:], STOP_ON_FAILURE): Call Test Case 'Test Cases/Keranjang/TC-Cart-Show-002' successfully

2023-08-30 16:40:27 - [TEST_CASE][PASSED] - Test Cases/Keranjang/TC-Cart-Show-002: Test Cases/Keranjang/TC-Cart-Show-002

2023-08-30 16:40:27 - [TEST_STEP][PASSED] - productPage = callTestCase(findTestCase("Product/TC-Product-AddCart-001"), [:], STOP_ON_FAILURE): Call Test Case 'Test Cases/Product/TC-Product-AddCart-001' successfully

2023-08-30 16:40:27 - [TEST_CASE][PASSED] - Test Cases/Product/TC-Product-AddCart-001: Test Cases/Product/TC-Product-AddCart-001

2023-08-30 16:40:27 - [TEST_STEP][PASSED] - callTestCase(findTestCase("Product/TC-Product-Show-001"), [:], STOP_ON_FAILURE): Call Test Case 'Test Cases/Product/TC-Product-Show-001' successfully

2023-08-30 16:40:27 - [TEST_CASE][PASSED] - Test Cases/Product/TC-Product-Show-001: Test Cases/Product/TC-Product-Show-001

2023-08-30 16:40:27 - [TEST_STEP][PASSED] - callTestCase(findTestCase("Login/TC-Login-Success-001"), ["username":"standard_user", "password":"qcu24s4901FyWDTwXGr6XA=="], STOP_ON_FAILURE): Call Test Case 'Test Cases/Login/TC-Login-Success-001' successfully

2023-08-30 16:40:28 - [TEST_CASE][PASSED] - Test Cases/Login/TC-Login-Success-001: Test Cases/Login/TC-Login-Success-001

2023-08-30 16:40:28 - [TEST_STEP][PASSED] - openBrowser(webSauceDemo): Browser is opened with url: 'https://www.saucedemo.com/'

2023-08-30 16:40:28 - [MESSAGE][WARNING] - A browser is already opened. Closing browser and opening a new one

2023-08-30 16:40:29 - [MESSAGE][INFO] - Starting 'Edge Chromium' driver

2023-08-30 16:40:31 - [MESSAGE][INFO] - Action delay is set to 0 milliseconds

2023-08-30 16:40:36 - [MESSAGE][PASSED] - Browser is opened with url: 'https://www.saucedemo.com/'

2023-08-30 16:40:36 - [TEST_STEP][PASSED] - verifyElementPresent(findTestObject("Login Page Object/Swag Labs Text (tanda masuk home)"), 5): Object 'Object Repository/Login Page Object/Swag Labs Text (tanda masuk home)' is present

2023-08-30 16:40:37 - [MESSAGE][PASSED] - Object 'Object Repository/Login Page Object/Swag Labs Text (tanda masuk home)' is present

2023-08-30 16:40:37 - [TEST_STEP][PASSED] - setText(findTestObject("Login Page Object/username login"), username): Text 'standard_user' is set on object 'Object Repository/Login Page Object/username login'

2023-08-30 16:40:38 - [MESSAGE][PASSED] - Text 'standard_user' is set on object 'Object Repository/Login Page Object/username login'

2023-08-30 16:40:38 - [TEST_STEP][PASSED] - setEncryptedText(findTestObject("Login Page Object/password login"), password): Text ****** has been set on object 'Object Repository/Login Page Object/password login'

2023-08-30 16:40:40 - [MESSAGE][PASSED] - Text ****** has been set on object 'Object Repository/Login Page Object/password login'

2023-08-30 16:40:40 - [TEST_STEP][PASSED] - click(findTestObject("Login Page Object/button login")): Object: 'Object Repository/Login Page Object/button login' is clicked on

2023-08-30 16:40:41 - [MESSAGE][PASSED] - Object: 'Object Repository/Login Page Object/button login' is clicked on

2023-08-30 16:40:41 - [TEST_STEP][PASSED] - verifyElementPresent(findTestObject("Product/span_Products"), 5): Object 'Object Repository/Product/span_Products' is present

2023-08-30 16:40:42 - [MESSAGE][PASSED] - Object 'Object Repository/Product/span_Products' is present

2023-08-30 16:40:42 - [MESSAGE][PASSED] - Call Test Case 'Test Cases/Login/TC-Login-Success-001' successfully

2023-08-30 16:40:42 - [MESSAGE][PASSED] - Call Test Case 'Test Cases/Product/TC-Product-Show-001' successfully

2023-08-30 16:40:42 - [TEST_STEP][PASSED] - nameProduct = text: null

2023-08-30 16:40:43 - [TEST_STEP][PASSED] - descProduct = text: null

2023-08-30 16:40:44 - [TEST_STEP][PASSED] - priceProduct = text: null

2023-08-30 16:40:45 - [TEST_STEP][PASSED] - dataProduct = new java.util.HashMap(): null

2023-08-30 16:40:45 - [TEST_STEP][PASSED] - dataProduct.put("nameProduct", nameProduct): null

2023-08-30 16:40:45 - [TEST_STEP][PASSED] - dataProduct.put("descProduct", descProduct): null

2023-08-30 16:40:45 - [TEST_STEP][PASSED] - dataProduct.put("priceProduct", priceProduct): null

2023-08-30 16:40:45 - [TEST_STEP][PASSED] - click(findTestObject("Product/button add to cart backpack")): Object: 'Object Repository/Product/button add to cart backpack' is clicked on

2023-08-30 16:40:46 - [MESSAGE][PASSED] - Object: 'Object Repository/Product/button add to cart backpack' is clicked on

2023-08-30 16:40:46 - [TEST_STEP][PASSED] - verifyElementPresent(findTestObject("selector for verify/button remove item pos 1"), 5): Object 'Object Repository/selector for verify/button remove item pos 1' is present

2023-08-30 16:40:47 - [MESSAGE][PASSED] - Object 'Object Repository/selector for verify/button remove item pos 1' is present

2023-08-30 16:40:47 - [TEST_STEP][PASSED] - verifyElementPresent(findTestObject("selector for verify/verify jumlah item 1 (cart)"), 5): Object 'Object Repository/selector for verify/verify jumlah item 1 (cart)' is present

2023-08-30 16:40:47 - [MESSAGE][PASSED] - Object 'Object Repository/selector for verify/verify jumlah item 1 (cart)' is present

2023-08-30 16:40:47 - [TEST_STEP][PASSED] - return dataProduct: null

2023-08-30 16:40:47 - [MESSAGE][PASSED] - Call Test Case 'Test Cases/Product/TC-Product-AddCart-001' successfully

2023-08-30 16:40:47 - [TEST_STEP][PASSED] - click(findTestObject("Checkout/cart icon")): Object: 'Object Repository/Checkout/cart icon' is clicked on

2023-08-30 16:40:48 - [MESSAGE][PASSED] - Object: 'Object Repository/Checkout/cart icon' is clicked on

2023-08-30 16:40:48 - [TEST_STEP][PASSED] - verifyElementPresent(findTestObject("Checkout/span_Your Cart"), 5): Object 'Object Repository/Checkout/span_Your Cart' is present

2023-08-30 16:40:49 - [MESSAGE][PASSED] - Object 'Object Repository/Checkout/span_Your Cart' is present

2023-08-30 16:40:49 - [TEST_STEP][PASSED] - nameCart = text: null

2023-08-30 16:40:50 - [TEST_STEP][PASSED] - descCart = text: null

2023-08-30 16:40:50 - [TEST_STEP][PASSED] - priceCart = text: null

2023-08-30 16:40:51 - [TEST_STEP][PASSED] - productPage.put("nameCart", nameCart): null

2023-08-30 16:40:51 - [TEST_STEP][PASSED] - productPage.put("descCart", descCart): null

2023-08-30 16:40:51 - [TEST_STEP][PASSED] - productPage.put("priceCart", priceCart): null

2023-08-30 16:40:51 - [TEST_STEP][PASSED] - assert productPage.get("nameProduct") == nameCart: null

2023-08-30 16:40:51 - [TEST_STEP][PASSED] - assert productPage.get("priceProduct") == priceCart: null

2023-08-30 16:40:51 - [TEST_STEP][PASSED] - assert productPage.get("descProduct") == descCart: null

2023-08-30 16:40:51 - [TEST_STEP][PASSED] - return productPage: null

2023-08-30 16:40:51 - [MESSAGE][PASSED] - Call Test Case 'Test Cases/Keranjang/TC-Cart-Show-002' successfully

2023-08-30 16:40:51 - [TEST_STEP][PASSED] - click(findTestObject("Checkout/button_Checkout")): Object: 'Object Repository/Checkout/button_Checkout' is clicked on

2023-08-30 16:40:52 - [MESSAGE][PASSED] - Object: 'Object Repository/Checkout/button_Checkout' is clicked on

2023-08-30 16:40:52 - [TEST_STEP][PASSED] - verifyElementPresent(findTestObject("Checkout/span_Checkout Your Information"), 5): Object 'Object Repository/Checkout/span_Checkout Your Information' is present

2023-08-30 16:40:52 - [MESSAGE][PASSED] - Object 'Object Repository/Checkout/span_Checkout Your Information' is present

2023-08-30 16:40:52 - [TEST_STEP][PASSED] - setText(findTestObject("Checkout/input_Checkout Your Information_firstName"), firstName): Text 'rida' is set on object 'Object Repository/Checkout/input_Checkout Your Information_firstName'

2023-08-30 16:40:53 - [MESSAGE][PASSED] - Text 'rida' is set on object 'Object Repository/Checkout/input_Checkout Your Information_firstName'

2023-08-30 16:40:53 - [TEST_STEP][PASSED] - setText(findTestObject("Checkout/input_Checkout Your Information_lastName"), lastName): Text 'aridaini' is set on object 'Object Repository/Checkout/input_Checkout Your Information_lastName'

2023-08-30 16:40:54 - [MESSAGE][PASSED] - Text 'aridaini' is set on object 'Object Repository/Checkout/input_Checkout Your Information_lastName'

2023-08-30 16:40:54 - [TEST_STEP][PASSED] - setText(findTestObject("Checkout/input_Checkout Your Information_postalCode"), postalCode): Text '1018' is set on object 'Object Repository/Checkout/input_Checkout Your Information_postalCode'

2023-08-30 16:40:56 - [MESSAGE][PASSED] - Text '1018' is set on object 'Object Repository/Checkout/input_Checkout Your Information_postalCode'

2023-08-30 16:40:56 - [TEST_STEP][PASSED] - click(findTestObject("Checkout/input_Cancel_continue")): Object: 'Object Repository/Checkout/input_Cancel_continue' is clicked on

2023-08-30 16:40:56 - [MESSAGE][PASSED] - Object: 'Object Repository/Checkout/input_Cancel_continue' is clicked on

2023-08-30 16:40:56 - [TEST_STEP][PASSED] - verifyElementPresent(findTestObject("Checkout/span_Checkout Overview"), 5): Object 'Object Repository/Checkout/span_Checkout Overview' is present

2023-08-30 16:40:57 - [MESSAGE][PASSED] - Object 'Object Repository/Checkout/span_Checkout Overview' is present

2023-08-30 16:40:57 - [TEST_STEP][PASSED] - click(findTestObject("Checkout/button_Cancel")): Object: 'Object Repository/Checkout/button_Cancel' is clicked on

2023-08-30 16:40:58 - [MESSAGE][PASSED] - Object: 'Object Repository/Checkout/button_Cancel' is clicked on

2023-08-30 16:40:58 - [TEST_STEP][PASSED] - verifyElementPresent(findTestObject("Product/span_Products"), 5): Object 'Object Repository/Product/span_Products' is present

2023-08-30 16:40:58 - [MESSAGE][PASSED] - Object 'Object Repository/Product/span_Products' is present]]></system-out>
         <system-err><![CDATA[]]></system-err>
      </testcase>
      <testcase name="Test Cases/Checkout/TC-Checkout-Error-001" time="29.005" classname="Test Cases/Checkout/TC-Checkout-Error-001" status="PASSED">
         <system-out><![CDATA[2023-08-30 16:40:58 - [TEST_CASE][PASSED] - Test Cases/Checkout/TC-Checkout-Error-001: Test Cases/Checkout/TC-Checkout-Error-001

2023-08-30 16:41:00 - [TEST_STEP][PASSED] - callTestCase(findTestCase("Keranjang/TC-Cart-Show-002"), [:], STOP_ON_FAILURE): Call Test Case 'Test Cases/Keranjang/TC-Cart-Show-002' successfully

2023-08-30 16:41:00 - [TEST_CASE][PASSED] - Test Cases/Keranjang/TC-Cart-Show-002: Test Cases/Keranjang/TC-Cart-Show-002

2023-08-30 16:41:00 - [TEST_STEP][PASSED] - productPage = callTestCase(findTestCase("Product/TC-Product-AddCart-001"), [:], STOP_ON_FAILURE): Call Test Case 'Test Cases/Product/TC-Product-AddCart-001' successfully

2023-08-30 16:41:00 - [TEST_CASE][PASSED] - Test Cases/Product/TC-Product-AddCart-001: Test Cases/Product/TC-Product-AddCart-001

2023-08-30 16:41:00 - [TEST_STEP][PASSED] - callTestCase(findTestCase("Product/TC-Product-Show-001"), [:], STOP_ON_FAILURE): Call Test Case 'Test Cases/Product/TC-Product-Show-001' successfully

2023-08-30 16:41:00 - [TEST_CASE][PASSED] - Test Cases/Product/TC-Product-Show-001: Test Cases/Product/TC-Product-Show-001

2023-08-30 16:41:00 - [TEST_STEP][PASSED] - callTestCase(findTestCase("Login/TC-Login-Success-001"), ["username":"standard_user", "password":"qcu24s4901FyWDTwXGr6XA=="], STOP_ON_FAILURE): Call Test Case 'Test Cases/Login/TC-Login-Success-001' successfully

2023-08-30 16:41:00 - [TEST_CASE][PASSED] - Test Cases/Login/TC-Login-Success-001: Test Cases/Login/TC-Login-Success-001

2023-08-30 16:41:00 - [TEST_STEP][PASSED] - openBrowser(webSauceDemo): Browser is opened with url: 'https://www.saucedemo.com/'

2023-08-30 16:41:00 - [MESSAGE][WARNING] - A browser is already opened. Closing browser and opening a new one

2023-08-30 16:41:01 - [MESSAGE][INFO] - Starting 'Edge Chromium' driver

2023-08-30 16:41:04 - [MESSAGE][INFO] - Action delay is set to 0 milliseconds

2023-08-30 16:41:09 - [MESSAGE][PASSED] - Browser is opened with url: 'https://www.saucedemo.com/'

2023-08-30 16:41:09 - [TEST_STEP][PASSED] - verifyElementPresent(findTestObject("Login Page Object/Swag Labs Text (tanda masuk home)"), 5): Object 'Object Repository/Login Page Object/Swag Labs Text (tanda masuk home)' is present

2023-08-30 16:41:10 - [MESSAGE][PASSED] - Object 'Object Repository/Login Page Object/Swag Labs Text (tanda masuk home)' is present

2023-08-30 16:41:10 - [TEST_STEP][PASSED] - setText(findTestObject("Login Page Object/username login"), username): Text 'standard_user' is set on object 'Object Repository/Login Page Object/username login'

2023-08-30 16:41:11 - [MESSAGE][PASSED] - Text 'standard_user' is set on object 'Object Repository/Login Page Object/username login'

2023-08-30 16:41:11 - [TEST_STEP][PASSED] - setEncryptedText(findTestObject("Login Page Object/password login"), password): Text ****** has been set on object 'Object Repository/Login Page Object/password login'

2023-08-30 16:41:13 - [MESSAGE][PASSED] - Text ****** has been set on object 'Object Repository/Login Page Object/password login'

2023-08-30 16:41:13 - [TEST_STEP][PASSED] - click(findTestObject("Login Page Object/button login")): Object: 'Object Repository/Login Page Object/button login' is clicked on

2023-08-30 16:41:14 - [MESSAGE][PASSED] - Object: 'Object Repository/Login Page Object/button login' is clicked on

2023-08-30 16:41:14 - [TEST_STEP][PASSED] - verifyElementPresent(findTestObject("Product/span_Products"), 5): Object 'Object Repository/Product/span_Products' is present

2023-08-30 16:41:15 - [MESSAGE][PASSED] - Object 'Object Repository/Product/span_Products' is present

2023-08-30 16:41:15 - [MESSAGE][PASSED] - Call Test Case 'Test Cases/Login/TC-Login-Success-001' successfully

2023-08-30 16:41:15 - [MESSAGE][PASSED] - Call Test Case 'Test Cases/Product/TC-Product-Show-001' successfully

2023-08-30 16:41:15 - [TEST_STEP][PASSED] - nameProduct = text: null

2023-08-30 16:41:16 - [TEST_STEP][PASSED] - descProduct = text: null

2023-08-30 16:41:16 - [TEST_STEP][PASSED] - priceProduct = text: null

2023-08-30 16:41:17 - [TEST_STEP][PASSED] - dataProduct = new java.util.HashMap(): null

2023-08-30 16:41:17 - [TEST_STEP][PASSED] - dataProduct.put("nameProduct", nameProduct): null

2023-08-30 16:41:17 - [TEST_STEP][PASSED] - dataProduct.put("descProduct", descProduct): null

2023-08-30 16:41:17 - [TEST_STEP][PASSED] - dataProduct.put("priceProduct", priceProduct): null

2023-08-30 16:41:17 - [TEST_STEP][PASSED] - click(findTestObject("Product/button add to cart backpack")): Object: 'Object Repository/Product/button add to cart backpack' is clicked on

2023-08-30 16:41:18 - [MESSAGE][PASSED] - Object: 'Object Repository/Product/button add to cart backpack' is clicked on

2023-08-30 16:41:18 - [TEST_STEP][PASSED] - verifyElementPresent(findTestObject("selector for verify/button remove item pos 1"), 5): Object 'Object Repository/selector for verify/button remove item pos 1' is present

2023-08-30 16:41:18 - [MESSAGE][PASSED] - Object 'Object Repository/selector for verify/button remove item pos 1' is present

2023-08-30 16:41:18 - [TEST_STEP][PASSED] - verifyElementPresent(findTestObject("selector for verify/verify jumlah item 1 (cart)"), 5): Object 'Object Repository/selector for verify/verify jumlah item 1 (cart)' is present

2023-08-30 16:41:19 - [MESSAGE][PASSED] - Object 'Object Repository/selector for verify/verify jumlah item 1 (cart)' is present

2023-08-30 16:41:19 - [TEST_STEP][PASSED] - return dataProduct: null

2023-08-30 16:41:19 - [MESSAGE][PASSED] - Call Test Case 'Test Cases/Product/TC-Product-AddCart-001' successfully

2023-08-30 16:41:19 - [TEST_STEP][PASSED] - click(findTestObject("Checkout/cart icon")): Object: 'Object Repository/Checkout/cart icon' is clicked on

2023-08-30 16:41:20 - [MESSAGE][PASSED] - Object: 'Object Repository/Checkout/cart icon' is clicked on

2023-08-30 16:41:20 - [TEST_STEP][PASSED] - verifyElementPresent(findTestObject("Checkout/span_Your Cart"), 5): Object 'Object Repository/Checkout/span_Your Cart' is present

2023-08-30 16:41:20 - [MESSAGE][PASSED] - Object 'Object Repository/Checkout/span_Your Cart' is present

2023-08-30 16:41:20 - [TEST_STEP][PASSED] - nameCart = text: null

2023-08-30 16:41:21 - [TEST_STEP][PASSED] - descCart = text: null

2023-08-30 16:41:22 - [TEST_STEP][PASSED] - priceCart = text: null

2023-08-30 16:41:22 - [TEST_STEP][PASSED] - productPage.put("nameCart", nameCart): null

2023-08-30 16:41:22 - [TEST_STEP][PASSED] - productPage.put("descCart", descCart): null

2023-08-30 16:41:22 - [TEST_STEP][PASSED] - productPage.put("priceCart", priceCart): null

2023-08-30 16:41:22 - [TEST_STEP][PASSED] - assert productPage.get("nameProduct") == nameCart: null

2023-08-30 16:41:22 - [TEST_STEP][PASSED] - assert productPage.get("priceProduct") == priceCart: null

2023-08-30 16:41:22 - [TEST_STEP][PASSED] - assert productPage.get("descProduct") == descCart: null

2023-08-30 16:41:22 - [TEST_STEP][PASSED] - return productPage: null

2023-08-30 16:41:22 - [MESSAGE][PASSED] - Call Test Case 'Test Cases/Keranjang/TC-Cart-Show-002' successfully

2023-08-30 16:41:22 - [TEST_STEP][PASSED] - click(findTestObject("Checkout/button_Checkout")): Object: 'Object Repository/Checkout/button_Checkout' is clicked on

2023-08-30 16:41:23 - [MESSAGE][PASSED] - Object: 'Object Repository/Checkout/button_Checkout' is clicked on

2023-08-30 16:41:23 - [TEST_STEP][PASSED] - verifyElementPresent(findTestObject("Checkout/span_Checkout Your Information"), 5): Object 'Object Repository/Checkout/span_Checkout Your Information' is present

2023-08-30 16:41:24 - [MESSAGE][PASSED] - Object 'Object Repository/Checkout/span_Checkout Your Information' is present

2023-08-30 16:41:24 - [TEST_STEP][PASSED] - setText(findTestObject("Checkout/input_Checkout Your Information_lastName"), lastName): Text 'Alvian' is set on object 'Object Repository/Checkout/input_Checkout Your Information_lastName'

2023-08-30 16:41:25 - [MESSAGE][PASSED] - Text 'Alvian' is set on object 'Object Repository/Checkout/input_Checkout Your Information_lastName'

2023-08-30 16:41:25 - [TEST_STEP][PASSED] - setText(findTestObject("Checkout/input_Checkout Your Information_postalCode"), postalCode): Text '34192' is set on object 'Object Repository/Checkout/input_Checkout Your Information_postalCode'

2023-08-30 16:41:26 - [MESSAGE][PASSED] - Text '34192' is set on object 'Object Repository/Checkout/input_Checkout Your Information_postalCode'

2023-08-30 16:41:26 - [TEST_STEP][PASSED] - click(findTestObject("Checkout/input_Cancel_continue")): Object: 'Object Repository/Checkout/input_Cancel_continue' is clicked on

2023-08-30 16:41:27 - [MESSAGE][PASSED] - Object: 'Object Repository/Checkout/input_Cancel_continue' is clicked on

2023-08-30 16:41:27 - [TEST_STEP][PASSED] - verifyElementPresent(findTestObject("Error message/Overview/Error First Name is required"), 5): Object 'Object Repository/Error message/Overview/Error First Name is required' is present

2023-08-30 16:41:27 - [MESSAGE][PASSED] - Object 'Object Repository/Error message/Overview/Error First Name is required' is present]]></system-out>
         <system-err><![CDATA[]]></system-err>
      </testcase>
      <testcase name="Test Cases/Checkout/TC-Checkout-Error-002" time="28.233" classname="Test Cases/Checkout/TC-Checkout-Error-002" status="PASSED">
         <system-out><![CDATA[2023-08-30 16:41:27 - [TEST_CASE][PASSED] - Test Cases/Checkout/TC-Checkout-Error-002: Test Cases/Checkout/TC-Checkout-Error-002

2023-08-30 16:41:29 - [TEST_STEP][PASSED] - callTestCase(findTestCase("Keranjang/TC-Cart-Show-002"), [:], STOP_ON_FAILURE): Call Test Case 'Test Cases/Keranjang/TC-Cart-Show-002' successfully

2023-08-30 16:41:29 - [TEST_CASE][PASSED] - Test Cases/Keranjang/TC-Cart-Show-002: Test Cases/Keranjang/TC-Cart-Show-002

2023-08-30 16:41:29 - [TEST_STEP][PASSED] - productPage = callTestCase(findTestCase("Product/TC-Product-AddCart-001"), [:], STOP_ON_FAILURE): Call Test Case 'Test Cases/Product/TC-Product-AddCart-001' successfully

2023-08-30 16:41:29 - [TEST_CASE][PASSED] - Test Cases/Product/TC-Product-AddCart-001: Test Cases/Product/TC-Product-AddCart-001

2023-08-30 16:41:29 - [TEST_STEP][PASSED] - callTestCase(findTestCase("Product/TC-Product-Show-001"), [:], STOP_ON_FAILURE): Call Test Case 'Test Cases/Product/TC-Product-Show-001' successfully

2023-08-30 16:41:29 - [TEST_CASE][PASSED] - Test Cases/Product/TC-Product-Show-001: Test Cases/Product/TC-Product-Show-001

2023-08-30 16:41:29 - [TEST_STEP][PASSED] - callTestCase(findTestCase("Login/TC-Login-Success-001"), ["username":"standard_user", "password":"qcu24s4901FyWDTwXGr6XA=="], STOP_ON_FAILURE): Call Test Case 'Test Cases/Login/TC-Login-Success-001' successfully

2023-08-30 16:41:29 - [TEST_CASE][PASSED] - Test Cases/Login/TC-Login-Success-001: Test Cases/Login/TC-Login-Success-001

2023-08-30 16:41:29 - [TEST_STEP][PASSED] - openBrowser(webSauceDemo): Browser is opened with url: 'https://www.saucedemo.com/'

2023-08-30 16:41:29 - [MESSAGE][WARNING] - A browser is already opened. Closing browser and opening a new one

2023-08-30 16:41:31 - [MESSAGE][INFO] - Starting 'Edge Chromium' driver

2023-08-30 16:41:33 - [MESSAGE][INFO] - Action delay is set to 0 milliseconds

2023-08-30 16:41:38 - [MESSAGE][PASSED] - Browser is opened with url: 'https://www.saucedemo.com/'

2023-08-30 16:41:38 - [TEST_STEP][PASSED] - verifyElementPresent(findTestObject("Login Page Object/Swag Labs Text (tanda masuk home)"), 5): Object 'Object Repository/Login Page Object/Swag Labs Text (tanda masuk home)' is present

2023-08-30 16:41:39 - [MESSAGE][PASSED] - Object 'Object Repository/Login Page Object/Swag Labs Text (tanda masuk home)' is present

2023-08-30 16:41:39 - [TEST_STEP][PASSED] - setText(findTestObject("Login Page Object/username login"), username): Text 'standard_user' is set on object 'Object Repository/Login Page Object/username login'

2023-08-30 16:41:40 - [MESSAGE][PASSED] - Text 'standard_user' is set on object 'Object Repository/Login Page Object/username login'

2023-08-30 16:41:40 - [TEST_STEP][PASSED] - setEncryptedText(findTestObject("Login Page Object/password login"), password): Text ****** has been set on object 'Object Repository/Login Page Object/password login'

2023-08-30 16:41:42 - [MESSAGE][PASSED] - Text ****** has been set on object 'Object Repository/Login Page Object/password login'

2023-08-30 16:41:42 - [TEST_STEP][PASSED] - click(findTestObject("Login Page Object/button login")): Object: 'Object Repository/Login Page Object/button login' is clicked on

2023-08-30 16:41:43 - [MESSAGE][PASSED] - Object: 'Object Repository/Login Page Object/button login' is clicked on

2023-08-30 16:41:43 - [TEST_STEP][PASSED] - verifyElementPresent(findTestObject("Product/span_Products"), 5): Object 'Object Repository/Product/span_Products' is present

2023-08-30 16:41:44 - [MESSAGE][PASSED] - Object 'Object Repository/Product/span_Products' is present

2023-08-30 16:41:44 - [MESSAGE][PASSED] - Call Test Case 'Test Cases/Login/TC-Login-Success-001' successfully

2023-08-30 16:41:44 - [MESSAGE][PASSED] - Call Test Case 'Test Cases/Product/TC-Product-Show-001' successfully

2023-08-30 16:41:44 - [TEST_STEP][PASSED] - nameProduct = text: null

2023-08-30 16:41:45 - [TEST_STEP][PASSED] - descProduct = text: null

2023-08-30 16:41:45 - [TEST_STEP][PASSED] - priceProduct = text: null

2023-08-30 16:41:46 - [TEST_STEP][PASSED] - dataProduct = new java.util.HashMap(): null

2023-08-30 16:41:46 - [TEST_STEP][PASSED] - dataProduct.put("nameProduct", nameProduct): null

2023-08-30 16:41:46 - [TEST_STEP][PASSED] - dataProduct.put("descProduct", descProduct): null

2023-08-30 16:41:46 - [TEST_STEP][PASSED] - dataProduct.put("priceProduct", priceProduct): null

2023-08-30 16:41:46 - [TEST_STEP][PASSED] - click(findTestObject("Product/button add to cart backpack")): Object: 'Object Repository/Product/button add to cart backpack' is clicked on

2023-08-30 16:41:47 - [MESSAGE][PASSED] - Object: 'Object Repository/Product/button add to cart backpack' is clicked on

2023-08-30 16:41:47 - [TEST_STEP][PASSED] - verifyElementPresent(findTestObject("selector for verify/button remove item pos 1"), 5): Object 'Object Repository/selector for verify/button remove item pos 1' is present

2023-08-30 16:41:47 - [MESSAGE][PASSED] - Object 'Object Repository/selector for verify/button remove item pos 1' is present

2023-08-30 16:41:47 - [TEST_STEP][PASSED] - verifyElementPresent(findTestObject("selector for verify/verify jumlah item 1 (cart)"), 5): Object 'Object Repository/selector for verify/verify jumlah item 1 (cart)' is present

2023-08-30 16:41:48 - [MESSAGE][PASSED] - Object 'Object Repository/selector for verify/verify jumlah item 1 (cart)' is present

2023-08-30 16:41:48 - [TEST_STEP][PASSED] - return dataProduct: null

2023-08-30 16:41:48 - [MESSAGE][PASSED] - Call Test Case 'Test Cases/Product/TC-Product-AddCart-001' successfully

2023-08-30 16:41:48 - [TEST_STEP][PASSED] - click(findTestObject("Checkout/cart icon")): Object: 'Object Repository/Checkout/cart icon' is clicked on

2023-08-30 16:41:49 - [MESSAGE][PASSED] - Object: 'Object Repository/Checkout/cart icon' is clicked on

2023-08-30 16:41:49 - [TEST_STEP][PASSED] - verifyElementPresent(findTestObject("Checkout/span_Your Cart"), 5): Object 'Object Repository/Checkout/span_Your Cart' is present

2023-08-30 16:41:49 - [MESSAGE][PASSED] - Object 'Object Repository/Checkout/span_Your Cart' is present

2023-08-30 16:41:49 - [TEST_STEP][PASSED] - nameCart = text: null

2023-08-30 16:41:50 - [TEST_STEP][PASSED] - descCart = text: null

2023-08-30 16:41:50 - [TEST_STEP][PASSED] - priceCart = text: null

2023-08-30 16:41:51 - [TEST_STEP][PASSED] - productPage.put("nameCart", nameCart): null

2023-08-30 16:41:51 - [TEST_STEP][PASSED] - productPage.put("descCart", descCart): null

2023-08-30 16:41:51 - [TEST_STEP][PASSED] - productPage.put("priceCart", priceCart): null

2023-08-30 16:41:51 - [TEST_STEP][PASSED] - assert productPage.get("nameProduct") == nameCart: null

2023-08-30 16:41:51 - [TEST_STEP][PASSED] - assert productPage.get("priceProduct") == priceCart: null

2023-08-30 16:41:51 - [TEST_STEP][PASSED] - assert productPage.get("descProduct") == descCart: null

2023-08-30 16:41:51 - [TEST_STEP][PASSED] - return productPage: null

2023-08-30 16:41:51 - [MESSAGE][PASSED] - Call Test Case 'Test Cases/Keranjang/TC-Cart-Show-002' successfully

2023-08-30 16:41:51 - [TEST_STEP][PASSED] - click(findTestObject("Checkout/button_Checkout")): Object: 'Object Repository/Checkout/button_Checkout' is clicked on

2023-08-30 16:41:52 - [MESSAGE][PASSED] - Object: 'Object Repository/Checkout/button_Checkout' is clicked on

2023-08-30 16:41:52 - [TEST_STEP][PASSED] - setText(findTestObject("Checkout/input_Checkout Your Information_firstName"), firstName): Text 'Joko' is set on object 'Object Repository/Checkout/input_Checkout Your Information_firstName'

2023-08-30 16:41:53 - [MESSAGE][PASSED] - Text 'Joko' is set on object 'Object Repository/Checkout/input_Checkout Your Information_firstName'

2023-08-30 16:41:53 - [TEST_STEP][PASSED] - setText(findTestObject("Checkout/input_Checkout Your Information_postalCode"), postalCode): Text '12345' is set on object 'Object Repository/Checkout/input_Checkout Your Information_postalCode'

2023-08-30 16:41:54 - [MESSAGE][PASSED] - Text '12345' is set on object 'Object Repository/Checkout/input_Checkout Your Information_postalCode'

2023-08-30 16:41:54 - [TEST_STEP][PASSED] - click(findTestObject("Checkout/input_Cancel_continue")): Object: 'Object Repository/Checkout/input_Cancel_continue' is clicked on

2023-08-30 16:41:55 - [MESSAGE][PASSED] - Object: 'Object Repository/Checkout/input_Cancel_continue' is clicked on

2023-08-30 16:41:55 - [TEST_STEP][PASSED] - verifyElementPresent(findTestObject("Error message/Overview/Error Last Name is required"), 5): Object 'Object Repository/Error message/Overview/Error Last Name is required' is present

2023-08-30 16:41:56 - [MESSAGE][PASSED] - Object 'Object Repository/Error message/Overview/Error Last Name is required' is present]]></system-out>
         <system-err><![CDATA[]]></system-err>
      </testcase>
      <testcase name="Test Cases/Checkout/TC-Checkout-Error-003" time="28.183" classname="Test Cases/Checkout/TC-Checkout-Error-003" status="ERROR">
         <error type="ERROR" message="Test Cases/Checkout/TC-Checkout-Error-003 FAILED.
Reason:
groovy.lang.MissingMethodException: No signature of method: static com.kms.katalon.core.webui.keyword.WebUiBuiltInKeywords.click() is applicable for argument types: (com.kms.katalon.core.testobject.TestObject, java.lang.Integer) values: [TestObject - 'Object Repository/Checkout/button_Checkout', 5]
Possible solutions: click(com.kms.katalon.core.testobject.TestObject), click(com.kms.katalon.core.testobject.TestObject, com.kms.katalon.core.model.FailureHandling), check(com.kms.katalon.core.testobject.TestObject), check(com.kms.katalon.core.testobject.TestObject, com.kms.katalon.core.model.FailureHandling), back(), wait()
	at TC-Checkout-Error-003.run(TC-Checkout-Error-003:22)
	at com.kms.katalon.core.main.ScriptEngine.run(ScriptEngine.java:194)
	at com.kms.katalon.core.main.ScriptEngine.runScriptAsRawText(ScriptEngine.java:119)
	at com.kms.katalon.core.main.TestCaseExecutor.runScript(TestCaseExecutor.java:448)
	at com.kms.katalon.core.main.TestCaseExecutor.doExecute(TestCaseExecutor.java:439)
	at com.kms.katalon.core.main.TestCaseExecutor.processExecutionPhase(TestCaseExecutor.java:418)
	at com.kms.katalon.core.main.TestCaseExecutor.accessMainPhase(TestCaseExecutor.java:410)
	at com.kms.katalon.core.main.TestCaseExecutor.execute(TestCaseExecutor.java:285)
	at com.kms.katalon.core.main.TestCaseExecutor.execute(TestCaseExecutor.java:369)
	at com.kms.katalon.core.main.TestCaseExecutor.execute(TestCaseExecutor.java:369)
	at com.kms.katalon.core.main.TestCaseExecutor.execute(TestCaseExecutor.java:369)
	at com.kms.katalon.core.common.CommonExecutor.accessTestCaseMainPhase(CommonExecutor.java:65)
	at com.kms.katalon.core.main.TestSuiteExecutor.accessTestSuiteMainPhase(TestSuiteExecutor.java:148)
	at com.kms.katalon.core.main.TestSuiteExecutor.execute(TestSuiteExecutor.java:106)
	at com.kms.katalon.core.main.TestCaseMain.startTestSuite(TestCaseMain.java:187)
	at com.kms.katalon.core.main.TestCaseMain$startTestSuite$0.call(Unknown Source)
	at TempTestSuite1693388215382.run(TempTestSuite1693388215382.groovy:36)
"/>
         <system-out><![CDATA[2023-08-30 16:43:52 - [TEST_CASE][ERROR] - Test Cases/Checkout/TC-Checkout-Error-003: Test Cases/Checkout/TC-Checkout-Error-003 FAILED.
Reason:
groovy.lang.MissingMethodException: No signature of method: static com.kms.katalon.core.webui.keyword.WebUiBuiltInKeywords.click() is applicable for argument types: (com.kms.katalon.core.testobject.TestObject, java.lang.Integer) values: [TestObject - 'Object Repository/Checkout/button_Checkout', 5]
Possible solutions: click(com.kms.katalon.core.testobject.TestObject), click(com.kms.katalon.core.testobject.TestObject, com.kms.katalon.core.model.FailureHandling), check(com.kms.katalon.core.testobject.TestObject), check(com.kms.katalon.core.testobject.TestObject, com.kms.katalon.core.model.FailureHandling), back(), wait()
	at TC-Checkout-Error-003.run(TC-Checkout-Error-003:22)
	at com.kms.katalon.core.main.ScriptEngine.run(ScriptEngine.java:194)
	at com.kms.katalon.core.main.ScriptEngine.runScriptAsRawText(ScriptEngine.java:119)
	at com.kms.katalon.core.main.TestCaseExecutor.runScript(TestCaseExecutor.java:448)
	at com.kms.katalon.core.main.TestCaseExecutor.doExecute(TestCaseExecutor.java:439)
	at com.kms.katalon.core.main.TestCaseExecutor.processExecutionPhase(TestCaseExecutor.java:418)
	at com.kms.katalon.core.main.TestCaseExecutor.accessMainPhase(TestCaseExecutor.java:410)
	at com.kms.katalon.core.main.TestCaseExecutor.execute(TestCaseExecutor.java:285)
	at com.kms.katalon.core.main.TestCaseExecutor.execute(TestCaseExecutor.java:369)
	at com.kms.katalon.core.main.TestCaseExecutor.execute(TestCaseExecutor.java:369)
	at com.kms.katalon.core.main.TestCaseExecutor.execute(TestCaseExecutor.java:369)
	at com.kms.katalon.core.common.CommonExecutor.accessTestCaseMainPhase(CommonExecutor.java:65)
	at com.kms.katalon.core.main.TestSuiteExecutor.accessTestSuiteMainPhase(TestSuiteExecutor.java:148)
	at com.kms.katalon.core.main.TestSuiteExecutor.execute(TestSuiteExecutor.java:106)
	at com.kms.katalon.core.main.TestCaseMain.startTestSuite(TestCaseMain.java:187)
	at com.kms.katalon.core.main.TestCaseMain$startTestSuite$0.call(Unknown Source)
	at TempTestSuite1693388215382.run(TempTestSuite1693388215382.groovy:36)


2023-08-30 16:43:52 - [TEST_STEP][PASSED] - callTestCase(findTestCase("Keranjang/TC-Cart-Show-002"), [:], STOP_ON_FAILURE): Call Test Case 'Test Cases/Keranjang/TC-Cart-Show-002' successfully

2023-08-30 16:43:52 - [TEST_CASE][PASSED] - Test Cases/Keranjang/TC-Cart-Show-002: Test Cases/Keranjang/TC-Cart-Show-002

2023-08-30 16:43:52 - [TEST_STEP][PASSED] - productPage = callTestCase(findTestCase("Product/TC-Product-AddCart-001"), [:], STOP_ON_FAILURE): Call Test Case 'Test Cases/Product/TC-Product-AddCart-001' successfully

2023-08-30 16:43:52 - [TEST_CASE][PASSED] - Test Cases/Product/TC-Product-AddCart-001: Test Cases/Product/TC-Product-AddCart-001

2023-08-30 16:43:52 - [TEST_STEP][PASSED] - callTestCase(findTestCase("Product/TC-Product-Show-001"), [:], STOP_ON_FAILURE): Call Test Case 'Test Cases/Product/TC-Product-Show-001' successfully

2023-08-30 16:43:52 - [TEST_CASE][PASSED] - Test Cases/Product/TC-Product-Show-001: Test Cases/Product/TC-Product-Show-001

2023-08-30 16:43:52 - [TEST_STEP][PASSED] - callTestCase(findTestCase("Login/TC-Login-Success-001"), ["username":"standard_user", "password":"qcu24s4901FyWDTwXGr6XA=="], STOP_ON_FAILURE): Call Test Case 'Test Cases/Login/TC-Login-Success-001' successfully

2023-08-30 16:43:53 - [TEST_CASE][PASSED] - Test Cases/Login/TC-Login-Success-001: Test Cases/Login/TC-Login-Success-001

2023-08-30 16:43:53 - [TEST_STEP][PASSED] - openBrowser(webSauceDemo): Browser is opened with url: 'https://www.saucedemo.com/'

2023-08-30 16:43:53 - [MESSAGE][WARNING] - A browser is already opened. Closing browser and opening a new one

2023-08-30 16:43:54 - [MESSAGE][INFO] - Starting 'Edge Chromium' driver

2023-08-30 16:43:56 - [MESSAGE][INFO] - Action delay is set to 0 milliseconds

2023-08-30 16:44:02 - [MESSAGE][PASSED] - Browser is opened with url: 'https://www.saucedemo.com/'

2023-08-30 16:44:02 - [TEST_STEP][PASSED] - verifyElementPresent(findTestObject("Login Page Object/Swag Labs Text (tanda masuk home)"), 5): Object 'Object Repository/Login Page Object/Swag Labs Text (tanda masuk home)' is present

2023-08-30 16:44:03 - [MESSAGE][PASSED] - Object 'Object Repository/Login Page Object/Swag Labs Text (tanda masuk home)' is present

2023-08-30 16:44:03 - [TEST_STEP][PASSED] - setText(findTestObject("Login Page Object/username login"), username): Text 'standard_user' is set on object 'Object Repository/Login Page Object/username login'

2023-08-30 16:44:07 - [MESSAGE][PASSED] - Text 'standard_user' is set on object 'Object Repository/Login Page Object/username login'

2023-08-30 16:44:07 - [TEST_STEP][PASSED] - setEncryptedText(findTestObject("Login Page Object/password login"), password): Text ****** has been set on object 'Object Repository/Login Page Object/password login'

2023-08-30 16:44:09 - [MESSAGE][PASSED] - Text ****** has been set on object 'Object Repository/Login Page Object/password login'

2023-08-30 16:44:09 - [TEST_STEP][PASSED] - click(findTestObject("Login Page Object/button login")): Object: 'Object Repository/Login Page Object/button login' is clicked on

2023-08-30 16:44:10 - [MESSAGE][PASSED] - Object: 'Object Repository/Login Page Object/button login' is clicked on

2023-08-30 16:44:10 - [TEST_STEP][PASSED] - verifyElementPresent(findTestObject("Product/span_Products"), 5): Object 'Object Repository/Product/span_Products' is present

2023-08-30 16:44:11 - [MESSAGE][PASSED] - Object 'Object Repository/Product/span_Products' is present

2023-08-30 16:44:11 - [MESSAGE][PASSED] - Call Test Case 'Test Cases/Login/TC-Login-Success-001' successfully

2023-08-30 16:44:11 - [MESSAGE][PASSED] - Call Test Case 'Test Cases/Product/TC-Product-Show-001' successfully

2023-08-30 16:44:11 - [TEST_STEP][PASSED] - nameProduct = text: null

2023-08-30 16:44:12 - [TEST_STEP][PASSED] - descProduct = text: null

2023-08-30 16:44:13 - [TEST_STEP][PASSED] - priceProduct = text: null

2023-08-30 16:44:13 - [TEST_STEP][PASSED] - dataProduct = new java.util.HashMap(): null

2023-08-30 16:44:13 - [TEST_STEP][PASSED] - dataProduct.put("nameProduct", nameProduct): null

2023-08-30 16:44:13 - [TEST_STEP][PASSED] - dataProduct.put("descProduct", descProduct): null

2023-08-30 16:44:13 - [TEST_STEP][PASSED] - dataProduct.put("priceProduct", priceProduct): null

2023-08-30 16:44:13 - [TEST_STEP][PASSED] - click(findTestObject("Product/button add to cart backpack")): Object: 'Object Repository/Product/button add to cart backpack' is clicked on

2023-08-30 16:44:15 - [MESSAGE][PASSED] - Object: 'Object Repository/Product/button add to cart backpack' is clicked on

2023-08-30 16:44:15 - [TEST_STEP][PASSED] - verifyElementPresent(findTestObject("selector for verify/button remove item pos 1"), 5): Object 'Object Repository/selector for verify/button remove item pos 1' is present

2023-08-30 16:44:16 - [MESSAGE][PASSED] - Object 'Object Repository/selector for verify/button remove item pos 1' is present

2023-08-30 16:44:16 - [TEST_STEP][PASSED] - verifyElementPresent(findTestObject("selector for verify/verify jumlah item 1 (cart)"), 5): Object 'Object Repository/selector for verify/verify jumlah item 1 (cart)' is present

2023-08-30 16:44:16 - [MESSAGE][PASSED] - Object 'Object Repository/selector for verify/verify jumlah item 1 (cart)' is present

2023-08-30 16:44:16 - [TEST_STEP][PASSED] - return dataProduct: null

2023-08-30 16:44:16 - [MESSAGE][PASSED] - Call Test Case 'Test Cases/Product/TC-Product-AddCart-001' successfully

2023-08-30 16:44:16 - [TEST_STEP][PASSED] - click(findTestObject("Checkout/cart icon")): Object: 'Object Repository/Checkout/cart icon' is clicked on

2023-08-30 16:44:17 - [MESSAGE][PASSED] - Object: 'Object Repository/Checkout/cart icon' is clicked on

2023-08-30 16:44:17 - [TEST_STEP][PASSED] - verifyElementPresent(findTestObject("Checkout/span_Your Cart"), 5): Object 'Object Repository/Checkout/span_Your Cart' is present

2023-08-30 16:44:18 - [MESSAGE][PASSED] - Object 'Object Repository/Checkout/span_Your Cart' is present

2023-08-30 16:44:18 - [TEST_STEP][PASSED] - nameCart = text: null

2023-08-30 16:44:19 - [TEST_STEP][PASSED] - descCart = text: null

2023-08-30 16:44:19 - [TEST_STEP][PASSED] - priceCart = text: null

2023-08-30 16:44:20 - [TEST_STEP][PASSED] - productPage.put("nameCart", nameCart): null

2023-08-30 16:44:20 - [TEST_STEP][PASSED] - productPage.put("descCart", descCart): null

2023-08-30 16:44:20 - [TEST_STEP][PASSED] - productPage.put("priceCart", priceCart): null

2023-08-30 16:44:20 - [TEST_STEP][PASSED] - assert productPage.get("nameProduct") == nameCart: null

2023-08-30 16:44:20 - [TEST_STEP][PASSED] - assert productPage.get("priceProduct") == priceCart: null

2023-08-30 16:44:20 - [TEST_STEP][PASSED] - assert productPage.get("descProduct") == descCart: null

2023-08-30 16:44:20 - [TEST_STEP][PASSED] - return productPage: null

2023-08-30 16:44:20 - [MESSAGE][PASSED] - Call Test Case 'Test Cases/Keranjang/TC-Cart-Show-002' successfully

2023-08-30 16:44:20 - [TEST_STEP][ERROR] - click(findTestObject("Object Repository/Checkout/button_Checkout"), 5): Test Cases/Checkout/TC-Checkout-Error-003 FAILED.
Reason:
groovy.lang.MissingMethodException: No signature of method: static com.kms.katalon.core.webui.keyword.WebUiBuiltInKeywords.click() is applicable for argument types: (com.kms.katalon.core.testobject.TestObject, java.lang.Integer) values: [TestObject - 'Object Repository/Checkout/button_Checkout', 5]
Possible solutions: click(com.kms.katalon.core.testobject.TestObject), click(com.kms.katalon.core.testobject.TestObject, com.kms.katalon.core.model.FailureHandling), check(com.kms.katalon.core.testobject.TestObject), check(com.kms.katalon.core.testobject.TestObject, com.kms.katalon.core.model.FailureHandling), back(), wait()
	at TC-Checkout-Error-003.run(TC-Checkout-Error-003:22)
	at com.kms.katalon.core.main.ScriptEngine.run(ScriptEngine.java:194)
	at com.kms.katalon.core.main.ScriptEngine.runScriptAsRawText(ScriptEngine.java:119)
	at com.kms.katalon.core.main.TestCaseExecutor.runScript(TestCaseExecutor.java:448)
	at com.kms.katalon.core.main.TestCaseExecutor.doExecute(TestCaseExecutor.java:439)
	at com.kms.katalon.core.main.TestCaseExecutor.processExecutionPhase(TestCaseExecutor.java:418)
	at com.kms.katalon.core.main.TestCaseExecutor.accessMainPhase(TestCaseExecutor.java:410)
	at com.kms.katalon.core.main.TestCaseExecutor.execute(TestCaseExecutor.java:285)
	at com.kms.katalon.core.main.TestCaseExecutor.execute(TestCaseExecutor.java:369)
	at com.kms.katalon.core.main.TestCaseExecutor.execute(TestCaseExecutor.java:369)
	at com.kms.katalon.core.main.TestCaseExecutor.execute(TestCaseExecutor.java:369)
	at com.kms.katalon.core.common.CommonExecutor.accessTestCaseMainPhase(CommonExecutor.java:65)
	at com.kms.katalon.core.main.TestSuiteExecutor.accessTestSuiteMainPhase(TestSuiteExecutor.java:148)
	at com.kms.katalon.core.main.TestSuiteExecutor.execute(TestSuiteExecutor.java:106)
	at com.kms.katalon.core.main.TestCaseMain.startTestSuite(TestCaseMain.java:187)
	at com.kms.katalon.core.main.TestCaseMain$startTestSuite$0.call(Unknown Source)
	at TempTestSuite1693388215382.run(TempTestSuite1693388215382.groovy:36)


2023-08-30 16:44:20 - [MESSAGE][ERROR] - Test Cases/Checkout/TC-Checkout-Error-003 FAILED.
Reason:
groovy.lang.MissingMethodException: No signature of method: static com.kms.katalon.core.webui.keyword.WebUiBuiltInKeywords.click() is applicable for argument types: (com.kms.katalon.core.testobject.TestObject, java.lang.Integer) values: [TestObject - 'Object Repository/Checkout/button_Checkout', 5]
Possible solutions: click(com.kms.katalon.core.testobject.TestObject), click(com.kms.katalon.core.testobject.TestObject, com.kms.katalon.core.model.FailureHandling), check(com.kms.katalon.core.testobject.TestObject), check(com.kms.katalon.core.testobject.TestObject, com.kms.katalon.core.model.FailureHandling), back(), wait()
	at TC-Checkout-Error-003.run(TC-Checkout-Error-003:22)
	at com.kms.katalon.core.main.ScriptEngine.run(ScriptEngine.java:194)
	at com.kms.katalon.core.main.ScriptEngine.runScriptAsRawText(ScriptEngine.java:119)
	at com.kms.katalon.core.main.TestCaseExecutor.runScript(TestCaseExecutor.java:448)
	at com.kms.katalon.core.main.TestCaseExecutor.doExecute(TestCaseExecutor.java:439)
	at com.kms.katalon.core.main.TestCaseExecutor.processExecutionPhase(TestCaseExecutor.java:418)
	at com.kms.katalon.core.main.TestCaseExecutor.accessMainPhase(TestCaseExecutor.java:410)
	at com.kms.katalon.core.main.TestCaseExecutor.execute(TestCaseExecutor.java:285)
	at com.kms.katalon.core.main.TestCaseExecutor.execute(TestCaseExecutor.java:369)
	at com.kms.katalon.core.main.TestCaseExecutor.execute(TestCaseExecutor.java:369)
	at com.kms.katalon.core.main.TestCaseExecutor.execute(TestCaseExecutor.java:369)
	at com.kms.katalon.core.common.CommonExecutor.accessTestCaseMainPhase(CommonExecutor.java:65)
	at com.kms.katalon.core.main.TestSuiteExecutor.accessTestSuiteMainPhase(TestSuiteExecutor.java:148)
	at com.kms.katalon.core.main.TestSuiteExecutor.execute(TestSuiteExecutor.java:106)
	at com.kms.katalon.core.main.TestCaseMain.startTestSuite(TestCaseMain.java:187)
	at com.kms.katalon.core.main.TestCaseMain$startTestSuite$0.call(Unknown Source)
	at TempTestSuite1693388215382.run(TempTestSuite1693388215382.groovy:36)]]></system-out>
         <system-err><![CDATA[2023-08-30 16:43:52 - [TEST_CASE][ERROR] - Test Cases/Checkout/TC-Checkout-Error-003: Test Cases/Checkout/TC-Checkout-Error-003 FAILED.
Reason:
groovy.lang.MissingMethodException: No signature of method: static com.kms.katalon.core.webui.keyword.WebUiBuiltInKeywords.click() is applicable for argument types: (com.kms.katalon.core.testobject.TestObject, java.lang.Integer) values: [TestObject - 'Object Repository/Checkout/button_Checkout', 5]
Possible solutions: click(com.kms.katalon.core.testobject.TestObject), click(com.kms.katalon.core.testobject.TestObject, com.kms.katalon.core.model.FailureHandling), check(com.kms.katalon.core.testobject.TestObject), check(com.kms.katalon.core.testobject.TestObject, com.kms.katalon.core.model.FailureHandling), back(), wait()
	at TC-Checkout-Error-003.run(TC-Checkout-Error-003:22)
	at com.kms.katalon.core.main.ScriptEngine.run(ScriptEngine.java:194)
	at com.kms.katalon.core.main.ScriptEngine.runScriptAsRawText(ScriptEngine.java:119)
	at com.kms.katalon.core.main.TestCaseExecutor.runScript(TestCaseExecutor.java:448)
	at com.kms.katalon.core.main.TestCaseExecutor.doExecute(TestCaseExecutor.java:439)
	at com.kms.katalon.core.main.TestCaseExecutor.processExecutionPhase(TestCaseExecutor.java:418)
	at com.kms.katalon.core.main.TestCaseExecutor.accessMainPhase(TestCaseExecutor.java:410)
	at com.kms.katalon.core.main.TestCaseExecutor.execute(TestCaseExecutor.java:285)
	at com.kms.katalon.core.main.TestCaseExecutor.execute(TestCaseExecutor.java:369)
	at com.kms.katalon.core.main.TestCaseExecutor.execute(TestCaseExecutor.java:369)
	at com.kms.katalon.core.main.TestCaseExecutor.execute(TestCaseExecutor.java:369)
	at com.kms.katalon.core.common.CommonExecutor.accessTestCaseMainPhase(CommonExecutor.java:65)
	at com.kms.katalon.core.main.TestSuiteExecutor.accessTestSuiteMainPhase(TestSuiteExecutor.java:148)
	at com.kms.katalon.core.main.TestSuiteExecutor.execute(TestSuiteExecutor.java:106)
	at com.kms.katalon.core.main.TestCaseMain.startTestSuite(TestCaseMain.java:187)
	at com.kms.katalon.core.main.TestCaseMain$startTestSuite$0.call(Unknown Source)
	at TempTestSuite1693388215382.run(TempTestSuite1693388215382.groovy:36)]]></system-err>
      </testcase>
      <system-out><![CDATA[2023-08-30 16:37:43 - [TEST_SUITE][ERROR] - Checkout Story Test Suite: Test Cases/Checkout/TC-Checkout-Error-003 FAILED.
Reason:
groovy.lang.MissingMethodException: No signature of method: static com.kms.katalon.core.webui.keyword.WebUiBuiltInKeywords.click() is applicable for argument types: (com.kms.katalon.core.testobject.TestObject, java.lang.Integer) values: [TestObject - 'Object Repository/Checkout/button_Checkout', 5]
Possible solutions: click(com.kms.katalon.core.testobject.TestObject), click(com.kms.katalon.core.testobject.TestObject, com.kms.katalon.core.model.FailureHandling), check(com.kms.katalon.core.testobject.TestObject), check(com.kms.katalon.core.testobject.TestObject, com.kms.katalon.core.model.FailureHandling), back(), wait()
	at TC-Checkout-Error-003.run(TC-Checkout-Error-003:22)
	at com.kms.katalon.core.main.ScriptEngine.run(ScriptEngine.java:194)
	at com.kms.katalon.core.main.ScriptEngine.runScriptAsRawText(ScriptEngine.java:119)
	at com.kms.katalon.core.main.TestCaseExecutor.runScript(TestCaseExecutor.java:448)
	at com.kms.katalon.core.main.TestCaseExecutor.doExecute(TestCaseExecutor.java:439)
	at com.kms.katalon.core.main.TestCaseExecutor.processExecutionPhase(TestCaseExecutor.java:418)
	at com.kms.katalon.core.main.TestCaseExecutor.accessMainPhase(TestCaseExecutor.java:410)
	at com.kms.katalon.core.main.TestCaseExecutor.execute(TestCaseExecutor.java:285)
	at com.kms.katalon.core.common.CommonExecutor.accessTestCaseMainPhase(CommonExecutor.java:65)
	at com.kms.katalon.core.main.TestSuiteExecutor.accessTestSuiteMainPhase(TestSuiteExecutor.java:148)
	at com.kms.katalon.core.main.TestSuiteExecutor.execute(TestSuiteExecutor.java:106)
	at com.kms.katalon.core.main.TestCaseMain.startTestSuite(TestCaseMain.java:187)
	at com.kms.katalon.core.main.TestCaseMain$startTestSuite$0.call(Unknown Source)
	at TempTestSuite1693388215382.run(TempTestSuite1693388215382.groovy:36)]]></system-out>
      <system-err><![CDATA[2023-08-30 16:37:43 - [TEST_SUITE][ERROR] - Checkout Story Test Suite: Test Cases/Checkout/TC-Checkout-Error-003 FAILED.
Reason:
groovy.lang.MissingMethodException: No signature of method: static com.kms.katalon.core.webui.keyword.WebUiBuiltInKeywords.click() is applicable for argument types: (com.kms.katalon.core.testobject.TestObject, java.lang.Integer) values: [TestObject - 'Object Repository/Checkout/button_Checkout', 5]
Possible solutions: click(com.kms.katalon.core.testobject.TestObject), click(com.kms.katalon.core.testobject.TestObject, com.kms.katalon.core.model.FailureHandling), check(com.kms.katalon.core.testobject.TestObject), check(com.kms.katalon.core.testobject.TestObject, com.kms.katalon.core.model.FailureHandling), back(), wait()
	at TC-Checkout-Error-003.run(TC-Checkout-Error-003:22)
	at com.kms.katalon.core.main.ScriptEngine.run(ScriptEngine.java:194)
	at com.kms.katalon.core.main.ScriptEngine.runScriptAsRawText(ScriptEngine.java:119)
	at com.kms.katalon.core.main.TestCaseExecutor.runScript(TestCaseExecutor.java:448)
	at com.kms.katalon.core.main.TestCaseExecutor.doExecute(TestCaseExecutor.java:439)
	at com.kms.katalon.core.main.TestCaseExecutor.processExecutionPhase(TestCaseExecutor.java:418)
	at com.kms.katalon.core.main.TestCaseExecutor.accessMainPhase(TestCaseExecutor.java:410)
	at com.kms.katalon.core.main.TestCaseExecutor.execute(TestCaseExecutor.java:285)
	at com.kms.katalon.core.common.CommonExecutor.accessTestCaseMainPhase(CommonExecutor.java:65)
	at com.kms.katalon.core.main.TestSuiteExecutor.accessTestSuiteMainPhase(TestSuiteExecutor.java:148)
	at com.kms.katalon.core.main.TestSuiteExecutor.execute(TestSuiteExecutor.java:106)
	at com.kms.katalon.core.main.TestCaseMain.startTestSuite(TestCaseMain.java:187)
	at com.kms.katalon.core.main.TestCaseMain$startTestSuite$0.call(Unknown Source)
	at TempTestSuite1693388215382.run(TempTestSuite1693388215382.groovy:36)]]></system-err>
   </testsuite>
</testsuites>
