<?xml version="1.0" encoding="UTF-8"?>
<testsuites name="report collection heroku App" time="282.089" tests="11" failures="1" errors="0">
   <testsuite name="report collection heroku App" tests="11" failures="1" errors="0" time="282.089" skipped="0" timestamp="2023-08-25 16:21:05" hostname="USER - DESKTOP-22KTP91" id="Test Suites/report collection heroku App">
      <properties>
         <property name="deviceName" value=""/>
         <property name="devicePlatform" value=""/>
         <property name="logFolder" value="F:\\bootcamp\\batch-324-qa\\Ika\\Cura Heroku App\\Reports\\20230825_162057\\report collection heroku App\\20230825_162057"/>
         <property name="logFiles" value="F:\\bootcamp\\batch-324-qa\\Ika\\Cura Heroku App\\Reports\\20230825_162057\\report collection heroku App\\20230825_162057\\execution0.log"/>
         <property name="attachments" value="F:\\bootcamp\\batch-324-qa\\Ika\\Cura Heroku App\\Reports\\20230825_162057\\report collection heroku App\\20230825_162057\\1692955385990.png, F:\\bootcamp\\batch-324-qa\\Ika\\Cura Heroku App\\Reports\\20230825_162057\\report collection heroku App\\20230825_162057\\1692955405057.png, F:\\bootcamp\\batch-324-qa\\Ika\\Cura Heroku App\\Reports\\20230825_162057\\report collection heroku App\\20230825_162057\\1692955424285.png, F:\\bootcamp\\batch-324-qa\\Ika\\Cura Heroku App\\Reports\\20230825_162057\\report collection heroku App\\20230825_162057\\1692955445946.png"/>
         <property name="hostName" value="USER - DESKTOP-22KTP91"/>
         <property name="os" value="Windows 10 64bit"/>
         <property name="katalonVersion" value="8.6.5.208"/>
         <property name="browser" value="Edge Chromium 116"/>
         <property name="hostAddress" value="10.9.2.23"/>
         <property name="sessionId" value="d58126e1e2d664d563c8733ea2979a49"/>
         <property name="seleniumVersion" value="3.141.59"/>
         <property name="proxyInformation" value="ProxyInformation { proxyOption=NO_PROXY, proxyServerType=HTTP, username=, password=********, proxyServerAddress=, proxyServerPort=0, executionList=&quot;&quot;, isApplyToDesiredCapabilities=true }"/>
         <property name="platform" value="Windows 10"/>
      </properties>
      <testcase name="Test Cases/Login/Test Case 1.1 (Manual)" time="17.149" classname="Test Cases/Login/Test Case 1.1 (Manual)" status="PASSED">
         <system-out><![CDATA[2023-08-25 16:21:06 - [TEST_CASE][PASSED] - Test Cases/Login/Test Case 1.1 (Manual): Test Cases/Login/Test Case 1.1 (Manual)

2023-08-25 16:21:06 - [TEST_STEP][PASSED] - openBrowser(WEB_URL): Browser is opened with url: 'https://katalon-demo-cura.herokuapp.com/'

2023-08-25 16:21:06 - [MESSAGE][INFO] - Starting 'Edge Chromium' driver

2023-08-25 16:21:09 - [MESSAGE][INFO] - Action delay is set to 0 milliseconds

2023-08-25 16:21:15 - [MESSAGE][PASSED] - Browser is opened with url: 'https://katalon-demo-cura.herokuapp.com/'

2023-08-25 16:21:15 - [TEST_STEP][PASSED] - maximizeWindow(): Current window maximized

2023-08-25 16:21:15 - [MESSAGE][PASSED] - Current window maximized

2023-08-25 16:21:15 - [TEST_STEP][PASSED] - verifyElementPresent(findTestObject("login/title_home_page"), 10): Object 'Object Repository/login/title_home_page' is present

2023-08-25 16:21:16 - [MESSAGE][PASSED] - Object 'Object Repository/login/title_home_page' is present

2023-08-25 16:21:16 - [TEST_STEP][PASSED] - click(findTestObject("login/menu burger")): Object: 'Object Repository/login/menu burger' is clicked on

2023-08-25 16:21:17 - [MESSAGE][PASSED] - Object: 'Object Repository/login/menu burger' is clicked on

2023-08-25 16:21:17 - [TEST_STEP][PASSED] - click(findTestObject("login/menu Login")): Object: 'Object Repository/login/menu Login' is clicked on

2023-08-25 16:21:19 - [MESSAGE][PASSED] - Object: 'Object Repository/login/menu Login' is clicked on

2023-08-25 16:21:19 - [TEST_STEP][PASSED] - verifyElementPresent(findTestObject("login/title_Login"), 10): Object 'Object Repository/login/title_Login' is present

2023-08-25 16:21:19 - [MESSAGE][PASSED] - Object 'Object Repository/login/title_Login' is present

2023-08-25 16:21:19 - [TEST_STEP][PASSED] - setText(findTestObject("login/input_Username"), username): Text 'John Doe' is set on object 'Object Repository/login/input_Username'

2023-08-25 16:21:20 - [MESSAGE][PASSED] - Text 'John Doe' is set on object 'Object Repository/login/input_Username'

2023-08-25 16:21:20 - [TEST_STEP][PASSED] - setEncryptedText(findTestObject("login/input_Password"), password): Text ****** has been set on object 'Object Repository/login/input_Password'

2023-08-25 16:21:20 - [MESSAGE][PASSED] - Text ****** has been set on object 'Object Repository/login/input_Password'

2023-08-25 16:21:20 - [TEST_STEP][PASSED] - click(findTestObject("login/button_Login")): Object: 'Object Repository/login/button_Login' is clicked on

2023-08-25 16:21:22 - [MESSAGE][PASSED] - Object: 'Object Repository/login/button_Login' is clicked on

2023-08-25 16:21:22 - [TEST_STEP][PASSED] - verifyElementPresent(findTestObject("login/Title_Make Appointment"), 10): Object 'Object Repository/login/Title_Make Appointment' is present

2023-08-25 16:21:23 - [MESSAGE][PASSED] - Object 'Object Repository/login/Title_Make Appointment' is present]]></system-out>
         <system-err><![CDATA[]]></system-err>
      </testcase>
      <testcase name="Test Cases/Login/Test Case 1.2 (Manual)" time="24.925" classname="Test Cases/Login/Test Case 1.2 (Manual)" status="PASSED">
         <system-out><![CDATA[2023-08-25 16:21:23 - [TEST_CASE][PASSED] - Test Cases/Login/Test Case 1.2 (Manual): Test Cases/Login/Test Case 1.2 (Manual)

2023-08-25 16:21:24 - [TEST_STEP][PASSED] - openBrowser(WEB_URL): Browser is opened with url: 'https://katalon-demo-cura.herokuapp.com/'

2023-08-25 16:21:24 - [MESSAGE][WARNING] - A browser is already opened. Closing browser and opening a new one

2023-08-25 16:21:25 - [MESSAGE][INFO] - Starting 'Edge Chromium' driver

2023-08-25 16:21:27 - [MESSAGE][INFO] - Action delay is set to 0 milliseconds

2023-08-25 16:21:31 - [MESSAGE][PASSED] - Browser is opened with url: 'https://katalon-demo-cura.herokuapp.com/'

2023-08-25 16:21:31 - [TEST_STEP][PASSED] - verifyElementPresent(findTestObject("login/title_home_page"), 10): Object 'Object Repository/login/title_home_page' is present

2023-08-25 16:21:32 - [MESSAGE][PASSED] - Object 'Object Repository/login/title_home_page' is present

2023-08-25 16:21:32 - [TEST_STEP][PASSED] - click(findTestObject("login/menu burger")): Object: 'Object Repository/login/menu burger' is clicked on

2023-08-25 16:21:33 - [MESSAGE][PASSED] - Object: 'Object Repository/login/menu burger' is clicked on

2023-08-25 16:21:33 - [TEST_STEP][PASSED] - click(findTestObject("login/menu Login")): Object: 'Object Repository/login/menu Login' is clicked on

2023-08-25 16:21:34 - [MESSAGE][PASSED] - Object: 'Object Repository/login/menu Login' is clicked on

2023-08-25 16:21:34 - [TEST_STEP][PASSED] - verifyElementPresent(findTestObject("login/title_Login"), 10): Object 'Object Repository/login/title_Login' is present

2023-08-25 16:21:34 - [MESSAGE][PASSED] - Object 'Object Repository/login/title_Login' is present

2023-08-25 16:21:34 - [TEST_STEP][PASSED] - setText(findTestObject("login/input_Username"), username): Text 'john doe' is set on object 'Object Repository/login/input_Username'

2023-08-25 16:21:35 - [MESSAGE][PASSED] - Text 'john doe' is set on object 'Object Repository/login/input_Username'

2023-08-25 16:21:35 - [TEST_STEP][PASSED] - setEncryptedText(findTestObject("login/input_Password"), password): Text ****** has been set on object 'Object Repository/login/input_Password'

2023-08-25 16:21:35 - [MESSAGE][PASSED] - Text ****** has been set on object 'Object Repository/login/input_Password'

2023-08-25 16:21:35 - [TEST_STEP][PASSED] - click(findTestObject("login/button_Login")): Object: 'Object Repository/login/button_Login' is clicked on

2023-08-25 16:21:36 - [MESSAGE][PASSED] - Object: 'Object Repository/login/button_Login' is clicked on

2023-08-25 16:21:36 - [TEST_STEP][PASSED] - verifyElementText(findTestObject("login/error message login"), "Login failed! Please ensure the username and password are valid."): Actual text and expected text of test object 'Object Repository/login/error message login' are matched.

2023-08-25 16:21:37 - [MESSAGE][PASSED] - Actual text and expected text of test object 'Object Repository/login/error message login' are matched.

2023-08-25 16:21:37 - [TEST_STEP][PASSED] - delay(10): Delayed 10 second(s)

2023-08-25 16:21:47 - [MESSAGE][PASSED] - Delayed 10 second(s)

2023-08-25 16:21:47 - [TEST_STEP][PASSED] - closeBrowser(): Browser is closed

2023-08-25 16:21:48 - [MESSAGE][PASSED] - Browser is closed]]></system-out>
         <system-err><![CDATA[]]></system-err>
      </testcase>
      <testcase name="Test Cases/Login/Test Case 1.3" time="16.228" classname="Test Cases/Login/Test Case 1.3" status="PASSED">
         <system-out><![CDATA[2023-08-25 16:21:48 - [TEST_CASE][PASSED] - Test Cases/Login/Test Case 1.3: Test Cases/Login/Test Case 1.3

2023-08-25 16:21:48 - [TEST_STEP][PASSED] - openBrowser(WEB_URL): Browser is opened with url: 'https://katalon-demo-cura.herokuapp.com/'

2023-08-25 16:21:48 - [MESSAGE][INFO] - Starting 'Edge Chromium' driver

2023-08-25 16:21:50 - [MESSAGE][INFO] - Action delay is set to 0 milliseconds

2023-08-25 16:21:54 - [MESSAGE][PASSED] - Browser is opened with url: 'https://katalon-demo-cura.herokuapp.com/'

2023-08-25 16:21:54 - [TEST_STEP][PASSED] - maximizeWindow(): Current window maximized

2023-08-25 16:21:55 - [MESSAGE][PASSED] - Current window maximized

2023-08-25 16:21:55 - [TEST_STEP][PASSED] - verifyElementPresent(findTestObject("login/title_home_page"), 3): Object 'Object Repository/login/title_home_page' is present

2023-08-25 16:21:55 - [MESSAGE][PASSED] - Object 'Object Repository/login/title_home_page' is present

2023-08-25 16:21:55 - [TEST_STEP][PASSED] - click(findTestObject("login/menu burger")): Object: 'Object Repository/login/menu burger' is clicked on

2023-08-25 16:21:55 - [MESSAGE][PASSED] - Object: 'Object Repository/login/menu burger' is clicked on

2023-08-25 16:21:55 - [TEST_STEP][PASSED] - click(findTestObject("login/menu Login")): Object: 'Object Repository/login/menu Login' is clicked on

2023-08-25 16:21:57 - [MESSAGE][PASSED] - Object: 'Object Repository/login/menu Login' is clicked on

2023-08-25 16:21:57 - [TEST_STEP][PASSED] - verifyElementPresent(findTestObject("login/title_Login"), 0): Object 'Object Repository/login/title_Login' is present

2023-08-25 16:21:57 - [MESSAGE][WARNING] - Timeout '0' is invalid. Using default page load timeout: '5'

2023-08-25 16:21:58 - [MESSAGE][PASSED] - Object 'Object Repository/login/title_Login' is present

2023-08-25 16:21:58 - [TEST_STEP][PASSED] - setText(findTestObject("login/input_Username"), "John Doe"): Text 'John Doe' is set on object 'Object Repository/login/input_Username'

2023-08-25 16:21:59 - [MESSAGE][PASSED] - Text 'John Doe' is set on object 'Object Repository/login/input_Username'

2023-08-25 16:21:59 - [TEST_STEP][PASSED] - click(findTestObject("login/button_Login")): Object: 'Object Repository/login/button_Login' is clicked on

2023-08-25 16:22:00 - [MESSAGE][PASSED] - Object: 'Object Repository/login/button_Login' is clicked on

2023-08-25 16:22:00 - [TEST_STEP][PASSED] - verifyElementText(findTestObject("login/error message login"), "Login failed! Please ensure the username and password are valid."): Actual text and expected text of test object 'Object Repository/login/error message login' are matched.

2023-08-25 16:22:00 - [MESSAGE][PASSED] - Actual text and expected text of test object 'Object Repository/login/error message login' are matched.

2023-08-25 16:22:00 - [TEST_STEP][PASSED] - delay(3): Delayed 3 second(s)

2023-08-25 16:22:03 - [MESSAGE][PASSED] - Delayed 3 second(s)

2023-08-25 16:22:03 - [TEST_STEP][PASSED] - closeBrowser(): Browser is closed

2023-08-25 16:22:04 - [MESSAGE][PASSED] - Browser is closed]]></system-out>
         <system-err><![CDATA[]]></system-err>
      </testcase>
      <testcase name="Test Cases/appointment/Test Case 2.1 (versi dinamis)" time="23.819" classname="Test Cases/appointment/Test Case 2.1 (versi dinamis)" status="PASSED">
         <system-out><![CDATA[2023-08-25 16:22:04 - [TEST_CASE][PASSED] - Test Cases/appointment/Test Case 2.1 (versi dinamis): Test Cases/appointment/Test Case 2.1 (versi dinamis)

2023-08-25 16:22:05 - [TEST_STEP][PASSED] - callTestCase(findTestCase("Login/Test Case 1.1 (Manual)"), ["username":username, "password":password], STOP_ON_FAILURE): Call Test Case 'Test Cases/Login/Test Case 1.1 (Manual)' successfully

2023-08-25 16:22:05 - [TEST_CASE][PASSED] - Test Cases/Login/Test Case 1.1 (Manual): Test Cases/Login/Test Case 1.1 (Manual)

2023-08-25 16:22:05 - [TEST_STEP][PASSED] - openBrowser(WEB_URL): Browser is opened with url: 'https://katalon-demo-cura.herokuapp.com/'

2023-08-25 16:22:05 - [MESSAGE][INFO] - Starting 'Edge Chromium' driver

2023-08-25 16:22:07 - [MESSAGE][INFO] - Action delay is set to 0 milliseconds

2023-08-25 16:22:13 - [MESSAGE][PASSED] - Browser is opened with url: 'https://katalon-demo-cura.herokuapp.com/'

2023-08-25 16:22:13 - [TEST_STEP][PASSED] - maximizeWindow(): Current window maximized

2023-08-25 16:22:13 - [MESSAGE][PASSED] - Current window maximized

2023-08-25 16:22:13 - [TEST_STEP][PASSED] - verifyElementPresent(findTestObject("login/title_home_page"), 10): Object 'Object Repository/login/title_home_page' is present

2023-08-25 16:22:14 - [MESSAGE][PASSED] - Object 'Object Repository/login/title_home_page' is present

2023-08-25 16:22:14 - [TEST_STEP][PASSED] - click(findTestObject("login/menu burger")): Object: 'Object Repository/login/menu burger' is clicked on

2023-08-25 16:22:14 - [MESSAGE][PASSED] - Object: 'Object Repository/login/menu burger' is clicked on

2023-08-25 16:22:14 - [TEST_STEP][PASSED] - click(findTestObject("login/menu Login")): Object: 'Object Repository/login/menu Login' is clicked on

2023-08-25 16:22:16 - [MESSAGE][PASSED] - Object: 'Object Repository/login/menu Login' is clicked on

2023-08-25 16:22:16 - [TEST_STEP][PASSED] - verifyElementPresent(findTestObject("login/title_Login"), 10): Object 'Object Repository/login/title_Login' is present

2023-08-25 16:22:16 - [MESSAGE][PASSED] - Object 'Object Repository/login/title_Login' is present

2023-08-25 16:22:16 - [TEST_STEP][PASSED] - setText(findTestObject("login/input_Username"), username): Text 'John Doe' is set on object 'Object Repository/login/input_Username'

2023-08-25 16:22:17 - [MESSAGE][PASSED] - Text 'John Doe' is set on object 'Object Repository/login/input_Username'

2023-08-25 16:22:17 - [TEST_STEP][PASSED] - setEncryptedText(findTestObject("login/input_Password"), password): Text ****** has been set on object 'Object Repository/login/input_Password'

2023-08-25 16:22:18 - [MESSAGE][PASSED] - Text ****** has been set on object 'Object Repository/login/input_Password'

2023-08-25 16:22:18 - [TEST_STEP][PASSED] - click(findTestObject("login/button_Login")): Object: 'Object Repository/login/button_Login' is clicked on

2023-08-25 16:22:20 - [MESSAGE][PASSED] - Object: 'Object Repository/login/button_Login' is clicked on

2023-08-25 16:22:20 - [TEST_STEP][PASSED] - verifyElementPresent(findTestObject("login/Title_Make Appointment"), 10): Object 'Object Repository/login/Title_Make Appointment' is present

2023-08-25 16:22:20 - [MESSAGE][PASSED] - Object 'Object Repository/login/Title_Make Appointment' is present

2023-08-25 16:22:20 - [MESSAGE][PASSED] - Call Test Case 'Test Cases/Login/Test Case 1.1 (Manual)' successfully

2023-08-25 16:22:20 - [TEST_STEP][PASSED] - selectOptionByValue(findTestObject("make_appointment/dropdown facility"), facility, false): All options with value 'Tokyo CURA Healthcare Center' are selected in object 'Object Repository/make_appointment/dropdown facility' 

2023-08-25 16:22:21 - [MESSAGE][PASSED] - All options with value 'Tokyo CURA Healthcare Center' are selected in object 'Object Repository/make_appointment/dropdown facility' 

2023-08-25 16:22:21 - [TEST_STEP][PASSED] - if (toString().equalsIgnoreCase("yes")): Object 'Object Repository/make_appointment/chekbox hospital readmission' is checked

2023-08-25 16:22:21 - [TEST_STEP][PASSED] - check(findTestObject("make_appointment/chekbox hospital readmission")): Object 'Object Repository/make_appointment/chekbox hospital readmission' is checked

2023-08-25 16:22:22 - [MESSAGE][PASSED] - Object 'Object Repository/make_appointment/chekbox hospital readmission' is checked

2023-08-25 16:22:22 - [TEST_STEP][PASSED] - if (toString().equalsIgnoreCase("medicare")): null

2023-08-25 16:22:22 - [TEST_STEP][PASSED] - else if (toString().equalsIgnoreCase("medicaid")): Object 'Object Repository/make_appointment/input_Medicaid_programs' is checked

2023-08-25 16:22:22 - [TEST_STEP][PASSED] - check(findTestObject("make_appointment/input_Medicaid_programs")): Object 'Object Repository/make_appointment/input_Medicaid_programs' is checked

2023-08-25 16:22:22 - [MESSAGE][PASSED] - Object 'Object Repository/make_appointment/input_Medicaid_programs' is checked

2023-08-25 16:22:22 - [TEST_STEP][PASSED] - setText(findTestObject("make_appointment/tanggal booking"), visit_date): Text '23/08/2023' is set on object 'Object Repository/make_appointment/tanggal booking'

2023-08-25 16:22:23 - [MESSAGE][PASSED] - Text '23/08/2023' is set on object 'Object Repository/make_appointment/tanggal booking'

2023-08-25 16:22:23 - [TEST_STEP][PASSED] - setText(findTestObject("make_appointment/comment"), comment): Text 'Hello World' is set on object 'Object Repository/make_appointment/comment'

2023-08-25 16:22:24 - [MESSAGE][PASSED] - Text 'Hello World' is set on object 'Object Repository/make_appointment/comment'

2023-08-25 16:22:24 - [TEST_STEP][PASSED] - click(findTestObject("make_appointment/button_Book Appointment")): Object: 'Object Repository/make_appointment/button_Book Appointment' is clicked on

2023-08-25 16:22:25 - [MESSAGE][PASSED] - Object: 'Object Repository/make_appointment/button_Book Appointment' is clicked on

2023-08-25 16:22:25 - [TEST_STEP][PASSED] - verifyElementPresent(findTestObject("make_appointment/title_Appointment Confirmation"), 0): Object 'Object Repository/make_appointment/title_Appointment Confirmation' is present

2023-08-25 16:22:26 - [MESSAGE][WARNING] - Timeout '0' is invalid. Using default page load timeout: '5'

2023-08-25 16:22:26 - [MESSAGE][PASSED] - Object 'Object Repository/make_appointment/title_Appointment Confirmation' is present

2023-08-25 16:22:26 - [TEST_STEP][PASSED] - hasilFacility = getText(findTestObject("Object Repository/make_appointment/hasil dropdown facility")): Text of object 'Object Repository/make_appointment/hasil dropdown facility' is: 'Tokyo CURA Healthcare Center'

2023-08-25 16:22:26 - [MESSAGE][PASSED] - Text of object 'Object Repository/make_appointment/hasil dropdown facility' is: 'Tokyo CURA Healthcare Center'

2023-08-25 16:22:26 - [TEST_STEP][PASSED] - hasilReadmission = getText(findTestObject("make_appointment/hasil hospital readmission")): Text of object 'Object Repository/make_appointment/hasil hospital readmission' is: 'Yes'

2023-08-25 16:22:27 - [MESSAGE][PASSED] - Text of object 'Object Repository/make_appointment/hasil hospital readmission' is: 'Yes'

2023-08-25 16:22:27 - [TEST_STEP][PASSED] - hasilProgram = getText(findTestObject("make_appointment/hasil healthcare program")): Text of object 'Object Repository/make_appointment/hasil healthcare program' is: 'Medicaid'

2023-08-25 16:22:27 - [MESSAGE][PASSED] - Text of object 'Object Repository/make_appointment/hasil healthcare program' is: 'Medicaid'

2023-08-25 16:22:27 - [TEST_STEP][PASSED] - hasilVisit = getText(findTestObject("make_appointment/hasil tanggal dipilih")): Text of object 'Object Repository/make_appointment/hasil tanggal dipilih' is: '23/08/2023'

2023-08-25 16:22:28 - [MESSAGE][PASSED] - Text of object 'Object Repository/make_appointment/hasil tanggal dipilih' is: '23/08/2023'

2023-08-25 16:22:28 - [TEST_STEP][PASSED] - hasilComment = getText(findTestObject("make_appointment/hasil comment")): Text of object 'Object Repository/make_appointment/hasil comment' is: 'Hello World'

2023-08-25 16:22:28 - [MESSAGE][PASSED] - Text of object 'Object Repository/make_appointment/hasil comment' is: 'Hello World'

2023-08-25 16:22:28 - [TEST_STEP][PASSED] - assert trim().equalsIgnoreCase(facility.trim()): null

2023-08-25 16:22:28 - [TEST_STEP][PASSED] - assert trim().equalsIgnoreCase(hospital_readmission.trim()): null

2023-08-25 16:22:28 - [TEST_STEP][PASSED] - assert trim().equalsIgnoreCase(healthcare_program.trim()): null

2023-08-25 16:22:28 - [TEST_STEP][PASSED] - assert trim().equalsIgnoreCase(visit_date.trim()): null

2023-08-25 16:22:28 - [TEST_STEP][PASSED] - assert trim().equalsIgnoreCase(comment.trim()): null]]></system-out>
         <system-err><![CDATA[]]></system-err>
      </testcase>
      <testcase name="Test Cases/appointment/Test Case 2.2 belum" time="17.909" classname="Test Cases/appointment/Test Case 2.2 belum" status="PASSED">
         <system-out><![CDATA[2023-08-25 16:22:28 - [TEST_CASE][PASSED] - Test Cases/appointment/Test Case 2.2 belum: Test Cases/appointment/Test Case 2.2 belum

2023-08-25 16:22:29 - [TEST_STEP][PASSED] - callTestCase(findTestCase("Login/Test Case 1.1 (Manual)"), ["username":"John Doe", "password":"g3/DOGG74jC3Flrr3yH+3D/yKbOqqUNM"], STOP_ON_FAILURE): Call Test Case 'Test Cases/Login/Test Case 1.1 (Manual)' successfully

2023-08-25 16:22:29 - [TEST_CASE][PASSED] - Test Cases/Login/Test Case 1.1 (Manual): Test Cases/Login/Test Case 1.1 (Manual)

2023-08-25 16:22:29 - [TEST_STEP][PASSED] - openBrowser(WEB_URL): Browser is opened with url: 'https://katalon-demo-cura.herokuapp.com/'

2023-08-25 16:22:29 - [MESSAGE][WARNING] - A browser is already opened. Closing browser and opening a new one

2023-08-25 16:22:29 - [MESSAGE][INFO] - Starting 'Edge Chromium' driver

2023-08-25 16:22:32 - [MESSAGE][INFO] - Action delay is set to 0 milliseconds

2023-08-25 16:22:37 - [MESSAGE][PASSED] - Browser is opened with url: 'https://katalon-demo-cura.herokuapp.com/'

2023-08-25 16:22:37 - [TEST_STEP][PASSED] - maximizeWindow(): Current window maximized

2023-08-25 16:22:37 - [MESSAGE][PASSED] - Current window maximized

2023-08-25 16:22:37 - [TEST_STEP][PASSED] - verifyElementPresent(findTestObject("login/title_home_page"), 10): Object 'Object Repository/login/title_home_page' is present

2023-08-25 16:22:37 - [MESSAGE][PASSED] - Object 'Object Repository/login/title_home_page' is present

2023-08-25 16:22:37 - [TEST_STEP][PASSED] - click(findTestObject("login/menu burger")): Object: 'Object Repository/login/menu burger' is clicked on

2023-08-25 16:22:38 - [MESSAGE][PASSED] - Object: 'Object Repository/login/menu burger' is clicked on

2023-08-25 16:22:38 - [TEST_STEP][PASSED] - click(findTestObject("login/menu Login")): Object: 'Object Repository/login/menu Login' is clicked on

2023-08-25 16:22:39 - [MESSAGE][PASSED] - Object: 'Object Repository/login/menu Login' is clicked on

2023-08-25 16:22:39 - [TEST_STEP][PASSED] - verifyElementPresent(findTestObject("login/title_Login"), 10): Object 'Object Repository/login/title_Login' is present

2023-08-25 16:22:40 - [MESSAGE][PASSED] - Object 'Object Repository/login/title_Login' is present

2023-08-25 16:22:40 - [TEST_STEP][PASSED] - setText(findTestObject("login/input_Username"), username): Text 'John Doe' is set on object 'Object Repository/login/input_Username'

2023-08-25 16:22:41 - [MESSAGE][PASSED] - Text 'John Doe' is set on object 'Object Repository/login/input_Username'

2023-08-25 16:22:41 - [TEST_STEP][PASSED] - setEncryptedText(findTestObject("login/input_Password"), password): Text ****** has been set on object 'Object Repository/login/input_Password'

2023-08-25 16:22:41 - [MESSAGE][PASSED] - Text ****** has been set on object 'Object Repository/login/input_Password'

2023-08-25 16:22:41 - [TEST_STEP][PASSED] - click(findTestObject("login/button_Login")): Object: 'Object Repository/login/button_Login' is clicked on

2023-08-25 16:22:42 - [MESSAGE][PASSED] - Object: 'Object Repository/login/button_Login' is clicked on

2023-08-25 16:22:42 - [TEST_STEP][PASSED] - verifyElementPresent(findTestObject("login/Title_Make Appointment"), 10): Object 'Object Repository/login/Title_Make Appointment' is present

2023-08-25 16:22:43 - [MESSAGE][PASSED] - Object 'Object Repository/login/Title_Make Appointment' is present

2023-08-25 16:22:43 - [MESSAGE][PASSED] - Call Test Case 'Test Cases/Login/Test Case 1.1 (Manual)' successfully

2023-08-25 16:22:43 - [TEST_STEP][PASSED] - selectOptionByValue(findTestObject("make_appointment/dropdown facility"), "Hongkong CURA Healthcare Center", false): All options with value 'Hongkong CURA Healthcare Center' are selected in object 'Object Repository/make_appointment/dropdown facility' 

2023-08-25 16:22:43 - [MESSAGE][PASSED] - All options with value 'Hongkong CURA Healthcare Center' are selected in object 'Object Repository/make_appointment/dropdown facility' 

2023-08-25 16:22:43 - [TEST_STEP][PASSED] - check(findTestObject("make_appointment/chekbox hospital readmission")): Object 'Object Repository/make_appointment/chekbox hospital readmission' is checked

2023-08-25 16:22:44 - [MESSAGE][PASSED] - Object 'Object Repository/make_appointment/chekbox hospital readmission' is checked

2023-08-25 16:22:44 - [TEST_STEP][PASSED] - if (toString().equalsIgnoreCase("Yes")): Object 'Object Repository/make_appointment/chekbox hospital readmission' is checked

2023-08-25 16:22:44 - [TEST_STEP][PASSED] - check(findTestObject("Object Repository/make_appointment/chekbox hospital readmission")): Object 'Object Repository/make_appointment/chekbox hospital readmission' is checked

2023-08-25 16:22:44 - [MESSAGE][PASSED] - Object 'Object Repository/make_appointment/chekbox hospital readmission' is checked

2023-08-25 16:22:44 - [TEST_STEP][PASSED] - if (toString().equalsIgnoreCase("MedicaId")): Object 'Object Repository/make_appointment/input_Medicaid_programs' is checked

2023-08-25 16:22:44 - [TEST_STEP][PASSED] - check(findTestObject("Object Repository/make_appointment/input_Medicaid_programs")): Object 'Object Repository/make_appointment/input_Medicaid_programs' is checked

2023-08-25 16:22:45 - [MESSAGE][PASSED] - Object 'Object Repository/make_appointment/input_Medicaid_programs' is checked

2023-08-25 16:22:45 - [TEST_STEP][PASSED] - setText(findTestObject("make_appointment/comment"), ""): Text '' is set on object 'Object Repository/make_appointment/comment'

2023-08-25 16:22:45 - [MESSAGE][PASSED] - Text '' is set on object 'Object Repository/make_appointment/comment'

2023-08-25 16:22:45 - [TEST_STEP][PASSED] - click(findTestObject("make_appointment/button_Book Appointment")): Object: 'Object Repository/make_appointment/button_Book Appointment' is clicked on

2023-08-25 16:22:46 - [MESSAGE][PASSED] - Object: 'Object Repository/make_appointment/button_Book Appointment' is clicked on]]></system-out>
         <system-err><![CDATA[]]></system-err>
      </testcase>
      <testcase name="Test Cases/appointment/Test Case 2.3" time="21.778" classname="Test Cases/appointment/Test Case 2.3" status="FAILED">
         <failure type="FAILED" message="Test Cases/appointment/Test Case 2.3 FAILED.
Reason:
com.kms.katalon.core.exception.StepFailedException: Unable to verify text ' failed! Please ensure the valid date!' is present 
	at com.kms.katalon.core.webui.keyword.internal.WebUIKeywordMain.stepFailed(WebUIKeywordMain.groovy:64)
	at com.kms.katalon.core.webui.keyword.internal.WebUIKeywordMain.runKeyword(WebUIKeywordMain.groovy:26)
	at com.kms.katalon.core.webui.keyword.builtin.VerifyTextPresentKeyword.verifyTextPresent(VerifyTextPresentKeyword.groovy:83)
	at com.kms.katalon.core.webui.keyword.builtin.VerifyTextPresentKeyword.execute(VerifyTextPresentKeyword.groovy:68)
	at com.kms.katalon.core.keyword.internal.KeywordExecutor.executeKeywordForPlatform(KeywordExecutor.groovy:74)
	at com.kms.katalon.core.webui.keyword.WebUiBuiltInKeywords.verifyTextPresent(WebUiBuiltInKeywords.groovy:1723)
	at com.kms.katalon.core.webui.keyword.WebUiBuiltInKeywords$verifyTextPresent$10.call(Unknown Source)
	at Test Case 2.3.run(Test Case 2.3:45)
	at com.kms.katalon.core.main.ScriptEngine.run(ScriptEngine.java:194)
	at com.kms.katalon.core.main.ScriptEngine.runScriptAsRawText(ScriptEngine.java:119)
	at com.kms.katalon.core.main.TestCaseExecutor.runScript(TestCaseExecutor.java:448)
	at com.kms.katalon.core.main.TestCaseExecutor.doExecute(TestCaseExecutor.java:439)
	at com.kms.katalon.core.main.TestCaseExecutor.processExecutionPhase(TestCaseExecutor.java:418)
	at com.kms.katalon.core.main.TestCaseExecutor.accessMainPhase(TestCaseExecutor.java:410)
	at com.kms.katalon.core.main.TestCaseExecutor.execute(TestCaseExecutor.java:285)
	at com.kms.katalon.core.main.TestCaseExecutor.execute(TestCaseExecutor.java:369)
	at com.kms.katalon.core.main.TestCaseExecutor.execute(TestCaseExecutor.java:369)
	at com.kms.katalon.core.main.TestCaseExecutor.execute(TestCaseExecutor.java:369)
	at com.kms.katalon.core.common.CommonExecutor.accessTestCaseMainPhase(CommonExecutor.java:65)
	at com.kms.katalon.core.main.TestSuiteExecutor.accessTestSuiteMainPhase(TestSuiteExecutor.java:148)
	at com.kms.katalon.core.main.TestSuiteExecutor.execute(TestSuiteExecutor.java:106)
	at com.kms.katalon.core.main.TestCaseMain.startTestSuite(TestCaseMain.java:187)
	at com.kms.katalon.core.main.TestCaseMain$startTestSuite$0.call(Unknown Source)
	at TempTestSuite1692955257682.run(TempTestSuite1692955257682.groovy:36)
Caused by: com.kms.katalon.core.exception.StepFailedException: Text ' failed! Please ensure the valid date!' is not present on page 
	at com.kms.katalon.core.webui.keyword.internal.WebUIKeywordMain.stepFailed(WebUIKeywordMain.groovy:64)
	at com.kms.katalon.core.webui.keyword.builtin.VerifyTextPresentKeyword$_verifyTextPresent_closure1.doCall(VerifyTextPresentKeyword.groovy:79)
	at com.kms.katalon.core.webui.keyword.builtin.VerifyTextPresentKeyword$_verifyTextPresent_closure1.call(VerifyTextPresentKeyword.groovy)
	at com.kms.katalon.core.webui.keyword.internal.WebUIKeywordMain.runKeyword(WebUIKeywordMain.groovy:20)
	... 22 more
"/>
         <system-out><![CDATA[2023-08-25 16:23:44 - [TEST_CASE][FAILED] - Test Cases/appointment/Test Case 2.3: Test Cases/appointment/Test Case 2.3 FAILED.
Reason:
com.kms.katalon.core.exception.StepFailedException: Unable to verify text ' failed! Please ensure the valid date!' is present 
	at com.kms.katalon.core.webui.keyword.internal.WebUIKeywordMain.stepFailed(WebUIKeywordMain.groovy:64)
	at com.kms.katalon.core.webui.keyword.internal.WebUIKeywordMain.runKeyword(WebUIKeywordMain.groovy:26)
	at com.kms.katalon.core.webui.keyword.builtin.VerifyTextPresentKeyword.verifyTextPresent(VerifyTextPresentKeyword.groovy:83)
	at com.kms.katalon.core.webui.keyword.builtin.VerifyTextPresentKeyword.execute(VerifyTextPresentKeyword.groovy:68)
	at com.kms.katalon.core.keyword.internal.KeywordExecutor.executeKeywordForPlatform(KeywordExecutor.groovy:74)
	at com.kms.katalon.core.webui.keyword.WebUiBuiltInKeywords.verifyTextPresent(WebUiBuiltInKeywords.groovy:1723)
	at com.kms.katalon.core.webui.keyword.WebUiBuiltInKeywords$verifyTextPresent$10.call(Unknown Source)
	at Test Case 2.3.run(Test Case 2.3:45)
	at com.kms.katalon.core.main.ScriptEngine.run(ScriptEngine.java:194)
	at com.kms.katalon.core.main.ScriptEngine.runScriptAsRawText(ScriptEngine.java:119)
	at com.kms.katalon.core.main.TestCaseExecutor.runScript(TestCaseExecutor.java:448)
	at com.kms.katalon.core.main.TestCaseExecutor.doExecute(TestCaseExecutor.java:439)
	at com.kms.katalon.core.main.TestCaseExecutor.processExecutionPhase(TestCaseExecutor.java:418)
	at com.kms.katalon.core.main.TestCaseExecutor.accessMainPhase(TestCaseExecutor.java:410)
	at com.kms.katalon.core.main.TestCaseExecutor.execute(TestCaseExecutor.java:285)
	at com.kms.katalon.core.main.TestCaseExecutor.execute(TestCaseExecutor.java:369)
	at com.kms.katalon.core.main.TestCaseExecutor.execute(TestCaseExecutor.java:369)
	at com.kms.katalon.core.main.TestCaseExecutor.execute(TestCaseExecutor.java:369)
	at com.kms.katalon.core.common.CommonExecutor.accessTestCaseMainPhase(CommonExecutor.java:65)
	at com.kms.katalon.core.main.TestSuiteExecutor.accessTestSuiteMainPhase(TestSuiteExecutor.java:148)
	at com.kms.katalon.core.main.TestSuiteExecutor.execute(TestSuiteExecutor.java:106)
	at com.kms.katalon.core.main.TestCaseMain.startTestSuite(TestCaseMain.java:187)
	at com.kms.katalon.core.main.TestCaseMain$startTestSuite$0.call(Unknown Source)
	at TempTestSuite1692955257682.run(TempTestSuite1692955257682.groovy:36)
Caused by: com.kms.katalon.core.exception.StepFailedException: Text ' failed! Please ensure the valid date!' is not present on page 
	at com.kms.katalon.core.webui.keyword.internal.WebUIKeywordMain.stepFailed(WebUIKeywordMain.groovy:64)
	at com.kms.katalon.core.webui.keyword.builtin.VerifyTextPresentKeyword$_verifyTextPresent_closure1.doCall(VerifyTextPresentKeyword.groovy:79)
	at com.kms.katalon.core.webui.keyword.builtin.VerifyTextPresentKeyword$_verifyTextPresent_closure1.call(VerifyTextPresentKeyword.groovy)
	at com.kms.katalon.core.webui.keyword.internal.WebUIKeywordMain.runKeyword(WebUIKeywordMain.groovy:20)
	... 22 more


2023-08-25 16:23:44 - [TEST_STEP][PASSED] - callTestCase(findTestCase("Login/Test Case 1.1 (Manual)"), ["username":"John Doe", "password":"g3/DOGG74jC3Flrr3yH+3D/yKbOqqUNM"], STOP_ON_FAILURE): Call Test Case 'Test Cases/Login/Test Case 1.1 (Manual)' successfully

2023-08-25 16:23:44 - [TEST_CASE][PASSED] - Test Cases/Login/Test Case 1.1 (Manual): Test Cases/Login/Test Case 1.1 (Manual)

2023-08-25 16:23:44 - [TEST_STEP][PASSED] - openBrowser(WEB_URL): Browser is opened with url: 'https://katalon-demo-cura.herokuapp.com/'

2023-08-25 16:23:44 - [MESSAGE][WARNING] - A browser is already opened. Closing browser and opening a new one

2023-08-25 16:23:45 - [MESSAGE][INFO] - Starting 'Edge Chromium' driver

2023-08-25 16:23:47 - [MESSAGE][INFO] - Action delay is set to 0 milliseconds

2023-08-25 16:23:53 - [MESSAGE][PASSED] - Browser is opened with url: 'https://katalon-demo-cura.herokuapp.com/'

2023-08-25 16:23:53 - [TEST_STEP][PASSED] - maximizeWindow(): Current window maximized

2023-08-25 16:23:53 - [MESSAGE][PASSED] - Current window maximized

2023-08-25 16:23:53 - [TEST_STEP][PASSED] - verifyElementPresent(findTestObject("login/title_home_page"), 10): Object 'Object Repository/login/title_home_page' is present

2023-08-25 16:23:54 - [MESSAGE][PASSED] - Object 'Object Repository/login/title_home_page' is present

2023-08-25 16:23:54 - [TEST_STEP][PASSED] - click(findTestObject("login/menu burger")): Object: 'Object Repository/login/menu burger' is clicked on

2023-08-25 16:23:54 - [MESSAGE][PASSED] - Object: 'Object Repository/login/menu burger' is clicked on

2023-08-25 16:23:54 - [TEST_STEP][PASSED] - click(findTestObject("login/menu Login")): Object: 'Object Repository/login/menu Login' is clicked on

2023-08-25 16:23:55 - [MESSAGE][PASSED] - Object: 'Object Repository/login/menu Login' is clicked on

2023-08-25 16:23:55 - [TEST_STEP][PASSED] - verifyElementPresent(findTestObject("login/title_Login"), 10): Object 'Object Repository/login/title_Login' is present

2023-08-25 16:23:56 - [MESSAGE][PASSED] - Object 'Object Repository/login/title_Login' is present

2023-08-25 16:23:56 - [TEST_STEP][PASSED] - setText(findTestObject("login/input_Username"), username): Text 'John Doe' is set on object 'Object Repository/login/input_Username'

2023-08-25 16:23:56 - [MESSAGE][PASSED] - Text 'John Doe' is set on object 'Object Repository/login/input_Username'

2023-08-25 16:23:56 - [TEST_STEP][PASSED] - setEncryptedText(findTestObject("login/input_Password"), password): Text ****** has been set on object 'Object Repository/login/input_Password'

2023-08-25 16:23:57 - [MESSAGE][PASSED] - Text ****** has been set on object 'Object Repository/login/input_Password'

2023-08-25 16:23:57 - [TEST_STEP][PASSED] - click(findTestObject("login/button_Login")): Object: 'Object Repository/login/button_Login' is clicked on

2023-08-25 16:23:59 - [MESSAGE][PASSED] - Object: 'Object Repository/login/button_Login' is clicked on

2023-08-25 16:23:59 - [TEST_STEP][PASSED] - verifyElementPresent(findTestObject("login/Title_Make Appointment"), 10): Object 'Object Repository/login/Title_Make Appointment' is present

2023-08-25 16:24:00 - [MESSAGE][PASSED] - Object 'Object Repository/login/Title_Make Appointment' is present

2023-08-25 16:24:00 - [MESSAGE][PASSED] - Call Test Case 'Test Cases/Login/Test Case 1.1 (Manual)' successfully

2023-08-25 16:24:00 - [TEST_STEP][PASSED] - selectOptionByValue(findTestObject("make_appointment/dropdown facility"), "Hongkong CURA Healthcare Center", false): All options with value 'Hongkong CURA Healthcare Center' are selected in object 'Object Repository/make_appointment/dropdown facility' 

2023-08-25 16:24:01 - [MESSAGE][PASSED] - All options with value 'Hongkong CURA Healthcare Center' are selected in object 'Object Repository/make_appointment/dropdown facility' 

2023-08-25 16:24:01 - [TEST_STEP][PASSED] - check(findTestObject("make_appointment/chekbox hospital readmission")): Object 'Object Repository/make_appointment/chekbox hospital readmission' is checked

2023-08-25 16:24:01 - [MESSAGE][PASSED] - Object 'Object Repository/make_appointment/chekbox hospital readmission' is checked

2023-08-25 16:24:01 - [TEST_STEP][PASSED] - if (toString().equalsIgnoreCase("Yes")): Object 'Object Repository/make_appointment/chekbox hospital readmission' is checked

2023-08-25 16:24:01 - [TEST_STEP][PASSED] - check(findTestObject("Object Repository/make_appointment/chekbox hospital readmission")): Object 'Object Repository/make_appointment/chekbox hospital readmission' is checked

2023-08-25 16:24:01 - [MESSAGE][PASSED] - Object 'Object Repository/make_appointment/chekbox hospital readmission' is checked

2023-08-25 16:24:01 - [TEST_STEP][PASSED] - if (toString().equalsIgnoreCase("MedicaId")): Object 'Object Repository/make_appointment/input_Medicaid_programs' is checked

2023-08-25 16:24:01 - [TEST_STEP][PASSED] - check(findTestObject("Object Repository/make_appointment/input_Medicaid_programs")): Object 'Object Repository/make_appointment/input_Medicaid_programs' is checked

2023-08-25 16:24:02 - [MESSAGE][PASSED] - Object 'Object Repository/make_appointment/input_Medicaid_programs' is checked

2023-08-25 16:24:02 - [TEST_STEP][PASSED] - setText(findTestObject("make_appointment/tanggal booking"), tanggal_booking): Text '23/08/2023' is set on object 'Object Repository/make_appointment/tanggal booking'

2023-08-25 16:24:03 - [MESSAGE][PASSED] - Text '23/08/2023' is set on object 'Object Repository/make_appointment/tanggal booking'

2023-08-25 16:24:03 - [TEST_STEP][PASSED] - setText(findTestObject("make_appointment/comment"), "Hello World"): Text 'Hello World' is set on object 'Object Repository/make_appointment/comment'

2023-08-25 16:24:04 - [MESSAGE][PASSED] - Text 'Hello World' is set on object 'Object Repository/make_appointment/comment'

2023-08-25 16:24:04 - [TEST_STEP][PASSED] - click(findTestObject("make_appointment/button_Book Appointment")): Object: 'Object Repository/make_appointment/button_Book Appointment' is clicked on

2023-08-25 16:24:05 - [MESSAGE][PASSED] - Object: 'Object Repository/make_appointment/button_Book Appointment' is clicked on

2023-08-25 16:24:05 - [TEST_STEP][FAILED] - verifyTextPresent(" failed! Please ensure the valid date!", false): Unable to verify text ' failed! Please ensure the valid date!' is present  (Root cause: com.kms.katalon.core.exception.StepFailedException: Unable to verify text ' failed! Please ensure the valid date!' is present 
	at com.kms.katalon.core.webui.keyword.internal.WebUIKeywordMain.stepFailed(WebUIKeywordMain.groovy:64)
	at com.kms.katalon.core.webui.keyword.internal.WebUIKeywordMain.runKeyword(WebUIKeywordMain.groovy:26)
	at com.kms.katalon.core.webui.keyword.builtin.VerifyTextPresentKeyword.verifyTextPresent(VerifyTextPresentKeyword.groovy:83)
	at com.kms.katalon.core.webui.keyword.builtin.VerifyTextPresentKeyword.execute(VerifyTextPresentKeyword.groovy:68)
	at com.kms.katalon.core.keyword.internal.KeywordExecutor.executeKeywordForPlatform(KeywordExecutor.groovy:74)
	at com.kms.katalon.core.webui.keyword.WebUiBuiltInKeywords.verifyTextPresent(WebUiBuiltInKeywords.groovy:1723)
	at com.kms.katalon.core.webui.keyword.WebUiBuiltInKeywords$verifyTextPresent$10.call(Unknown Source)
	at Test Case 2.3.run(Test Case 2.3:45)
	at com.kms.katalon.core.main.ScriptEngine.run(ScriptEngine.java:194)
	at com.kms.katalon.core.main.ScriptEngine.runScriptAsRawText(ScriptEngine.java:119)
	at com.kms.katalon.core.main.TestCaseExecutor.runScript(TestCaseExecutor.java:448)
	at com.kms.katalon.core.main.TestCaseExecutor.doExecute(TestCaseExecutor.java:439)
	at com.kms.katalon.core.main.TestCaseExecutor.processExecutionPhase(TestCaseExecutor.java:418)
	at com.kms.katalon.core.main.TestCaseExecutor.accessMainPhase(TestCaseExecutor.java:410)
	at com.kms.katalon.core.main.TestCaseExecutor.execute(TestCaseExecutor.java:285)
	at com.kms.katalon.core.main.TestCaseExecutor.execute(TestCaseExecutor.java:369)
	at com.kms.katalon.core.main.TestCaseExecutor.execute(TestCaseExecutor.java:369)
	at com.kms.katalon.core.main.TestCaseExecutor.execute(TestCaseExecutor.java:369)
	at com.kms.katalon.core.common.CommonExecutor.accessTestCaseMainPhase(CommonExecutor.java:65)
	at com.kms.katalon.core.main.TestSuiteExecutor.accessTestSuiteMainPhase(TestSuiteExecutor.java:148)
	at com.kms.katalon.core.main.TestSuiteExecutor.execute(TestSuiteExecutor.java:106)
	at com.kms.katalon.core.main.TestCaseMain.startTestSuite(TestCaseMain.java:187)
	at com.kms.katalon.core.main.TestCaseMain$startTestSuite$0.call(Unknown Source)
	at TempTestSuite1692955257682.run(TempTestSuite1692955257682.groovy:36)
Caused by: com.kms.katalon.core.exception.StepFailedException: Text ' failed! Please ensure the valid date!' is not present on page 
	at com.kms.katalon.core.webui.keyword.internal.WebUIKeywordMain.stepFailed(WebUIKeywordMain.groovy:64)
	at com.kms.katalon.core.webui.keyword.builtin.VerifyTextPresentKeyword$_verifyTextPresent_closure1.doCall(VerifyTextPresentKeyword.groovy:79)
	at com.kms.katalon.core.webui.keyword.builtin.VerifyTextPresentKeyword$_verifyTextPresent_closure1.call(VerifyTextPresentKeyword.groovy)
	at com.kms.katalon.core.webui.keyword.internal.WebUIKeywordMain.runKeyword(WebUIKeywordMain.groovy:20)
	... 22 more
)

2023-08-25 16:24:05 - [MESSAGE][FAILED] - Text ' failed! Please ensure the valid date!' is not present on page  (Root cause: com.kms.katalon.core.exception.StepFailedException: Text ' failed! Please ensure the valid date!' is not present on page 
	at com.kms.katalon.core.webui.keyword.internal.WebUIKeywordMain.stepFailed(WebUIKeywordMain.groovy:64)
	at com.kms.katalon.core.webui.keyword.builtin.VerifyTextPresentKeyword$_verifyTextPresent_closure1.doCall(VerifyTextPresentKeyword.groovy:79)
	at com.kms.katalon.core.webui.keyword.builtin.VerifyTextPresentKeyword$_verifyTextPresent_closure1.call(VerifyTextPresentKeyword.groovy)
	at com.kms.katalon.core.webui.keyword.internal.WebUIKeywordMain.runKeyword(WebUIKeywordMain.groovy:20)
	at com.kms.katalon.core.webui.keyword.builtin.VerifyTextPresentKeyword.verifyTextPresent(VerifyTextPresentKeyword.groovy:83)
	at com.kms.katalon.core.webui.keyword.builtin.VerifyTextPresentKeyword.execute(VerifyTextPresentKeyword.groovy:68)
	at com.kms.katalon.core.keyword.internal.KeywordExecutor.executeKeywordForPlatform(KeywordExecutor.groovy:74)
	at com.kms.katalon.core.webui.keyword.WebUiBuiltInKeywords.verifyTextPresent(WebUiBuiltInKeywords.groovy:1723)
	at com.kms.katalon.core.webui.keyword.WebUiBuiltInKeywords$verifyTextPresent$10.call(Unknown Source)
	at Test Case 2.3.run(Test Case 2.3:45)
	at com.kms.katalon.core.main.ScriptEngine.run(ScriptEngine.java:194)
	at com.kms.katalon.core.main.ScriptEngine.runScriptAsRawText(ScriptEngine.java:119)
	at com.kms.katalon.core.main.TestCaseExecutor.runScript(TestCaseExecutor.java:448)
	at com.kms.katalon.core.main.TestCaseExecutor.doExecute(TestCaseExecutor.java:439)
	at com.kms.katalon.core.main.TestCaseExecutor.processExecutionPhase(TestCaseExecutor.java:418)
	at com.kms.katalon.core.main.TestCaseExecutor.accessMainPhase(TestCaseExecutor.java:410)
	at com.kms.katalon.core.main.TestCaseExecutor.execute(TestCaseExecutor.java:285)
	at com.kms.katalon.core.main.TestCaseExecutor.execute(TestCaseExecutor.java:369)
	at com.kms.katalon.core.main.TestCaseExecutor.execute(TestCaseExecutor.java:369)
	at com.kms.katalon.core.main.TestCaseExecutor.execute(TestCaseExecutor.java:369)
	at com.kms.katalon.core.common.CommonExecutor.accessTestCaseMainPhase(CommonExecutor.java:65)
	at com.kms.katalon.core.main.TestSuiteExecutor.accessTestSuiteMainPhase(TestSuiteExecutor.java:148)
	at com.kms.katalon.core.main.TestSuiteExecutor.execute(TestSuiteExecutor.java:106)
	at com.kms.katalon.core.main.TestCaseMain.startTestSuite(TestCaseMain.java:187)
	at com.kms.katalon.core.main.TestCaseMain$startTestSuite$0.call(Unknown Source)
	at TempTestSuite1692955257682.run(TempTestSuite1692955257682.groovy:36)
)

2023-08-25 16:24:06 - [MESSAGE][FAILED] - Unable to verify text ' failed! Please ensure the valid date!' is present  (Root cause: com.kms.katalon.core.exception.StepFailedException: Unable to verify text ' failed! Please ensure the valid date!' is present 
	at com.kms.katalon.core.webui.keyword.internal.WebUIKeywordMain.stepFailed(WebUIKeywordMain.groovy:64)
	at com.kms.katalon.core.webui.keyword.internal.WebUIKeywordMain.runKeyword(WebUIKeywordMain.groovy:26)
	at com.kms.katalon.core.webui.keyword.builtin.VerifyTextPresentKeyword.verifyTextPresent(VerifyTextPresentKeyword.groovy:83)
	at com.kms.katalon.core.webui.keyword.builtin.VerifyTextPresentKeyword.execute(VerifyTextPresentKeyword.groovy:68)
	at com.kms.katalon.core.keyword.internal.KeywordExecutor.executeKeywordForPlatform(KeywordExecutor.groovy:74)
	at com.kms.katalon.core.webui.keyword.WebUiBuiltInKeywords.verifyTextPresent(WebUiBuiltInKeywords.groovy:1723)
	at com.kms.katalon.core.webui.keyword.WebUiBuiltInKeywords$verifyTextPresent$10.call(Unknown Source)
	at Test Case 2.3.run(Test Case 2.3:45)
	at com.kms.katalon.core.main.ScriptEngine.run(ScriptEngine.java:194)
	at com.kms.katalon.core.main.ScriptEngine.runScriptAsRawText(ScriptEngine.java:119)
	at com.kms.katalon.core.main.TestCaseExecutor.runScript(TestCaseExecutor.java:448)
	at com.kms.katalon.core.main.TestCaseExecutor.doExecute(TestCaseExecutor.java:439)
	at com.kms.katalon.core.main.TestCaseExecutor.processExecutionPhase(TestCaseExecutor.java:418)
	at com.kms.katalon.core.main.TestCaseExecutor.accessMainPhase(TestCaseExecutor.java:410)
	at com.kms.katalon.core.main.TestCaseExecutor.execute(TestCaseExecutor.java:285)
	at com.kms.katalon.core.main.TestCaseExecutor.execute(TestCaseExecutor.java:369)
	at com.kms.katalon.core.main.TestCaseExecutor.execute(TestCaseExecutor.java:369)
	at com.kms.katalon.core.main.TestCaseExecutor.execute(TestCaseExecutor.java:369)
	at com.kms.katalon.core.common.CommonExecutor.accessTestCaseMainPhase(CommonExecutor.java:65)
	at com.kms.katalon.core.main.TestSuiteExecutor.accessTestSuiteMainPhase(TestSuiteExecutor.java:148)
	at com.kms.katalon.core.main.TestSuiteExecutor.execute(TestSuiteExecutor.java:106)
	at com.kms.katalon.core.main.TestCaseMain.startTestSuite(TestCaseMain.java:187)
	at com.kms.katalon.core.main.TestCaseMain$startTestSuite$0.call(Unknown Source)
	at TempTestSuite1692955257682.run(TempTestSuite1692955257682.groovy:36)
Caused by: com.kms.katalon.core.exception.StepFailedException: Text ' failed! Please ensure the valid date!' is not present on page 
	at com.kms.katalon.core.webui.keyword.internal.WebUIKeywordMain.stepFailed(WebUIKeywordMain.groovy:64)
	at com.kms.katalon.core.webui.keyword.builtin.VerifyTextPresentKeyword$_verifyTextPresent_closure1.doCall(VerifyTextPresentKeyword.groovy:79)
	at com.kms.katalon.core.webui.keyword.builtin.VerifyTextPresentKeyword$_verifyTextPresent_closure1.call(VerifyTextPresentKeyword.groovy)
	at com.kms.katalon.core.webui.keyword.internal.WebUIKeywordMain.runKeyword(WebUIKeywordMain.groovy:20)
	... 22 more
)
[[ATTACHMENT|F:\\bootcamp\\batch-324-qa\\Ika\\Cura Heroku App\\Reports\\20230825_162057\\report collection heroku App\\20230825_162057\\1692955445946.png]]]]></system-out>
         <system-err><![CDATA[2023-08-25 16:23:44 - [TEST_CASE][FAILED] - Test Cases/appointment/Test Case 2.3: Test Cases/appointment/Test Case 2.3 FAILED.
Reason:
com.kms.katalon.core.exception.StepFailedException: Unable to verify text ' failed! Please ensure the valid date!' is present 
	at com.kms.katalon.core.webui.keyword.internal.WebUIKeywordMain.stepFailed(WebUIKeywordMain.groovy:64)
	at com.kms.katalon.core.webui.keyword.internal.WebUIKeywordMain.runKeyword(WebUIKeywordMain.groovy:26)
	at com.kms.katalon.core.webui.keyword.builtin.VerifyTextPresentKeyword.verifyTextPresent(VerifyTextPresentKeyword.groovy:83)
	at com.kms.katalon.core.webui.keyword.builtin.VerifyTextPresentKeyword.execute(VerifyTextPresentKeyword.groovy:68)
	at com.kms.katalon.core.keyword.internal.KeywordExecutor.executeKeywordForPlatform(KeywordExecutor.groovy:74)
	at com.kms.katalon.core.webui.keyword.WebUiBuiltInKeywords.verifyTextPresent(WebUiBuiltInKeywords.groovy:1723)
	at com.kms.katalon.core.webui.keyword.WebUiBuiltInKeywords$verifyTextPresent$10.call(Unknown Source)
	at Test Case 2.3.run(Test Case 2.3:45)
	at com.kms.katalon.core.main.ScriptEngine.run(ScriptEngine.java:194)
	at com.kms.katalon.core.main.ScriptEngine.runScriptAsRawText(ScriptEngine.java:119)
	at com.kms.katalon.core.main.TestCaseExecutor.runScript(TestCaseExecutor.java:448)
	at com.kms.katalon.core.main.TestCaseExecutor.doExecute(TestCaseExecutor.java:439)
	at com.kms.katalon.core.main.TestCaseExecutor.processExecutionPhase(TestCaseExecutor.java:418)
	at com.kms.katalon.core.main.TestCaseExecutor.accessMainPhase(TestCaseExecutor.java:410)
	at com.kms.katalon.core.main.TestCaseExecutor.execute(TestCaseExecutor.java:285)
	at com.kms.katalon.core.main.TestCaseExecutor.execute(TestCaseExecutor.java:369)
	at com.kms.katalon.core.main.TestCaseExecutor.execute(TestCaseExecutor.java:369)
	at com.kms.katalon.core.main.TestCaseExecutor.execute(TestCaseExecutor.java:369)
	at com.kms.katalon.core.common.CommonExecutor.accessTestCaseMainPhase(CommonExecutor.java:65)
	at com.kms.katalon.core.main.TestSuiteExecutor.accessTestSuiteMainPhase(TestSuiteExecutor.java:148)
	at com.kms.katalon.core.main.TestSuiteExecutor.execute(TestSuiteExecutor.java:106)
	at com.kms.katalon.core.main.TestCaseMain.startTestSuite(TestCaseMain.java:187)
	at com.kms.katalon.core.main.TestCaseMain$startTestSuite$0.call(Unknown Source)
	at TempTestSuite1692955257682.run(TempTestSuite1692955257682.groovy:36)
Caused by: com.kms.katalon.core.exception.StepFailedException: Text ' failed! Please ensure the valid date!' is not present on page 
	at com.kms.katalon.core.webui.keyword.internal.WebUIKeywordMain.stepFailed(WebUIKeywordMain.groovy:64)
	at com.kms.katalon.core.webui.keyword.builtin.VerifyTextPresentKeyword$_verifyTextPresent_closure1.doCall(VerifyTextPresentKeyword.groovy:79)
	at com.kms.katalon.core.webui.keyword.builtin.VerifyTextPresentKeyword$_verifyTextPresent_closure1.call(VerifyTextPresentKeyword.groovy)
	at com.kms.katalon.core.webui.keyword.internal.WebUIKeywordMain.runKeyword(WebUIKeywordMain.groovy:20)
	... 22 more]]></system-err>
      </testcase>
      <testcase name="Test Cases/appointment/Test Case 2.4" time="18.853" classname="Test Cases/appointment/Test Case 2.4" status="PASSED">
         <system-out><![CDATA[2023-08-25 16:24:06 - [TEST_CASE][PASSED] - Test Cases/appointment/Test Case 2.4: Test Cases/appointment/Test Case 2.4

2023-08-25 16:24:06 - [TEST_STEP][PASSED] - callTestCase(findTestCase("Login/Test Case 1.1 (Manual)"), ["username":"John Doe", "password":"g3/DOGG74jC3Flrr3yH+3D/yKbOqqUNM"], STOP_ON_FAILURE): Call Test Case 'Test Cases/Login/Test Case 1.1 (Manual)' successfully

2023-08-25 16:24:06 - [TEST_CASE][PASSED] - Test Cases/Login/Test Case 1.1 (Manual): Test Cases/Login/Test Case 1.1 (Manual)

2023-08-25 16:24:06 - [TEST_STEP][PASSED] - openBrowser(WEB_URL): Browser is opened with url: 'https://katalon-demo-cura.herokuapp.com/'

2023-08-25 16:24:06 - [MESSAGE][WARNING] - A browser is already opened. Closing browser and opening a new one

2023-08-25 16:24:07 - [MESSAGE][INFO] - Starting 'Edge Chromium' driver

2023-08-25 16:24:09 - [MESSAGE][INFO] - Action delay is set to 0 milliseconds

2023-08-25 16:24:14 - [MESSAGE][PASSED] - Browser is opened with url: 'https://katalon-demo-cura.herokuapp.com/'

2023-08-25 16:24:14 - [TEST_STEP][PASSED] - maximizeWindow(): Current window maximized

2023-08-25 16:24:14 - [MESSAGE][PASSED] - Current window maximized

2023-08-25 16:24:14 - [TEST_STEP][PASSED] - verifyElementPresent(findTestObject("login/title_home_page"), 10): Object 'Object Repository/login/title_home_page' is present

2023-08-25 16:24:14 - [MESSAGE][PASSED] - Object 'Object Repository/login/title_home_page' is present

2023-08-25 16:24:14 - [TEST_STEP][PASSED] - click(findTestObject("login/menu burger")): Object: 'Object Repository/login/menu burger' is clicked on

2023-08-25 16:24:15 - [MESSAGE][PASSED] - Object: 'Object Repository/login/menu burger' is clicked on

2023-08-25 16:24:15 - [TEST_STEP][PASSED] - click(findTestObject("login/menu Login")): Object: 'Object Repository/login/menu Login' is clicked on

2023-08-25 16:24:16 - [MESSAGE][PASSED] - Object: 'Object Repository/login/menu Login' is clicked on

2023-08-25 16:24:16 - [TEST_STEP][PASSED] - verifyElementPresent(findTestObject("login/title_Login"), 10): Object 'Object Repository/login/title_Login' is present

2023-08-25 16:24:17 - [MESSAGE][PASSED] - Object 'Object Repository/login/title_Login' is present

2023-08-25 16:24:17 - [TEST_STEP][PASSED] - setText(findTestObject("login/input_Username"), username): Text 'John Doe' is set on object 'Object Repository/login/input_Username'

2023-08-25 16:24:17 - [MESSAGE][PASSED] - Text 'John Doe' is set on object 'Object Repository/login/input_Username'

2023-08-25 16:24:17 - [TEST_STEP][PASSED] - setEncryptedText(findTestObject("login/input_Password"), password): Text ****** has been set on object 'Object Repository/login/input_Password'

2023-08-25 16:24:18 - [MESSAGE][PASSED] - Text ****** has been set on object 'Object Repository/login/input_Password'

2023-08-25 16:24:18 - [TEST_STEP][PASSED] - click(findTestObject("login/button_Login")): Object: 'Object Repository/login/button_Login' is clicked on

2023-08-25 16:24:19 - [MESSAGE][PASSED] - Object: 'Object Repository/login/button_Login' is clicked on

2023-08-25 16:24:19 - [TEST_STEP][PASSED] - verifyElementPresent(findTestObject("login/Title_Make Appointment"), 10): Object 'Object Repository/login/Title_Make Appointment' is present

2023-08-25 16:24:19 - [MESSAGE][PASSED] - Object 'Object Repository/login/Title_Make Appointment' is present

2023-08-25 16:24:19 - [MESSAGE][PASSED] - Call Test Case 'Test Cases/Login/Test Case 1.1 (Manual)' successfully

2023-08-25 16:24:19 - [TEST_STEP][PASSED] - selectOptionByValue(findTestObject("make_appointment/dropdown facility"), "Hongkong CURA Healthcare Center", false): All options with value 'Hongkong CURA Healthcare Center' are selected in object 'Object Repository/make_appointment/dropdown facility' 

2023-08-25 16:24:20 - [MESSAGE][PASSED] - All options with value 'Hongkong CURA Healthcare Center' are selected in object 'Object Repository/make_appointment/dropdown facility' 

2023-08-25 16:24:20 - [TEST_STEP][PASSED] - check(findTestObject("make_appointment/chekbox hospital readmission")): Object 'Object Repository/make_appointment/chekbox hospital readmission' is checked

2023-08-25 16:24:20 - [MESSAGE][PASSED] - Object 'Object Repository/make_appointment/chekbox hospital readmission' is checked

2023-08-25 16:24:20 - [TEST_STEP][PASSED] - if (toString().equalsIgnoreCase("No")): Object 'Object Repository/make_appointment/chekbox hospital readmission' is checked

2023-08-25 16:24:20 - [TEST_STEP][PASSED] - check(findTestObject("Object Repository/make_appointment/chekbox hospital readmission")): Object 'Object Repository/make_appointment/chekbox hospital readmission' is checked

2023-08-25 16:24:21 - [MESSAGE][PASSED] - Object 'Object Repository/make_appointment/chekbox hospital readmission' is checked

2023-08-25 16:24:21 - [TEST_STEP][PASSED] - if (toString().equalsIgnoreCase("MedicaId")): Object 'Object Repository/make_appointment/input_Medicaid_programs' is checked

2023-08-25 16:24:21 - [TEST_STEP][PASSED] - check(findTestObject("Object Repository/make_appointment/input_Medicaid_programs")): Object 'Object Repository/make_appointment/input_Medicaid_programs' is checked

2023-08-25 16:24:21 - [MESSAGE][PASSED] - Object 'Object Repository/make_appointment/input_Medicaid_programs' is checked

2023-08-25 16:24:21 - [TEST_STEP][PASSED] - setText(findTestObject("make_appointment/tanggal booking"), "26/08/2023"): Text '26/08/2023' is set on object 'Object Repository/make_appointment/tanggal booking'

2023-08-25 16:24:22 - [MESSAGE][PASSED] - Text '26/08/2023' is set on object 'Object Repository/make_appointment/tanggal booking'

2023-08-25 16:24:22 - [TEST_STEP][PASSED] - setText(findTestObject("make_appointment/comment"), "Hello world"): Text 'Hello world' is set on object 'Object Repository/make_appointment/comment'

2023-08-25 16:24:23 - [MESSAGE][PASSED] - Text 'Hello world' is set on object 'Object Repository/make_appointment/comment'

2023-08-25 16:24:23 - [TEST_STEP][PASSED] - click(findTestObject("make_appointment/button_Book Appointment")): Object: 'Object Repository/make_appointment/button_Book Appointment' is clicked on

2023-08-25 16:24:24 - [MESSAGE][PASSED] - Object: 'Object Repository/make_appointment/button_Book Appointment' is clicked on

2023-08-25 16:24:24 - [TEST_STEP][PASSED] - verifyElementPresent(findTestObject("make_appointment/title_Appointment Confirmation"), 0): Object 'Object Repository/make_appointment/title_Appointment Confirmation' is present

2023-08-25 16:24:24 - [MESSAGE][WARNING] - Timeout '0' is invalid. Using default page load timeout: '5'

2023-08-25 16:24:25 - [MESSAGE][PASSED] - Object 'Object Repository/make_appointment/title_Appointment Confirmation' is present]]></system-out>
         <system-err><![CDATA[]]></system-err>
      </testcase>
      <testcase name="Test Cases/History/test case 3.1" time="15.23" classname="Test Cases/History/test case 3.1" status="PASSED">
         <system-out><![CDATA[2023-08-25 16:24:25 - [TEST_CASE][PASSED] - Test Cases/History/test case 3.1: Test Cases/History/test case 3.1

2023-08-25 16:24:25 - [TEST_STEP][PASSED] - callTestCase(findTestCase("Login/Test Case 1.1 (Manual)"), ["username":"John Doe", "password":"g3/DOGG74jC3Flrr3yH+3D/yKbOqqUNM"], STOP_ON_FAILURE): Call Test Case 'Test Cases/Login/Test Case 1.1 (Manual)' successfully

2023-08-25 16:24:25 - [TEST_CASE][PASSED] - Test Cases/Login/Test Case 1.1 (Manual): Test Cases/Login/Test Case 1.1 (Manual)

2023-08-25 16:24:25 - [TEST_STEP][PASSED] - openBrowser(WEB_URL): Browser is opened with url: 'https://katalon-demo-cura.herokuapp.com/'

2023-08-25 16:24:25 - [MESSAGE][WARNING] - A browser is already opened. Closing browser and opening a new one

2023-08-25 16:24:26 - [MESSAGE][INFO] - Starting 'Edge Chromium' driver

2023-08-25 16:24:28 - [MESSAGE][INFO] - Action delay is set to 0 milliseconds

2023-08-25 16:24:32 - [MESSAGE][PASSED] - Browser is opened with url: 'https://katalon-demo-cura.herokuapp.com/'

2023-08-25 16:24:32 - [TEST_STEP][PASSED] - maximizeWindow(): Current window maximized

2023-08-25 16:24:33 - [MESSAGE][PASSED] - Current window maximized

2023-08-25 16:24:33 - [TEST_STEP][PASSED] - verifyElementPresent(findTestObject("login/title_home_page"), 10): Object 'Object Repository/login/title_home_page' is present

2023-08-25 16:24:33 - [MESSAGE][PASSED] - Object 'Object Repository/login/title_home_page' is present

2023-08-25 16:24:33 - [TEST_STEP][PASSED] - click(findTestObject("login/menu burger")): Object: 'Object Repository/login/menu burger' is clicked on

2023-08-25 16:24:33 - [MESSAGE][PASSED] - Object: 'Object Repository/login/menu burger' is clicked on

2023-08-25 16:24:33 - [TEST_STEP][PASSED] - click(findTestObject("login/menu Login")): Object: 'Object Repository/login/menu Login' is clicked on

2023-08-25 16:24:35 - [MESSAGE][PASSED] - Object: 'Object Repository/login/menu Login' is clicked on

2023-08-25 16:24:35 - [TEST_STEP][PASSED] - verifyElementPresent(findTestObject("login/title_Login"), 10): Object 'Object Repository/login/title_Login' is present

2023-08-25 16:24:35 - [MESSAGE][PASSED] - Object 'Object Repository/login/title_Login' is present

2023-08-25 16:24:35 - [TEST_STEP][PASSED] - setText(findTestObject("login/input_Username"), username): Text 'John Doe' is set on object 'Object Repository/login/input_Username'

2023-08-25 16:24:36 - [MESSAGE][PASSED] - Text 'John Doe' is set on object 'Object Repository/login/input_Username'

2023-08-25 16:24:36 - [TEST_STEP][PASSED] - setEncryptedText(findTestObject("login/input_Password"), password): Text ****** has been set on object 'Object Repository/login/input_Password'

2023-08-25 16:24:37 - [MESSAGE][PASSED] - Text ****** has been set on object 'Object Repository/login/input_Password'

2023-08-25 16:24:37 - [TEST_STEP][PASSED] - click(findTestObject("login/button_Login")): Object: 'Object Repository/login/button_Login' is clicked on

2023-08-25 16:24:38 - [MESSAGE][PASSED] - Object: 'Object Repository/login/button_Login' is clicked on

2023-08-25 16:24:38 - [TEST_STEP][PASSED] - verifyElementPresent(findTestObject("login/Title_Make Appointment"), 10): Object 'Object Repository/login/Title_Make Appointment' is present

2023-08-25 16:24:38 - [MESSAGE][PASSED] - Object 'Object Repository/login/Title_Make Appointment' is present

2023-08-25 16:24:38 - [MESSAGE][PASSED] - Call Test Case 'Test Cases/Login/Test Case 1.1 (Manual)' successfully

2023-08-25 16:24:38 - [TEST_STEP][PASSED] - maximizeWindow(): Current window maximized

2023-08-25 16:24:38 - [MESSAGE][PASSED] - Current window maximized

2023-08-25 16:24:38 - [TEST_STEP][PASSED] - click(findTestObject("history/menu burger liat histori dan logout")): Object: 'Object Repository/history/menu burger liat histori dan logout' is clicked on

2023-08-25 16:24:38 - [MESSAGE][PASSED] - Object: 'Object Repository/history/menu burger liat histori dan logout' is clicked on

2023-08-25 16:24:38 - [TEST_STEP][PASSED] - click(findTestObject("history/a_History")): Object: 'Object Repository/history/a_History' is clicked on

2023-08-25 16:24:40 - [MESSAGE][PASSED] - Object: 'Object Repository/history/a_History' is clicked on

2023-08-25 16:24:40 - [TEST_STEP][PASSED] - verifyElementText(findTestObject("history/p_No appointment"), "No appointment."): Actual text and expected text of test object 'Object Repository/history/p_No appointment' are matched.

2023-08-25 16:24:40 - [MESSAGE][PASSED] - Actual text and expected text of test object 'Object Repository/history/p_No appointment' are matched.]]></system-out>
         <system-err><![CDATA[]]></system-err>
      </testcase>
      <testcase name="Test Cases/History/test case 3.2" time="27.79" classname="Test Cases/History/test case 3.2" status="PASSED">
         <system-out><![CDATA[2023-08-25 16:24:40 - [TEST_CASE][PASSED] - Test Cases/History/test case 3.2: Test Cases/History/test case 3.2

2023-08-25 16:24:40 - [TEST_STEP][PASSED] - callTestCase(findTestCase("appointment/Test Case 2.1 (versi dinamis)"), ["username":"John Doe", "password":"g3/DOGG74jC3Flrr3yH+3D/yKbOqqUNM", "facility":"Tokyo CURA Healthcare Center", "hospital_readmission":"Yes", ... ], STOP_ON_FAILURE): Call Test Case 'Test Cases/appointment/Test Case 2.1 (versi dinamis)' successfully

2023-08-25 16:24:41 - [TEST_CASE][PASSED] - Test Cases/appointment/Test Case 2.1 (versi dinamis): Test Cases/appointment/Test Case 2.1 (versi dinamis)

2023-08-25 16:24:41 - [TEST_STEP][PASSED] - callTestCase(findTestCase("Login/Test Case 1.1 (Manual)"), ["username":username, "password":password], STOP_ON_FAILURE): Call Test Case 'Test Cases/Login/Test Case 1.1 (Manual)' successfully

2023-08-25 16:24:41 - [TEST_CASE][PASSED] - Test Cases/Login/Test Case 1.1 (Manual): Test Cases/Login/Test Case 1.1 (Manual)

2023-08-25 16:24:41 - [TEST_STEP][PASSED] - openBrowser(WEB_URL): Browser is opened with url: 'https://katalon-demo-cura.herokuapp.com/'

2023-08-25 16:24:41 - [MESSAGE][WARNING] - A browser is already opened. Closing browser and opening a new one

2023-08-25 16:24:42 - [MESSAGE][INFO] - Starting 'Edge Chromium' driver

2023-08-25 16:24:44 - [MESSAGE][INFO] - Action delay is set to 0 milliseconds

2023-08-25 16:24:48 - [MESSAGE][PASSED] - Browser is opened with url: 'https://katalon-demo-cura.herokuapp.com/'

2023-08-25 16:24:48 - [TEST_STEP][PASSED] - maximizeWindow(): Current window maximized

2023-08-25 16:24:49 - [MESSAGE][PASSED] - Current window maximized

2023-08-25 16:24:49 - [TEST_STEP][PASSED] - verifyElementPresent(findTestObject("login/title_home_page"), 10): Object 'Object Repository/login/title_home_page' is present

2023-08-25 16:24:49 - [MESSAGE][PASSED] - Object 'Object Repository/login/title_home_page' is present

2023-08-25 16:24:49 - [TEST_STEP][PASSED] - click(findTestObject("login/menu burger")): Object: 'Object Repository/login/menu burger' is clicked on

2023-08-25 16:24:50 - [MESSAGE][PASSED] - Object: 'Object Repository/login/menu burger' is clicked on

2023-08-25 16:24:50 - [TEST_STEP][PASSED] - click(findTestObject("login/menu Login")): Object: 'Object Repository/login/menu Login' is clicked on

2023-08-25 16:24:51 - [MESSAGE][PASSED] - Object: 'Object Repository/login/menu Login' is clicked on

2023-08-25 16:24:51 - [TEST_STEP][PASSED] - verifyElementPresent(findTestObject("login/title_Login"), 10): Object 'Object Repository/login/title_Login' is present

2023-08-25 16:24:52 - [MESSAGE][PASSED] - Object 'Object Repository/login/title_Login' is present

2023-08-25 16:24:52 - [TEST_STEP][PASSED] - setText(findTestObject("login/input_Username"), username): Text 'John Doe' is set on object 'Object Repository/login/input_Username'

2023-08-25 16:24:52 - [MESSAGE][PASSED] - Text 'John Doe' is set on object 'Object Repository/login/input_Username'

2023-08-25 16:24:52 - [TEST_STEP][PASSED] - setEncryptedText(findTestObject("login/input_Password"), password): Text ****** has been set on object 'Object Repository/login/input_Password'

2023-08-25 16:24:53 - [MESSAGE][PASSED] - Text ****** has been set on object 'Object Repository/login/input_Password'

2023-08-25 16:24:53 - [TEST_STEP][PASSED] - click(findTestObject("login/button_Login")): Object: 'Object Repository/login/button_Login' is clicked on

2023-08-25 16:24:54 - [MESSAGE][PASSED] - Object: 'Object Repository/login/button_Login' is clicked on

2023-08-25 16:24:54 - [TEST_STEP][PASSED] - verifyElementPresent(findTestObject("login/Title_Make Appointment"), 10): Object 'Object Repository/login/Title_Make Appointment' is present

2023-08-25 16:24:54 - [MESSAGE][PASSED] - Object 'Object Repository/login/Title_Make Appointment' is present

2023-08-25 16:24:54 - [MESSAGE][PASSED] - Call Test Case 'Test Cases/Login/Test Case 1.1 (Manual)' successfully

2023-08-25 16:24:54 - [TEST_STEP][PASSED] - selectOptionByValue(findTestObject("make_appointment/dropdown facility"), facility, false): All options with value 'Tokyo CURA Healthcare Center' are selected in object 'Object Repository/make_appointment/dropdown facility' 

2023-08-25 16:24:55 - [MESSAGE][PASSED] - All options with value 'Tokyo CURA Healthcare Center' are selected in object 'Object Repository/make_appointment/dropdown facility' 

2023-08-25 16:24:55 - [TEST_STEP][PASSED] - if (toString().equalsIgnoreCase("yes")): Object 'Object Repository/make_appointment/chekbox hospital readmission' is checked

2023-08-25 16:24:55 - [TEST_STEP][PASSED] - check(findTestObject("make_appointment/chekbox hospital readmission")): Object 'Object Repository/make_appointment/chekbox hospital readmission' is checked

2023-08-25 16:24:55 - [MESSAGE][PASSED] - Object 'Object Repository/make_appointment/chekbox hospital readmission' is checked

2023-08-25 16:24:55 - [TEST_STEP][PASSED] - if (toString().equalsIgnoreCase("medicare")): null

2023-08-25 16:24:55 - [TEST_STEP][PASSED] - else if (toString().equalsIgnoreCase("medicaid")): Object 'Object Repository/make_appointment/input_Medicaid_programs' is checked

2023-08-25 16:24:55 - [TEST_STEP][PASSED] - check(findTestObject("make_appointment/input_Medicaid_programs")): Object 'Object Repository/make_appointment/input_Medicaid_programs' is checked

2023-08-25 16:24:56 - [MESSAGE][PASSED] - Object 'Object Repository/make_appointment/input_Medicaid_programs' is checked

2023-08-25 16:24:56 - [TEST_STEP][PASSED] - setText(findTestObject("make_appointment/tanggal booking"), visit_date): Text '23/08/2023' is set on object 'Object Repository/make_appointment/tanggal booking'

2023-08-25 16:24:57 - [MESSAGE][PASSED] - Text '23/08/2023' is set on object 'Object Repository/make_appointment/tanggal booking'

2023-08-25 16:24:57 - [TEST_STEP][PASSED] - setText(findTestObject("make_appointment/comment"), comment): Text 'Hello World' is set on object 'Object Repository/make_appointment/comment'

2023-08-25 16:24:58 - [MESSAGE][PASSED] - Text 'Hello World' is set on object 'Object Repository/make_appointment/comment'

2023-08-25 16:24:58 - [TEST_STEP][PASSED] - click(findTestObject("make_appointment/button_Book Appointment")): Object: 'Object Repository/make_appointment/button_Book Appointment' is clicked on

2023-08-25 16:24:58 - [MESSAGE][PASSED] - Object: 'Object Repository/make_appointment/button_Book Appointment' is clicked on

2023-08-25 16:24:58 - [TEST_STEP][PASSED] - verifyElementPresent(findTestObject("make_appointment/title_Appointment Confirmation"), 0): Object 'Object Repository/make_appointment/title_Appointment Confirmation' is present

2023-08-25 16:24:58 - [MESSAGE][WARNING] - Timeout '0' is invalid. Using default page load timeout: '5'

2023-08-25 16:24:59 - [MESSAGE][PASSED] - Object 'Object Repository/make_appointment/title_Appointment Confirmation' is present

2023-08-25 16:24:59 - [TEST_STEP][PASSED] - hasilFacility = getText(findTestObject("Object Repository/make_appointment/hasil dropdown facility")): Text of object 'Object Repository/make_appointment/hasil dropdown facility' is: 'Tokyo CURA Healthcare Center'

2023-08-25 16:24:59 - [MESSAGE][PASSED] - Text of object 'Object Repository/make_appointment/hasil dropdown facility' is: 'Tokyo CURA Healthcare Center'

2023-08-25 16:24:59 - [TEST_STEP][PASSED] - hasilReadmission = getText(findTestObject("make_appointment/hasil hospital readmission")): Text of object 'Object Repository/make_appointment/hasil hospital readmission' is: 'Yes'

2023-08-25 16:25:00 - [MESSAGE][PASSED] - Text of object 'Object Repository/make_appointment/hasil hospital readmission' is: 'Yes'

2023-08-25 16:25:00 - [TEST_STEP][PASSED] - hasilProgram = getText(findTestObject("make_appointment/hasil healthcare program")): Text of object 'Object Repository/make_appointment/hasil healthcare program' is: 'Medicaid'

2023-08-25 16:25:00 - [MESSAGE][PASSED] - Text of object 'Object Repository/make_appointment/hasil healthcare program' is: 'Medicaid'

2023-08-25 16:25:00 - [TEST_STEP][PASSED] - hasilVisit = getText(findTestObject("make_appointment/hasil tanggal dipilih")): Text of object 'Object Repository/make_appointment/hasil tanggal dipilih' is: '23/08/2023'

2023-08-25 16:25:00 - [MESSAGE][PASSED] - Text of object 'Object Repository/make_appointment/hasil tanggal dipilih' is: '23/08/2023'

2023-08-25 16:25:00 - [TEST_STEP][PASSED] - hasilComment = getText(findTestObject("make_appointment/hasil comment")): Text of object 'Object Repository/make_appointment/hasil comment' is: 'Hello World'

2023-08-25 16:25:01 - [MESSAGE][PASSED] - Text of object 'Object Repository/make_appointment/hasil comment' is: 'Hello World'

2023-08-25 16:25:01 - [TEST_STEP][PASSED] - assert trim().equalsIgnoreCase(facility.trim()): null

2023-08-25 16:25:01 - [TEST_STEP][PASSED] - assert trim().equalsIgnoreCase(hospital_readmission.trim()): null

2023-08-25 16:25:01 - [TEST_STEP][PASSED] - assert trim().equalsIgnoreCase(healthcare_program.trim()): null

2023-08-25 16:25:01 - [TEST_STEP][PASSED] - assert trim().equalsIgnoreCase(visit_date.trim()): null

2023-08-25 16:25:01 - [TEST_STEP][PASSED] - assert trim().equalsIgnoreCase(comment.trim()): null

2023-08-25 16:25:01 - [MESSAGE][PASSED] - Call Test Case 'Test Cases/appointment/Test Case 2.1 (versi dinamis)' successfully

2023-08-25 16:25:01 - [TEST_STEP][PASSED] - click(findTestObject("history/a_Go to Homepage")): Object: 'Object Repository/history/a_Go to Homepage' is clicked on

2023-08-25 16:25:03 - [MESSAGE][PASSED] - Object: 'Object Repository/history/a_Go to Homepage' is clicked on

2023-08-25 16:25:03 - [TEST_STEP][PASSED] - click(findTestObject("history/menu burger liat histori dan logout")): Object: 'Object Repository/history/menu burger liat histori dan logout' is clicked on

2023-08-25 16:25:03 - [MESSAGE][PASSED] - Object: 'Object Repository/history/menu burger liat histori dan logout' is clicked on

2023-08-25 16:25:03 - [TEST_STEP][PASSED] - click(findTestObject("history/a_History")): Object: 'Object Repository/history/a_History' is clicked on

2023-08-25 16:25:04 - [MESSAGE][PASSED] - Object: 'Object Repository/history/a_History' is clicked on

2023-08-25 16:25:04 - [TEST_STEP][PASSED] - verifyElementPresent(findTestObject("history/tulisan history di dalam history"), 3): Object 'Object Repository/history/tulisan history di dalam history' is present

2023-08-25 16:25:05 - [MESSAGE][PASSED] - Object 'Object Repository/history/tulisan history di dalam history' is present

2023-08-25 16:25:05 - [TEST_STEP][PASSED] - hasilFacility = getText(findTestObject("Object Repository/history/p_Hongkong CURA Healthcare Center")): Text of object 'Object Repository/history/p_Hongkong CURA Healthcare Center' is: 'Tokyo CURA Healthcare Center'

2023-08-25 16:25:05 - [MESSAGE][PASSED] - Text of object 'Object Repository/history/p_Hongkong CURA Healthcare Center' is: 'Tokyo CURA Healthcare Center'

2023-08-25 16:25:05 - [TEST_STEP][PASSED] - hasilReadmission = getText(findTestObject("Object Repository/history/p_Yes")): Text of object 'Object Repository/history/p_Yes' is: 'Yes'

2023-08-25 16:25:06 - [MESSAGE][PASSED] - Text of object 'Object Repository/history/p_Yes' is: 'Yes'

2023-08-25 16:25:06 - [TEST_STEP][PASSED] - hasilHealthcare = getText(findTestObject("Object Repository/history/p_Medicaid")): Text of object 'Object Repository/history/p_Medicaid' is: 'Medicaid'

2023-08-25 16:25:07 - [MESSAGE][PASSED] - Text of object 'Object Repository/history/p_Medicaid' is: 'Medicaid'

2023-08-25 16:25:07 - [TEST_STEP][PASSED] - hasilBooking = getText(findTestObject("Object Repository/history/hasil tanggal book")): Text of object 'Object Repository/history/hasil tanggal book' is: '23/08/2023'

2023-08-25 16:25:07 - [MESSAGE][PASSED] - Text of object 'Object Repository/history/hasil tanggal book' is: '23/08/2023'

2023-08-25 16:25:07 - [TEST_STEP][PASSED] - hasilComment = getText(findTestObject("Object Repository/history/p_Hello world")): Text of object 'Object Repository/history/p_Hello world' is: 'Hello World'

2023-08-25 16:25:08 - [MESSAGE][PASSED] - Text of object 'Object Repository/history/p_Hello world' is: 'Hello World'

2023-08-25 16:25:08 - [TEST_STEP][PASSED] - assert trim().equalsIgnoreCase(facility.trim()): null

2023-08-25 16:25:08 - [TEST_STEP][PASSED] - assert trim().equalsIgnoreCase(hospital_readmission.trim()): null

2023-08-25 16:25:08 - [TEST_STEP][PASSED] - assert trim().equalsIgnoreCase(healthcare_program.trim()): null

2023-08-25 16:25:08 - [TEST_STEP][PASSED] - assert trim().equalsIgnoreCase(visit_date.trim()): null

2023-08-25 16:25:08 - [TEST_STEP][PASSED] - assert trim().equalsIgnoreCase(comment.trim()): null]]></system-out>
         <system-err><![CDATA[]]></system-err>
      </testcase>
      <testcase name="Test Cases/logut/test case 4.1" time="17.379" classname="Test Cases/logut/test case 4.1" status="PASSED">
         <system-out><![CDATA[2023-08-25 16:25:08 - [TEST_CASE][PASSED] - Test Cases/logut/test case 4.1: Test Cases/logut/test case 4.1

2023-08-25 16:25:08 - [TEST_STEP][PASSED] - callTestCase(findTestCase("Login/Test Case 1.1 (Manual)"), ["username":"John Doe", "password":"g3/DOGG74jC3Flrr3yH+3D/yKbOqqUNM"], STOP_ON_FAILURE): Call Test Case 'Test Cases/Login/Test Case 1.1 (Manual)' successfully

2023-08-25 16:25:08 - [TEST_CASE][PASSED] - Test Cases/Login/Test Case 1.1 (Manual): Test Cases/Login/Test Case 1.1 (Manual)

2023-08-25 16:25:08 - [TEST_STEP][PASSED] - openBrowser(WEB_URL): Browser is opened with url: 'https://katalon-demo-cura.herokuapp.com/'

2023-08-25 16:25:08 - [MESSAGE][WARNING] - A browser is already opened. Closing browser and opening a new one

2023-08-25 16:25:09 - [MESSAGE][INFO] - Starting 'Edge Chromium' driver

2023-08-25 16:25:11 - [MESSAGE][INFO] - Action delay is set to 0 milliseconds

2023-08-25 16:25:17 - [MESSAGE][PASSED] - Browser is opened with url: 'https://katalon-demo-cura.herokuapp.com/'

2023-08-25 16:25:17 - [TEST_STEP][PASSED] - maximizeWindow(): Current window maximized

2023-08-25 16:25:17 - [MESSAGE][PASSED] - Current window maximized

2023-08-25 16:25:17 - [TEST_STEP][PASSED] - verifyElementPresent(findTestObject("login/title_home_page"), 10): Object 'Object Repository/login/title_home_page' is present

2023-08-25 16:25:17 - [MESSAGE][PASSED] - Object 'Object Repository/login/title_home_page' is present

2023-08-25 16:25:17 - [TEST_STEP][PASSED] - click(findTestObject("login/menu burger")): Object: 'Object Repository/login/menu burger' is clicked on

2023-08-25 16:25:18 - [MESSAGE][PASSED] - Object: 'Object Repository/login/menu burger' is clicked on

2023-08-25 16:25:18 - [TEST_STEP][PASSED] - click(findTestObject("login/menu Login")): Object: 'Object Repository/login/menu Login' is clicked on

2023-08-25 16:25:19 - [MESSAGE][PASSED] - Object: 'Object Repository/login/menu Login' is clicked on

2023-08-25 16:25:19 - [TEST_STEP][PASSED] - verifyElementPresent(findTestObject("login/title_Login"), 10): Object 'Object Repository/login/title_Login' is present

2023-08-25 16:25:20 - [MESSAGE][PASSED] - Object 'Object Repository/login/title_Login' is present

2023-08-25 16:25:20 - [TEST_STEP][PASSED] - setText(findTestObject("login/input_Username"), username): Text 'John Doe' is set on object 'Object Repository/login/input_Username'

2023-08-25 16:25:21 - [MESSAGE][PASSED] - Text 'John Doe' is set on object 'Object Repository/login/input_Username'

2023-08-25 16:25:21 - [TEST_STEP][PASSED] - setEncryptedText(findTestObject("login/input_Password"), password): Text ****** has been set on object 'Object Repository/login/input_Password'

2023-08-25 16:25:21 - [MESSAGE][PASSED] - Text ****** has been set on object 'Object Repository/login/input_Password'

2023-08-25 16:25:21 - [TEST_STEP][PASSED] - click(findTestObject("login/button_Login")): Object: 'Object Repository/login/button_Login' is clicked on

2023-08-25 16:25:22 - [MESSAGE][PASSED] - Object: 'Object Repository/login/button_Login' is clicked on

2023-08-25 16:25:22 - [TEST_STEP][PASSED] - verifyElementPresent(findTestObject("login/Title_Make Appointment"), 10): Object 'Object Repository/login/Title_Make Appointment' is present

2023-08-25 16:25:22 - [MESSAGE][PASSED] - Object 'Object Repository/login/Title_Make Appointment' is present

2023-08-25 16:25:22 - [MESSAGE][PASSED] - Call Test Case 'Test Cases/Login/Test Case 1.1 (Manual)' successfully

2023-08-25 16:25:22 - [TEST_STEP][PASSED] - click(findTestObject("Logout/menu hamburger di halaman appoitment")): Object: 'Object Repository/Logout/menu hamburger di halaman appoitment' is clicked on

2023-08-25 16:25:23 - [MESSAGE][PASSED] - Object: 'Object Repository/Logout/menu hamburger di halaman appoitment' is clicked on

2023-08-25 16:25:23 - [TEST_STEP][PASSED] - click(findTestObject("Logout/a_Logout")): Object: 'Object Repository/Logout/a_Logout' is clicked on

2023-08-25 16:25:24 - [MESSAGE][PASSED] - Object: 'Object Repository/Logout/a_Logout' is clicked on

2023-08-25 16:25:24 - [TEST_STEP][PASSED] - verifyElementText(findTestObject("Logout/homepage cura (kembali)"), "CURA Healthcare Service"): Actual text and expected text of test object 'Object Repository/Logout/homepage cura (kembali)' are matched.

2023-08-25 16:25:25 - [MESSAGE][PASSED] - Actual text and expected text of test object 'Object Repository/Logout/homepage cura (kembali)' are matched.

2023-08-25 16:25:25 - [TEST_STEP][PASSED] - closeBrowser(): Browser is closed

2023-08-25 16:25:25 - [MESSAGE][PASSED] - Browser is closed]]></system-out>
         <system-err><![CDATA[]]></system-err>
      </testcase>
      <testcase name="Test Cases/logut/test case 4.2" time="21.918" classname="Test Cases/logut/test case 4.2" status="PASSED">
         <system-out><![CDATA[2023-08-25 16:25:25 - [TEST_CASE][PASSED] - Test Cases/logut/test case 4.2: Test Cases/logut/test case 4.2

2023-08-25 16:25:26 - [TEST_STEP][PASSED] - callTestCase(findTestCase("Login/Test Case 1.1 (Manual)"), ["username":"John Doe", "password":"g3/DOGG74jC3Flrr3yH+3D/yKbOqqUNM"], STOP_ON_FAILURE): Call Test Case 'Test Cases/Login/Test Case 1.1 (Manual)' successfully

2023-08-25 16:25:26 - [TEST_CASE][PASSED] - Test Cases/Login/Test Case 1.1 (Manual): Test Cases/Login/Test Case 1.1 (Manual)

2023-08-25 16:25:26 - [TEST_STEP][PASSED] - openBrowser(WEB_URL): Browser is opened with url: 'https://katalon-demo-cura.herokuapp.com/'

2023-08-25 16:25:26 - [MESSAGE][INFO] - Starting 'Edge Chromium' driver

2023-08-25 16:25:28 - [MESSAGE][INFO] - Action delay is set to 0 milliseconds

2023-08-25 16:25:31 - [MESSAGE][PASSED] - Browser is opened with url: 'https://katalon-demo-cura.herokuapp.com/'

2023-08-25 16:25:31 - [TEST_STEP][PASSED] - maximizeWindow(): Current window maximized

2023-08-25 16:25:32 - [MESSAGE][PASSED] - Current window maximized

2023-08-25 16:25:32 - [TEST_STEP][PASSED] - verifyElementPresent(findTestObject("login/title_home_page"), 10): Object 'Object Repository/login/title_home_page' is present

2023-08-25 16:25:32 - [MESSAGE][PASSED] - Object 'Object Repository/login/title_home_page' is present

2023-08-25 16:25:32 - [TEST_STEP][PASSED] - click(findTestObject("login/menu burger")): Object: 'Object Repository/login/menu burger' is clicked on

2023-08-25 16:25:32 - [MESSAGE][PASSED] - Object: 'Object Repository/login/menu burger' is clicked on

2023-08-25 16:25:32 - [TEST_STEP][PASSED] - click(findTestObject("login/menu Login")): Object: 'Object Repository/login/menu Login' is clicked on

2023-08-25 16:25:35 - [MESSAGE][PASSED] - Object: 'Object Repository/login/menu Login' is clicked on

2023-08-25 16:25:35 - [TEST_STEP][PASSED] - verifyElementPresent(findTestObject("login/title_Login"), 10): Object 'Object Repository/login/title_Login' is present

2023-08-25 16:25:35 - [MESSAGE][PASSED] - Object 'Object Repository/login/title_Login' is present

2023-08-25 16:25:35 - [TEST_STEP][PASSED] - setText(findTestObject("login/input_Username"), username): Text 'John Doe' is set on object 'Object Repository/login/input_Username'

2023-08-25 16:25:36 - [MESSAGE][PASSED] - Text 'John Doe' is set on object 'Object Repository/login/input_Username'

2023-08-25 16:25:36 - [TEST_STEP][PASSED] - setEncryptedText(findTestObject("login/input_Password"), password): Text ****** has been set on object 'Object Repository/login/input_Password'

2023-08-25 16:25:36 - [MESSAGE][PASSED] - Text ****** has been set on object 'Object Repository/login/input_Password'

2023-08-25 16:25:36 - [TEST_STEP][PASSED] - click(findTestObject("login/button_Login")): Object: 'Object Repository/login/button_Login' is clicked on

2023-08-25 16:25:37 - [MESSAGE][PASSED] - Object: 'Object Repository/login/button_Login' is clicked on

2023-08-25 16:25:37 - [TEST_STEP][PASSED] - verifyElementPresent(findTestObject("login/Title_Make Appointment"), 10): Object 'Object Repository/login/Title_Make Appointment' is present

2023-08-25 16:25:38 - [MESSAGE][PASSED] - Object 'Object Repository/login/Title_Make Appointment' is present

2023-08-25 16:25:38 - [MESSAGE][PASSED] - Call Test Case 'Test Cases/Login/Test Case 1.1 (Manual)' successfully

2023-08-25 16:25:38 - [TEST_STEP][PASSED] - closeBrowser(): Browser is closed

2023-08-25 16:25:38 - [MESSAGE][PASSED] - Browser is closed

2023-08-25 16:25:38 - [TEST_STEP][PASSED] - openBrowser(WEB_URL): Browser is opened with url: 'https://katalon-demo-cura.herokuapp.com/'

2023-08-25 16:25:38 - [MESSAGE][INFO] - Starting 'Edge Chromium' driver

2023-08-25 16:25:41 - [MESSAGE][INFO] - Action delay is set to 0 milliseconds

2023-08-25 16:25:45 - [MESSAGE][PASSED] - Browser is opened with url: 'https://katalon-demo-cura.herokuapp.com/'

2023-08-25 16:25:45 - [TEST_STEP][PASSED] - verifyElementText(findTestObject("Logout/homepage cura (kembali)"), "CURA Healthcare Service"): Actual text and expected text of test object 'Object Repository/Logout/homepage cura (kembali)' are matched.

2023-08-25 16:25:46 - [MESSAGE][PASSED] - Actual text and expected text of test object 'Object Repository/Logout/homepage cura (kembali)' are matched.

2023-08-25 16:25:46 - [TEST_STEP][PASSED] - click(findTestObject("Logout/a_Make Appointment(untuk login)")): Object: 'Object Repository/Logout/a_Make Appointment(untuk login)' is clicked on

2023-08-25 16:25:47 - [MESSAGE][PASSED] - Object: 'Object Repository/Logout/a_Make Appointment(untuk login)' is clicked on]]></system-out>
         <system-err><![CDATA[]]></system-err>
      </testcase>
      <system-out><![CDATA[2023-08-25 16:21:05 - [TEST_SUITE][FAILED] - report collection heroku App: Test Cases/appointment/Test Case 2.3 FAILED.
Reason:
com.kms.katalon.core.exception.StepFailedException: Unable to verify text ' failed! Please ensure the valid date!' is present 
	at com.kms.katalon.core.webui.keyword.internal.WebUIKeywordMain.stepFailed(WebUIKeywordMain.groovy:64)
	at com.kms.katalon.core.webui.keyword.internal.WebUIKeywordMain.runKeyword(WebUIKeywordMain.groovy:26)
	at com.kms.katalon.core.webui.keyword.builtin.VerifyTextPresentKeyword.verifyTextPresent(VerifyTextPresentKeyword.groovy:83)
	at com.kms.katalon.core.webui.keyword.builtin.VerifyTextPresentKeyword.execute(VerifyTextPresentKeyword.groovy:68)
	at com.kms.katalon.core.keyword.internal.KeywordExecutor.executeKeywordForPlatform(KeywordExecutor.groovy:74)
	at com.kms.katalon.core.webui.keyword.WebUiBuiltInKeywords.verifyTextPresent(WebUiBuiltInKeywords.groovy:1723)
	at com.kms.katalon.core.webui.keyword.WebUiBuiltInKeywords$verifyTextPresent$10.call(Unknown Source)
	at Test Case 2.3.run(Test Case 2.3:45)
	at com.kms.katalon.core.main.ScriptEngine.run(ScriptEngine.java:194)
	at com.kms.katalon.core.main.ScriptEngine.runScriptAsRawText(ScriptEngine.java:119)
	at com.kms.katalon.core.main.TestCaseExecutor.runScript(TestCaseExecutor.java:448)
	at com.kms.katalon.core.main.TestCaseExecutor.doExecute(TestCaseExecutor.java:439)
	at com.kms.katalon.core.main.TestCaseExecutor.processExecutionPhase(TestCaseExecutor.java:418)
	at com.kms.katalon.core.main.TestCaseExecutor.accessMainPhase(TestCaseExecutor.java:410)
	at com.kms.katalon.core.main.TestCaseExecutor.execute(TestCaseExecutor.java:285)
	at com.kms.katalon.core.common.CommonExecutor.accessTestCaseMainPhase(CommonExecutor.java:65)
	at com.kms.katalon.core.main.TestSuiteExecutor.accessTestSuiteMainPhase(TestSuiteExecutor.java:148)
	at com.kms.katalon.core.main.TestSuiteExecutor.execute(TestSuiteExecutor.java:106)
	at com.kms.katalon.core.main.TestCaseMain.startTestSuite(TestCaseMain.java:187)
	at com.kms.katalon.core.main.TestCaseMain$startTestSuite$0.call(Unknown Source)
	at TempTestSuite1692955257682.run(TempTestSuite1692955257682.groovy:36)
Caused by: com.kms.katalon.core.exception.StepFailedException: Text ' failed! Please ensure the valid date!' is not present on page 
	at com.kms.katalon.core.webui.keyword.internal.WebUIKeywordMain.stepFailed(WebUIKeywordMain.groovy:64)
	at com.kms.katalon.core.webui.keyword.builtin.VerifyTextPresentKeyword$_verifyTextPresent_closure1.doCall(VerifyTextPresentKeyword.groovy:79)
	at com.kms.katalon.core.webui.keyword.builtin.VerifyTextPresentKeyword$_verifyTextPresent_closure1.call(VerifyTextPresentKeyword.groovy)
	at com.kms.katalon.core.webui.keyword.internal.WebUIKeywordMain.runKeyword(WebUIKeywordMain.groovy:20)
	... 19 more]]></system-out>
      <system-err><![CDATA[2023-08-25 16:21:05 - [TEST_SUITE][FAILED] - report collection heroku App: Test Cases/appointment/Test Case 2.3 FAILED.
Reason:
com.kms.katalon.core.exception.StepFailedException: Unable to verify text ' failed! Please ensure the valid date!' is present 
	at com.kms.katalon.core.webui.keyword.internal.WebUIKeywordMain.stepFailed(WebUIKeywordMain.groovy:64)
	at com.kms.katalon.core.webui.keyword.internal.WebUIKeywordMain.runKeyword(WebUIKeywordMain.groovy:26)
	at com.kms.katalon.core.webui.keyword.builtin.VerifyTextPresentKeyword.verifyTextPresent(VerifyTextPresentKeyword.groovy:83)
	at com.kms.katalon.core.webui.keyword.builtin.VerifyTextPresentKeyword.execute(VerifyTextPresentKeyword.groovy:68)
	at com.kms.katalon.core.keyword.internal.KeywordExecutor.executeKeywordForPlatform(KeywordExecutor.groovy:74)
	at com.kms.katalon.core.webui.keyword.WebUiBuiltInKeywords.verifyTextPresent(WebUiBuiltInKeywords.groovy:1723)
	at com.kms.katalon.core.webui.keyword.WebUiBuiltInKeywords$verifyTextPresent$10.call(Unknown Source)
	at Test Case 2.3.run(Test Case 2.3:45)
	at com.kms.katalon.core.main.ScriptEngine.run(ScriptEngine.java:194)
	at com.kms.katalon.core.main.ScriptEngine.runScriptAsRawText(ScriptEngine.java:119)
	at com.kms.katalon.core.main.TestCaseExecutor.runScript(TestCaseExecutor.java:448)
	at com.kms.katalon.core.main.TestCaseExecutor.doExecute(TestCaseExecutor.java:439)
	at com.kms.katalon.core.main.TestCaseExecutor.processExecutionPhase(TestCaseExecutor.java:418)
	at com.kms.katalon.core.main.TestCaseExecutor.accessMainPhase(TestCaseExecutor.java:410)
	at com.kms.katalon.core.main.TestCaseExecutor.execute(TestCaseExecutor.java:285)
	at com.kms.katalon.core.common.CommonExecutor.accessTestCaseMainPhase(CommonExecutor.java:65)
	at com.kms.katalon.core.main.TestSuiteExecutor.accessTestSuiteMainPhase(TestSuiteExecutor.java:148)
	at com.kms.katalon.core.main.TestSuiteExecutor.execute(TestSuiteExecutor.java:106)
	at com.kms.katalon.core.main.TestCaseMain.startTestSuite(TestCaseMain.java:187)
	at com.kms.katalon.core.main.TestCaseMain$startTestSuite$0.call(Unknown Source)
	at TempTestSuite1692955257682.run(TempTestSuite1692955257682.groovy:36)
Caused by: com.kms.katalon.core.exception.StepFailedException: Text ' failed! Please ensure the valid date!' is not present on page 
	at com.kms.katalon.core.webui.keyword.internal.WebUIKeywordMain.stepFailed(WebUIKeywordMain.groovy:64)
	at com.kms.katalon.core.webui.keyword.builtin.VerifyTextPresentKeyword$_verifyTextPresent_closure1.doCall(VerifyTextPresentKeyword.groovy:79)
	at com.kms.katalon.core.webui.keyword.builtin.VerifyTextPresentKeyword$_verifyTextPresent_closure1.call(VerifyTextPresentKeyword.groovy)
	at com.kms.katalon.core.webui.keyword.internal.WebUIKeywordMain.runKeyword(WebUIKeywordMain.groovy:20)
	... 19 more]]></system-err>
   </testsuite>
</testsuites>
