<?xml version="1.0" encoding="UTF-8"?>
<testsuites name="Product Story Test Suite" time="217.569" tests="8" failures="1" errors="0">
   <testsuite name="Product Story Test Suite" tests="8" failures="1" errors="0" time="217.569" skipped="0" timestamp="2023-08-31 13:19:25" hostname="Aslamadin Alvian Haz - DESKTOP-L5FUI4E" id="Test Suites/Product Story Test Suite">
      <properties>
         <property name="deviceName" value=""/>
         <property name="devicePlatform" value=""/>
         <property name="logFolder" value="C:\\Users\\Aslamadin Alvian Haz\\Documents\\Batch 324 QA XSIS Academy\\batch-324-qa\\Alvin\\Sauce Demo\\Reports\\20230831_131912\\Product Story Test Suite\\20230831_131912"/>
         <property name="logFiles" value="C:\\Users\\Aslamadin Alvian Haz\\Documents\\Batch 324 QA XSIS Academy\\batch-324-qa\\Alvin\\Sauce Demo\\Reports\\20230831_131912\\Product Story Test Suite\\20230831_131912\\execution0.log"/>
         <property name="attachments" value="C:\\Users\\Aslamadin Alvian Haz\\Documents\\Batch 324 QA XSIS Academy\\batch-324-qa\\Alvin\\Sauce Demo\\Reports\\20230831_131912\\Product Story Test Suite\\20230831_131912\\1693462912285.png, C:\\Users\\Aslamadin Alvian Haz\\Documents\\Batch 324 QA XSIS Academy\\batch-324-qa\\Alvin\\Sauce Demo\\Reports\\20230831_131912\\Product Story Test Suite\\20230831_131912\\1693462912537.png, C:\\Users\\Aslamadin Alvian Haz\\Documents\\Batch 324 QA XSIS Academy\\batch-324-qa\\Alvin\\Sauce Demo\\Reports\\20230831_131912\\Product Story Test Suite\\20230831_131912\\1693462935745.png, C:\\Users\\Aslamadin Alvian Haz\\Documents\\Batch 324 QA XSIS Academy\\batch-324-qa\\Alvin\\Sauce Demo\\Reports\\20230831_131912\\Product Story Test Suite\\20230831_131912\\1693462935947.png, C:\\Users\\Aslamadin Alvian Haz\\Documents\\Batch 324 QA XSIS Academy\\batch-324-qa\\Alvin\\Sauce Demo\\Reports\\20230831_131912\\Product Story Test Suite\\20230831_131912\\1693462959424.png, C:\\Users\\Aslamadin Alvian Haz\\Documents\\Batch 324 QA XSIS Academy\\batch-324-qa\\Alvin\\Sauce Demo\\Reports\\20230831_131912\\Product Story Test Suite\\20230831_131912\\1693462959629.png, C:\\Users\\Aslamadin Alvian Haz\\Documents\\Batch 324 QA XSIS Academy\\batch-324-qa\\Alvin\\Sauce Demo\\Reports\\20230831_131912\\Product Story Test Suite\\20230831_131912\\1693462982939.png, C:\\Users\\Aslamadin Alvian Haz\\Documents\\Batch 324 QA XSIS Academy\\batch-324-qa\\Alvin\\Sauce Demo\\Reports\\20230831_131912\\Product Story Test Suite\\20230831_131912\\1693462983135.png"/>
         <property name="hostName" value="Aslamadin Alvian Haz - DESKTOP-L5FUI4E"/>
         <property name="os" value="Windows 10 64bit"/>
         <property name="katalonVersion" value="8.6.5.208"/>
         <property name="browser" value="Edge Chromium 116"/>
         <property name="hostAddress" value="10.9.2.24"/>
         <property name="sessionId" value="2c98ab09e842702a3005a4ffc3ebe011"/>
         <property name="seleniumVersion" value="3.141.59"/>
         <property name="proxyInformation" value="ProxyInformation { proxyOption=NO_PROXY, proxyServerType=HTTP, username=, password=********, proxyServerAddress=, proxyServerPort=0, executionList=&quot;&quot;, isApplyToDesiredCapabilities=true }"/>
         <property name="platform" value="Windows 10"/>
      </properties>
      <testcase name="Test Cases/Product/TC-Product-Show-001" time="19.609" classname="Test Cases/Product/TC-Product-Show-001" status="PASSED">
         <system-out><![CDATA[2023-08-31 13:19:26 - [TEST_CASE][PASSED] - Test Cases/Product/TC-Product-Show-001: Test Cases/Product/TC-Product-Show-001

2023-08-31 13:19:27 - [TEST_STEP][PASSED] - callTestCase(findTestCase("Login/TC-Login-Success-001"), ["username":"standard_user", "password":"qcu24s4901FyWDTwXGr6XA=="], STOP_ON_FAILURE): Call Test Case 'Test Cases/Login/TC-Login-Success-001' successfully

2023-08-31 13:19:28 - [TEST_CASE][PASSED] - Test Cases/Login/TC-Login-Success-001: Test Cases/Login/TC-Login-Success-001

2023-08-31 13:19:29 - [TEST_STEP][PASSED] - openBrowser(webSauceDemo): Browser is opened with url: 'https://www.saucedemo.com/'

2023-08-31 13:19:30 - [MESSAGE][INFO] - Starting 'Edge Chromium' driver

2023-08-31 13:19:33 - [MESSAGE][INFO] - Action delay is set to 0 milliseconds

2023-08-31 13:19:39 - [MESSAGE][PASSED] - Browser is opened with url: 'https://www.saucedemo.com/'

2023-08-31 13:19:39 - [TEST_STEP][PASSED] - verifyElementPresent(findTestObject("Login Page Object/Swag Labs Text (tanda masuk home)"), 5): Object 'Object Repository/Login Page Object/Swag Labs Text (tanda masuk home)' is present

2023-08-31 13:19:40 - [MESSAGE][PASSED] - Object 'Object Repository/Login Page Object/Swag Labs Text (tanda masuk home)' is present

2023-08-31 13:19:40 - [TEST_STEP][PASSED] - setText(findTestObject("Login Page Object/username login"), username): Text 'standard_user' is set on object 'Object Repository/Login Page Object/username login'

2023-08-31 13:19:41 - [MESSAGE][PASSED] - Text 'standard_user' is set on object 'Object Repository/Login Page Object/username login'

2023-08-31 13:19:41 - [TEST_STEP][PASSED] - setEncryptedText(findTestObject("Login Page Object/password login"), password): Text ****** has been set on object 'Object Repository/Login Page Object/password login'

2023-08-31 13:19:42 - [MESSAGE][PASSED] - Text ****** has been set on object 'Object Repository/Login Page Object/password login'

2023-08-31 13:19:42 - [TEST_STEP][PASSED] - click(findTestObject("Login Page Object/button login")): Object: 'Object Repository/Login Page Object/button login' is clicked on

2023-08-31 13:19:43 - [MESSAGE][PASSED] - Object: 'Object Repository/Login Page Object/button login' is clicked on

2023-08-31 13:19:43 - [TEST_STEP][PASSED] - verifyElementPresent(findTestObject("Product/span_Products"), 5): Object 'Object Repository/Product/span_Products' is present

2023-08-31 13:19:44 - [MESSAGE][PASSED] - Object 'Object Repository/Product/span_Products' is present

2023-08-31 13:19:44 - [TEST_STEP][PASSED] - nameProduct = text: null

2023-08-31 13:19:45 - [TEST_STEP][PASSED] - descProduct = text: null

2023-08-31 13:19:45 - [TEST_STEP][PASSED] - priceProduct = text: null

2023-08-31 13:19:46 - [TEST_STEP][PASSED] - item = new java.util.HashMap(): null

2023-08-31 13:19:46 - [TEST_STEP][PASSED] - item.put("nameProduct", nameProduct): null

2023-08-31 13:19:46 - [TEST_STEP][PASSED] - item.put("descProduct", descProduct): null

2023-08-31 13:19:46 - [TEST_STEP][PASSED] - item.put("priceProduct", priceProduct): null

2023-08-31 13:19:46 - [TEST_STEP][PASSED] - return item: null

2023-08-31 13:19:46 - [MESSAGE][PASSED] - Call Test Case 'Test Cases/Login/TC-Login-Success-001' successfully]]></system-out>
         <system-err><![CDATA[]]></system-err>
      </testcase>
      <testcase name="Test Cases/Product/TC-Product-Sort-001" time="16.129" classname="Test Cases/Product/TC-Product-Sort-001" status="PASSED">
         <system-out><![CDATA[2023-08-31 13:19:46 - [TEST_CASE][PASSED] - Test Cases/Product/TC-Product-Sort-001: Test Cases/Product/TC-Product-Sort-001

2023-08-31 13:19:47 - [TEST_STEP][PASSED] - callTestCase(findTestCase("Product/TC-Product-Show-001"), [:], STOP_ON_FAILURE): Call Test Case 'Test Cases/Product/TC-Product-Show-001' successfully

2023-08-31 13:19:47 - [TEST_CASE][PASSED] - Test Cases/Product/TC-Product-Show-001: Test Cases/Product/TC-Product-Show-001

2023-08-31 13:19:47 - [TEST_STEP][PASSED] - callTestCase(findTestCase("Login/TC-Login-Success-001"), ["username":"standard_user", "password":"qcu24s4901FyWDTwXGr6XA=="], STOP_ON_FAILURE): Call Test Case 'Test Cases/Login/TC-Login-Success-001' successfully

2023-08-31 13:19:47 - [TEST_CASE][PASSED] - Test Cases/Login/TC-Login-Success-001: Test Cases/Login/TC-Login-Success-001

2023-08-31 13:19:47 - [TEST_STEP][PASSED] - openBrowser(webSauceDemo): Browser is opened with url: 'https://www.saucedemo.com/'

2023-08-31 13:19:47 - [MESSAGE][WARNING] - A browser is already opened. Closing browser and opening a new one

2023-08-31 13:19:48 - [MESSAGE][INFO] - Starting 'Edge Chromium' driver

2023-08-31 13:19:50 - [MESSAGE][INFO] - Action delay is set to 0 milliseconds

2023-08-31 13:19:54 - [MESSAGE][PASSED] - Browser is opened with url: 'https://www.saucedemo.com/'

2023-08-31 13:19:54 - [TEST_STEP][PASSED] - verifyElementPresent(findTestObject("Login Page Object/Swag Labs Text (tanda masuk home)"), 5): Object 'Object Repository/Login Page Object/Swag Labs Text (tanda masuk home)' is present

2023-08-31 13:19:54 - [MESSAGE][PASSED] - Object 'Object Repository/Login Page Object/Swag Labs Text (tanda masuk home)' is present

2023-08-31 13:19:54 - [TEST_STEP][PASSED] - setText(findTestObject("Login Page Object/username login"), username): Text 'standard_user' is set on object 'Object Repository/Login Page Object/username login'

2023-08-31 13:19:56 - [MESSAGE][PASSED] - Text 'standard_user' is set on object 'Object Repository/Login Page Object/username login'

2023-08-31 13:19:56 - [TEST_STEP][PASSED] - setEncryptedText(findTestObject("Login Page Object/password login"), password): Text ****** has been set on object 'Object Repository/Login Page Object/password login'

2023-08-31 13:19:57 - [MESSAGE][PASSED] - Text ****** has been set on object 'Object Repository/Login Page Object/password login'

2023-08-31 13:19:57 - [TEST_STEP][PASSED] - click(findTestObject("Login Page Object/button login")): Object: 'Object Repository/Login Page Object/button login' is clicked on

2023-08-31 13:19:58 - [MESSAGE][PASSED] - Object: 'Object Repository/Login Page Object/button login' is clicked on

2023-08-31 13:19:58 - [TEST_STEP][PASSED] - verifyElementPresent(findTestObject("Product/span_Products"), 5): Object 'Object Repository/Product/span_Products' is present

2023-08-31 13:19:59 - [MESSAGE][PASSED] - Object 'Object Repository/Product/span_Products' is present

2023-08-31 13:19:59 - [TEST_STEP][PASSED] - nameProduct = text: null

2023-08-31 13:19:59 - [TEST_STEP][PASSED] - descProduct = text: null

2023-08-31 13:20:00 - [TEST_STEP][PASSED] - priceProduct = text: null

2023-08-31 13:20:00 - [TEST_STEP][PASSED] - item = new java.util.HashMap(): null

2023-08-31 13:20:00 - [TEST_STEP][PASSED] - item.put("nameProduct", nameProduct): null

2023-08-31 13:20:00 - [TEST_STEP][PASSED] - item.put("descProduct", descProduct): null

2023-08-31 13:20:00 - [TEST_STEP][PASSED] - item.put("priceProduct", priceProduct): null

2023-08-31 13:20:00 - [TEST_STEP][PASSED] - return item: null

2023-08-31 13:20:00 - [MESSAGE][PASSED] - Call Test Case 'Test Cases/Login/TC-Login-Success-001' successfully

2023-08-31 13:20:00 - [MESSAGE][PASSED] - Call Test Case 'Test Cases/Product/TC-Product-Show-001' successfully

2023-08-31 13:20:00 - [TEST_STEP][PASSED] - selectOptionByValue(findTestObject("Product/select_Name (A to Z)Name (Z to A)Price (low to high)Price (high to low)"), option, false): All options with value 'az' are selected in object 'Object Repository/Product/select_Name (A to Z)Name (Z to A)Price (low to high)Price (high to low)' 

2023-08-31 13:20:01 - [MESSAGE][PASSED] - All options with value 'az' are selected in object 'Object Repository/Product/select_Name (A to Z)Name (Z to A)Price (low to high)Price (high to low)' 

2023-08-31 13:20:01 - [TEST_STEP][PASSED] - nameProduct = findWebElements(findTestObject("Object Repository/selector for verify/selector name product"), 5): null

2023-08-31 13:20:01 - [TEST_STEP][PASSED] - arrNameFromUI = []: null

2023-08-31 13:20:02 - [TEST_STEP][PASSED] - arrSortAscName = []: null

2023-08-31 13:20:02 - [TEST_STEP][PASSED] - for ([i = 0, i < nameProduct.size(), (i++)]): null

2023-08-31 13:20:02 - [TEST_STEP][PASSED] - temp = text: null

2023-08-31 13:20:02 - [TEST_STEP][PASSED] - arrNameFromUI[i] = temp: null

2023-08-31 13:20:02 - [TEST_STEP][PASSED] - arrSortAscName[i] = temp: null

2023-08-31 13:20:02 - [TEST_STEP][PASSED] - temp = text: null

2023-08-31 13:20:02 - [TEST_STEP][PASSED] - arrNameFromUI[i] = temp: null

2023-08-31 13:20:02 - [TEST_STEP][PASSED] - arrSortAscName[i] = temp: null

2023-08-31 13:20:02 - [TEST_STEP][PASSED] - temp = text: null

2023-08-31 13:20:02 - [TEST_STEP][PASSED] - arrNameFromUI[i] = temp: null

2023-08-31 13:20:02 - [TEST_STEP][PASSED] - arrSortAscName[i] = temp: null

2023-08-31 13:20:02 - [TEST_STEP][PASSED] - temp = text: null

2023-08-31 13:20:02 - [TEST_STEP][PASSED] - arrNameFromUI[i] = temp: null

2023-08-31 13:20:02 - [TEST_STEP][PASSED] - arrSortAscName[i] = temp: null

2023-08-31 13:20:02 - [TEST_STEP][PASSED] - temp = text: null

2023-08-31 13:20:02 - [TEST_STEP][PASSED] - arrNameFromUI[i] = temp: null

2023-08-31 13:20:02 - [TEST_STEP][PASSED] - arrSortAscName[i] = temp: null

2023-08-31 13:20:02 - [TEST_STEP][PASSED] - temp = text: null

2023-08-31 13:20:02 - [TEST_STEP][PASSED] - arrNameFromUI[i] = temp: null

2023-08-31 13:20:02 - [TEST_STEP][PASSED] - arrSortAscName[i] = temp: null

2023-08-31 13:20:02 - [TEST_STEP][PASSED] - Arrays.sort(arrSortAscName): null

2023-08-31 13:20:02 - [TEST_STEP][PASSED] - assert arrNameFromUI == arrSortAscName: null]]></system-out>
         <system-err><![CDATA[]]></system-err>
      </testcase>
      <testcase name="Test Cases/Product/TC-Product-Sort-002" time="16.52" classname="Test Cases/Product/TC-Product-Sort-002" status="PASSED">
         <system-out><![CDATA[2023-08-31 13:20:02 - [TEST_CASE][PASSED] - Test Cases/Product/TC-Product-Sort-002: Test Cases/Product/TC-Product-Sort-002

2023-08-31 13:20:03 - [TEST_STEP][PASSED] - callTestCase(findTestCase("Product/TC-Product-Show-001"), [:], STOP_ON_FAILURE): Call Test Case 'Test Cases/Product/TC-Product-Show-001' successfully

2023-08-31 13:20:03 - [TEST_CASE][PASSED] - Test Cases/Product/TC-Product-Show-001: Test Cases/Product/TC-Product-Show-001

2023-08-31 13:20:03 - [TEST_STEP][PASSED] - callTestCase(findTestCase("Login/TC-Login-Success-001"), ["username":"standard_user", "password":"qcu24s4901FyWDTwXGr6XA=="], STOP_ON_FAILURE): Call Test Case 'Test Cases/Login/TC-Login-Success-001' successfully

2023-08-31 13:20:03 - [TEST_CASE][PASSED] - Test Cases/Login/TC-Login-Success-001: Test Cases/Login/TC-Login-Success-001

2023-08-31 13:20:03 - [TEST_STEP][PASSED] - openBrowser(webSauceDemo): Browser is opened with url: 'https://www.saucedemo.com/'

2023-08-31 13:20:03 - [MESSAGE][WARNING] - A browser is already opened. Closing browser and opening a new one

2023-08-31 13:20:05 - [MESSAGE][INFO] - Starting 'Edge Chromium' driver

2023-08-31 13:20:07 - [MESSAGE][INFO] - Action delay is set to 0 milliseconds

2023-08-31 13:20:11 - [MESSAGE][PASSED] - Browser is opened with url: 'https://www.saucedemo.com/'

2023-08-31 13:20:11 - [TEST_STEP][PASSED] - verifyElementPresent(findTestObject("Login Page Object/Swag Labs Text (tanda masuk home)"), 5): Object 'Object Repository/Login Page Object/Swag Labs Text (tanda masuk home)' is present

2023-08-31 13:20:11 - [MESSAGE][PASSED] - Object 'Object Repository/Login Page Object/Swag Labs Text (tanda masuk home)' is present

2023-08-31 13:20:11 - [TEST_STEP][PASSED] - setText(findTestObject("Login Page Object/username login"), username): Text 'standard_user' is set on object 'Object Repository/Login Page Object/username login'

2023-08-31 13:20:12 - [MESSAGE][PASSED] - Text 'standard_user' is set on object 'Object Repository/Login Page Object/username login'

2023-08-31 13:20:12 - [TEST_STEP][PASSED] - setEncryptedText(findTestObject("Login Page Object/password login"), password): Text ****** has been set on object 'Object Repository/Login Page Object/password login'

2023-08-31 13:20:13 - [MESSAGE][PASSED] - Text ****** has been set on object 'Object Repository/Login Page Object/password login'

2023-08-31 13:20:13 - [TEST_STEP][PASSED] - click(findTestObject("Login Page Object/button login")): Object: 'Object Repository/Login Page Object/button login' is clicked on

2023-08-31 13:20:14 - [MESSAGE][PASSED] - Object: 'Object Repository/Login Page Object/button login' is clicked on

2023-08-31 13:20:14 - [TEST_STEP][PASSED] - verifyElementPresent(findTestObject("Product/span_Products"), 5): Object 'Object Repository/Product/span_Products' is present

2023-08-31 13:20:15 - [MESSAGE][PASSED] - Object 'Object Repository/Product/span_Products' is present

2023-08-31 13:20:15 - [TEST_STEP][PASSED] - nameProduct = text: null

2023-08-31 13:20:16 - [TEST_STEP][PASSED] - descProduct = text: null

2023-08-31 13:20:16 - [TEST_STEP][PASSED] - priceProduct = text: null

2023-08-31 13:20:17 - [TEST_STEP][PASSED] - item = new java.util.HashMap(): null

2023-08-31 13:20:17 - [TEST_STEP][PASSED] - item.put("nameProduct", nameProduct): null

2023-08-31 13:20:17 - [TEST_STEP][PASSED] - item.put("descProduct", descProduct): null

2023-08-31 13:20:17 - [TEST_STEP][PASSED] - item.put("priceProduct", priceProduct): null

2023-08-31 13:20:17 - [TEST_STEP][PASSED] - return item: null

2023-08-31 13:20:17 - [MESSAGE][PASSED] - Call Test Case 'Test Cases/Login/TC-Login-Success-001' successfully

2023-08-31 13:20:17 - [MESSAGE][PASSED] - Call Test Case 'Test Cases/Product/TC-Product-Show-001' successfully

2023-08-31 13:20:17 - [TEST_STEP][PASSED] - selectOptionByValue(findTestObject("Product/select_Name (A to Z)Name (Z to A)Price (low to high)Price (high to low)"), "za", false): All options with value 'za' are selected in object 'Object Repository/Product/select_Name (A to Z)Name (Z to A)Price (low to high)Price (high to low)' 

2023-08-31 13:20:18 - [MESSAGE][PASSED] - All options with value 'za' are selected in object 'Object Repository/Product/select_Name (A to Z)Name (Z to A)Price (low to high)Price (high to low)' 

2023-08-31 13:20:18 - [TEST_STEP][PASSED] - nameProduct = findWebElements(findTestObject("Object Repository/selector for verify/selector name product"), 5): null

2023-08-31 13:20:18 - [TEST_STEP][PASSED] - arrNameProduct = []: null

2023-08-31 13:20:18 - [TEST_STEP][PASSED] - arrNameProductDesc = []: null

2023-08-31 13:20:18 - [TEST_STEP][PASSED] - for ([i = 0, i < nameProduct.size(), (i++)]): null

2023-08-31 13:20:18 - [TEST_STEP][PASSED] - temp = text: null

2023-08-31 13:20:18 - [TEST_STEP][PASSED] - arrNameProduct[i] = temp: null

2023-08-31 13:20:18 - [TEST_STEP][PASSED] - arrNameProductDesc[i] = temp: null

2023-08-31 13:20:18 - [TEST_STEP][PASSED] - temp = text: null

2023-08-31 13:20:18 - [TEST_STEP][PASSED] - arrNameProduct[i] = temp: null

2023-08-31 13:20:18 - [TEST_STEP][PASSED] - arrNameProductDesc[i] = temp: null

2023-08-31 13:20:18 - [TEST_STEP][PASSED] - temp = text: null

2023-08-31 13:20:18 - [TEST_STEP][PASSED] - arrNameProduct[i] = temp: null

2023-08-31 13:20:18 - [TEST_STEP][PASSED] - arrNameProductDesc[i] = temp: null

2023-08-31 13:20:18 - [TEST_STEP][PASSED] - temp = text: null

2023-08-31 13:20:18 - [TEST_STEP][PASSED] - arrNameProduct[i] = temp: null

2023-08-31 13:20:18 - [TEST_STEP][PASSED] - arrNameProductDesc[i] = temp: null

2023-08-31 13:20:18 - [TEST_STEP][PASSED] - temp = text: null

2023-08-31 13:20:18 - [TEST_STEP][PASSED] - arrNameProduct[i] = temp: null

2023-08-31 13:20:18 - [TEST_STEP][PASSED] - arrNameProductDesc[i] = temp: null

2023-08-31 13:20:18 - [TEST_STEP][PASSED] - temp = text: null

2023-08-31 13:20:18 - [TEST_STEP][PASSED] - arrNameProduct[i] = temp: null

2023-08-31 13:20:18 - [TEST_STEP][PASSED] - arrNameProductDesc[i] = temp: null

2023-08-31 13:20:18 - [TEST_STEP][PASSED] - Arrays.sort(arrNameProductDesc, Collections.reverseOrder()): null

2023-08-31 13:20:18 - [TEST_STEP][PASSED] - assert arrNameProduct == arrNameProductDesc: null]]></system-out>
         <system-err><![CDATA[]]></system-err>
      </testcase>
      <testcase name="Test Cases/Product/TC-Product-Sort-003" time="16.389" classname="Test Cases/Product/TC-Product-Sort-003" status="PASSED">
         <system-out><![CDATA[2023-08-31 13:20:18 - [TEST_CASE][PASSED] - Test Cases/Product/TC-Product-Sort-003: Test Cases/Product/TC-Product-Sort-003

2023-08-31 13:20:20 - [TEST_STEP][PASSED] - callTestCase(findTestCase("Product/TC-Product-Show-001"), [:], STOP_ON_FAILURE): Call Test Case 'Test Cases/Product/TC-Product-Show-001' successfully

2023-08-31 13:20:20 - [TEST_CASE][PASSED] - Test Cases/Product/TC-Product-Show-001: Test Cases/Product/TC-Product-Show-001

2023-08-31 13:20:20 - [TEST_STEP][PASSED] - callTestCase(findTestCase("Login/TC-Login-Success-001"), ["username":"standard_user", "password":"qcu24s4901FyWDTwXGr6XA=="], STOP_ON_FAILURE): Call Test Case 'Test Cases/Login/TC-Login-Success-001' successfully

2023-08-31 13:20:20 - [TEST_CASE][PASSED] - Test Cases/Login/TC-Login-Success-001: Test Cases/Login/TC-Login-Success-001

2023-08-31 13:20:20 - [TEST_STEP][PASSED] - openBrowser(webSauceDemo): Browser is opened with url: 'https://www.saucedemo.com/'

2023-08-31 13:20:20 - [MESSAGE][WARNING] - A browser is already opened. Closing browser and opening a new one

2023-08-31 13:20:21 - [MESSAGE][INFO] - Starting 'Edge Chromium' driver

2023-08-31 13:20:23 - [MESSAGE][INFO] - Action delay is set to 0 milliseconds

2023-08-31 13:20:27 - [MESSAGE][PASSED] - Browser is opened with url: 'https://www.saucedemo.com/'

2023-08-31 13:20:27 - [TEST_STEP][PASSED] - verifyElementPresent(findTestObject("Login Page Object/Swag Labs Text (tanda masuk home)"), 5): Object 'Object Repository/Login Page Object/Swag Labs Text (tanda masuk home)' is present

2023-08-31 13:20:28 - [MESSAGE][PASSED] - Object 'Object Repository/Login Page Object/Swag Labs Text (tanda masuk home)' is present

2023-08-31 13:20:28 - [TEST_STEP][PASSED] - setText(findTestObject("Login Page Object/username login"), username): Text 'standard_user' is set on object 'Object Repository/Login Page Object/username login'

2023-08-31 13:20:29 - [MESSAGE][PASSED] - Text 'standard_user' is set on object 'Object Repository/Login Page Object/username login'

2023-08-31 13:20:29 - [TEST_STEP][PASSED] - setEncryptedText(findTestObject("Login Page Object/password login"), password): Text ****** has been set on object 'Object Repository/Login Page Object/password login'

2023-08-31 13:20:30 - [MESSAGE][PASSED] - Text ****** has been set on object 'Object Repository/Login Page Object/password login'

2023-08-31 13:20:30 - [TEST_STEP][PASSED] - click(findTestObject("Login Page Object/button login")): Object: 'Object Repository/Login Page Object/button login' is clicked on

2023-08-31 13:20:31 - [MESSAGE][PASSED] - Object: 'Object Repository/Login Page Object/button login' is clicked on

2023-08-31 13:20:31 - [TEST_STEP][PASSED] - verifyElementPresent(findTestObject("Product/span_Products"), 5): Object 'Object Repository/Product/span_Products' is present

2023-08-31 13:20:32 - [MESSAGE][PASSED] - Object 'Object Repository/Product/span_Products' is present

2023-08-31 13:20:32 - [TEST_STEP][PASSED] - nameProduct = text: null

2023-08-31 13:20:32 - [TEST_STEP][PASSED] - descProduct = text: null

2023-08-31 13:20:33 - [TEST_STEP][PASSED] - priceProduct = text: null

2023-08-31 13:20:33 - [TEST_STEP][PASSED] - item = new java.util.HashMap(): null

2023-08-31 13:20:33 - [TEST_STEP][PASSED] - item.put("nameProduct", nameProduct): null

2023-08-31 13:20:33 - [TEST_STEP][PASSED] - item.put("descProduct", descProduct): null

2023-08-31 13:20:33 - [TEST_STEP][PASSED] - item.put("priceProduct", priceProduct): null

2023-08-31 13:20:33 - [TEST_STEP][PASSED] - return item: null

2023-08-31 13:20:33 - [MESSAGE][PASSED] - Call Test Case 'Test Cases/Login/TC-Login-Success-001' successfully

2023-08-31 13:20:33 - [MESSAGE][PASSED] - Call Test Case 'Test Cases/Product/TC-Product-Show-001' successfully

2023-08-31 13:20:33 - [TEST_STEP][PASSED] - selectOptionByValue(findTestObject("Product/select_Name (A to Z)Name (Z to A)Price (low to high)Price (high to low)"), "lohi", false): All options with value 'lohi' are selected in object 'Object Repository/Product/select_Name (A to Z)Name (Z to A)Price (low to high)Price (high to low)' 

2023-08-31 13:20:34 - [MESSAGE][PASSED] - All options with value 'lohi' are selected in object 'Object Repository/Product/select_Name (A to Z)Name (Z to A)Price (low to high)Price (high to low)' 

2023-08-31 13:20:34 - [TEST_STEP][PASSED] - priceProduct = findWebElements(findTestObject("Object Repository/selector for verify/selector price product"), 10): null

2023-08-31 13:20:35 - [TEST_STEP][PASSED] - arrPriceProduct = []: null

2023-08-31 13:20:35 - [TEST_STEP][PASSED] - arrPriceProductAsc = []: null

2023-08-31 13:20:35 - [TEST_STEP][PASSED] - for ([i = 0, i < priceProduct.size(), (i++)]): null

2023-08-31 13:20:35 - [TEST_STEP][PASSED] - temp = Double.parseDouble(text.replace("$", "")): null

2023-08-31 13:20:35 - [TEST_STEP][PASSED] - arrPriceProduct[i] = temp: null

2023-08-31 13:20:35 - [TEST_STEP][PASSED] - arrPriceProductAsc[i] = temp: null

2023-08-31 13:20:35 - [TEST_STEP][PASSED] - temp = Double.parseDouble(text.replace("$", "")): null

2023-08-31 13:20:35 - [TEST_STEP][PASSED] - arrPriceProduct[i] = temp: null

2023-08-31 13:20:35 - [TEST_STEP][PASSED] - arrPriceProductAsc[i] = temp: null

2023-08-31 13:20:35 - [TEST_STEP][PASSED] - temp = Double.parseDouble(text.replace("$", "")): null

2023-08-31 13:20:35 - [TEST_STEP][PASSED] - arrPriceProduct[i] = temp: null

2023-08-31 13:20:35 - [TEST_STEP][PASSED] - arrPriceProductAsc[i] = temp: null

2023-08-31 13:20:35 - [TEST_STEP][PASSED] - temp = Double.parseDouble(text.replace("$", "")): null

2023-08-31 13:20:35 - [TEST_STEP][PASSED] - arrPriceProduct[i] = temp: null

2023-08-31 13:20:35 - [TEST_STEP][PASSED] - arrPriceProductAsc[i] = temp: null

2023-08-31 13:20:35 - [TEST_STEP][PASSED] - temp = Double.parseDouble(text.replace("$", "")): null

2023-08-31 13:20:35 - [TEST_STEP][PASSED] - arrPriceProduct[i] = temp: null

2023-08-31 13:20:35 - [TEST_STEP][PASSED] - arrPriceProductAsc[i] = temp: null

2023-08-31 13:20:35 - [TEST_STEP][PASSED] - temp = Double.parseDouble(text.replace("$", "")): null

2023-08-31 13:20:35 - [TEST_STEP][PASSED] - arrPriceProduct[i] = temp: null

2023-08-31 13:20:35 - [TEST_STEP][PASSED] - arrPriceProductAsc[i] = temp: null

2023-08-31 13:20:35 - [TEST_STEP][PASSED] - Arrays.sort(arrPriceProductAsc): null

2023-08-31 13:20:35 - [TEST_STEP][PASSED] - assert arrPriceProduct == arrPriceProductAsc: null]]></system-out>
         <system-err><![CDATA[]]></system-err>
      </testcase>
      <testcase name="Test Cases/Product/TC-Product-Sort-004" time="15.501" classname="Test Cases/Product/TC-Product-Sort-004" status="PASSED">
         <system-out><![CDATA[2023-08-31 13:20:35 - [TEST_CASE][PASSED] - Test Cases/Product/TC-Product-Sort-004: Test Cases/Product/TC-Product-Sort-004

2023-08-31 13:20:36 - [TEST_STEP][PASSED] - callTestCase(findTestCase("Product/TC-Product-Show-001"), [:], STOP_ON_FAILURE): Call Test Case 'Test Cases/Product/TC-Product-Show-001' successfully

2023-08-31 13:20:36 - [TEST_CASE][PASSED] - Test Cases/Product/TC-Product-Show-001: Test Cases/Product/TC-Product-Show-001

2023-08-31 13:20:36 - [TEST_STEP][PASSED] - callTestCase(findTestCase("Login/TC-Login-Success-001"), ["username":"standard_user", "password":"qcu24s4901FyWDTwXGr6XA=="], STOP_ON_FAILURE): Call Test Case 'Test Cases/Login/TC-Login-Success-001' successfully

2023-08-31 13:20:36 - [TEST_CASE][PASSED] - Test Cases/Login/TC-Login-Success-001: Test Cases/Login/TC-Login-Success-001

2023-08-31 13:20:36 - [TEST_STEP][PASSED] - openBrowser(webSauceDemo): Browser is opened with url: 'https://www.saucedemo.com/'

2023-08-31 13:20:36 - [MESSAGE][WARNING] - A browser is already opened. Closing browser and opening a new one

2023-08-31 13:20:37 - [MESSAGE][INFO] - Starting 'Edge Chromium' driver

2023-08-31 13:20:39 - [MESSAGE][INFO] - Action delay is set to 0 milliseconds

2023-08-31 13:20:42 - [MESSAGE][PASSED] - Browser is opened with url: 'https://www.saucedemo.com/'

2023-08-31 13:20:42 - [TEST_STEP][PASSED] - verifyElementPresent(findTestObject("Login Page Object/Swag Labs Text (tanda masuk home)"), 5): Object 'Object Repository/Login Page Object/Swag Labs Text (tanda masuk home)' is present

2023-08-31 13:20:43 - [MESSAGE][PASSED] - Object 'Object Repository/Login Page Object/Swag Labs Text (tanda masuk home)' is present

2023-08-31 13:20:43 - [TEST_STEP][PASSED] - setText(findTestObject("Login Page Object/username login"), username): Text 'standard_user' is set on object 'Object Repository/Login Page Object/username login'

2023-08-31 13:20:44 - [MESSAGE][PASSED] - Text 'standard_user' is set on object 'Object Repository/Login Page Object/username login'

2023-08-31 13:20:44 - [TEST_STEP][PASSED] - setEncryptedText(findTestObject("Login Page Object/password login"), password): Text ****** has been set on object 'Object Repository/Login Page Object/password login'

2023-08-31 13:20:45 - [MESSAGE][PASSED] - Text ****** has been set on object 'Object Repository/Login Page Object/password login'

2023-08-31 13:20:45 - [TEST_STEP][PASSED] - click(findTestObject("Login Page Object/button login")): Object: 'Object Repository/Login Page Object/button login' is clicked on

2023-08-31 13:20:46 - [MESSAGE][PASSED] - Object: 'Object Repository/Login Page Object/button login' is clicked on

2023-08-31 13:20:46 - [TEST_STEP][PASSED] - verifyElementPresent(findTestObject("Product/span_Products"), 5): Object 'Object Repository/Product/span_Products' is present

2023-08-31 13:20:47 - [MESSAGE][PASSED] - Object 'Object Repository/Product/span_Products' is present

2023-08-31 13:20:47 - [TEST_STEP][PASSED] - nameProduct = text: null

2023-08-31 13:20:48 - [TEST_STEP][PASSED] - descProduct = text: null

2023-08-31 13:20:48 - [TEST_STEP][PASSED] - priceProduct = text: null

2023-08-31 13:20:49 - [TEST_STEP][PASSED] - item = new java.util.HashMap(): null

2023-08-31 13:20:49 - [TEST_STEP][PASSED] - item.put("nameProduct", nameProduct): null

2023-08-31 13:20:49 - [TEST_STEP][PASSED] - item.put("descProduct", descProduct): null

2023-08-31 13:20:49 - [TEST_STEP][PASSED] - item.put("priceProduct", priceProduct): null

2023-08-31 13:20:49 - [TEST_STEP][PASSED] - return item: null

2023-08-31 13:20:49 - [MESSAGE][PASSED] - Call Test Case 'Test Cases/Login/TC-Login-Success-001' successfully

2023-08-31 13:20:49 - [MESSAGE][PASSED] - Call Test Case 'Test Cases/Product/TC-Product-Show-001' successfully

2023-08-31 13:20:49 - [TEST_STEP][PASSED] - selectOptionByValue(findTestObject("Product/select_Name (A to Z)Name (Z to A)Price (low to high)Price (high to low)"), "hilo", false): All options with value 'hilo' are selected in object 'Object Repository/Product/select_Name (A to Z)Name (Z to A)Price (low to high)Price (high to low)' 

2023-08-31 13:20:50 - [MESSAGE][PASSED] - All options with value 'hilo' are selected in object 'Object Repository/Product/select_Name (A to Z)Name (Z to A)Price (low to high)Price (high to low)' 

2023-08-31 13:20:50 - [TEST_STEP][PASSED] - priceProduct = findWebElements(findTestObject("Object Repository/selector for verify/selector price product"), 10): null

2023-08-31 13:20:50 - [TEST_STEP][PASSED] - arrPriceProduct = []: null

2023-08-31 13:20:50 - [TEST_STEP][PASSED] - arrPriceProductDesc = []: null

2023-08-31 13:20:50 - [TEST_STEP][PASSED] - for ([i = 0, i < priceProduct.size(), (i++)]): null

2023-08-31 13:20:50 - [TEST_STEP][PASSED] - temp = Double.parseDouble(text.replace("$", "")): null

2023-08-31 13:20:50 - [TEST_STEP][PASSED] - arrPriceProduct[i] = temp: null

2023-08-31 13:20:50 - [TEST_STEP][PASSED] - arrPriceProductDesc[i] = temp: null

2023-08-31 13:20:50 - [TEST_STEP][PASSED] - temp = Double.parseDouble(text.replace("$", "")): null

2023-08-31 13:20:50 - [TEST_STEP][PASSED] - arrPriceProduct[i] = temp: null

2023-08-31 13:20:50 - [TEST_STEP][PASSED] - arrPriceProductDesc[i] = temp: null

2023-08-31 13:20:50 - [TEST_STEP][PASSED] - temp = Double.parseDouble(text.replace("$", "")): null

2023-08-31 13:20:50 - [TEST_STEP][PASSED] - arrPriceProduct[i] = temp: null

2023-08-31 13:20:50 - [TEST_STEP][PASSED] - arrPriceProductDesc[i] = temp: null

2023-08-31 13:20:50 - [TEST_STEP][PASSED] - temp = Double.parseDouble(text.replace("$", "")): null

2023-08-31 13:20:50 - [TEST_STEP][PASSED] - arrPriceProduct[i] = temp: null

2023-08-31 13:20:50 - [TEST_STEP][PASSED] - arrPriceProductDesc[i] = temp: null

2023-08-31 13:20:50 - [TEST_STEP][PASSED] - temp = Double.parseDouble(text.replace("$", "")): null

2023-08-31 13:20:50 - [TEST_STEP][PASSED] - arrPriceProduct[i] = temp: null

2023-08-31 13:20:50 - [TEST_STEP][PASSED] - arrPriceProductDesc[i] = temp: null

2023-08-31 13:20:50 - [TEST_STEP][PASSED] - temp = Double.parseDouble(text.replace("$", "")): null

2023-08-31 13:20:50 - [TEST_STEP][PASSED] - arrPriceProduct[i] = temp: null

2023-08-31 13:20:50 - [TEST_STEP][PASSED] - arrPriceProductDesc[i] = temp: null

2023-08-31 13:20:50 - [TEST_STEP][PASSED] - Arrays.sort(arrPriceProductDesc, Collections.reverseOrder()): null

2023-08-31 13:20:50 - [TEST_STEP][PASSED] - assert arrPriceProduct == arrPriceProductDesc: null]]></system-out>
         <system-err><![CDATA[]]></system-err>
      </testcase>
      <testcase name="Test Cases/Product/TC-Product-AddCart-001" time="17.218" classname="Test Cases/Product/TC-Product-AddCart-001" status="PASSED">
         <system-out><![CDATA[2023-08-31 13:20:50 - [TEST_CASE][PASSED] - Test Cases/Product/TC-Product-AddCart-001: Test Cases/Product/TC-Product-AddCart-001

2023-08-31 13:20:52 - [TEST_STEP][PASSED] - callTestCase(findTestCase("Product/TC-Product-Show-001"), [:], STOP_ON_FAILURE): Call Test Case 'Test Cases/Product/TC-Product-Show-001' successfully

2023-08-31 13:20:52 - [TEST_CASE][PASSED] - Test Cases/Product/TC-Product-Show-001: Test Cases/Product/TC-Product-Show-001

2023-08-31 13:20:52 - [TEST_STEP][PASSED] - callTestCase(findTestCase("Login/TC-Login-Success-001"), ["username":"standard_user", "password":"qcu24s4901FyWDTwXGr6XA=="], STOP_ON_FAILURE): Call Test Case 'Test Cases/Login/TC-Login-Success-001' successfully

2023-08-31 13:20:52 - [TEST_CASE][PASSED] - Test Cases/Login/TC-Login-Success-001: Test Cases/Login/TC-Login-Success-001

2023-08-31 13:20:52 - [TEST_STEP][PASSED] - openBrowser(webSauceDemo): Browser is opened with url: 'https://www.saucedemo.com/'

2023-08-31 13:20:52 - [MESSAGE][WARNING] - A browser is already opened. Closing browser and opening a new one

2023-08-31 13:20:53 - [MESSAGE][INFO] - Starting 'Edge Chromium' driver

2023-08-31 13:20:55 - [MESSAGE][INFO] - Action delay is set to 0 milliseconds

2023-08-31 13:20:59 - [MESSAGE][PASSED] - Browser is opened with url: 'https://www.saucedemo.com/'

2023-08-31 13:20:59 - [TEST_STEP][PASSED] - verifyElementPresent(findTestObject("Login Page Object/Swag Labs Text (tanda masuk home)"), 5): Object 'Object Repository/Login Page Object/Swag Labs Text (tanda masuk home)' is present

2023-08-31 13:20:59 - [MESSAGE][PASSED] - Object 'Object Repository/Login Page Object/Swag Labs Text (tanda masuk home)' is present

2023-08-31 13:20:59 - [TEST_STEP][PASSED] - setText(findTestObject("Login Page Object/username login"), username): Text 'standard_user' is set on object 'Object Repository/Login Page Object/username login'

2023-08-31 13:21:01 - [MESSAGE][PASSED] - Text 'standard_user' is set on object 'Object Repository/Login Page Object/username login'

2023-08-31 13:21:01 - [TEST_STEP][PASSED] - setEncryptedText(findTestObject("Login Page Object/password login"), password): Text ****** has been set on object 'Object Repository/Login Page Object/password login'

2023-08-31 13:21:02 - [MESSAGE][PASSED] - Text ****** has been set on object 'Object Repository/Login Page Object/password login'

2023-08-31 13:21:02 - [TEST_STEP][PASSED] - click(findTestObject("Login Page Object/button login")): Object: 'Object Repository/Login Page Object/button login' is clicked on

2023-08-31 13:21:02 - [MESSAGE][PASSED] - Object: 'Object Repository/Login Page Object/button login' is clicked on

2023-08-31 13:21:02 - [TEST_STEP][PASSED] - verifyElementPresent(findTestObject("Product/span_Products"), 5): Object 'Object Repository/Product/span_Products' is present

2023-08-31 13:21:03 - [MESSAGE][PASSED] - Object 'Object Repository/Product/span_Products' is present

2023-08-31 13:21:03 - [TEST_STEP][PASSED] - nameProduct = text: null

2023-08-31 13:21:04 - [TEST_STEP][PASSED] - descProduct = text: null

2023-08-31 13:21:04 - [TEST_STEP][PASSED] - priceProduct = text: null

2023-08-31 13:21:05 - [TEST_STEP][PASSED] - item = new java.util.HashMap(): null

2023-08-31 13:21:05 - [TEST_STEP][PASSED] - item.put("nameProduct", nameProduct): null

2023-08-31 13:21:05 - [TEST_STEP][PASSED] - item.put("descProduct", descProduct): null

2023-08-31 13:21:05 - [TEST_STEP][PASSED] - item.put("priceProduct", priceProduct): null

2023-08-31 13:21:05 - [TEST_STEP][PASSED] - return item: null

2023-08-31 13:21:05 - [MESSAGE][PASSED] - Call Test Case 'Test Cases/Login/TC-Login-Success-001' successfully

2023-08-31 13:21:05 - [MESSAGE][PASSED] - Call Test Case 'Test Cases/Product/TC-Product-Show-001' successfully

2023-08-31 13:21:05 - [TEST_STEP][PASSED] - nameProduct = text: null

2023-08-31 13:21:05 - [TEST_STEP][PASSED] - descProduct = text: null

2023-08-31 13:21:06 - [TEST_STEP][PASSED] - priceProduct = text: null

2023-08-31 13:21:06 - [TEST_STEP][PASSED] - dataProduct = new java.util.HashMap(): null

2023-08-31 13:21:06 - [TEST_STEP][PASSED] - dataProduct.put("nameProduct", nameProduct): null

2023-08-31 13:21:06 - [TEST_STEP][PASSED] - dataProduct.put("descProduct", descProduct): null

2023-08-31 13:21:06 - [TEST_STEP][PASSED] - dataProduct.put("priceProduct", priceProduct): null

2023-08-31 13:21:06 - [TEST_STEP][PASSED] - click(findTestObject("Product/button add to cart backpack")): Object: 'Object Repository/Product/button add to cart backpack' is clicked on

2023-08-31 13:21:07 - [MESSAGE][PASSED] - Object: 'Object Repository/Product/button add to cart backpack' is clicked on

2023-08-31 13:21:07 - [TEST_STEP][PASSED] - verifyElementPresent(findTestObject("selector for verify/button remove item pos 1"), 5): Object 'Object Repository/selector for verify/button remove item pos 1' is present

2023-08-31 13:21:07 - [MESSAGE][PASSED] - Object 'Object Repository/selector for verify/button remove item pos 1' is present

2023-08-31 13:21:07 - [TEST_STEP][PASSED] - verifyElementPresent(findTestObject("selector for verify/verify jumlah item 1 (cart)"), 5): Object 'Object Repository/selector for verify/verify jumlah item 1 (cart)' is present

2023-08-31 13:21:08 - [MESSAGE][PASSED] - Object 'Object Repository/selector for verify/verify jumlah item 1 (cart)' is present

2023-08-31 13:21:08 - [TEST_STEP][PASSED] - return dataProduct: null]]></system-out>
         <system-err><![CDATA[]]></system-err>
      </testcase>
      <testcase name="Test Cases/Product/TC-Product-AddCart-002" time="20.447" classname="Test Cases/Product/TC-Product-AddCart-002" status="PASSED">
         <system-out><![CDATA[2023-08-31 13:21:08 - [TEST_CASE][PASSED] - Test Cases/Product/TC-Product-AddCart-002: Test Cases/Product/TC-Product-AddCart-002

2023-08-31 13:21:08 - [TEST_STEP][PASSED] - itemProduct = callTestCase(findTestCase("Product/TC-Product-AddCart-001"), [:], STOP_ON_FAILURE): Call Test Case 'Test Cases/Product/TC-Product-AddCart-001' successfully

2023-08-31 13:21:09 - [TEST_CASE][PASSED] - Test Cases/Product/TC-Product-AddCart-001: Test Cases/Product/TC-Product-AddCart-001

2023-08-31 13:21:09 - [TEST_STEP][PASSED] - callTestCase(findTestCase("Product/TC-Product-Show-001"), [:], STOP_ON_FAILURE): Call Test Case 'Test Cases/Product/TC-Product-Show-001' successfully

2023-08-31 13:21:09 - [TEST_CASE][PASSED] - Test Cases/Product/TC-Product-Show-001: Test Cases/Product/TC-Product-Show-001

2023-08-31 13:21:09 - [TEST_STEP][PASSED] - callTestCase(findTestCase("Login/TC-Login-Success-001"), ["username":"standard_user", "password":"qcu24s4901FyWDTwXGr6XA=="], STOP_ON_FAILURE): Call Test Case 'Test Cases/Login/TC-Login-Success-001' successfully

2023-08-31 13:21:09 - [TEST_CASE][PASSED] - Test Cases/Login/TC-Login-Success-001: Test Cases/Login/TC-Login-Success-001

2023-08-31 13:21:09 - [TEST_STEP][PASSED] - openBrowser(webSauceDemo): Browser is opened with url: 'https://www.saucedemo.com/'

2023-08-31 13:21:09 - [MESSAGE][WARNING] - A browser is already opened. Closing browser and opening a new one

2023-08-31 13:21:10 - [MESSAGE][INFO] - Starting 'Edge Chromium' driver

2023-08-31 13:21:12 - [MESSAGE][INFO] - Action delay is set to 0 milliseconds

2023-08-31 13:21:17 - [MESSAGE][PASSED] - Browser is opened with url: 'https://www.saucedemo.com/'

2023-08-31 13:21:17 - [TEST_STEP][PASSED] - verifyElementPresent(findTestObject("Login Page Object/Swag Labs Text (tanda masuk home)"), 5): Object 'Object Repository/Login Page Object/Swag Labs Text (tanda masuk home)' is present

2023-08-31 13:21:17 - [MESSAGE][PASSED] - Object 'Object Repository/Login Page Object/Swag Labs Text (tanda masuk home)' is present

2023-08-31 13:21:17 - [TEST_STEP][PASSED] - setText(findTestObject("Login Page Object/username login"), username): Text 'standard_user' is set on object 'Object Repository/Login Page Object/username login'

2023-08-31 13:21:18 - [MESSAGE][PASSED] - Text 'standard_user' is set on object 'Object Repository/Login Page Object/username login'

2023-08-31 13:21:18 - [TEST_STEP][PASSED] - setEncryptedText(findTestObject("Login Page Object/password login"), password): Text ****** has been set on object 'Object Repository/Login Page Object/password login'

2023-08-31 13:21:19 - [MESSAGE][PASSED] - Text ****** has been set on object 'Object Repository/Login Page Object/password login'

2023-08-31 13:21:19 - [TEST_STEP][PASSED] - click(findTestObject("Login Page Object/button login")): Object: 'Object Repository/Login Page Object/button login' is clicked on

2023-08-31 13:21:20 - [MESSAGE][PASSED] - Object: 'Object Repository/Login Page Object/button login' is clicked on

2023-08-31 13:21:20 - [TEST_STEP][PASSED] - verifyElementPresent(findTestObject("Product/span_Products"), 5): Object 'Object Repository/Product/span_Products' is present

2023-08-31 13:21:21 - [MESSAGE][PASSED] - Object 'Object Repository/Product/span_Products' is present

2023-08-31 13:21:21 - [TEST_STEP][PASSED] - nameProduct = text: null

2023-08-31 13:21:22 - [TEST_STEP][PASSED] - descProduct = text: null

2023-08-31 13:21:22 - [TEST_STEP][PASSED] - priceProduct = text: null

2023-08-31 13:21:22 - [TEST_STEP][PASSED] - item = new java.util.HashMap(): null

2023-08-31 13:21:22 - [TEST_STEP][PASSED] - item.put("nameProduct", nameProduct): null

2023-08-31 13:21:22 - [TEST_STEP][PASSED] - item.put("descProduct", descProduct): null

2023-08-31 13:21:22 - [TEST_STEP][PASSED] - item.put("priceProduct", priceProduct): null

2023-08-31 13:21:22 - [TEST_STEP][PASSED] - return item: null

2023-08-31 13:21:22 - [MESSAGE][PASSED] - Call Test Case 'Test Cases/Login/TC-Login-Success-001' successfully

2023-08-31 13:21:22 - [MESSAGE][PASSED] - Call Test Case 'Test Cases/Product/TC-Product-Show-001' successfully

2023-08-31 13:21:22 - [TEST_STEP][PASSED] - nameProduct = text: null

2023-08-31 13:21:23 - [TEST_STEP][PASSED] - descProduct = text: null

2023-08-31 13:21:23 - [TEST_STEP][PASSED] - priceProduct = text: null

2023-08-31 13:21:24 - [TEST_STEP][PASSED] - dataProduct = new java.util.HashMap(): null

2023-08-31 13:21:24 - [TEST_STEP][PASSED] - dataProduct.put("nameProduct", nameProduct): null

2023-08-31 13:21:24 - [TEST_STEP][PASSED] - dataProduct.put("descProduct", descProduct): null

2023-08-31 13:21:24 - [TEST_STEP][PASSED] - dataProduct.put("priceProduct", priceProduct): null

2023-08-31 13:21:24 - [TEST_STEP][PASSED] - click(findTestObject("Product/button add to cart backpack")): Object: 'Object Repository/Product/button add to cart backpack' is clicked on

2023-08-31 13:21:24 - [MESSAGE][PASSED] - Object: 'Object Repository/Product/button add to cart backpack' is clicked on

2023-08-31 13:21:24 - [TEST_STEP][PASSED] - verifyElementPresent(findTestObject("selector for verify/button remove item pos 1"), 5): Object 'Object Repository/selector for verify/button remove item pos 1' is present

2023-08-31 13:21:25 - [MESSAGE][PASSED] - Object 'Object Repository/selector for verify/button remove item pos 1' is present

2023-08-31 13:21:25 - [TEST_STEP][PASSED] - verifyElementPresent(findTestObject("selector for verify/verify jumlah item 1 (cart)"), 5): Object 'Object Repository/selector for verify/verify jumlah item 1 (cart)' is present

2023-08-31 13:21:25 - [MESSAGE][PASSED] - Object 'Object Repository/selector for verify/verify jumlah item 1 (cart)' is present

2023-08-31 13:21:25 - [TEST_STEP][PASSED] - return dataProduct: null

2023-08-31 13:21:25 - [MESSAGE][PASSED] - Call Test Case 'Test Cases/Product/TC-Product-AddCart-001' successfully

2023-08-31 13:21:25 - [TEST_STEP][PASSED] - nameProduct = text: null

2023-08-31 13:21:26 - [TEST_STEP][PASSED] - descProduct = text: null

2023-08-31 13:21:26 - [TEST_STEP][PASSED] - priceProduct = text: null

2023-08-31 13:21:27 - [TEST_STEP][PASSED] - nameProductList = new java.util.ArrayList(): null

2023-08-31 13:21:27 - [TEST_STEP][PASSED] - descProductList = new java.util.ArrayList(): null

2023-08-31 13:21:27 - [TEST_STEP][PASSED] - priceProductList = new java.util.ArrayList(): null

2023-08-31 13:21:27 - [TEST_STEP][PASSED] - nameProductList.add(itemProduct.get("nameProduct")): null

2023-08-31 13:21:27 - [TEST_STEP][PASSED] - nameProductList.add(nameProduct): null

2023-08-31 13:21:27 - [TEST_STEP][PASSED] - descProductList.add(itemProduct.get("descProduct")): null

2023-08-31 13:21:27 - [TEST_STEP][PASSED] - descProductList.add(descProduct): null

2023-08-31 13:21:27 - [TEST_STEP][PASSED] - priceProductList.add(itemProduct.get("priceProduct")): null

2023-08-31 13:21:27 - [TEST_STEP][PASSED] - priceProductList.add(priceProduct): null

2023-08-31 13:21:27 - [TEST_STEP][PASSED] - itemProduct.put("listNameProduct", nameProductList): null

2023-08-31 13:21:27 - [TEST_STEP][PASSED] - itemProduct.put("listDescProduct", descProductList): null

2023-08-31 13:21:27 - [TEST_STEP][PASSED] - itemProduct.put("listPriceProduct", priceProductList): null

2023-08-31 13:21:27 - [TEST_STEP][PASSED] - click(findTestObject("Product/button add to cart pos 2")): Object: 'Object Repository/Product/button add to cart pos 2' is clicked on

2023-08-31 13:21:27 - [MESSAGE][PASSED] - Object: 'Object Repository/Product/button add to cart pos 2' is clicked on

2023-08-31 13:21:27 - [TEST_STEP][PASSED] - verifyElementPresent(findTestObject("selector for verify/button remove item pos 2"), 5): Object 'Object Repository/selector for verify/button remove item pos 2' is present

2023-08-31 13:21:28 - [MESSAGE][PASSED] - Object 'Object Repository/selector for verify/button remove item pos 2' is present

2023-08-31 13:21:28 - [TEST_STEP][PASSED] - verifyElementPresent(findTestObject("selector for verify/verify jumlah item 2 (cart)"), 5): Object 'Object Repository/selector for verify/verify jumlah item 2 (cart)' is present

2023-08-31 13:21:28 - [MESSAGE][PASSED] - Object 'Object Repository/selector for verify/verify jumlah item 2 (cart)' is present

2023-08-31 13:21:28 - [TEST_STEP][PASSED] - return itemProduct: null]]></system-out>
         <system-err><![CDATA[]]></system-err>
      </testcase>
      <testcase name="Test Cases/Product/TC-Product-RemoveCart-001" time="23.509" classname="Test Cases/Product/TC-Product-RemoveCart-001" status="FAILED">
         <failure type="FAILED" message="Test Cases/Product/TC-Product-RemoveCart-001 FAILED.
Reason:
com.kms.katalon.core.exception.StepFailedException: Unable to verify object 'Object Repository/selector for verify/verify jumlah item 0 (cart)' is present
	at com.kms.katalon.core.webui.keyword.internal.WebUIKeywordMain.stepFailed(WebUIKeywordMain.groovy:64)
	at com.kms.katalon.core.webui.keyword.internal.WebUIKeywordMain.runKeyword(WebUIKeywordMain.groovy:26)
	at com.kms.katalon.core.webui.keyword.builtin.VerifyElementPresentKeyword.verifyElementPresent(VerifyElementPresentKeyword.groovy:92)
	at com.kms.katalon.core.webui.keyword.builtin.VerifyElementPresentKeyword.execute(VerifyElementPresentKeyword.groovy:68)
	at com.kms.katalon.core.keyword.internal.KeywordExecutor.executeKeywordForPlatform(KeywordExecutor.groovy:74)
	at com.kms.katalon.core.webui.keyword.WebUiBuiltInKeywords.verifyElementPresent(WebUiBuiltInKeywords.groovy:1464)
	at com.kms.katalon.core.webui.keyword.WebUiBuiltInKeywords$verifyElementPresent$0.call(Unknown Source)
	at TC-Product-RemoveCart-001.run(TC-Product-RemoveCart-001:26)
	at com.kms.katalon.core.main.ScriptEngine.run(ScriptEngine.java:194)
	at com.kms.katalon.core.main.ScriptEngine.runScriptAsRawText(ScriptEngine.java:119)
	at com.kms.katalon.core.main.TestCaseExecutor.runScript(TestCaseExecutor.java:448)
	at com.kms.katalon.core.main.TestCaseExecutor.doExecute(TestCaseExecutor.java:439)
	at com.kms.katalon.core.main.TestCaseExecutor.processExecutionPhase(TestCaseExecutor.java:418)
	at com.kms.katalon.core.main.TestCaseExecutor.accessMainPhase(TestCaseExecutor.java:410)
	at com.kms.katalon.core.main.TestCaseExecutor.execute(TestCaseExecutor.java:285)
	at com.kms.katalon.core.main.TestCaseExecutor.execute(TestCaseExecutor.java:369)
	at com.kms.katalon.core.main.TestCaseExecutor.execute(TestCaseExecutor.java:369)
	at com.kms.katalon.core.main.TestCaseExecutor.execute(TestCaseExecutor.java:369)
	at com.kms.katalon.core.common.CommonExecutor.accessTestCaseMainPhase(CommonExecutor.java:65)
	at com.kms.katalon.core.main.TestSuiteExecutor.accessTestSuiteMainPhase(TestSuiteExecutor.java:148)
	at com.kms.katalon.core.main.TestSuiteExecutor.execute(TestSuiteExecutor.java:106)
	at com.kms.katalon.core.main.TestCaseMain.startTestSuite(TestCaseMain.java:187)
	at com.kms.katalon.core.main.TestCaseMain$startTestSuite$0.call(Unknown Source)
	at TempTestSuite1693462752612.run(TempTestSuite1693462752612.groovy:36)
Caused by: com.kms.katalon.core.exception.StepFailedException: com.kms.katalon.core.webui.exception.WebElementNotFoundException: Web element with id: 'Object Repository/selector for verify/verify jumlah item 0 (cart)' located by '//span[@class = 'shopping_cart_badge' and (text() = '0' or . = '0')]' not found
	at com.kms.katalon.core.webui.keyword.internal.WebUIKeywordMain.stepFailed(WebUIKeywordMain.groovy:64)
	at com.kms.katalon.core.webui.keyword.builtin.VerifyElementPresentKeyword$_verifyElementPresent_closure1.doCall(VerifyElementPresentKeyword.groovy:85)
	at com.kms.katalon.core.webui.keyword.builtin.VerifyElementPresentKeyword$_verifyElementPresent_closure1.call(VerifyElementPresentKeyword.groovy)
	at com.kms.katalon.core.webui.keyword.internal.WebUIKeywordMain.runKeyword(WebUIKeywordMain.groovy:20)
	... 22 more
"/>
         <system-out><![CDATA[2023-08-31 13:22:39 - [TEST_CASE][FAILED] - Test Cases/Product/TC-Product-RemoveCart-001: Test Cases/Product/TC-Product-RemoveCart-001 FAILED.
Reason:
com.kms.katalon.core.exception.StepFailedException: Unable to verify object 'Object Repository/selector for verify/verify jumlah item 0 (cart)' is present
	at com.kms.katalon.core.webui.keyword.internal.WebUIKeywordMain.stepFailed(WebUIKeywordMain.groovy:64)
	at com.kms.katalon.core.webui.keyword.internal.WebUIKeywordMain.runKeyword(WebUIKeywordMain.groovy:26)
	at com.kms.katalon.core.webui.keyword.builtin.VerifyElementPresentKeyword.verifyElementPresent(VerifyElementPresentKeyword.groovy:92)
	at com.kms.katalon.core.webui.keyword.builtin.VerifyElementPresentKeyword.execute(VerifyElementPresentKeyword.groovy:68)
	at com.kms.katalon.core.keyword.internal.KeywordExecutor.executeKeywordForPlatform(KeywordExecutor.groovy:74)
	at com.kms.katalon.core.webui.keyword.WebUiBuiltInKeywords.verifyElementPresent(WebUiBuiltInKeywords.groovy:1464)
	at com.kms.katalon.core.webui.keyword.WebUiBuiltInKeywords$verifyElementPresent$0.call(Unknown Source)
	at TC-Product-RemoveCart-001.run(TC-Product-RemoveCart-001:26)
	at com.kms.katalon.core.main.ScriptEngine.run(ScriptEngine.java:194)
	at com.kms.katalon.core.main.ScriptEngine.runScriptAsRawText(ScriptEngine.java:119)
	at com.kms.katalon.core.main.TestCaseExecutor.runScript(TestCaseExecutor.java:448)
	at com.kms.katalon.core.main.TestCaseExecutor.doExecute(TestCaseExecutor.java:439)
	at com.kms.katalon.core.main.TestCaseExecutor.processExecutionPhase(TestCaseExecutor.java:418)
	at com.kms.katalon.core.main.TestCaseExecutor.accessMainPhase(TestCaseExecutor.java:410)
	at com.kms.katalon.core.main.TestCaseExecutor.execute(TestCaseExecutor.java:285)
	at com.kms.katalon.core.main.TestCaseExecutor.execute(TestCaseExecutor.java:369)
	at com.kms.katalon.core.main.TestCaseExecutor.execute(TestCaseExecutor.java:369)
	at com.kms.katalon.core.main.TestCaseExecutor.execute(TestCaseExecutor.java:369)
	at com.kms.katalon.core.common.CommonExecutor.accessTestCaseMainPhase(CommonExecutor.java:65)
	at com.kms.katalon.core.main.TestSuiteExecutor.accessTestSuiteMainPhase(TestSuiteExecutor.java:148)
	at com.kms.katalon.core.main.TestSuiteExecutor.execute(TestSuiteExecutor.java:106)
	at com.kms.katalon.core.main.TestCaseMain.startTestSuite(TestCaseMain.java:187)
	at com.kms.katalon.core.main.TestCaseMain$startTestSuite$0.call(Unknown Source)
	at TempTestSuite1693462752612.run(TempTestSuite1693462752612.groovy:36)
Caused by: com.kms.katalon.core.exception.StepFailedException: com.kms.katalon.core.webui.exception.WebElementNotFoundException: Web element with id: 'Object Repository/selector for verify/verify jumlah item 0 (cart)' located by '//span[@class = 'shopping_cart_badge' and (text() = '0' or . = '0')]' not found
	at com.kms.katalon.core.webui.keyword.internal.WebUIKeywordMain.stepFailed(WebUIKeywordMain.groovy:64)
	at com.kms.katalon.core.webui.keyword.builtin.VerifyElementPresentKeyword$_verifyElementPresent_closure1.doCall(VerifyElementPresentKeyword.groovy:85)
	at com.kms.katalon.core.webui.keyword.builtin.VerifyElementPresentKeyword$_verifyElementPresent_closure1.call(VerifyElementPresentKeyword.groovy)
	at com.kms.katalon.core.webui.keyword.internal.WebUIKeywordMain.runKeyword(WebUIKeywordMain.groovy:20)
	... 22 more


2023-08-31 13:22:39 - [TEST_STEP][PASSED] - callTestCase(findTestCase("Product/TC-Product-AddCart-001"), [:], STOP_ON_FAILURE): Call Test Case 'Test Cases/Product/TC-Product-AddCart-001' successfully

2023-08-31 13:22:39 - [TEST_CASE][PASSED] - Test Cases/Product/TC-Product-AddCart-001: Test Cases/Product/TC-Product-AddCart-001

2023-08-31 13:22:39 - [TEST_STEP][PASSED] - callTestCase(findTestCase("Product/TC-Product-Show-001"), [:], STOP_ON_FAILURE): Call Test Case 'Test Cases/Product/TC-Product-Show-001' successfully

2023-08-31 13:22:39 - [TEST_CASE][PASSED] - Test Cases/Product/TC-Product-Show-001: Test Cases/Product/TC-Product-Show-001

2023-08-31 13:22:39 - [TEST_STEP][PASSED] - callTestCase(findTestCase("Login/TC-Login-Success-001"), ["username":"standard_user", "password":"qcu24s4901FyWDTwXGr6XA=="], STOP_ON_FAILURE): Call Test Case 'Test Cases/Login/TC-Login-Success-001' successfully

2023-08-31 13:22:40 - [TEST_CASE][PASSED] - Test Cases/Login/TC-Login-Success-001: Test Cases/Login/TC-Login-Success-001

2023-08-31 13:22:40 - [TEST_STEP][PASSED] - openBrowser(webSauceDemo): Browser is opened with url: 'https://www.saucedemo.com/'

2023-08-31 13:22:40 - [MESSAGE][WARNING] - A browser is already opened. Closing browser and opening a new one

2023-08-31 13:22:41 - [MESSAGE][INFO] - Starting 'Edge Chromium' driver

2023-08-31 13:22:43 - [MESSAGE][INFO] - Action delay is set to 0 milliseconds

2023-08-31 13:22:47 - [MESSAGE][PASSED] - Browser is opened with url: 'https://www.saucedemo.com/'

2023-08-31 13:22:47 - [TEST_STEP][PASSED] - verifyElementPresent(findTestObject("Login Page Object/Swag Labs Text (tanda masuk home)"), 5): Object 'Object Repository/Login Page Object/Swag Labs Text (tanda masuk home)' is present

2023-08-31 13:22:47 - [MESSAGE][PASSED] - Object 'Object Repository/Login Page Object/Swag Labs Text (tanda masuk home)' is present

2023-08-31 13:22:47 - [TEST_STEP][PASSED] - setText(findTestObject("Login Page Object/username login"), username): Text 'standard_user' is set on object 'Object Repository/Login Page Object/username login'

2023-08-31 13:22:48 - [MESSAGE][PASSED] - Text 'standard_user' is set on object 'Object Repository/Login Page Object/username login'

2023-08-31 13:22:48 - [TEST_STEP][PASSED] - setEncryptedText(findTestObject("Login Page Object/password login"), password): Text ****** has been set on object 'Object Repository/Login Page Object/password login'

2023-08-31 13:22:49 - [MESSAGE][PASSED] - Text ****** has been set on object 'Object Repository/Login Page Object/password login'

2023-08-31 13:22:49 - [TEST_STEP][PASSED] - click(findTestObject("Login Page Object/button login")): Object: 'Object Repository/Login Page Object/button login' is clicked on

2023-08-31 13:22:50 - [MESSAGE][PASSED] - Object: 'Object Repository/Login Page Object/button login' is clicked on

2023-08-31 13:22:50 - [TEST_STEP][PASSED] - verifyElementPresent(findTestObject("Product/span_Products"), 5): Object 'Object Repository/Product/span_Products' is present

2023-08-31 13:22:51 - [MESSAGE][PASSED] - Object 'Object Repository/Product/span_Products' is present

2023-08-31 13:22:51 - [TEST_STEP][PASSED] - nameProduct = text: null

2023-08-31 13:22:51 - [TEST_STEP][PASSED] - descProduct = text: null

2023-08-31 13:22:52 - [TEST_STEP][PASSED] - priceProduct = text: null

2023-08-31 13:22:52 - [TEST_STEP][PASSED] - item = new java.util.HashMap(): null

2023-08-31 13:22:52 - [TEST_STEP][PASSED] - item.put("nameProduct", nameProduct): null

2023-08-31 13:22:52 - [TEST_STEP][PASSED] - item.put("descProduct", descProduct): null

2023-08-31 13:22:52 - [TEST_STEP][PASSED] - item.put("priceProduct", priceProduct): null

2023-08-31 13:22:52 - [TEST_STEP][PASSED] - return item: null

2023-08-31 13:22:52 - [MESSAGE][PASSED] - Call Test Case 'Test Cases/Login/TC-Login-Success-001' successfully

2023-08-31 13:22:52 - [MESSAGE][PASSED] - Call Test Case 'Test Cases/Product/TC-Product-Show-001' successfully

2023-08-31 13:22:52 - [TEST_STEP][PASSED] - nameProduct = text: null

2023-08-31 13:22:53 - [TEST_STEP][PASSED] - descProduct = text: null

2023-08-31 13:22:53 - [TEST_STEP][PASSED] - priceProduct = text: null

2023-08-31 13:22:54 - [TEST_STEP][PASSED] - dataProduct = new java.util.HashMap(): null

2023-08-31 13:22:54 - [TEST_STEP][PASSED] - dataProduct.put("nameProduct", nameProduct): null

2023-08-31 13:22:54 - [TEST_STEP][PASSED] - dataProduct.put("descProduct", descProduct): null

2023-08-31 13:22:54 - [TEST_STEP][PASSED] - dataProduct.put("priceProduct", priceProduct): null

2023-08-31 13:22:54 - [TEST_STEP][PASSED] - click(findTestObject("Product/button add to cart backpack")): Object: 'Object Repository/Product/button add to cart backpack' is clicked on

2023-08-31 13:22:54 - [MESSAGE][PASSED] - Object: 'Object Repository/Product/button add to cart backpack' is clicked on

2023-08-31 13:22:54 - [TEST_STEP][PASSED] - verifyElementPresent(findTestObject("selector for verify/button remove item pos 1"), 5): Object 'Object Repository/selector for verify/button remove item pos 1' is present

2023-08-31 13:22:55 - [MESSAGE][PASSED] - Object 'Object Repository/selector for verify/button remove item pos 1' is present

2023-08-31 13:22:55 - [TEST_STEP][PASSED] - verifyElementPresent(findTestObject("selector for verify/verify jumlah item 1 (cart)"), 5): Object 'Object Repository/selector for verify/verify jumlah item 1 (cart)' is present

2023-08-31 13:22:55 - [MESSAGE][PASSED] - Object 'Object Repository/selector for verify/verify jumlah item 1 (cart)' is present

2023-08-31 13:22:55 - [TEST_STEP][PASSED] - return dataProduct: null

2023-08-31 13:22:55 - [MESSAGE][PASSED] - Call Test Case 'Test Cases/Product/TC-Product-AddCart-001' successfully

2023-08-31 13:22:55 - [TEST_STEP][PASSED] - click(findTestObject("Product/button remove item from cart")): Object: 'Object Repository/Product/button remove item from cart' is clicked on

2023-08-31 13:22:56 - [MESSAGE][PASSED] - Object: 'Object Repository/Product/button remove item from cart' is clicked on

2023-08-31 13:22:56 - [TEST_STEP][PASSED] - verifyElementPresent(findTestObject("Product/button add to cart backpack"), 5): Object 'Object Repository/Product/button add to cart backpack' is present

2023-08-31 13:22:56 - [MESSAGE][PASSED] - Object 'Object Repository/Product/button add to cart backpack' is present

2023-08-31 13:22:56 - [TEST_STEP][FAILED] - verifyElementPresent(findTestObject("selector for verify/verify jumlah item 0 (cart)"), 5): Unable to verify object 'Object Repository/selector for verify/verify jumlah item 0 (cart)' is present (Root cause: com.kms.katalon.core.exception.StepFailedException: Unable to verify object 'Object Repository/selector for verify/verify jumlah item 0 (cart)' is present
	at com.kms.katalon.core.webui.keyword.internal.WebUIKeywordMain.stepFailed(WebUIKeywordMain.groovy:64)
	at com.kms.katalon.core.webui.keyword.internal.WebUIKeywordMain.runKeyword(WebUIKeywordMain.groovy:26)
	at com.kms.katalon.core.webui.keyword.builtin.VerifyElementPresentKeyword.verifyElementPresent(VerifyElementPresentKeyword.groovy:92)
	at com.kms.katalon.core.webui.keyword.builtin.VerifyElementPresentKeyword.execute(VerifyElementPresentKeyword.groovy:68)
	at com.kms.katalon.core.keyword.internal.KeywordExecutor.executeKeywordForPlatform(KeywordExecutor.groovy:74)
	at com.kms.katalon.core.webui.keyword.WebUiBuiltInKeywords.verifyElementPresent(WebUiBuiltInKeywords.groovy:1464)
	at com.kms.katalon.core.webui.keyword.WebUiBuiltInKeywords$verifyElementPresent$0.call(Unknown Source)
	at TC-Product-RemoveCart-001.run(TC-Product-RemoveCart-001:26)
	at com.kms.katalon.core.main.ScriptEngine.run(ScriptEngine.java:194)
	at com.kms.katalon.core.main.ScriptEngine.runScriptAsRawText(ScriptEngine.java:119)
	at com.kms.katalon.core.main.TestCaseExecutor.runScript(TestCaseExecutor.java:448)
	at com.kms.katalon.core.main.TestCaseExecutor.doExecute(TestCaseExecutor.java:439)
	at com.kms.katalon.core.main.TestCaseExecutor.processExecutionPhase(TestCaseExecutor.java:418)
	at com.kms.katalon.core.main.TestCaseExecutor.accessMainPhase(TestCaseExecutor.java:410)
	at com.kms.katalon.core.main.TestCaseExecutor.execute(TestCaseExecutor.java:285)
	at com.kms.katalon.core.main.TestCaseExecutor.execute(TestCaseExecutor.java:369)
	at com.kms.katalon.core.main.TestCaseExecutor.execute(TestCaseExecutor.java:369)
	at com.kms.katalon.core.main.TestCaseExecutor.execute(TestCaseExecutor.java:369)
	at com.kms.katalon.core.common.CommonExecutor.accessTestCaseMainPhase(CommonExecutor.java:65)
	at com.kms.katalon.core.main.TestSuiteExecutor.accessTestSuiteMainPhase(TestSuiteExecutor.java:148)
	at com.kms.katalon.core.main.TestSuiteExecutor.execute(TestSuiteExecutor.java:106)
	at com.kms.katalon.core.main.TestCaseMain.startTestSuite(TestCaseMain.java:187)
	at com.kms.katalon.core.main.TestCaseMain$startTestSuite$0.call(Unknown Source)
	at TempTestSuite1693462752612.run(TempTestSuite1693462752612.groovy:36)
Caused by: com.kms.katalon.core.exception.StepFailedException: com.kms.katalon.core.webui.exception.WebElementNotFoundException: Web element with id: 'Object Repository/selector for verify/verify jumlah item 0 (cart)' located by '//span[@class = 'shopping_cart_badge' and (text() = '0' or . = '0')]' not found
	at com.kms.katalon.core.webui.keyword.internal.WebUIKeywordMain.stepFailed(WebUIKeywordMain.groovy:64)
	at com.kms.katalon.core.webui.keyword.builtin.VerifyElementPresentKeyword$_verifyElementPresent_closure1.doCall(VerifyElementPresentKeyword.groovy:85)
	at com.kms.katalon.core.webui.keyword.builtin.VerifyElementPresentKeyword$_verifyElementPresent_closure1.call(VerifyElementPresentKeyword.groovy)
	at com.kms.katalon.core.webui.keyword.internal.WebUIKeywordMain.runKeyword(WebUIKeywordMain.groovy:20)
	... 22 more
)

2023-08-31 13:23:02 - [MESSAGE][INFO] - Unable to find the element located by 'By.xpath: //span[@class = 'shopping_cart_badge' and (text() = '0' or . = '0')]'. Please recheck the objects properties to make sure the desired element is located. 

2023-08-31 13:23:03 - [MESSAGE][FAILED] - com.kms.katalon.core.webui.exception.WebElementNotFoundException: Web element with id: 'Object Repository/selector for verify/verify jumlah item 0 (cart)' located by '//span[@class = 'shopping_cart_badge' and (text() = '0' or . = '0')]' not found (Root cause: com.kms.katalon.core.exception.StepFailedException: com.kms.katalon.core.webui.exception.WebElementNotFoundException: Web element with id: 'Object Repository/selector for verify/verify jumlah item 0 (cart)' located by '//span[@class = 'shopping_cart_badge' and (text() = '0' or . = '0')]' not found
	at com.kms.katalon.core.webui.keyword.internal.WebUIKeywordMain.stepFailed(WebUIKeywordMain.groovy:64)
	at com.kms.katalon.core.webui.keyword.builtin.VerifyElementPresentKeyword$_verifyElementPresent_closure1.doCall(VerifyElementPresentKeyword.groovy:85)
	at com.kms.katalon.core.webui.keyword.builtin.VerifyElementPresentKeyword$_verifyElementPresent_closure1.call(VerifyElementPresentKeyword.groovy)
	at com.kms.katalon.core.webui.keyword.internal.WebUIKeywordMain.runKeyword(WebUIKeywordMain.groovy:20)
	at com.kms.katalon.core.webui.keyword.builtin.VerifyElementPresentKeyword.verifyElementPresent(VerifyElementPresentKeyword.groovy:92)
	at com.kms.katalon.core.webui.keyword.builtin.VerifyElementPresentKeyword.execute(VerifyElementPresentKeyword.groovy:68)
	at com.kms.katalon.core.keyword.internal.KeywordExecutor.executeKeywordForPlatform(KeywordExecutor.groovy:74)
	at com.kms.katalon.core.webui.keyword.WebUiBuiltInKeywords.verifyElementPresent(WebUiBuiltInKeywords.groovy:1464)
	at com.kms.katalon.core.webui.keyword.WebUiBuiltInKeywords$verifyElementPresent$0.call(Unknown Source)
	at TC-Product-RemoveCart-001.run(TC-Product-RemoveCart-001:26)
	at com.kms.katalon.core.main.ScriptEngine.run(ScriptEngine.java:194)
	at com.kms.katalon.core.main.ScriptEngine.runScriptAsRawText(ScriptEngine.java:119)
	at com.kms.katalon.core.main.TestCaseExecutor.runScript(TestCaseExecutor.java:448)
	at com.kms.katalon.core.main.TestCaseExecutor.doExecute(TestCaseExecutor.java:439)
	at com.kms.katalon.core.main.TestCaseExecutor.processExecutionPhase(TestCaseExecutor.java:418)
	at com.kms.katalon.core.main.TestCaseExecutor.accessMainPhase(TestCaseExecutor.java:410)
	at com.kms.katalon.core.main.TestCaseExecutor.execute(TestCaseExecutor.java:285)
	at com.kms.katalon.core.main.TestCaseExecutor.execute(TestCaseExecutor.java:369)
	at com.kms.katalon.core.main.TestCaseExecutor.execute(TestCaseExecutor.java:369)
	at com.kms.katalon.core.main.TestCaseExecutor.execute(TestCaseExecutor.java:369)
	at com.kms.katalon.core.common.CommonExecutor.accessTestCaseMainPhase(CommonExecutor.java:65)
	at com.kms.katalon.core.main.TestSuiteExecutor.accessTestSuiteMainPhase(TestSuiteExecutor.java:148)
	at com.kms.katalon.core.main.TestSuiteExecutor.execute(TestSuiteExecutor.java:106)
	at com.kms.katalon.core.main.TestCaseMain.startTestSuite(TestCaseMain.java:187)
	at com.kms.katalon.core.main.TestCaseMain$startTestSuite$0.call(Unknown Source)
	at TempTestSuite1693462752612.run(TempTestSuite1693462752612.groovy:36)
)
[[ATTACHMENT|C:\\Users\\Aslamadin Alvian Haz\\Documents\\Batch 324 QA XSIS Academy\\batch-324-qa\\Alvin\\Sauce Demo\\Reports\\20230831_131912\\Product Story Test Suite\\20230831_131912\\1693462982939.png]]

2023-08-31 13:23:03 - [MESSAGE][FAILED] - Unable to verify object 'Object Repository/selector for verify/verify jumlah item 0 (cart)' is present (Root cause: com.kms.katalon.core.exception.StepFailedException: Unable to verify object 'Object Repository/selector for verify/verify jumlah item 0 (cart)' is present
	at com.kms.katalon.core.webui.keyword.internal.WebUIKeywordMain.stepFailed(WebUIKeywordMain.groovy:64)
	at com.kms.katalon.core.webui.keyword.internal.WebUIKeywordMain.runKeyword(WebUIKeywordMain.groovy:26)
	at com.kms.katalon.core.webui.keyword.builtin.VerifyElementPresentKeyword.verifyElementPresent(VerifyElementPresentKeyword.groovy:92)
	at com.kms.katalon.core.webui.keyword.builtin.VerifyElementPresentKeyword.execute(VerifyElementPresentKeyword.groovy:68)
	at com.kms.katalon.core.keyword.internal.KeywordExecutor.executeKeywordForPlatform(KeywordExecutor.groovy:74)
	at com.kms.katalon.core.webui.keyword.WebUiBuiltInKeywords.verifyElementPresent(WebUiBuiltInKeywords.groovy:1464)
	at com.kms.katalon.core.webui.keyword.WebUiBuiltInKeywords$verifyElementPresent$0.call(Unknown Source)
	at TC-Product-RemoveCart-001.run(TC-Product-RemoveCart-001:26)
	at com.kms.katalon.core.main.ScriptEngine.run(ScriptEngine.java:194)
	at com.kms.katalon.core.main.ScriptEngine.runScriptAsRawText(ScriptEngine.java:119)
	at com.kms.katalon.core.main.TestCaseExecutor.runScript(TestCaseExecutor.java:448)
	at com.kms.katalon.core.main.TestCaseExecutor.doExecute(TestCaseExecutor.java:439)
	at com.kms.katalon.core.main.TestCaseExecutor.processExecutionPhase(TestCaseExecutor.java:418)
	at com.kms.katalon.core.main.TestCaseExecutor.accessMainPhase(TestCaseExecutor.java:410)
	at com.kms.katalon.core.main.TestCaseExecutor.execute(TestCaseExecutor.java:285)
	at com.kms.katalon.core.main.TestCaseExecutor.execute(TestCaseExecutor.java:369)
	at com.kms.katalon.core.main.TestCaseExecutor.execute(TestCaseExecutor.java:369)
	at com.kms.katalon.core.main.TestCaseExecutor.execute(TestCaseExecutor.java:369)
	at com.kms.katalon.core.common.CommonExecutor.accessTestCaseMainPhase(CommonExecutor.java:65)
	at com.kms.katalon.core.main.TestSuiteExecutor.accessTestSuiteMainPhase(TestSuiteExecutor.java:148)
	at com.kms.katalon.core.main.TestSuiteExecutor.execute(TestSuiteExecutor.java:106)
	at com.kms.katalon.core.main.TestCaseMain.startTestSuite(TestCaseMain.java:187)
	at com.kms.katalon.core.main.TestCaseMain$startTestSuite$0.call(Unknown Source)
	at TempTestSuite1693462752612.run(TempTestSuite1693462752612.groovy:36)
Caused by: com.kms.katalon.core.exception.StepFailedException: com.kms.katalon.core.webui.exception.WebElementNotFoundException: Web element with id: 'Object Repository/selector for verify/verify jumlah item 0 (cart)' located by '//span[@class = 'shopping_cart_badge' and (text() = '0' or . = '0')]' not found
	at com.kms.katalon.core.webui.keyword.internal.WebUIKeywordMain.stepFailed(WebUIKeywordMain.groovy:64)
	at com.kms.katalon.core.webui.keyword.builtin.VerifyElementPresentKeyword$_verifyElementPresent_closure1.doCall(VerifyElementPresentKeyword.groovy:85)
	at com.kms.katalon.core.webui.keyword.builtin.VerifyElementPresentKeyword$_verifyElementPresent_closure1.call(VerifyElementPresentKeyword.groovy)
	at com.kms.katalon.core.webui.keyword.internal.WebUIKeywordMain.runKeyword(WebUIKeywordMain.groovy:20)
	... 22 more
)
[[ATTACHMENT|C:\\Users\\Aslamadin Alvian Haz\\Documents\\Batch 324 QA XSIS Academy\\batch-324-qa\\Alvin\\Sauce Demo\\Reports\\20230831_131912\\Product Story Test Suite\\20230831_131912\\1693462983135.png]]]]></system-out>
         <system-err><![CDATA[2023-08-31 13:22:39 - [TEST_CASE][FAILED] - Test Cases/Product/TC-Product-RemoveCart-001: Test Cases/Product/TC-Product-RemoveCart-001 FAILED.
Reason:
com.kms.katalon.core.exception.StepFailedException: Unable to verify object 'Object Repository/selector for verify/verify jumlah item 0 (cart)' is present
	at com.kms.katalon.core.webui.keyword.internal.WebUIKeywordMain.stepFailed(WebUIKeywordMain.groovy:64)
	at com.kms.katalon.core.webui.keyword.internal.WebUIKeywordMain.runKeyword(WebUIKeywordMain.groovy:26)
	at com.kms.katalon.core.webui.keyword.builtin.VerifyElementPresentKeyword.verifyElementPresent(VerifyElementPresentKeyword.groovy:92)
	at com.kms.katalon.core.webui.keyword.builtin.VerifyElementPresentKeyword.execute(VerifyElementPresentKeyword.groovy:68)
	at com.kms.katalon.core.keyword.internal.KeywordExecutor.executeKeywordForPlatform(KeywordExecutor.groovy:74)
	at com.kms.katalon.core.webui.keyword.WebUiBuiltInKeywords.verifyElementPresent(WebUiBuiltInKeywords.groovy:1464)
	at com.kms.katalon.core.webui.keyword.WebUiBuiltInKeywords$verifyElementPresent$0.call(Unknown Source)
	at TC-Product-RemoveCart-001.run(TC-Product-RemoveCart-001:26)
	at com.kms.katalon.core.main.ScriptEngine.run(ScriptEngine.java:194)
	at com.kms.katalon.core.main.ScriptEngine.runScriptAsRawText(ScriptEngine.java:119)
	at com.kms.katalon.core.main.TestCaseExecutor.runScript(TestCaseExecutor.java:448)
	at com.kms.katalon.core.main.TestCaseExecutor.doExecute(TestCaseExecutor.java:439)
	at com.kms.katalon.core.main.TestCaseExecutor.processExecutionPhase(TestCaseExecutor.java:418)
	at com.kms.katalon.core.main.TestCaseExecutor.accessMainPhase(TestCaseExecutor.java:410)
	at com.kms.katalon.core.main.TestCaseExecutor.execute(TestCaseExecutor.java:285)
	at com.kms.katalon.core.main.TestCaseExecutor.execute(TestCaseExecutor.java:369)
	at com.kms.katalon.core.main.TestCaseExecutor.execute(TestCaseExecutor.java:369)
	at com.kms.katalon.core.main.TestCaseExecutor.execute(TestCaseExecutor.java:369)
	at com.kms.katalon.core.common.CommonExecutor.accessTestCaseMainPhase(CommonExecutor.java:65)
	at com.kms.katalon.core.main.TestSuiteExecutor.accessTestSuiteMainPhase(TestSuiteExecutor.java:148)
	at com.kms.katalon.core.main.TestSuiteExecutor.execute(TestSuiteExecutor.java:106)
	at com.kms.katalon.core.main.TestCaseMain.startTestSuite(TestCaseMain.java:187)
	at com.kms.katalon.core.main.TestCaseMain$startTestSuite$0.call(Unknown Source)
	at TempTestSuite1693462752612.run(TempTestSuite1693462752612.groovy:36)
Caused by: com.kms.katalon.core.exception.StepFailedException: com.kms.katalon.core.webui.exception.WebElementNotFoundException: Web element with id: 'Object Repository/selector for verify/verify jumlah item 0 (cart)' located by '//span[@class = 'shopping_cart_badge' and (text() = '0' or . = '0')]' not found
	at com.kms.katalon.core.webui.keyword.internal.WebUIKeywordMain.stepFailed(WebUIKeywordMain.groovy:64)
	at com.kms.katalon.core.webui.keyword.builtin.VerifyElementPresentKeyword$_verifyElementPresent_closure1.doCall(VerifyElementPresentKeyword.groovy:85)
	at com.kms.katalon.core.webui.keyword.builtin.VerifyElementPresentKeyword$_verifyElementPresent_closure1.call(VerifyElementPresentKeyword.groovy)
	at com.kms.katalon.core.webui.keyword.internal.WebUIKeywordMain.runKeyword(WebUIKeywordMain.groovy:20)
	... 22 more]]></system-err>
      </testcase>
      <system-out><![CDATA[2023-08-31 13:19:25 - [TEST_SUITE][FAILED] - Product Story Test Suite: Test Cases/Product/TC-Product-RemoveCart-001 FAILED.
Reason:
com.kms.katalon.core.exception.StepFailedException: Unable to verify object 'Object Repository/selector for verify/verify jumlah item 0 (cart)' is present
	at com.kms.katalon.core.webui.keyword.internal.WebUIKeywordMain.stepFailed(WebUIKeywordMain.groovy:64)
	at com.kms.katalon.core.webui.keyword.internal.WebUIKeywordMain.runKeyword(WebUIKeywordMain.groovy:26)
	at com.kms.katalon.core.webui.keyword.builtin.VerifyElementPresentKeyword.verifyElementPresent(VerifyElementPresentKeyword.groovy:92)
	at com.kms.katalon.core.webui.keyword.builtin.VerifyElementPresentKeyword.execute(VerifyElementPresentKeyword.groovy:68)
	at com.kms.katalon.core.keyword.internal.KeywordExecutor.executeKeywordForPlatform(KeywordExecutor.groovy:74)
	at com.kms.katalon.core.webui.keyword.WebUiBuiltInKeywords.verifyElementPresent(WebUiBuiltInKeywords.groovy:1464)
	at com.kms.katalon.core.webui.keyword.WebUiBuiltInKeywords$verifyElementPresent$0.call(Unknown Source)
	at TC-Product-RemoveCart-001.run(TC-Product-RemoveCart-001:26)
	at com.kms.katalon.core.main.ScriptEngine.run(ScriptEngine.java:194)
	at com.kms.katalon.core.main.ScriptEngine.runScriptAsRawText(ScriptEngine.java:119)
	at com.kms.katalon.core.main.TestCaseExecutor.runScript(TestCaseExecutor.java:448)
	at com.kms.katalon.core.main.TestCaseExecutor.doExecute(TestCaseExecutor.java:439)
	at com.kms.katalon.core.main.TestCaseExecutor.processExecutionPhase(TestCaseExecutor.java:418)
	at com.kms.katalon.core.main.TestCaseExecutor.accessMainPhase(TestCaseExecutor.java:410)
	at com.kms.katalon.core.main.TestCaseExecutor.execute(TestCaseExecutor.java:285)
	at com.kms.katalon.core.common.CommonExecutor.accessTestCaseMainPhase(CommonExecutor.java:65)
	at com.kms.katalon.core.main.TestSuiteExecutor.accessTestSuiteMainPhase(TestSuiteExecutor.java:148)
	at com.kms.katalon.core.main.TestSuiteExecutor.execute(TestSuiteExecutor.java:106)
	at com.kms.katalon.core.main.TestCaseMain.startTestSuite(TestCaseMain.java:187)
	at com.kms.katalon.core.main.TestCaseMain$startTestSuite$0.call(Unknown Source)
	at TempTestSuite1693462752612.run(TempTestSuite1693462752612.groovy:36)
Caused by: com.kms.katalon.core.exception.StepFailedException: com.kms.katalon.core.webui.exception.WebElementNotFoundException: Web element with id: 'Object Repository/selector for verify/verify jumlah item 0 (cart)' located by '//span[@class = 'shopping_cart_badge' and (text() = '0' or . = '0')]' not found
	at com.kms.katalon.core.webui.keyword.internal.WebUIKeywordMain.stepFailed(WebUIKeywordMain.groovy:64)
	at com.kms.katalon.core.webui.keyword.builtin.VerifyElementPresentKeyword$_verifyElementPresent_closure1.doCall(VerifyElementPresentKeyword.groovy:85)
	at com.kms.katalon.core.webui.keyword.builtin.VerifyElementPresentKeyword$_verifyElementPresent_closure1.call(VerifyElementPresentKeyword.groovy)
	at com.kms.katalon.core.webui.keyword.internal.WebUIKeywordMain.runKeyword(WebUIKeywordMain.groovy:20)
	... 19 more]]></system-out>
      <system-err><![CDATA[2023-08-31 13:19:25 - [TEST_SUITE][FAILED] - Product Story Test Suite: Test Cases/Product/TC-Product-RemoveCart-001 FAILED.
Reason:
com.kms.katalon.core.exception.StepFailedException: Unable to verify object 'Object Repository/selector for verify/verify jumlah item 0 (cart)' is present
	at com.kms.katalon.core.webui.keyword.internal.WebUIKeywordMain.stepFailed(WebUIKeywordMain.groovy:64)
	at com.kms.katalon.core.webui.keyword.internal.WebUIKeywordMain.runKeyword(WebUIKeywordMain.groovy:26)
	at com.kms.katalon.core.webui.keyword.builtin.VerifyElementPresentKeyword.verifyElementPresent(VerifyElementPresentKeyword.groovy:92)
	at com.kms.katalon.core.webui.keyword.builtin.VerifyElementPresentKeyword.execute(VerifyElementPresentKeyword.groovy:68)
	at com.kms.katalon.core.keyword.internal.KeywordExecutor.executeKeywordForPlatform(KeywordExecutor.groovy:74)
	at com.kms.katalon.core.webui.keyword.WebUiBuiltInKeywords.verifyElementPresent(WebUiBuiltInKeywords.groovy:1464)
	at com.kms.katalon.core.webui.keyword.WebUiBuiltInKeywords$verifyElementPresent$0.call(Unknown Source)
	at TC-Product-RemoveCart-001.run(TC-Product-RemoveCart-001:26)
	at com.kms.katalon.core.main.ScriptEngine.run(ScriptEngine.java:194)
	at com.kms.katalon.core.main.ScriptEngine.runScriptAsRawText(ScriptEngine.java:119)
	at com.kms.katalon.core.main.TestCaseExecutor.runScript(TestCaseExecutor.java:448)
	at com.kms.katalon.core.main.TestCaseExecutor.doExecute(TestCaseExecutor.java:439)
	at com.kms.katalon.core.main.TestCaseExecutor.processExecutionPhase(TestCaseExecutor.java:418)
	at com.kms.katalon.core.main.TestCaseExecutor.accessMainPhase(TestCaseExecutor.java:410)
	at com.kms.katalon.core.main.TestCaseExecutor.execute(TestCaseExecutor.java:285)
	at com.kms.katalon.core.common.CommonExecutor.accessTestCaseMainPhase(CommonExecutor.java:65)
	at com.kms.katalon.core.main.TestSuiteExecutor.accessTestSuiteMainPhase(TestSuiteExecutor.java:148)
	at com.kms.katalon.core.main.TestSuiteExecutor.execute(TestSuiteExecutor.java:106)
	at com.kms.katalon.core.main.TestCaseMain.startTestSuite(TestCaseMain.java:187)
	at com.kms.katalon.core.main.TestCaseMain$startTestSuite$0.call(Unknown Source)
	at TempTestSuite1693462752612.run(TempTestSuite1693462752612.groovy:36)
Caused by: com.kms.katalon.core.exception.StepFailedException: com.kms.katalon.core.webui.exception.WebElementNotFoundException: Web element with id: 'Object Repository/selector for verify/verify jumlah item 0 (cart)' located by '//span[@class = 'shopping_cart_badge' and (text() = '0' or . = '0')]' not found
	at com.kms.katalon.core.webui.keyword.internal.WebUIKeywordMain.stepFailed(WebUIKeywordMain.groovy:64)
	at com.kms.katalon.core.webui.keyword.builtin.VerifyElementPresentKeyword$_verifyElementPresent_closure1.doCall(VerifyElementPresentKeyword.groovy:85)
	at com.kms.katalon.core.webui.keyword.builtin.VerifyElementPresentKeyword$_verifyElementPresent_closure1.call(VerifyElementPresentKeyword.groovy)
	at com.kms.katalon.core.webui.keyword.internal.WebUIKeywordMain.runKeyword(WebUIKeywordMain.groovy:20)
	... 19 more]]></system-err>
   </testsuite>
</testsuites>
