<?xml version="1.0" encoding="UTF-8"?>
<testsuites name="Checkout Story Test Suite" time="239.248" tests="6" failures="0" errors="0">
   <testsuite name="Checkout Story Test Suite" tests="6" failures="0" errors="0" time="239.248" skipped="0" timestamp="2023-08-30 16:51:02" hostname="Aslamadin Alvian Haz - DESKTOP-L5FUI4E" id="Test Suites/Checkout Story Test Suite">
      <properties>
         <property name="deviceName" value=""/>
         <property name="devicePlatform" value=""/>
         <property name="logFolder" value="C:\\Users\\Aslamadin Alvian Haz\\Documents\\Batch 324 QA XSIS Academy\\batch-324-qa\\Alvin\\Sauce Demo\\Reports\\20230830_165041\\Checkout Story Test Suite\\20230830_165041"/>
         <property name="logFiles" value="C:\\Users\\Aslamadin Alvian Haz\\Documents\\Batch 324 QA XSIS Academy\\batch-324-qa\\Alvin\\Sauce Demo\\Reports\\20230830_165041\\Checkout Story Test Suite\\20230830_165041\\execution0.log"/>
         <property name="attachments" value=""/>
         <property name="hostName" value="Aslamadin Alvian Haz - DESKTOP-L5FUI4E"/>
         <property name="os" value="Windows 10 64bit"/>
         <property name="katalonVersion" value="8.6.5.208"/>
         <property name="browser" value="Edge Chromium 116"/>
         <property name="hostAddress" value="192.168.21.64"/>
         <property name="sessionId" value="359612755792748ec700d27c7e39da2a"/>
         <property name="seleniumVersion" value="3.141.59"/>
         <property name="proxyInformation" value="ProxyInformation { proxyOption=NO_PROXY, proxyServerType=HTTP, username=, password=********, proxyServerAddress=, proxyServerPort=0, executionList=&quot;&quot;, isApplyToDesiredCapabilities=true }"/>
         <property name="platform" value="Windows 10"/>
      </properties>
      <testcase name="Test Cases/Checkout/TC-Checkout-Success-001" time="60.737" classname="Test Cases/Checkout/TC-Checkout-Success-001" status="PASSED">
         <system-out><![CDATA[2023-08-30 16:51:03 - [TEST_CASE][PASSED] - Test Cases/Checkout/TC-Checkout-Success-001: Test Cases/Checkout/TC-Checkout-Success-001

2023-08-30 16:51:12 - [TEST_STEP][PASSED] - cartItems = callTestCase(findTestCase("Keranjang/TC-Cart-Show-002"), [:], STOP_ON_FAILURE): Call Test Case 'Test Cases/Keranjang/TC-Cart-Show-002' successfully

2023-08-30 16:51:13 - [TEST_CASE][PASSED] - Test Cases/Keranjang/TC-Cart-Show-002: Test Cases/Keranjang/TC-Cart-Show-002

2023-08-30 16:51:16 - [TEST_STEP][PASSED] - productPage = callTestCase(findTestCase("Product/TC-Product-AddCart-001"), [:], STOP_ON_FAILURE): Call Test Case 'Test Cases/Product/TC-Product-AddCart-001' successfully

2023-08-30 16:51:16 - [TEST_CASE][PASSED] - Test Cases/Product/TC-Product-AddCart-001: Test Cases/Product/TC-Product-AddCart-001

2023-08-30 16:51:18 - [TEST_STEP][PASSED] - callTestCase(findTestCase("Product/TC-Product-Show-001"), [:], STOP_ON_FAILURE): Call Test Case 'Test Cases/Product/TC-Product-Show-001' successfully

2023-08-30 16:51:18 - [TEST_CASE][PASSED] - Test Cases/Product/TC-Product-Show-001: Test Cases/Product/TC-Product-Show-001

2023-08-30 16:51:20 - [TEST_STEP][PASSED] - callTestCase(findTestCase("Login/TC-Login-Success-001"), ["username":"standard_user", "password":"qcu24s4901FyWDTwXGr6XA=="], STOP_ON_FAILURE): Call Test Case 'Test Cases/Login/TC-Login-Success-001' successfully

2023-08-30 16:51:20 - [TEST_CASE][PASSED] - Test Cases/Login/TC-Login-Success-001: Test Cases/Login/TC-Login-Success-001

2023-08-30 16:51:23 - [TEST_STEP][PASSED] - openBrowser(webSauceDemo): Browser is opened with url: 'https://www.saucedemo.com/'

2023-08-30 16:51:25 - [MESSAGE][INFO] - Starting 'Edge Chromium' driver

2023-08-30 16:51:28 - [MESSAGE][INFO] - Action delay is set to 0 milliseconds

2023-08-30 16:51:36 - [MESSAGE][PASSED] - Browser is opened with url: 'https://www.saucedemo.com/'

2023-08-30 16:51:36 - [TEST_STEP][PASSED] - verifyElementPresent(findTestObject("Login Page Object/Swag Labs Text (tanda masuk home)"), 5): Object 'Object Repository/Login Page Object/Swag Labs Text (tanda masuk home)' is present

2023-08-30 16:51:38 - [MESSAGE][PASSED] - Object 'Object Repository/Login Page Object/Swag Labs Text (tanda masuk home)' is present

2023-08-30 16:51:38 - [TEST_STEP][PASSED] - setText(findTestObject("Login Page Object/username login"), username): Text 'standard_user' is set on object 'Object Repository/Login Page Object/username login'

2023-08-30 16:51:40 - [MESSAGE][PASSED] - Text 'standard_user' is set on object 'Object Repository/Login Page Object/username login'

2023-08-30 16:51:40 - [TEST_STEP][PASSED] - setEncryptedText(findTestObject("Login Page Object/password login"), password): Text ****** has been set on object 'Object Repository/Login Page Object/password login'

2023-08-30 16:51:42 - [MESSAGE][PASSED] - Text ****** has been set on object 'Object Repository/Login Page Object/password login'

2023-08-30 16:51:42 - [TEST_STEP][PASSED] - click(findTestObject("Login Page Object/button login")): Object: 'Object Repository/Login Page Object/button login' is clicked on

2023-08-30 16:51:43 - [MESSAGE][PASSED] - Object: 'Object Repository/Login Page Object/button login' is clicked on

2023-08-30 16:51:43 - [TEST_STEP][PASSED] - verifyElementPresent(findTestObject("Product/span_Products"), 5): Object 'Object Repository/Product/span_Products' is present

2023-08-30 16:51:44 - [MESSAGE][PASSED] - Object 'Object Repository/Product/span_Products' is present

2023-08-30 16:51:44 - [MESSAGE][PASSED] - Call Test Case 'Test Cases/Login/TC-Login-Success-001' successfully

2023-08-30 16:51:44 - [MESSAGE][PASSED] - Call Test Case 'Test Cases/Product/TC-Product-Show-001' successfully

2023-08-30 16:51:44 - [TEST_STEP][PASSED] - nameProduct = text: null

2023-08-30 16:51:45 - [TEST_STEP][PASSED] - descProduct = text: null

2023-08-30 16:51:45 - [TEST_STEP][PASSED] - priceProduct = text: null

2023-08-30 16:51:46 - [TEST_STEP][PASSED] - dataProduct = new java.util.HashMap(): null

2023-08-30 16:51:46 - [TEST_STEP][PASSED] - dataProduct.put("nameProduct", nameProduct): null

2023-08-30 16:51:46 - [TEST_STEP][PASSED] - dataProduct.put("descProduct", descProduct): null

2023-08-30 16:51:46 - [TEST_STEP][PASSED] - dataProduct.put("priceProduct", priceProduct): null

2023-08-30 16:51:46 - [TEST_STEP][PASSED] - click(findTestObject("Product/button add to cart backpack")): Object: 'Object Repository/Product/button add to cart backpack' is clicked on

2023-08-30 16:51:47 - [MESSAGE][PASSED] - Object: 'Object Repository/Product/button add to cart backpack' is clicked on

2023-08-30 16:51:47 - [TEST_STEP][PASSED] - verifyElementPresent(findTestObject("selector for verify/button remove item pos 1"), 5): Object 'Object Repository/selector for verify/button remove item pos 1' is present

2023-08-30 16:51:48 - [MESSAGE][PASSED] - Object 'Object Repository/selector for verify/button remove item pos 1' is present

2023-08-30 16:51:48 - [TEST_STEP][PASSED] - verifyElementPresent(findTestObject("selector for verify/verify jumlah item 1 (cart)"), 5): Object 'Object Repository/selector for verify/verify jumlah item 1 (cart)' is present

2023-08-30 16:51:49 - [MESSAGE][PASSED] - Object 'Object Repository/selector for verify/verify jumlah item 1 (cart)' is present

2023-08-30 16:51:49 - [TEST_STEP][PASSED] - return dataProduct: null

2023-08-30 16:51:49 - [MESSAGE][PASSED] - Call Test Case 'Test Cases/Product/TC-Product-AddCart-001' successfully

2023-08-30 16:51:49 - [TEST_STEP][PASSED] - click(findTestObject("Checkout/cart icon")): Object: 'Object Repository/Checkout/cart icon' is clicked on

2023-08-30 16:51:50 - [MESSAGE][PASSED] - Object: 'Object Repository/Checkout/cart icon' is clicked on

2023-08-30 16:51:50 - [TEST_STEP][PASSED] - verifyElementPresent(findTestObject("Checkout/span_Your Cart"), 5): Object 'Object Repository/Checkout/span_Your Cart' is present

2023-08-30 16:51:50 - [MESSAGE][PASSED] - Object 'Object Repository/Checkout/span_Your Cart' is present

2023-08-30 16:51:50 - [TEST_STEP][PASSED] - nameCart = text: null

2023-08-30 16:51:51 - [TEST_STEP][PASSED] - descCart = text: null

2023-08-30 16:51:52 - [TEST_STEP][PASSED] - priceCart = text: null

2023-08-30 16:51:52 - [TEST_STEP][PASSED] - productPage.put("nameCart", nameCart): null

2023-08-30 16:51:52 - [TEST_STEP][PASSED] - productPage.put("descCart", descCart): null

2023-08-30 16:51:52 - [TEST_STEP][PASSED] - productPage.put("priceCart", priceCart): null

2023-08-30 16:51:52 - [TEST_STEP][PASSED] - assert productPage.get("nameProduct") == nameCart: null

2023-08-30 16:51:52 - [TEST_STEP][PASSED] - assert productPage.get("priceProduct") == priceCart: null

2023-08-30 16:51:52 - [TEST_STEP][PASSED] - assert productPage.get("descProduct") == descCart: null

2023-08-30 16:51:52 - [TEST_STEP][PASSED] - return productPage: null

2023-08-30 16:51:52 - [MESSAGE][PASSED] - Call Test Case 'Test Cases/Keranjang/TC-Cart-Show-002' successfully

2023-08-30 16:51:52 - [TEST_STEP][PASSED] - click(findTestObject("Checkout/button_Checkout")): Object: 'Object Repository/Checkout/button_Checkout' is clicked on

2023-08-30 16:51:53 - [MESSAGE][PASSED] - Object: 'Object Repository/Checkout/button_Checkout' is clicked on

2023-08-30 16:51:53 - [TEST_STEP][PASSED] - verifyElementPresent(findTestObject("Checkout/span_Checkout Your Information"), 5): Object 'Object Repository/Checkout/span_Checkout Your Information' is present

2023-08-30 16:51:54 - [MESSAGE][PASSED] - Object 'Object Repository/Checkout/span_Checkout Your Information' is present

2023-08-30 16:51:54 - [TEST_STEP][PASSED] - setText(findTestObject("Checkout/input_Checkout Your Information_firstName"), firstName): Text 'Joko' is set on object 'Object Repository/Checkout/input_Checkout Your Information_firstName'

2023-08-30 16:51:55 - [MESSAGE][PASSED] - Text 'Joko' is set on object 'Object Repository/Checkout/input_Checkout Your Information_firstName'

2023-08-30 16:51:55 - [TEST_STEP][PASSED] - setText(findTestObject("Checkout/input_Checkout Your Information_lastName"), lastName): Text 'Widodo' is set on object 'Object Repository/Checkout/input_Checkout Your Information_lastName'

2023-08-30 16:51:56 - [MESSAGE][PASSED] - Text 'Widodo' is set on object 'Object Repository/Checkout/input_Checkout Your Information_lastName'

2023-08-30 16:51:56 - [TEST_STEP][PASSED] - setText(findTestObject("Checkout/input_Checkout Your Information_postalCode"), postalCode): Text '12345' is set on object 'Object Repository/Checkout/input_Checkout Your Information_postalCode'

2023-08-30 16:51:58 - [MESSAGE][PASSED] - Text '12345' is set on object 'Object Repository/Checkout/input_Checkout Your Information_postalCode'

2023-08-30 16:51:58 - [TEST_STEP][PASSED] - click(findTestObject("Checkout/input_Cancel_continue")): Object: 'Object Repository/Checkout/input_Cancel_continue' is clicked on

2023-08-30 16:51:58 - [MESSAGE][PASSED] - Object: 'Object Repository/Checkout/input_Cancel_continue' is clicked on

2023-08-30 16:51:58 - [TEST_STEP][PASSED] - verifyElementPresent(findTestObject("Checkout/span_Checkout Overview"), 5): Object 'Object Repository/Checkout/span_Checkout Overview' is present

2023-08-30 16:51:59 - [MESSAGE][PASSED] - Object 'Object Repository/Checkout/span_Checkout Overview' is present

2023-08-30 16:51:59 - [TEST_STEP][PASSED] - cartName = text: null

2023-08-30 16:52:00 - [TEST_STEP][PASSED] - cartDesc = text: null

2023-08-30 16:52:00 - [TEST_STEP][PASSED] - cartPrice = text: null

2023-08-30 16:52:01 - [TEST_STEP][PASSED] - taxElement = text: null

2023-08-30 16:52:02 - [TEST_STEP][PASSED] - itemTotalElement = text: null

2023-08-30 16:52:02 - [TEST_STEP][PASSED] - totalElement = text: null

2023-08-30 16:52:03 - [TEST_STEP][PASSED] - assert cartName == cartItems.get("nameProduct"): null

2023-08-30 16:52:03 - [TEST_STEP][PASSED] - assert cartDesc == cartItems.get("descProduct"): null

2023-08-30 16:52:03 - [TEST_STEP][PASSED] - assert cartPrice == cartItems.get("priceProduct"): null

2023-08-30 16:52:03 - [TEST_STEP][PASSED] - assert cartName == cartItems.get("nameCart"): null

2023-08-30 16:52:03 - [TEST_STEP][PASSED] - assert cartDesc == cartItems.get("descCart"): null

2023-08-30 16:52:03 - [TEST_STEP][PASSED] - assert cartPrice == cartItems.get("priceCart"): null

2023-08-30 16:52:03 - [TEST_STEP][PASSED] - df = new java.text.DecimalFormat(#.##): null

2023-08-30 16:52:03 - [TEST_STEP][PASSED] - tax = Double.parseDouble(df.format(Double.parseDouble(cartPrice.replace("$", "")) * 0.08)): null

2023-08-30 16:52:03 - [TEST_STEP][PASSED] - itemTotal = Double.parseDouble(cartPrice.replace("$", "")): null

2023-08-30 16:52:03 - [TEST_STEP][PASSED] - total = tax + itemTotal: null

2023-08-30 16:52:03 - [TEST_STEP][PASSED] - arrItemTotalElement = itemTotalElement.split("\$"): null

2023-08-30 16:52:03 - [TEST_STEP][PASSED] - arrTaxElement = taxElement.split("\$"): null

2023-08-30 16:52:03 - [TEST_STEP][PASSED] - arrTotalElement = totalElement.split("\$"): null

2023-08-30 16:52:03 - [TEST_STEP][PASSED] - assert tax == Double.parseDouble(arrTaxElement[1]): null

2023-08-30 16:52:03 - [TEST_STEP][PASSED] - assert itemTotal == Double.parseDouble(arrItemTotalElement[1]): null

2023-08-30 16:52:03 - [TEST_STEP][PASSED] - assert total == Double.parseDouble(arrTotalElement[1]): null

2023-08-30 16:52:03 - [TEST_STEP][PASSED] - click(findTestObject("Checkout/button_Finish")): Object: 'Object Repository/Checkout/button_Finish' is clicked on

2023-08-30 16:52:04 - [MESSAGE][PASSED] - Object: 'Object Repository/Checkout/button_Finish' is clicked on]]></system-out>
         <system-err><![CDATA[]]></system-err>
      </testcase>
      <testcase name="Test Cases/Checkout/TC-Checkout-Success-002" time="45.609" classname="Test Cases/Checkout/TC-Checkout-Success-002" status="PASSED">
         <system-out><![CDATA[2023-08-30 16:52:04 - [TEST_CASE][PASSED] - Test Cases/Checkout/TC-Checkout-Success-002: Test Cases/Checkout/TC-Checkout-Success-002

2023-08-30 16:52:07 - [TEST_STEP][PASSED] - cartItems = callTestCase(findTestCase("Keranjang/TC-Cart-Show-003"), [:], STOP_ON_FAILURE): Call Test Case 'Test Cases/Keranjang/TC-Cart-Show-003' successfully

2023-08-30 16:52:07 - [TEST_CASE][PASSED] - Test Cases/Keranjang/TC-Cart-Show-003: Test Cases/Keranjang/TC-Cart-Show-003

2023-08-30 16:52:09 - [TEST_STEP][PASSED] - itemProduct = callTestCase(findTestCase("Product/TC-Product-AddCart-002"), [:], STOP_ON_FAILURE): Call Test Case 'Test Cases/Product/TC-Product-AddCart-002' successfully

2023-08-30 16:52:09 - [TEST_CASE][PASSED] - Test Cases/Product/TC-Product-AddCart-002: Test Cases/Product/TC-Product-AddCart-002

2023-08-30 16:52:10 - [TEST_STEP][PASSED] - itemProduct = callTestCase(findTestCase("Product/TC-Product-AddCart-001"), [:], STOP_ON_FAILURE): Call Test Case 'Test Cases/Product/TC-Product-AddCart-001' successfully

2023-08-30 16:52:10 - [TEST_CASE][PASSED] - Test Cases/Product/TC-Product-AddCart-001: Test Cases/Product/TC-Product-AddCart-001

2023-08-30 16:52:10 - [TEST_STEP][PASSED] - callTestCase(findTestCase("Product/TC-Product-Show-001"), [:], STOP_ON_FAILURE): Call Test Case 'Test Cases/Product/TC-Product-Show-001' successfully

2023-08-30 16:52:10 - [TEST_CASE][PASSED] - Test Cases/Product/TC-Product-Show-001: Test Cases/Product/TC-Product-Show-001

2023-08-30 16:52:10 - [TEST_STEP][PASSED] - callTestCase(findTestCase("Login/TC-Login-Success-001"), ["username":"standard_user", "password":"qcu24s4901FyWDTwXGr6XA=="], STOP_ON_FAILURE): Call Test Case 'Test Cases/Login/TC-Login-Success-001' successfully

2023-08-30 16:52:10 - [TEST_CASE][PASSED] - Test Cases/Login/TC-Login-Success-001: Test Cases/Login/TC-Login-Success-001

2023-08-30 16:52:10 - [TEST_STEP][PASSED] - openBrowser(webSauceDemo): Browser is opened with url: 'https://www.saucedemo.com/'

2023-08-30 16:52:10 - [MESSAGE][WARNING] - A browser is already opened. Closing browser and opening a new one

2023-08-30 16:52:12 - [MESSAGE][INFO] - Starting 'Edge Chromium' driver

2023-08-30 16:52:14 - [MESSAGE][INFO] - Action delay is set to 0 milliseconds

2023-08-30 16:52:19 - [MESSAGE][PASSED] - Browser is opened with url: 'https://www.saucedemo.com/'

2023-08-30 16:52:19 - [TEST_STEP][PASSED] - verifyElementPresent(findTestObject("Login Page Object/Swag Labs Text (tanda masuk home)"), 5): Object 'Object Repository/Login Page Object/Swag Labs Text (tanda masuk home)' is present

2023-08-30 16:52:20 - [MESSAGE][PASSED] - Object 'Object Repository/Login Page Object/Swag Labs Text (tanda masuk home)' is present

2023-08-30 16:52:20 - [TEST_STEP][PASSED] - setText(findTestObject("Login Page Object/username login"), username): Text 'standard_user' is set on object 'Object Repository/Login Page Object/username login'

2023-08-30 16:52:21 - [MESSAGE][PASSED] - Text 'standard_user' is set on object 'Object Repository/Login Page Object/username login'

2023-08-30 16:52:21 - [TEST_STEP][PASSED] - setEncryptedText(findTestObject("Login Page Object/password login"), password): Text ****** has been set on object 'Object Repository/Login Page Object/password login'

2023-08-30 16:52:22 - [MESSAGE][PASSED] - Text ****** has been set on object 'Object Repository/Login Page Object/password login'

2023-08-30 16:52:22 - [TEST_STEP][PASSED] - click(findTestObject("Login Page Object/button login")): Object: 'Object Repository/Login Page Object/button login' is clicked on

2023-08-30 16:52:23 - [MESSAGE][PASSED] - Object: 'Object Repository/Login Page Object/button login' is clicked on

2023-08-30 16:52:23 - [TEST_STEP][PASSED] - verifyElementPresent(findTestObject("Product/span_Products"), 5): Object 'Object Repository/Product/span_Products' is present

2023-08-30 16:52:24 - [MESSAGE][PASSED] - Object 'Object Repository/Product/span_Products' is present

2023-08-30 16:52:24 - [MESSAGE][PASSED] - Call Test Case 'Test Cases/Login/TC-Login-Success-001' successfully

2023-08-30 16:52:24 - [MESSAGE][PASSED] - Call Test Case 'Test Cases/Product/TC-Product-Show-001' successfully

2023-08-30 16:52:24 - [TEST_STEP][PASSED] - nameProduct = text: null

2023-08-30 16:52:26 - [TEST_STEP][PASSED] - descProduct = text: null

2023-08-30 16:52:27 - [TEST_STEP][PASSED] - priceProduct = text: null

2023-08-30 16:52:28 - [TEST_STEP][PASSED] - dataProduct = new java.util.HashMap(): null

2023-08-30 16:52:28 - [TEST_STEP][PASSED] - dataProduct.put("nameProduct", nameProduct): null

2023-08-30 16:52:28 - [TEST_STEP][PASSED] - dataProduct.put("descProduct", descProduct): null

2023-08-30 16:52:28 - [TEST_STEP][PASSED] - dataProduct.put("priceProduct", priceProduct): null

2023-08-30 16:52:28 - [TEST_STEP][PASSED] - click(findTestObject("Product/button add to cart backpack")): Object: 'Object Repository/Product/button add to cart backpack' is clicked on

2023-08-30 16:52:29 - [MESSAGE][PASSED] - Object: 'Object Repository/Product/button add to cart backpack' is clicked on

2023-08-30 16:52:29 - [TEST_STEP][PASSED] - verifyElementPresent(findTestObject("selector for verify/button remove item pos 1"), 5): Object 'Object Repository/selector for verify/button remove item pos 1' is present

2023-08-30 16:52:29 - [MESSAGE][PASSED] - Object 'Object Repository/selector for verify/button remove item pos 1' is present

2023-08-30 16:52:29 - [TEST_STEP][PASSED] - verifyElementPresent(findTestObject("selector for verify/verify jumlah item 1 (cart)"), 5): Object 'Object Repository/selector for verify/verify jumlah item 1 (cart)' is present

2023-08-30 16:52:30 - [MESSAGE][PASSED] - Object 'Object Repository/selector for verify/verify jumlah item 1 (cart)' is present

2023-08-30 16:52:30 - [TEST_STEP][PASSED] - return dataProduct: null

2023-08-30 16:52:30 - [MESSAGE][PASSED] - Call Test Case 'Test Cases/Product/TC-Product-AddCart-001' successfully

2023-08-30 16:52:30 - [TEST_STEP][PASSED] - nameProduct = text: null

2023-08-30 16:52:31 - [TEST_STEP][PASSED] - descProduct = text: null

2023-08-30 16:52:32 - [TEST_STEP][PASSED] - priceProduct = text: null

2023-08-30 16:52:32 - [TEST_STEP][PASSED] - nameProductList = new java.util.ArrayList(): null

2023-08-30 16:52:32 - [TEST_STEP][PASSED] - descProductList = new java.util.ArrayList(): null

2023-08-30 16:52:32 - [TEST_STEP][PASSED] - priceProductList = new java.util.ArrayList(): null

2023-08-30 16:52:32 - [TEST_STEP][PASSED] - nameProductList.add(itemProduct.get("nameProduct")): null

2023-08-30 16:52:32 - [TEST_STEP][PASSED] - nameProductList.add(nameProduct): null

2023-08-30 16:52:32 - [TEST_STEP][PASSED] - descProductList.add(itemProduct.get("descProduct")): null

2023-08-30 16:52:32 - [TEST_STEP][PASSED] - descProductList.add(descProduct): null

2023-08-30 16:52:32 - [TEST_STEP][PASSED] - priceProductList.add(itemProduct.get("priceProduct")): null

2023-08-30 16:52:32 - [TEST_STEP][PASSED] - priceProductList.add(priceProduct): null

2023-08-30 16:52:32 - [TEST_STEP][PASSED] - itemProduct.put("listNameProduct", nameProductList): null

2023-08-30 16:52:32 - [TEST_STEP][PASSED] - itemProduct.put("listDescProduct", descProductList): null

2023-08-30 16:52:32 - [TEST_STEP][PASSED] - itemProduct.put("listPriceProduct", priceProductList): null

2023-08-30 16:52:32 - [TEST_STEP][PASSED] - click(findTestObject("Product/button add to cart pos 2")): Object: 'Object Repository/Product/button add to cart pos 2' is clicked on

2023-08-30 16:52:33 - [MESSAGE][PASSED] - Object: 'Object Repository/Product/button add to cart pos 2' is clicked on

2023-08-30 16:52:33 - [TEST_STEP][PASSED] - verifyElementPresent(findTestObject("selector for verify/button remove item pos 2"), 5): Object 'Object Repository/selector for verify/button remove item pos 2' is present

2023-08-30 16:52:34 - [MESSAGE][PASSED] - Object 'Object Repository/selector for verify/button remove item pos 2' is present

2023-08-30 16:52:34 - [TEST_STEP][PASSED] - verifyElementPresent(findTestObject("selector for verify/verify jumlah item 2 (cart)"), 5): Object 'Object Repository/selector for verify/verify jumlah item 2 (cart)' is present

2023-08-30 16:52:35 - [MESSAGE][PASSED] - Object 'Object Repository/selector for verify/verify jumlah item 2 (cart)' is present

2023-08-30 16:52:35 - [TEST_STEP][PASSED] - return itemProduct: null

2023-08-30 16:52:35 - [MESSAGE][PASSED] - Call Test Case 'Test Cases/Product/TC-Product-AddCart-002' successfully

2023-08-30 16:52:35 - [TEST_STEP][PASSED] - click(findTestObject("Checkout/cart icon")): Object: 'Object Repository/Checkout/cart icon' is clicked on

2023-08-30 16:52:36 - [MESSAGE][PASSED] - Object: 'Object Repository/Checkout/cart icon' is clicked on

2023-08-30 16:52:36 - [TEST_STEP][PASSED] - verifyElementPresent(findTestObject("Checkout/span_Your Cart"), 5): Object 'Object Repository/Checkout/span_Your Cart' is present

2023-08-30 16:52:36 - [MESSAGE][PASSED] - Object 'Object Repository/Checkout/span_Your Cart' is present

2023-08-30 16:52:36 - [TEST_STEP][PASSED] - nameCart = findWebElements(findTestObject("Object Repository/selector for verify/cart item pos 1 name"), 5): null

2023-08-30 16:52:37 - [TEST_STEP][PASSED] - descCart = findWebElements(findTestObject("Object Repository/selector for verify/cart item pos 1 desc"), 5): null

2023-08-30 16:52:38 - [TEST_STEP][PASSED] - priceCart = findWebElements(findTestObject("Object Repository/selector for verify/cart item pos 1 price"), 5): null

2023-08-30 16:52:38 - [TEST_STEP][PASSED] - nameProduct = new java.util.ArrayList(): null

2023-08-30 16:52:38 - [TEST_STEP][PASSED] - descProduct = new java.util.ArrayList(): null

2023-08-30 16:52:38 - [TEST_STEP][PASSED] - priceProduct = new java.util.ArrayList(): null

2023-08-30 16:52:38 - [TEST_STEP][PASSED] - for ([i = 0, i < nameCart.size(), (i++)]): null

2023-08-30 16:52:38 - [TEST_STEP][PASSED] - tempNameCart = text: null

2023-08-30 16:52:38 - [TEST_STEP][PASSED] - tempDescCart = text: null

2023-08-30 16:52:38 - [TEST_STEP][PASSED] - tempPriceCart = text: null

2023-08-30 16:52:38 - [TEST_STEP][PASSED] - nameProduct.add(tempNameCart): null

2023-08-30 16:52:38 - [TEST_STEP][PASSED] - descProduct.add(tempDescCart): null

2023-08-30 16:52:38 - [TEST_STEP][PASSED] - priceProduct.add(tempPriceCart): null

2023-08-30 16:52:38 - [TEST_STEP][PASSED] - tempNameCart = text: null

2023-08-30 16:52:38 - [TEST_STEP][PASSED] - tempDescCart = text: null

2023-08-30 16:52:38 - [TEST_STEP][PASSED] - tempPriceCart = text: null

2023-08-30 16:52:38 - [TEST_STEP][PASSED] - nameProduct.add(tempNameCart): null

2023-08-30 16:52:38 - [TEST_STEP][PASSED] - descProduct.add(tempDescCart): null

2023-08-30 16:52:38 - [TEST_STEP][PASSED] - priceProduct.add(tempPriceCart): null

2023-08-30 16:52:38 - [TEST_STEP][PASSED] - assert itemProduct.get("listNameProduct") == nameProduct: null

2023-08-30 16:52:38 - [TEST_STEP][PASSED] - assert itemProduct.get("listDescProduct") == descProduct: null

2023-08-30 16:52:38 - [TEST_STEP][PASSED] - assert itemProduct.get("listPriceProduct") == priceProduct: null

2023-08-30 16:52:38 - [TEST_STEP][PASSED] - return itemProduct: null

2023-08-30 16:52:38 - [MESSAGE][PASSED] - Call Test Case 'Test Cases/Keranjang/TC-Cart-Show-003' successfully

2023-08-30 16:52:38 - [TEST_STEP][PASSED] - click(findTestObject("Checkout/button_Checkout")): Object: 'Object Repository/Checkout/button_Checkout' is clicked on

2023-08-30 16:52:39 - [MESSAGE][PASSED] - Object: 'Object Repository/Checkout/button_Checkout' is clicked on

2023-08-30 16:52:39 - [TEST_STEP][PASSED] - verifyElementPresent(findTestObject("Checkout/span_Checkout Your Information"), 5): Object 'Object Repository/Checkout/span_Checkout Your Information' is present

2023-08-30 16:52:40 - [MESSAGE][PASSED] - Object 'Object Repository/Checkout/span_Checkout Your Information' is present

2023-08-30 16:52:40 - [TEST_STEP][PASSED] - setText(findTestObject("Checkout/input_Checkout Your Information_firstName"), firstName): Text 'Joko' is set on object 'Object Repository/Checkout/input_Checkout Your Information_firstName'

2023-08-30 16:52:41 - [MESSAGE][PASSED] - Text 'Joko' is set on object 'Object Repository/Checkout/input_Checkout Your Information_firstName'

2023-08-30 16:52:41 - [TEST_STEP][PASSED] - setText(findTestObject("Checkout/input_Checkout Your Information_lastName"), lastName): Text 'Widodo' is set on object 'Object Repository/Checkout/input_Checkout Your Information_lastName'

2023-08-30 16:52:42 - [MESSAGE][PASSED] - Text 'Widodo' is set on object 'Object Repository/Checkout/input_Checkout Your Information_lastName'

2023-08-30 16:52:42 - [TEST_STEP][PASSED] - setText(findTestObject("Checkout/input_Checkout Your Information_postalCode"), postalCode): Text '12345' is set on object 'Object Repository/Checkout/input_Checkout Your Information_postalCode'

2023-08-30 16:52:44 - [MESSAGE][PASSED] - Text '12345' is set on object 'Object Repository/Checkout/input_Checkout Your Information_postalCode'

2023-08-30 16:52:44 - [TEST_STEP][PASSED] - click(findTestObject("Checkout/input_Cancel_continue")): Object: 'Object Repository/Checkout/input_Cancel_continue' is clicked on

2023-08-30 16:52:45 - [MESSAGE][PASSED] - Object: 'Object Repository/Checkout/input_Cancel_continue' is clicked on

2023-08-30 16:52:45 - [TEST_STEP][PASSED] - verifyElementPresent(findTestObject("Checkout/span_Checkout Overview"), 5): Object 'Object Repository/Checkout/span_Checkout Overview' is present

2023-08-30 16:52:45 - [MESSAGE][PASSED] - Object 'Object Repository/Checkout/span_Checkout Overview' is present

2023-08-30 16:52:45 - [TEST_STEP][PASSED] - cartName = findWebElements(findTestObject("Object Repository/Checkout/overview item pos 1 name"), 5): null

2023-08-30 16:52:46 - [TEST_STEP][PASSED] - cartDesc = findWebElements(findTestObject("Object Repository/Checkout/overview item pos 1 desc"), 5): null

2023-08-30 16:52:47 - [TEST_STEP][PASSED] - cartPrice = findWebElements(findTestObject("Object Repository/Checkout/overview item pos 1 price"), 5): null

2023-08-30 16:52:47 - [TEST_STEP][PASSED] - productName = new java.util.ArrayList(): null

2023-08-30 16:52:47 - [TEST_STEP][PASSED] - productDesc = new java.util.ArrayList(): null

2023-08-30 16:52:47 - [TEST_STEP][PASSED] - productPrice = new java.util.ArrayList(): null

2023-08-30 16:52:47 - [TEST_STEP][PASSED] - for ([i = 0, i < cartName.size(), (i++)]): null

2023-08-30 16:52:47 - [TEST_STEP][PASSED] - tempProductName = text: null

2023-08-30 16:52:47 - [TEST_STEP][PASSED] - tempProductDesc = text: null

2023-08-30 16:52:47 - [TEST_STEP][PASSED] - tempProductPrice = text: null

2023-08-30 16:52:48 - [TEST_STEP][PASSED] - productName.add(tempProductName): null

2023-08-30 16:52:48 - [TEST_STEP][PASSED] - productDesc.add(tempProductDesc): null

2023-08-30 16:52:48 - [TEST_STEP][PASSED] - productPrice.add(tempProductPrice): null

2023-08-30 16:52:48 - [TEST_STEP][PASSED] - tempProductName = text: null

2023-08-30 16:52:48 - [TEST_STEP][PASSED] - tempProductDesc = text: null

2023-08-30 16:52:48 - [TEST_STEP][PASSED] - tempProductPrice = text: null

2023-08-30 16:52:48 - [TEST_STEP][PASSED] - productName.add(tempProductName): null

2023-08-30 16:52:48 - [TEST_STEP][PASSED] - productDesc.add(tempProductDesc): null

2023-08-30 16:52:48 - [TEST_STEP][PASSED] - productPrice.add(tempProductPrice): null

2023-08-30 16:52:48 - [TEST_STEP][PASSED] - assert cartItems.get("listNameProduct") == productName: null

2023-08-30 16:52:48 - [TEST_STEP][PASSED] - assert cartItems.get("listDescProduct") == productDesc: null

2023-08-30 16:52:48 - [TEST_STEP][PASSED] - assert cartItems.get("listPriceProduct") == productPrice: null

2023-08-30 16:52:48 - [TEST_STEP][PASSED] - click(findTestObject("Checkout/button_Finish")): Object: 'Object Repository/Checkout/button_Finish' is clicked on

2023-08-30 16:52:48 - [MESSAGE][PASSED] - Object: 'Object Repository/Checkout/button_Finish' is clicked on

2023-08-30 16:52:49 - [TEST_STEP][PASSED] - verifyElementPresent(findTestObject("Object Repository/Checkout/span_Checkout Complete"), 5): Object 'Object Repository/Checkout/span_Checkout Complete' is present

2023-08-30 16:52:49 - [MESSAGE][PASSED] - Object 'Object Repository/Checkout/span_Checkout Complete' is present

2023-08-30 16:52:49 - [TEST_STEP][PASSED] - verifyElementPresent(findTestObject("Object Repository/Checkout/present thankyou for your order"), 5): Object 'Object Repository/Checkout/present thankyou for your order' is present

2023-08-30 16:52:50 - [MESSAGE][PASSED] - Object 'Object Repository/Checkout/present thankyou for your order' is present]]></system-out>
         <system-err><![CDATA[]]></system-err>
      </testcase>
      <testcase name="Test Cases/Checkout/TC-Checkout-Nav-001" time="33.115" classname="Test Cases/Checkout/TC-Checkout-Nav-001" status="PASSED">
         <system-out><![CDATA[2023-08-30 16:52:50 - [TEST_CASE][PASSED] - Test Cases/Checkout/TC-Checkout-Nav-001: Test Cases/Checkout/TC-Checkout-Nav-001

2023-08-30 16:52:52 - [TEST_STEP][PASSED] - callTestCase(findTestCase("Keranjang/TC-Cart-Show-002"), [:], STOP_ON_FAILURE): Call Test Case 'Test Cases/Keranjang/TC-Cart-Show-002' successfully

2023-08-30 16:52:52 - [TEST_CASE][PASSED] - Test Cases/Keranjang/TC-Cart-Show-002: Test Cases/Keranjang/TC-Cart-Show-002

2023-08-30 16:52:52 - [TEST_STEP][PASSED] - productPage = callTestCase(findTestCase("Product/TC-Product-AddCart-001"), [:], STOP_ON_FAILURE): Call Test Case 'Test Cases/Product/TC-Product-AddCart-001' successfully

2023-08-30 16:52:52 - [TEST_CASE][PASSED] - Test Cases/Product/TC-Product-AddCart-001: Test Cases/Product/TC-Product-AddCart-001

2023-08-30 16:52:52 - [TEST_STEP][PASSED] - callTestCase(findTestCase("Product/TC-Product-Show-001"), [:], STOP_ON_FAILURE): Call Test Case 'Test Cases/Product/TC-Product-Show-001' successfully

2023-08-30 16:52:52 - [TEST_CASE][PASSED] - Test Cases/Product/TC-Product-Show-001: Test Cases/Product/TC-Product-Show-001

2023-08-30 16:52:52 - [TEST_STEP][PASSED] - callTestCase(findTestCase("Login/TC-Login-Success-001"), ["username":"standard_user", "password":"qcu24s4901FyWDTwXGr6XA=="], STOP_ON_FAILURE): Call Test Case 'Test Cases/Login/TC-Login-Success-001' successfully

2023-08-30 16:52:52 - [TEST_CASE][PASSED] - Test Cases/Login/TC-Login-Success-001: Test Cases/Login/TC-Login-Success-001

2023-08-30 16:52:52 - [TEST_STEP][PASSED] - openBrowser(webSauceDemo): Browser is opened with url: 'https://www.saucedemo.com/'

2023-08-30 16:52:52 - [MESSAGE][WARNING] - A browser is already opened. Closing browser and opening a new one

2023-08-30 16:52:54 - [MESSAGE][INFO] - Starting 'Edge Chromium' driver

2023-08-30 16:52:56 - [MESSAGE][INFO] - Action delay is set to 0 milliseconds

2023-08-30 16:53:01 - [MESSAGE][PASSED] - Browser is opened with url: 'https://www.saucedemo.com/'

2023-08-30 16:53:01 - [TEST_STEP][PASSED] - verifyElementPresent(findTestObject("Login Page Object/Swag Labs Text (tanda masuk home)"), 5): Object 'Object Repository/Login Page Object/Swag Labs Text (tanda masuk home)' is present

2023-08-30 16:53:02 - [MESSAGE][PASSED] - Object 'Object Repository/Login Page Object/Swag Labs Text (tanda masuk home)' is present

2023-08-30 16:53:02 - [TEST_STEP][PASSED] - setText(findTestObject("Login Page Object/username login"), username): Text 'standard_user' is set on object 'Object Repository/Login Page Object/username login'

2023-08-30 16:53:04 - [MESSAGE][PASSED] - Text 'standard_user' is set on object 'Object Repository/Login Page Object/username login'

2023-08-30 16:53:04 - [TEST_STEP][PASSED] - setEncryptedText(findTestObject("Login Page Object/password login"), password): Text ****** has been set on object 'Object Repository/Login Page Object/password login'

2023-08-30 16:53:06 - [MESSAGE][PASSED] - Text ****** has been set on object 'Object Repository/Login Page Object/password login'

2023-08-30 16:53:06 - [TEST_STEP][PASSED] - click(findTestObject("Login Page Object/button login")): Object: 'Object Repository/Login Page Object/button login' is clicked on

2023-08-30 16:53:07 - [MESSAGE][PASSED] - Object: 'Object Repository/Login Page Object/button login' is clicked on

2023-08-30 16:53:07 - [TEST_STEP][PASSED] - verifyElementPresent(findTestObject("Product/span_Products"), 5): Object 'Object Repository/Product/span_Products' is present

2023-08-30 16:53:08 - [MESSAGE][PASSED] - Object 'Object Repository/Product/span_Products' is present

2023-08-30 16:53:08 - [MESSAGE][PASSED] - Call Test Case 'Test Cases/Login/TC-Login-Success-001' successfully

2023-08-30 16:53:08 - [MESSAGE][PASSED] - Call Test Case 'Test Cases/Product/TC-Product-Show-001' successfully

2023-08-30 16:53:08 - [TEST_STEP][PASSED] - nameProduct = text: null

2023-08-30 16:53:08 - [TEST_STEP][PASSED] - descProduct = text: null

2023-08-30 16:53:09 - [TEST_STEP][PASSED] - priceProduct = text: null

2023-08-30 16:53:10 - [TEST_STEP][PASSED] - dataProduct = new java.util.HashMap(): null

2023-08-30 16:53:10 - [TEST_STEP][PASSED] - dataProduct.put("nameProduct", nameProduct): null

2023-08-30 16:53:10 - [TEST_STEP][PASSED] - dataProduct.put("descProduct", descProduct): null

2023-08-30 16:53:10 - [TEST_STEP][PASSED] - dataProduct.put("priceProduct", priceProduct): null

2023-08-30 16:53:10 - [TEST_STEP][PASSED] - click(findTestObject("Product/button add to cart backpack")): Object: 'Object Repository/Product/button add to cart backpack' is clicked on

2023-08-30 16:53:11 - [MESSAGE][PASSED] - Object: 'Object Repository/Product/button add to cart backpack' is clicked on

2023-08-30 16:53:11 - [TEST_STEP][PASSED] - verifyElementPresent(findTestObject("selector for verify/button remove item pos 1"), 5): Object 'Object Repository/selector for verify/button remove item pos 1' is present

2023-08-30 16:53:11 - [MESSAGE][PASSED] - Object 'Object Repository/selector for verify/button remove item pos 1' is present

2023-08-30 16:53:11 - [TEST_STEP][PASSED] - verifyElementPresent(findTestObject("selector for verify/verify jumlah item 1 (cart)"), 5): Object 'Object Repository/selector for verify/verify jumlah item 1 (cart)' is present

2023-08-30 16:53:12 - [MESSAGE][PASSED] - Object 'Object Repository/selector for verify/verify jumlah item 1 (cart)' is present

2023-08-30 16:53:12 - [TEST_STEP][PASSED] - return dataProduct: null

2023-08-30 16:53:12 - [MESSAGE][PASSED] - Call Test Case 'Test Cases/Product/TC-Product-AddCart-001' successfully

2023-08-30 16:53:12 - [TEST_STEP][PASSED] - click(findTestObject("Checkout/cart icon")): Object: 'Object Repository/Checkout/cart icon' is clicked on

2023-08-30 16:53:13 - [MESSAGE][PASSED] - Object: 'Object Repository/Checkout/cart icon' is clicked on

2023-08-30 16:53:13 - [TEST_STEP][PASSED] - verifyElementPresent(findTestObject("Checkout/span_Your Cart"), 5): Object 'Object Repository/Checkout/span_Your Cart' is present

2023-08-30 16:53:13 - [MESSAGE][PASSED] - Object 'Object Repository/Checkout/span_Your Cart' is present

2023-08-30 16:53:13 - [TEST_STEP][PASSED] - nameCart = text: null

2023-08-30 16:53:14 - [TEST_STEP][PASSED] - descCart = text: null

2023-08-30 16:53:15 - [TEST_STEP][PASSED] - priceCart = text: null

2023-08-30 16:53:15 - [TEST_STEP][PASSED] - productPage.put("nameCart", nameCart): null

2023-08-30 16:53:15 - [TEST_STEP][PASSED] - productPage.put("descCart", descCart): null

2023-08-30 16:53:15 - [TEST_STEP][PASSED] - productPage.put("priceCart", priceCart): null

2023-08-30 16:53:15 - [TEST_STEP][PASSED] - assert productPage.get("nameProduct") == nameCart: null

2023-08-30 16:53:15 - [TEST_STEP][PASSED] - assert productPage.get("priceProduct") == priceCart: null

2023-08-30 16:53:15 - [TEST_STEP][PASSED] - assert productPage.get("descProduct") == descCart: null

2023-08-30 16:53:15 - [TEST_STEP][PASSED] - return productPage: null

2023-08-30 16:53:15 - [MESSAGE][PASSED] - Call Test Case 'Test Cases/Keranjang/TC-Cart-Show-002' successfully

2023-08-30 16:53:15 - [TEST_STEP][PASSED] - click(findTestObject("Checkout/button_Checkout")): Object: 'Object Repository/Checkout/button_Checkout' is clicked on

2023-08-30 16:53:16 - [MESSAGE][PASSED] - Object: 'Object Repository/Checkout/button_Checkout' is clicked on

2023-08-30 16:53:16 - [TEST_STEP][PASSED] - verifyElementPresent(findTestObject("Checkout/span_Checkout Your Information"), 5): Object 'Object Repository/Checkout/span_Checkout Your Information' is present

2023-08-30 16:53:17 - [MESSAGE][PASSED] - Object 'Object Repository/Checkout/span_Checkout Your Information' is present

2023-08-30 16:53:17 - [TEST_STEP][PASSED] - setText(findTestObject("Checkout/input_Checkout Your Information_firstName"), firstName): Text 'rida' is set on object 'Object Repository/Checkout/input_Checkout Your Information_firstName'

2023-08-30 16:53:18 - [MESSAGE][PASSED] - Text 'rida' is set on object 'Object Repository/Checkout/input_Checkout Your Information_firstName'

2023-08-30 16:53:18 - [TEST_STEP][PASSED] - setText(findTestObject("Checkout/input_Checkout Your Information_lastName"), lastName): Text 'aridaini' is set on object 'Object Repository/Checkout/input_Checkout Your Information_lastName'

2023-08-30 16:53:19 - [MESSAGE][PASSED] - Text 'aridaini' is set on object 'Object Repository/Checkout/input_Checkout Your Information_lastName'

2023-08-30 16:53:19 - [TEST_STEP][PASSED] - setText(findTestObject("Checkout/input_Checkout Your Information_postalCode"), postalCode): Text '1018' is set on object 'Object Repository/Checkout/input_Checkout Your Information_postalCode'

2023-08-30 16:53:20 - [MESSAGE][PASSED] - Text '1018' is set on object 'Object Repository/Checkout/input_Checkout Your Information_postalCode'

2023-08-30 16:53:20 - [TEST_STEP][PASSED] - click(findTestObject("Checkout/input_Cancel_continue")): Object: 'Object Repository/Checkout/input_Cancel_continue' is clicked on

2023-08-30 16:53:21 - [MESSAGE][PASSED] - Object: 'Object Repository/Checkout/input_Cancel_continue' is clicked on

2023-08-30 16:53:21 - [TEST_STEP][PASSED] - verifyElementPresent(findTestObject("Checkout/span_Checkout Overview"), 5): Object 'Object Repository/Checkout/span_Checkout Overview' is present

2023-08-30 16:53:22 - [MESSAGE][PASSED] - Object 'Object Repository/Checkout/span_Checkout Overview' is present

2023-08-30 16:53:22 - [TEST_STEP][PASSED] - click(findTestObject("Checkout/button_Cancel")): Object: 'Object Repository/Checkout/button_Cancel' is clicked on

2023-08-30 16:53:22 - [MESSAGE][PASSED] - Object: 'Object Repository/Checkout/button_Cancel' is clicked on

2023-08-30 16:53:22 - [TEST_STEP][PASSED] - verifyElementPresent(findTestObject("Product/span_Products"), 5): Object 'Object Repository/Product/span_Products' is present

2023-08-30 16:53:23 - [MESSAGE][PASSED] - Object 'Object Repository/Product/span_Products' is present]]></system-out>
         <system-err><![CDATA[]]></system-err>
      </testcase>
      <testcase name="Test Cases/Checkout/TC-Checkout-Error-001" time="30.28" classname="Test Cases/Checkout/TC-Checkout-Error-001" status="PASSED">
         <system-out><![CDATA[2023-08-30 16:53:23 - [TEST_CASE][PASSED] - Test Cases/Checkout/TC-Checkout-Error-001: Test Cases/Checkout/TC-Checkout-Error-001

2023-08-30 16:53:24 - [TEST_STEP][PASSED] - callTestCase(findTestCase("Keranjang/TC-Cart-Show-002"), [:], STOP_ON_FAILURE): Call Test Case 'Test Cases/Keranjang/TC-Cart-Show-002' successfully

2023-08-30 16:53:24 - [TEST_CASE][PASSED] - Test Cases/Keranjang/TC-Cart-Show-002: Test Cases/Keranjang/TC-Cart-Show-002

2023-08-30 16:53:24 - [TEST_STEP][PASSED] - productPage = callTestCase(findTestCase("Product/TC-Product-AddCart-001"), [:], STOP_ON_FAILURE): Call Test Case 'Test Cases/Product/TC-Product-AddCart-001' successfully

2023-08-30 16:53:25 - [TEST_CASE][PASSED] - Test Cases/Product/TC-Product-AddCart-001: Test Cases/Product/TC-Product-AddCart-001

2023-08-30 16:53:25 - [TEST_STEP][PASSED] - callTestCase(findTestCase("Product/TC-Product-Show-001"), [:], STOP_ON_FAILURE): Call Test Case 'Test Cases/Product/TC-Product-Show-001' successfully

2023-08-30 16:53:25 - [TEST_CASE][PASSED] - Test Cases/Product/TC-Product-Show-001: Test Cases/Product/TC-Product-Show-001

2023-08-30 16:53:25 - [TEST_STEP][PASSED] - callTestCase(findTestCase("Login/TC-Login-Success-001"), ["username":"standard_user", "password":"qcu24s4901FyWDTwXGr6XA=="], STOP_ON_FAILURE): Call Test Case 'Test Cases/Login/TC-Login-Success-001' successfully

2023-08-30 16:53:25 - [TEST_CASE][PASSED] - Test Cases/Login/TC-Login-Success-001: Test Cases/Login/TC-Login-Success-001

2023-08-30 16:53:25 - [TEST_STEP][PASSED] - openBrowser(webSauceDemo): Browser is opened with url: 'https://www.saucedemo.com/'

2023-08-30 16:53:25 - [MESSAGE][WARNING] - A browser is already opened. Closing browser and opening a new one

2023-08-30 16:53:26 - [MESSAGE][INFO] - Starting 'Edge Chromium' driver

2023-08-30 16:53:28 - [MESSAGE][INFO] - Action delay is set to 0 milliseconds

2023-08-30 16:53:33 - [MESSAGE][PASSED] - Browser is opened with url: 'https://www.saucedemo.com/'

2023-08-30 16:53:33 - [TEST_STEP][PASSED] - verifyElementPresent(findTestObject("Login Page Object/Swag Labs Text (tanda masuk home)"), 5): Object 'Object Repository/Login Page Object/Swag Labs Text (tanda masuk home)' is present

2023-08-30 16:53:34 - [MESSAGE][PASSED] - Object 'Object Repository/Login Page Object/Swag Labs Text (tanda masuk home)' is present

2023-08-30 16:53:34 - [TEST_STEP][PASSED] - setText(findTestObject("Login Page Object/username login"), username): Text 'standard_user' is set on object 'Object Repository/Login Page Object/username login'

2023-08-30 16:53:36 - [MESSAGE][PASSED] - Text 'standard_user' is set on object 'Object Repository/Login Page Object/username login'

2023-08-30 16:53:36 - [TEST_STEP][PASSED] - setEncryptedText(findTestObject("Login Page Object/password login"), password): Text ****** has been set on object 'Object Repository/Login Page Object/password login'

2023-08-30 16:53:37 - [MESSAGE][PASSED] - Text ****** has been set on object 'Object Repository/Login Page Object/password login'

2023-08-30 16:53:37 - [TEST_STEP][PASSED] - click(findTestObject("Login Page Object/button login")): Object: 'Object Repository/Login Page Object/button login' is clicked on

2023-08-30 16:53:39 - [MESSAGE][PASSED] - Object: 'Object Repository/Login Page Object/button login' is clicked on

2023-08-30 16:53:39 - [TEST_STEP][PASSED] - verifyElementPresent(findTestObject("Product/span_Products"), 5): Object 'Object Repository/Product/span_Products' is present

2023-08-30 16:53:40 - [MESSAGE][PASSED] - Object 'Object Repository/Product/span_Products' is present

2023-08-30 16:53:40 - [MESSAGE][PASSED] - Call Test Case 'Test Cases/Login/TC-Login-Success-001' successfully

2023-08-30 16:53:40 - [MESSAGE][PASSED] - Call Test Case 'Test Cases/Product/TC-Product-Show-001' successfully

2023-08-30 16:53:40 - [TEST_STEP][PASSED] - nameProduct = text: null

2023-08-30 16:53:41 - [TEST_STEP][PASSED] - descProduct = text: null

2023-08-30 16:53:41 - [TEST_STEP][PASSED] - priceProduct = text: null

2023-08-30 16:53:42 - [TEST_STEP][PASSED] - dataProduct = new java.util.HashMap(): null

2023-08-30 16:53:42 - [TEST_STEP][PASSED] - dataProduct.put("nameProduct", nameProduct): null

2023-08-30 16:53:42 - [TEST_STEP][PASSED] - dataProduct.put("descProduct", descProduct): null

2023-08-30 16:53:42 - [TEST_STEP][PASSED] - dataProduct.put("priceProduct", priceProduct): null

2023-08-30 16:53:42 - [TEST_STEP][PASSED] - click(findTestObject("Product/button add to cart backpack")): Object: 'Object Repository/Product/button add to cart backpack' is clicked on

2023-08-30 16:53:44 - [MESSAGE][PASSED] - Object: 'Object Repository/Product/button add to cart backpack' is clicked on

2023-08-30 16:53:44 - [TEST_STEP][PASSED] - verifyElementPresent(findTestObject("selector for verify/button remove item pos 1"), 5): Object 'Object Repository/selector for verify/button remove item pos 1' is present

2023-08-30 16:53:44 - [MESSAGE][PASSED] - Object 'Object Repository/selector for verify/button remove item pos 1' is present

2023-08-30 16:53:44 - [TEST_STEP][PASSED] - verifyElementPresent(findTestObject("selector for verify/verify jumlah item 1 (cart)"), 5): Object 'Object Repository/selector for verify/verify jumlah item 1 (cart)' is present

2023-08-30 16:53:45 - [MESSAGE][PASSED] - Object 'Object Repository/selector for verify/verify jumlah item 1 (cart)' is present

2023-08-30 16:53:45 - [TEST_STEP][PASSED] - return dataProduct: null

2023-08-30 16:53:45 - [MESSAGE][PASSED] - Call Test Case 'Test Cases/Product/TC-Product-AddCart-001' successfully

2023-08-30 16:53:45 - [TEST_STEP][PASSED] - click(findTestObject("Checkout/cart icon")): Object: 'Object Repository/Checkout/cart icon' is clicked on

2023-08-30 16:53:46 - [MESSAGE][PASSED] - Object: 'Object Repository/Checkout/cart icon' is clicked on

2023-08-30 16:53:46 - [TEST_STEP][PASSED] - verifyElementPresent(findTestObject("Checkout/span_Your Cart"), 5): Object 'Object Repository/Checkout/span_Your Cart' is present

2023-08-30 16:53:46 - [MESSAGE][PASSED] - Object 'Object Repository/Checkout/span_Your Cart' is present

2023-08-30 16:53:46 - [TEST_STEP][PASSED] - nameCart = text: null

2023-08-30 16:53:47 - [TEST_STEP][PASSED] - descCart = text: null

2023-08-30 16:53:47 - [TEST_STEP][PASSED] - priceCart = text: null

2023-08-30 16:53:48 - [TEST_STEP][PASSED] - productPage.put("nameCart", nameCart): null

2023-08-30 16:53:48 - [TEST_STEP][PASSED] - productPage.put("descCart", descCart): null

2023-08-30 16:53:48 - [TEST_STEP][PASSED] - productPage.put("priceCart", priceCart): null

2023-08-30 16:53:48 - [TEST_STEP][PASSED] - assert productPage.get("nameProduct") == nameCart: null

2023-08-30 16:53:48 - [TEST_STEP][PASSED] - assert productPage.get("priceProduct") == priceCart: null

2023-08-30 16:53:48 - [TEST_STEP][PASSED] - assert productPage.get("descProduct") == descCart: null

2023-08-30 16:53:48 - [TEST_STEP][PASSED] - return productPage: null

2023-08-30 16:53:48 - [MESSAGE][PASSED] - Call Test Case 'Test Cases/Keranjang/TC-Cart-Show-002' successfully

2023-08-30 16:53:48 - [TEST_STEP][PASSED] - click(findTestObject("Checkout/button_Checkout")): Object: 'Object Repository/Checkout/button_Checkout' is clicked on

2023-08-30 16:53:49 - [MESSAGE][PASSED] - Object: 'Object Repository/Checkout/button_Checkout' is clicked on

2023-08-30 16:53:49 - [TEST_STEP][PASSED] - verifyElementPresent(findTestObject("Checkout/span_Checkout Your Information"), 5): Object 'Object Repository/Checkout/span_Checkout Your Information' is present

2023-08-30 16:53:50 - [MESSAGE][PASSED] - Object 'Object Repository/Checkout/span_Checkout Your Information' is present

2023-08-30 16:53:50 - [TEST_STEP][PASSED] - setText(findTestObject("Checkout/input_Checkout Your Information_lastName"), lastName): Text 'Alvian' is set on object 'Object Repository/Checkout/input_Checkout Your Information_lastName'

2023-08-30 16:53:51 - [MESSAGE][PASSED] - Text 'Alvian' is set on object 'Object Repository/Checkout/input_Checkout Your Information_lastName'

2023-08-30 16:53:51 - [TEST_STEP][PASSED] - setText(findTestObject("Checkout/input_Checkout Your Information_postalCode"), postalCode): Text '34192' is set on object 'Object Repository/Checkout/input_Checkout Your Information_postalCode'

2023-08-30 16:53:52 - [MESSAGE][PASSED] - Text '34192' is set on object 'Object Repository/Checkout/input_Checkout Your Information_postalCode'

2023-08-30 16:53:52 - [TEST_STEP][PASSED] - click(findTestObject("Checkout/input_Cancel_continue")): Object: 'Object Repository/Checkout/input_Cancel_continue' is clicked on

2023-08-30 16:53:53 - [MESSAGE][PASSED] - Object: 'Object Repository/Checkout/input_Cancel_continue' is clicked on

2023-08-30 16:53:53 - [TEST_STEP][PASSED] - verifyElementPresent(findTestObject("Error message/Overview/Error First Name is required"), 5): Object 'Object Repository/Error message/Overview/Error First Name is required' is present

2023-08-30 16:53:53 - [MESSAGE][PASSED] - Object 'Object Repository/Error message/Overview/Error First Name is required' is present]]></system-out>
         <system-err><![CDATA[]]></system-err>
      </testcase>
      <testcase name="Test Cases/Checkout/TC-Checkout-Error-002" time="30.773" classname="Test Cases/Checkout/TC-Checkout-Error-002" status="PASSED">
         <system-out><![CDATA[2023-08-30 16:53:53 - [TEST_CASE][PASSED] - Test Cases/Checkout/TC-Checkout-Error-002: Test Cases/Checkout/TC-Checkout-Error-002

2023-08-30 16:53:55 - [TEST_STEP][PASSED] - callTestCase(findTestCase("Keranjang/TC-Cart-Show-002"), [:], STOP_ON_FAILURE): Call Test Case 'Test Cases/Keranjang/TC-Cart-Show-002' successfully

2023-08-30 16:53:55 - [TEST_CASE][PASSED] - Test Cases/Keranjang/TC-Cart-Show-002: Test Cases/Keranjang/TC-Cart-Show-002

2023-08-30 16:53:55 - [TEST_STEP][PASSED] - productPage = callTestCase(findTestCase("Product/TC-Product-AddCart-001"), [:], STOP_ON_FAILURE): Call Test Case 'Test Cases/Product/TC-Product-AddCart-001' successfully

2023-08-30 16:53:56 - [TEST_CASE][PASSED] - Test Cases/Product/TC-Product-AddCart-001: Test Cases/Product/TC-Product-AddCart-001

2023-08-30 16:53:56 - [TEST_STEP][PASSED] - callTestCase(findTestCase("Product/TC-Product-Show-001"), [:], STOP_ON_FAILURE): Call Test Case 'Test Cases/Product/TC-Product-Show-001' successfully

2023-08-30 16:53:56 - [TEST_CASE][PASSED] - Test Cases/Product/TC-Product-Show-001: Test Cases/Product/TC-Product-Show-001

2023-08-30 16:53:56 - [TEST_STEP][PASSED] - callTestCase(findTestCase("Login/TC-Login-Success-001"), ["username":"standard_user", "password":"qcu24s4901FyWDTwXGr6XA=="], STOP_ON_FAILURE): Call Test Case 'Test Cases/Login/TC-Login-Success-001' successfully

2023-08-30 16:53:56 - [TEST_CASE][PASSED] - Test Cases/Login/TC-Login-Success-001: Test Cases/Login/TC-Login-Success-001

2023-08-30 16:53:56 - [TEST_STEP][PASSED] - openBrowser(webSauceDemo): Browser is opened with url: 'https://www.saucedemo.com/'

2023-08-30 16:53:56 - [MESSAGE][WARNING] - A browser is already opened. Closing browser and opening a new one

2023-08-30 16:53:57 - [MESSAGE][INFO] - Starting 'Edge Chromium' driver

2023-08-30 16:53:59 - [MESSAGE][INFO] - Action delay is set to 0 milliseconds

2023-08-30 16:54:05 - [MESSAGE][PASSED] - Browser is opened with url: 'https://www.saucedemo.com/'

2023-08-30 16:54:05 - [TEST_STEP][PASSED] - verifyElementPresent(findTestObject("Login Page Object/Swag Labs Text (tanda masuk home)"), 5): Object 'Object Repository/Login Page Object/Swag Labs Text (tanda masuk home)' is present

2023-08-30 16:54:06 - [MESSAGE][PASSED] - Object 'Object Repository/Login Page Object/Swag Labs Text (tanda masuk home)' is present

2023-08-30 16:54:06 - [TEST_STEP][PASSED] - setText(findTestObject("Login Page Object/username login"), username): Text 'standard_user' is set on object 'Object Repository/Login Page Object/username login'

2023-08-30 16:54:07 - [MESSAGE][PASSED] - Text 'standard_user' is set on object 'Object Repository/Login Page Object/username login'

2023-08-30 16:54:07 - [TEST_STEP][PASSED] - setEncryptedText(findTestObject("Login Page Object/password login"), password): Text ****** has been set on object 'Object Repository/Login Page Object/password login'

2023-08-30 16:54:08 - [MESSAGE][PASSED] - Text ****** has been set on object 'Object Repository/Login Page Object/password login'

2023-08-30 16:54:08 - [TEST_STEP][PASSED] - click(findTestObject("Login Page Object/button login")): Object: 'Object Repository/Login Page Object/button login' is clicked on

2023-08-30 16:54:09 - [MESSAGE][PASSED] - Object: 'Object Repository/Login Page Object/button login' is clicked on

2023-08-30 16:54:09 - [TEST_STEP][PASSED] - verifyElementPresent(findTestObject("Product/span_Products"), 5): Object 'Object Repository/Product/span_Products' is present

2023-08-30 16:54:10 - [MESSAGE][PASSED] - Object 'Object Repository/Product/span_Products' is present

2023-08-30 16:54:10 - [MESSAGE][PASSED] - Call Test Case 'Test Cases/Login/TC-Login-Success-001' successfully

2023-08-30 16:54:10 - [MESSAGE][PASSED] - Call Test Case 'Test Cases/Product/TC-Product-Show-001' successfully

2023-08-30 16:54:10 - [TEST_STEP][PASSED] - nameProduct = text: null

2023-08-30 16:54:11 - [TEST_STEP][PASSED] - descProduct = text: null

2023-08-30 16:54:12 - [TEST_STEP][PASSED] - priceProduct = text: null

2023-08-30 16:54:13 - [TEST_STEP][PASSED] - dataProduct = new java.util.HashMap(): null

2023-08-30 16:54:13 - [TEST_STEP][PASSED] - dataProduct.put("nameProduct", nameProduct): null

2023-08-30 16:54:13 - [TEST_STEP][PASSED] - dataProduct.put("descProduct", descProduct): null

2023-08-30 16:54:13 - [TEST_STEP][PASSED] - dataProduct.put("priceProduct", priceProduct): null

2023-08-30 16:54:13 - [TEST_STEP][PASSED] - click(findTestObject("Product/button add to cart backpack")): Object: 'Object Repository/Product/button add to cart backpack' is clicked on

2023-08-30 16:54:14 - [MESSAGE][PASSED] - Object: 'Object Repository/Product/button add to cart backpack' is clicked on

2023-08-30 16:54:14 - [TEST_STEP][PASSED] - verifyElementPresent(findTestObject("selector for verify/button remove item pos 1"), 5): Object 'Object Repository/selector for verify/button remove item pos 1' is present

2023-08-30 16:54:15 - [MESSAGE][PASSED] - Object 'Object Repository/selector for verify/button remove item pos 1' is present

2023-08-30 16:54:15 - [TEST_STEP][PASSED] - verifyElementPresent(findTestObject("selector for verify/verify jumlah item 1 (cart)"), 5): Object 'Object Repository/selector for verify/verify jumlah item 1 (cart)' is present

2023-08-30 16:54:16 - [MESSAGE][PASSED] - Object 'Object Repository/selector for verify/verify jumlah item 1 (cart)' is present

2023-08-30 16:54:16 - [TEST_STEP][PASSED] - return dataProduct: null

2023-08-30 16:54:16 - [MESSAGE][PASSED] - Call Test Case 'Test Cases/Product/TC-Product-AddCart-001' successfully

2023-08-30 16:54:16 - [TEST_STEP][PASSED] - click(findTestObject("Checkout/cart icon")): Object: 'Object Repository/Checkout/cart icon' is clicked on

2023-08-30 16:54:17 - [MESSAGE][PASSED] - Object: 'Object Repository/Checkout/cart icon' is clicked on

2023-08-30 16:54:17 - [TEST_STEP][PASSED] - verifyElementPresent(findTestObject("Checkout/span_Your Cart"), 5): Object 'Object Repository/Checkout/span_Your Cart' is present

2023-08-30 16:54:17 - [MESSAGE][PASSED] - Object 'Object Repository/Checkout/span_Your Cart' is present

2023-08-30 16:54:17 - [TEST_STEP][PASSED] - nameCart = text: null

2023-08-30 16:54:18 - [TEST_STEP][PASSED] - descCart = text: null

2023-08-30 16:54:18 - [TEST_STEP][PASSED] - priceCart = text: null

2023-08-30 16:54:19 - [TEST_STEP][PASSED] - productPage.put("nameCart", nameCart): null

2023-08-30 16:54:19 - [TEST_STEP][PASSED] - productPage.put("descCart", descCart): null

2023-08-30 16:54:19 - [TEST_STEP][PASSED] - productPage.put("priceCart", priceCart): null

2023-08-30 16:54:19 - [TEST_STEP][PASSED] - assert productPage.get("nameProduct") == nameCart: null

2023-08-30 16:54:19 - [TEST_STEP][PASSED] - assert productPage.get("priceProduct") == priceCart: null

2023-08-30 16:54:19 - [TEST_STEP][PASSED] - assert productPage.get("descProduct") == descCart: null

2023-08-30 16:54:19 - [TEST_STEP][PASSED] - return productPage: null

2023-08-30 16:54:19 - [MESSAGE][PASSED] - Call Test Case 'Test Cases/Keranjang/TC-Cart-Show-002' successfully

2023-08-30 16:54:19 - [TEST_STEP][PASSED] - click(findTestObject("Checkout/button_Checkout")): Object: 'Object Repository/Checkout/button_Checkout' is clicked on

2023-08-30 16:54:20 - [MESSAGE][PASSED] - Object: 'Object Repository/Checkout/button_Checkout' is clicked on

2023-08-30 16:54:20 - [TEST_STEP][PASSED] - setText(findTestObject("Checkout/input_Checkout Your Information_firstName"), firstName): Text 'Joko' is set on object 'Object Repository/Checkout/input_Checkout Your Information_firstName'

2023-08-30 16:54:22 - [MESSAGE][PASSED] - Text 'Joko' is set on object 'Object Repository/Checkout/input_Checkout Your Information_firstName'

2023-08-30 16:54:22 - [TEST_STEP][PASSED] - setText(findTestObject("Checkout/input_Checkout Your Information_postalCode"), postalCode): Text '12345' is set on object 'Object Repository/Checkout/input_Checkout Your Information_postalCode'

2023-08-30 16:54:23 - [MESSAGE][PASSED] - Text '12345' is set on object 'Object Repository/Checkout/input_Checkout Your Information_postalCode'

2023-08-30 16:54:23 - [TEST_STEP][PASSED] - click(findTestObject("Checkout/input_Cancel_continue")): Object: 'Object Repository/Checkout/input_Cancel_continue' is clicked on

2023-08-30 16:54:23 - [MESSAGE][PASSED] - Object: 'Object Repository/Checkout/input_Cancel_continue' is clicked on

2023-08-30 16:54:23 - [TEST_STEP][PASSED] - verifyElementPresent(findTestObject("Error message/Overview/Error Last Name is required"), 5): Object 'Object Repository/Error message/Overview/Error Last Name is required' is present

2023-08-30 16:54:24 - [MESSAGE][PASSED] - Object 'Object Repository/Error message/Overview/Error Last Name is required' is present]]></system-out>
         <system-err><![CDATA[]]></system-err>
      </testcase>
      <testcase name="Test Cases/Checkout/TC-Checkout-Error-003" time="28.059" classname="Test Cases/Checkout/TC-Checkout-Error-003" status="PASSED">
         <system-out><![CDATA[2023-08-30 16:54:33 - [TEST_CASE][PASSED] - Test Cases/Checkout/TC-Checkout-Error-003: Test Cases/Checkout/TC-Checkout-Error-003

2023-08-30 16:54:33 - [TEST_STEP][PASSED] - callTestCase(findTestCase("Keranjang/TC-Cart-Show-002"), [:], STOP_ON_FAILURE): Call Test Case 'Test Cases/Keranjang/TC-Cart-Show-002' successfully

2023-08-30 16:54:34 - [TEST_CASE][PASSED] - Test Cases/Keranjang/TC-Cart-Show-002: Test Cases/Keranjang/TC-Cart-Show-002

2023-08-30 16:54:34 - [TEST_STEP][PASSED] - productPage = callTestCase(findTestCase("Product/TC-Product-AddCart-001"), [:], STOP_ON_FAILURE): Call Test Case 'Test Cases/Product/TC-Product-AddCart-001' successfully

2023-08-30 16:54:34 - [TEST_CASE][PASSED] - Test Cases/Product/TC-Product-AddCart-001: Test Cases/Product/TC-Product-AddCart-001

2023-08-30 16:54:34 - [TEST_STEP][PASSED] - callTestCase(findTestCase("Product/TC-Product-Show-001"), [:], STOP_ON_FAILURE): Call Test Case 'Test Cases/Product/TC-Product-Show-001' successfully

2023-08-30 16:54:34 - [TEST_CASE][PASSED] - Test Cases/Product/TC-Product-Show-001: Test Cases/Product/TC-Product-Show-001

2023-08-30 16:54:34 - [TEST_STEP][PASSED] - callTestCase(findTestCase("Login/TC-Login-Success-001"), ["username":"standard_user", "password":"qcu24s4901FyWDTwXGr6XA=="], STOP_ON_FAILURE): Call Test Case 'Test Cases/Login/TC-Login-Success-001' successfully

2023-08-30 16:54:34 - [TEST_CASE][PASSED] - Test Cases/Login/TC-Login-Success-001: Test Cases/Login/TC-Login-Success-001

2023-08-30 16:54:34 - [TEST_STEP][PASSED] - openBrowser(webSauceDemo): Browser is opened with url: 'https://www.saucedemo.com/'

2023-08-30 16:54:34 - [MESSAGE][INFO] - Starting 'Edge Chromium' driver

2023-08-30 16:54:34 - [MESSAGE][INFO] - Action delay is set to 0 milliseconds

2023-08-30 16:54:39 - [MESSAGE][PASSED] - Browser is opened with url: 'https://www.saucedemo.com/'

2023-08-30 16:54:39 - [TEST_STEP][PASSED] - verifyElementPresent(findTestObject("Login Page Object/Swag Labs Text (tanda masuk home)"), 5): Object 'Object Repository/Login Page Object/Swag Labs Text (tanda masuk home)' is present

2023-08-30 16:54:41 - [MESSAGE][PASSED] - Object 'Object Repository/Login Page Object/Swag Labs Text (tanda masuk home)' is present

2023-08-30 16:54:41 - [TEST_STEP][PASSED] - setText(findTestObject("Login Page Object/username login"), username): Text 'standard_user' is set on object 'Object Repository/Login Page Object/username login'

2023-08-30 16:54:45 - [MESSAGE][PASSED] - Text 'standard_user' is set on object 'Object Repository/Login Page Object/username login'

2023-08-30 16:54:45 - [TEST_STEP][PASSED] - setEncryptedText(findTestObject("Login Page Object/password login"), password): Text ****** has been set on object 'Object Repository/Login Page Object/password login'

2023-08-30 16:54:47 - [MESSAGE][PASSED] - Text ****** has been set on object 'Object Repository/Login Page Object/password login'

2023-08-30 16:54:47 - [TEST_STEP][PASSED] - click(findTestObject("Login Page Object/button login")): Object: 'Object Repository/Login Page Object/button login' is clicked on

2023-08-30 16:54:48 - [MESSAGE][PASSED] - Object: 'Object Repository/Login Page Object/button login' is clicked on

2023-08-30 16:54:48 - [TEST_STEP][PASSED] - verifyElementPresent(findTestObject("Product/span_Products"), 5): Object 'Object Repository/Product/span_Products' is present

2023-08-30 16:54:49 - [MESSAGE][PASSED] - Object 'Object Repository/Product/span_Products' is present

2023-08-30 16:54:49 - [MESSAGE][PASSED] - Call Test Case 'Test Cases/Login/TC-Login-Success-001' successfully

2023-08-30 16:54:49 - [MESSAGE][PASSED] - Call Test Case 'Test Cases/Product/TC-Product-Show-001' successfully

2023-08-30 16:54:49 - [TEST_STEP][PASSED] - nameProduct = text: null

2023-08-30 16:54:50 - [TEST_STEP][PASSED] - descProduct = text: null

2023-08-30 16:54:51 - [TEST_STEP][PASSED] - priceProduct = text: null

2023-08-30 16:54:51 - [TEST_STEP][PASSED] - dataProduct = new java.util.HashMap(): null

2023-08-30 16:54:51 - [TEST_STEP][PASSED] - dataProduct.put("nameProduct", nameProduct): null

2023-08-30 16:54:51 - [TEST_STEP][PASSED] - dataProduct.put("descProduct", descProduct): null

2023-08-30 16:54:51 - [TEST_STEP][PASSED] - dataProduct.put("priceProduct", priceProduct): null

2023-08-30 16:54:51 - [TEST_STEP][PASSED] - click(findTestObject("Product/button add to cart backpack")): Object: 'Object Repository/Product/button add to cart backpack' is clicked on

2023-08-30 16:54:52 - [MESSAGE][PASSED] - Object: 'Object Repository/Product/button add to cart backpack' is clicked on

2023-08-30 16:54:52 - [TEST_STEP][PASSED] - verifyElementPresent(findTestObject("selector for verify/button remove item pos 1"), 5): Object 'Object Repository/selector for verify/button remove item pos 1' is present

2023-08-30 16:54:53 - [MESSAGE][PASSED] - Object 'Object Repository/selector for verify/button remove item pos 1' is present

2023-08-30 16:54:53 - [TEST_STEP][PASSED] - verifyElementPresent(findTestObject("selector for verify/verify jumlah item 1 (cart)"), 5): Object 'Object Repository/selector for verify/verify jumlah item 1 (cart)' is present

2023-08-30 16:54:53 - [MESSAGE][PASSED] - Object 'Object Repository/selector for verify/verify jumlah item 1 (cart)' is present

2023-08-30 16:54:53 - [TEST_STEP][PASSED] - return dataProduct: null

2023-08-30 16:54:53 - [MESSAGE][PASSED] - Call Test Case 'Test Cases/Product/TC-Product-AddCart-001' successfully

2023-08-30 16:54:53 - [TEST_STEP][PASSED] - click(findTestObject("Checkout/cart icon")): Object: 'Object Repository/Checkout/cart icon' is clicked on

2023-08-30 16:54:54 - [MESSAGE][PASSED] - Object: 'Object Repository/Checkout/cart icon' is clicked on

2023-08-30 16:54:54 - [TEST_STEP][PASSED] - verifyElementPresent(findTestObject("Checkout/span_Your Cart"), 5): Object 'Object Repository/Checkout/span_Your Cart' is present

2023-08-30 16:54:55 - [MESSAGE][PASSED] - Object 'Object Repository/Checkout/span_Your Cart' is present

2023-08-30 16:54:55 - [TEST_STEP][PASSED] - nameCart = text: null

2023-08-30 16:54:56 - [TEST_STEP][PASSED] - descCart = text: null

2023-08-30 16:54:56 - [TEST_STEP][PASSED] - priceCart = text: null

2023-08-30 16:54:57 - [TEST_STEP][PASSED] - productPage.put("nameCart", nameCart): null

2023-08-30 16:54:57 - [TEST_STEP][PASSED] - productPage.put("descCart", descCart): null

2023-08-30 16:54:57 - [TEST_STEP][PASSED] - productPage.put("priceCart", priceCart): null

2023-08-30 16:54:57 - [TEST_STEP][PASSED] - assert productPage.get("nameProduct") == nameCart: null

2023-08-30 16:54:57 - [TEST_STEP][PASSED] - assert productPage.get("priceProduct") == priceCart: null

2023-08-30 16:54:57 - [TEST_STEP][PASSED] - assert productPage.get("descProduct") == descCart: null

2023-08-30 16:54:57 - [TEST_STEP][PASSED] - return productPage: null

2023-08-30 16:54:57 - [MESSAGE][PASSED] - Call Test Case 'Test Cases/Keranjang/TC-Cart-Show-002' successfully

2023-08-30 16:54:57 - [TEST_STEP][PASSED] - click(findTestObject("Checkout/button_Checkout")): Object: 'Object Repository/Checkout/button_Checkout' is clicked on

2023-08-30 16:54:57 - [MESSAGE][PASSED] - Object: 'Object Repository/Checkout/button_Checkout' is clicked on

2023-08-30 16:54:57 - [TEST_STEP][PASSED] - setText(findTestObject("Checkout/input_Checkout Your Information_firstName"), firstName): Text 'friska' is set on object 'Object Repository/Checkout/input_Checkout Your Information_firstName'

2023-08-30 16:54:59 - [MESSAGE][PASSED] - Text 'friska' is set on object 'Object Repository/Checkout/input_Checkout Your Information_firstName'

2023-08-30 16:54:59 - [TEST_STEP][PASSED] - setText(findTestObject("Checkout/input_Checkout Your Information_lastName"), lastName): Text 'alafanda' is set on object 'Object Repository/Checkout/input_Checkout Your Information_lastName'

2023-08-30 16:55:00 - [MESSAGE][PASSED] - Text 'alafanda' is set on object 'Object Repository/Checkout/input_Checkout Your Information_lastName'

2023-08-30 16:55:00 - [TEST_STEP][PASSED] - click(findTestObject("Checkout/input_Cancel_continue")): Object: 'Object Repository/Checkout/input_Cancel_continue' is clicked on

2023-08-30 16:55:01 - [MESSAGE][PASSED] - Object: 'Object Repository/Checkout/input_Cancel_continue' is clicked on

2023-08-30 16:55:01 - [TEST_STEP][PASSED] - verifyElementPresent(findTestObject("Error message/Overview/Error Postal Code is required"), 5): Object 'Object Repository/Error message/Overview/Error Postal Code is required' is present

2023-08-30 16:55:01 - [MESSAGE][PASSED] - Object 'Object Repository/Error message/Overview/Error Postal Code is required' is present]]></system-out>
         <system-err><![CDATA[]]></system-err>
      </testcase>
      <system-out><![CDATA[2023-08-30 16:51:02 - [TEST_SUITE][FAILED] - Checkout Story Test Suite: Test Cases/Checkout/TC-Checkout-Error-003 FAILED.
Reason:
com.kms.katalon.core.exception.StepFailedException: Call Test Case 'Test Cases/Keranjang/TC-Cart-Show-002' failed
	at com.kms.katalon.core.keyword.builtin.CallTestCaseKeyword$_callTestCase_closure1.doCall(CallTestCaseKeyword.groovy:63)
	at com.kms.katalon.core.keyword.builtin.CallTestCaseKeyword$_callTestCase_closure1.call(CallTestCaseKeyword.groovy)
	at com.kms.katalon.core.keyword.internal.KeywordMain.runKeyword(KeywordMain.groovy:75)
	at com.kms.katalon.core.keyword.builtin.CallTestCaseKeyword.callTestCase(CallTestCaseKeyword.groovy:81)
	at com.kms.katalon.core.keyword.builtin.CallTestCaseKeyword.execute(CallTestCaseKeyword.groovy:44)
	at com.kms.katalon.core.keyword.internal.KeywordExecutor.executeKeywordForPlatform(KeywordExecutor.groovy:74)
	at com.kms.katalon.core.keyword.BuiltinKeywords.callTestCase(BuiltinKeywords.groovy:310)
	at TC-Checkout-Error-003.run(TC-Checkout-Error-003:20)
	at com.kms.katalon.core.main.ScriptEngine.run(ScriptEngine.java:194)
	at com.kms.katalon.core.main.ScriptEngine.runScriptAsRawText(ScriptEngine.java:119)
	at com.kms.katalon.core.main.TestCaseExecutor.runScript(TestCaseExecutor.java:448)
	at com.kms.katalon.core.main.TestCaseExecutor.doExecute(TestCaseExecutor.java:439)
	at com.kms.katalon.core.main.TestCaseExecutor.processExecutionPhase(TestCaseExecutor.java:418)
	at com.kms.katalon.core.main.TestCaseExecutor.accessMainPhase(TestCaseExecutor.java:410)
	at com.kms.katalon.core.main.TestCaseExecutor.execute(TestCaseExecutor.java:285)
	at com.kms.katalon.core.common.CommonExecutor.accessTestCaseMainPhase(CommonExecutor.java:65)
	at com.kms.katalon.core.main.TestSuiteExecutor.accessTestSuiteMainPhase(TestSuiteExecutor.java:148)
	at com.kms.katalon.core.main.TestSuiteExecutor.execute(TestSuiteExecutor.java:106)
	at com.kms.katalon.core.main.TestCaseMain.startTestSuite(TestCaseMain.java:187)
	at com.kms.katalon.core.main.TestCaseMain$startTestSuite$0.call(Unknown Source)
	at TempTestSuite1693389041272.run(TempTestSuite1693389041272.groovy:36)
Caused by: com.kms.katalon.core.exception.StepFailedException: Call Test Case 'Test Cases/Product/TC-Product-AddCart-001' failed
	at com.kms.katalon.core.keyword.builtin.CallTestCaseKeyword$_callTestCase_closure1.doCall(CallTestCaseKeyword.groovy:63)
	at com.kms.katalon.core.keyword.builtin.CallTestCaseKeyword$_callTestCase_closure1.call(CallTestCaseKeyword.groovy)
	at com.kms.katalon.core.keyword.internal.KeywordMain.runKeyword(KeywordMain.groovy:75)
	at com.kms.katalon.core.keyword.builtin.CallTestCaseKeyword.callTestCase(CallTestCaseKeyword.groovy:81)
	at com.kms.katalon.core.keyword.builtin.CallTestCaseKeyword.execute(CallTestCaseKeyword.groovy:44)
	at com.kms.katalon.core.keyword.internal.KeywordExecutor.executeKeywordForPlatform(KeywordExecutor.groovy:74)
	at com.kms.katalon.core.keyword.BuiltinKeywords.callTestCase(BuiltinKeywords.groovy:310)
	at TC-Cart-Show-002.run(TC-Cart-Show-002:20)
	at com.kms.katalon.core.main.ScriptEngine.run(ScriptEngine.java:194)
	at com.kms.katalon.core.main.ScriptEngine.runScriptAsRawText(ScriptEngine.java:119)
	at com.kms.katalon.core.main.TestCaseExecutor.runScript(TestCaseExecutor.java:448)
	at com.kms.katalon.core.main.TestCaseExecutor.doExecute(TestCaseExecutor.java:439)
	at com.kms.katalon.core.main.TestCaseExecutor.processExecutionPhase(TestCaseExecutor.java:418)
	at com.kms.katalon.core.main.TestCaseExecutor.accessMainPhase(TestCaseExecutor.java:410)
	at com.kms.katalon.core.main.TestCaseExecutor.execute(TestCaseExecutor.java:285)
	at com.kms.katalon.core.main.TestCaseMain.runTestCase(TestCaseMain.java:144)
	at com.kms.katalon.core.keyword.builtin.CallTestCaseKeyword$_callTestCase_closure1.doCall(CallTestCaseKeyword.groovy:59)
	... 20 more
Caused by: com.kms.katalon.core.exception.StepFailedException: Call Test Case 'Test Cases/Product/TC-Product-Show-001' failed
	at com.kms.katalon.core.keyword.builtin.CallTestCaseKeyword$_callTestCase_closure1.doCall(CallTestCaseKeyword.groovy:63)
	at com.kms.katalon.core.keyword.builtin.CallTestCaseKeyword$_callTestCase_closure1.call(CallTestCaseKeyword.groovy)
	at com.kms.katalon.core.keyword.internal.KeywordMain.runKeyword(KeywordMain.groovy:75)
	at com.kms.katalon.core.keyword.builtin.CallTestCaseKeyword.callTestCase(CallTestCaseKeyword.groovy:81)
	at com.kms.katalon.core.keyword.builtin.CallTestCaseKeyword.execute(CallTestCaseKeyword.groovy:44)
	at com.kms.katalon.core.keyword.internal.KeywordExecutor.executeKeywordForPlatform(KeywordExecutor.groovy:74)
	at com.kms.katalon.core.keyword.BuiltinKeywords.callTestCase(BuiltinKeywords.groovy:310)
	at TC-Product-AddCart-001.run(TC-Product-AddCart-001:22)
	at com.kms.katalon.core.main.ScriptEngine.run(ScriptEngine.java:194)
	at com.kms.katalon.core.main.ScriptEngine.runScriptAsRawText(ScriptEngine.java:119)
	at com.kms.katalon.core.main.TestCaseExecutor.runScript(TestCaseExecutor.java:448)
	at com.kms.katalon.core.main.TestCaseExecutor.doExecute(TestCaseExecutor.java:439)
	at com.kms.katalon.core.main.TestCaseExecutor.processExecutionPhase(TestCaseExecutor.java:418)
	at com.kms.katalon.core.main.TestCaseExecutor.accessMainPhase(TestCaseExecutor.java:410)
	at com.kms.katalon.core.main.TestCaseExecutor.execute(TestCaseExecutor.java:285)
	at com.kms.katalon.core.main.TestCaseMain.runTestCase(TestCaseMain.java:144)
	at com.kms.katalon.core.keyword.builtin.CallTestCaseKeyword$_callTestCase_closure1.doCall(CallTestCaseKeyword.groovy:59)
	... 36 more
Caused by: com.kms.katalon.core.exception.StepFailedException: Call Test Case 'Test Cases/Login/TC-Login-Success-001' failed
	at com.kms.katalon.core.keyword.builtin.CallTestCaseKeyword$_callTestCase_closure1.doCall(CallTestCaseKeyword.groovy:63)
	at com.kms.katalon.core.keyword.builtin.CallTestCaseKeyword$_callTestCase_closure1.call(CallTestCaseKeyword.groovy)
	at com.kms.katalon.core.keyword.internal.KeywordMain.runKeyword(KeywordMain.groovy:75)
	at com.kms.katalon.core.keyword.builtin.CallTestCaseKeyword.callTestCase(CallTestCaseKeyword.groovy:81)
	at com.kms.katalon.core.keyword.builtin.CallTestCaseKeyword.execute(CallTestCaseKeyword.groovy:44)
	at com.kms.katalon.core.keyword.internal.KeywordExecutor.executeKeywordForPlatform(KeywordExecutor.groovy:74)
	at com.kms.katalon.core.keyword.BuiltinKeywords.callTestCase(BuiltinKeywords.groovy:310)
	at TC-Product-Show-001.run(TC-Product-Show-001:20)
	at com.kms.katalon.core.main.ScriptEngine.run(ScriptEngine.java:194)
	at com.kms.katalon.core.main.ScriptEngine.runScriptAsRawText(ScriptEngine.java:119)
	at com.kms.katalon.core.main.TestCaseExecutor.runScript(TestCaseExecutor.java:448)
	at com.kms.katalon.core.main.TestCaseExecutor.doExecute(TestCaseExecutor.java:439)
	at com.kms.katalon.core.main.TestCaseExecutor.processExecutionPhase(TestCaseExecutor.java:418)
	at com.kms.katalon.core.main.TestCaseExecutor.accessMainPhase(TestCaseExecutor.java:410)
	at com.kms.katalon.core.main.TestCaseExecutor.execute(TestCaseExecutor.java:285)
	at com.kms.katalon.core.main.TestCaseMain.runTestCase(TestCaseMain.java:144)
	at com.kms.katalon.core.keyword.builtin.CallTestCaseKeyword$_callTestCase_closure1.doCall(CallTestCaseKeyword.groovy:59)
	... 52 more
Caused by: com.kms.katalon.core.exception.StepFailedException: Unable to open browser with url: 'https://www.saucedemo.com/'
	at com.kms.katalon.core.webui.keyword.internal.WebUIKeywordMain.stepFailed(WebUIKeywordMain.groovy:64)
	at com.kms.katalon.core.webui.keyword.internal.WebUIKeywordMain.runKeyword(WebUIKeywordMain.groovy:26)
	at com.kms.katalon.core.webui.keyword.builtin.OpenBrowserKeyword.openBrowser(OpenBrowserKeyword.groovy:81)
	at com.kms.katalon.core.webui.keyword.builtin.OpenBrowserKeyword.execute(OpenBrowserKeyword.groovy:67)
	at com.kms.katalon.core.keyword.internal.KeywordExecutor.executeKeywordForPlatform(KeywordExecutor.groovy:74)
	at com.kms.katalon.core.webui.keyword.WebUiBuiltInKeywords.openBrowser(WebUiBuiltInKeywords.groovy:64)
	at com.kms.katalon.core.webui.keyword.WebUiBuiltInKeywords$openBrowser.call(Unknown Source)
	at TC-Login-Success-001.run(TC-Login-Success-001:20)
	at com.kms.katalon.core.main.ScriptEngine.run(ScriptEngine.java:194)
	at com.kms.katalon.core.main.ScriptEngine.runScriptAsRawText(ScriptEngine.java:119)
	at com.kms.katalon.core.main.TestCaseExecutor.runScript(TestCaseExecutor.java:448)
	at com.kms.katalon.core.main.TestCaseExecutor.doExecute(TestCaseExecutor.java:439)
	at com.kms.katalon.core.main.TestCaseExecutor.processExecutionPhase(TestCaseExecutor.java:418)
	at com.kms.katalon.core.main.TestCaseExecutor.accessMainPhase(TestCaseExecutor.java:410)
	at com.kms.katalon.core.main.TestCaseExecutor.execute(TestCaseExecutor.java:285)
	at com.kms.katalon.core.main.TestCaseMain.runTestCase(TestCaseMain.java:144)
	at com.kms.katalon.core.keyword.builtin.CallTestCaseKeyword$_callTestCase_closure1.doCall(CallTestCaseKeyword.groovy:59)
	... 68 more
Caused by: org.openqa.selenium.SessionNotCreatedException: session not created
from no such execution context: loader has changed while resolving nodes
  (Session info: MicrosoftEdge=116.0.1938.62)
Build info: version: '3.141.59', revision: 'e82be7d358', time: '2018-11-14T08:25:53'
System info: host: 'DESKTOP-L5FUI4E', ip: '192.168.21.64', os.name: 'Windows 10', os.arch: 'amd64', os.version: '10.0', java.version: '1.8.0_362'
Driver info: driver.version: CEdgeDriver
remote stacktrace: Backtrace:
	GetHandleVerifier [0x003B73C3+226771]
	Microsoft::Applications::Events::time_ticks_t::time_ticks_t [0x002A0831+384945]
	Microsoft::Applications::Events::ILogConfiguration::operator* [0x000D62FE+3950]
	Microsoft::Applications::Events::ILogConfiguration::operator* [0x000D8A95+14085]
	Microsoft::Applications::Events::ILogConfiguration::operator* [0x000DA118+19848]
	Microsoft::Applications::Events::ILogConfiguration::operator* [0x000DA1A0+19984]
	Microsoft::Applications::Events::GUID_t::GUID_t [0x0011E97F+214431]
	Microsoft::Applications::Events::GUID_t::GUID_t [0x0011D2FA+208666]
	Microsoft::Applications::Events::GUID_t::GUID_t [0x00116F06+183078]
	Microsoft::Applications::Events::GUID_t::GUID_t [0x000FB3EB+69643]
	Microsoft::Applications::Events::GUID_t::GUID_t [0x000FAB9B+67515]
	Microsoft::Applications::Events::GUID_t::GUID_t [0x000FBAED+71437]
	GetHandleVerifier [0x00474712+1001762]
	Microsoft::Applications::Events::FromJSON [0x00540CAE+130302]
	Microsoft::Applications::Events::FromJSON [0x00540634+128644]
	Microsoft::Applications::Events::FromJSON [0x005368CA+88346]
	Microsoft::Applications::Events::FromJSON [0x00541683+132819]
	Microsoft::Applications::Events::time_ticks_t::time_ticks_t [0x002B41C7+465223]
	Microsoft::Applications::Events::time_ticks_t::time_ticks_t [0x002A9E78+423416]
	Microsoft::Applications::Events::time_ticks_t::time_ticks_t [0x002A9F93+423699]
	Microsoft::Applications::Events::time_ticks_t::time_ticks_t [0x00293E64+333284]
	BaseThreadInitThunk [0x765100C9+25]
	RtlGetAppContainerNamedObjectPath [0x77437B1E+286]
	RtlGetAppContainerNamedObjectPath [0x77437AEE+238]
	(No symbol) [0x00000000]

	at org.openqa.selenium.remote.W3CHandshakeResponse.lambda$errorHandler$0(W3CHandshakeResponse.java:62)
	at org.openqa.selenium.remote.HandshakeResponse.lambda$getResponseFunction$0(HandshakeResponse.java:30)
	at org.openqa.selenium.remote.ProtocolHandshake.lambda$createSession$0(ProtocolHandshake.java:126)
	at org.openqa.selenium.remote.ProtocolHandshake.createSession(ProtocolHandshake.java:128)
	at org.openqa.selenium.remote.ProtocolHandshake.createSession(ProtocolHandshake.java:74)
	at org.openqa.selenium.remote.HttpCommandExecutor.execute(HttpCommandExecutor.java:136)
	at org.openqa.selenium.remote.service.DriverCommandExecutor.execute(DriverCommandExecutor.java:83)
	at org.openqa.selenium.remote.RemoteWebDriver.execute(RemoteWebDriver.java:552)
	at com.kms.katalon.selenium.driver.CEdgeDriver.execute(CEdgeDriver.java:20)
	at org.openqa.selenium.remote.RemoteWebDriver.startSession(RemoteWebDriver.java:213)
	at org.openqa.selenium.remote.RemoteWebDriver.<init>(RemoteWebDriver.java:131)
	at org.openqa.selenium.edge.EdgeDriver.<init>(EdgeDriver.java:154)
	at com.kms.katalon.selenium.driver.CEdgeDriver.<init>(CEdgeDriver.java:14)
	at com.kms.katalon.core.webui.driver.DriverFactory.createNewEdgeChromiumDriver(DriverFactory.java:674)
	at com.kms.katalon.core.webui.driver.DriverFactory.startNewBrowser(DriverFactory.java:389)
	at com.kms.katalon.core.webui.driver.DriverFactory.openWebDriver(DriverFactory.java:263)
	at com.kms.katalon.core.webui.keyword.builtin.OpenBrowserKeyword$_openBrowser_closure1.doCall(OpenBrowserKeyword.groovy:74)
	at com.kms.katalon.core.webui.keyword.builtin.OpenBrowserKeyword$_openBrowser_closure1.call(OpenBrowserKeyword.groovy)
	at com.kms.katalon.core.webui.keyword.internal.WebUIKeywordMain.runKeyword(WebUIKeywordMain.groovy:20)
	... 83 more]]></system-out>
      <system-err><![CDATA[2023-08-30 16:51:02 - [TEST_SUITE][FAILED] - Checkout Story Test Suite: Test Cases/Checkout/TC-Checkout-Error-003 FAILED.
Reason:
com.kms.katalon.core.exception.StepFailedException: Call Test Case 'Test Cases/Keranjang/TC-Cart-Show-002' failed
	at com.kms.katalon.core.keyword.builtin.CallTestCaseKeyword$_callTestCase_closure1.doCall(CallTestCaseKeyword.groovy:63)
	at com.kms.katalon.core.keyword.builtin.CallTestCaseKeyword$_callTestCase_closure1.call(CallTestCaseKeyword.groovy)
	at com.kms.katalon.core.keyword.internal.KeywordMain.runKeyword(KeywordMain.groovy:75)
	at com.kms.katalon.core.keyword.builtin.CallTestCaseKeyword.callTestCase(CallTestCaseKeyword.groovy:81)
	at com.kms.katalon.core.keyword.builtin.CallTestCaseKeyword.execute(CallTestCaseKeyword.groovy:44)
	at com.kms.katalon.core.keyword.internal.KeywordExecutor.executeKeywordForPlatform(KeywordExecutor.groovy:74)
	at com.kms.katalon.core.keyword.BuiltinKeywords.callTestCase(BuiltinKeywords.groovy:310)
	at TC-Checkout-Error-003.run(TC-Checkout-Error-003:20)
	at com.kms.katalon.core.main.ScriptEngine.run(ScriptEngine.java:194)
	at com.kms.katalon.core.main.ScriptEngine.runScriptAsRawText(ScriptEngine.java:119)
	at com.kms.katalon.core.main.TestCaseExecutor.runScript(TestCaseExecutor.java:448)
	at com.kms.katalon.core.main.TestCaseExecutor.doExecute(TestCaseExecutor.java:439)
	at com.kms.katalon.core.main.TestCaseExecutor.processExecutionPhase(TestCaseExecutor.java:418)
	at com.kms.katalon.core.main.TestCaseExecutor.accessMainPhase(TestCaseExecutor.java:410)
	at com.kms.katalon.core.main.TestCaseExecutor.execute(TestCaseExecutor.java:285)
	at com.kms.katalon.core.common.CommonExecutor.accessTestCaseMainPhase(CommonExecutor.java:65)
	at com.kms.katalon.core.main.TestSuiteExecutor.accessTestSuiteMainPhase(TestSuiteExecutor.java:148)
	at com.kms.katalon.core.main.TestSuiteExecutor.execute(TestSuiteExecutor.java:106)
	at com.kms.katalon.core.main.TestCaseMain.startTestSuite(TestCaseMain.java:187)
	at com.kms.katalon.core.main.TestCaseMain$startTestSuite$0.call(Unknown Source)
	at TempTestSuite1693389041272.run(TempTestSuite1693389041272.groovy:36)
Caused by: com.kms.katalon.core.exception.StepFailedException: Call Test Case 'Test Cases/Product/TC-Product-AddCart-001' failed
	at com.kms.katalon.core.keyword.builtin.CallTestCaseKeyword$_callTestCase_closure1.doCall(CallTestCaseKeyword.groovy:63)
	at com.kms.katalon.core.keyword.builtin.CallTestCaseKeyword$_callTestCase_closure1.call(CallTestCaseKeyword.groovy)
	at com.kms.katalon.core.keyword.internal.KeywordMain.runKeyword(KeywordMain.groovy:75)
	at com.kms.katalon.core.keyword.builtin.CallTestCaseKeyword.callTestCase(CallTestCaseKeyword.groovy:81)
	at com.kms.katalon.core.keyword.builtin.CallTestCaseKeyword.execute(CallTestCaseKeyword.groovy:44)
	at com.kms.katalon.core.keyword.internal.KeywordExecutor.executeKeywordForPlatform(KeywordExecutor.groovy:74)
	at com.kms.katalon.core.keyword.BuiltinKeywords.callTestCase(BuiltinKeywords.groovy:310)
	at TC-Cart-Show-002.run(TC-Cart-Show-002:20)
	at com.kms.katalon.core.main.ScriptEngine.run(ScriptEngine.java:194)
	at com.kms.katalon.core.main.ScriptEngine.runScriptAsRawText(ScriptEngine.java:119)
	at com.kms.katalon.core.main.TestCaseExecutor.runScript(TestCaseExecutor.java:448)
	at com.kms.katalon.core.main.TestCaseExecutor.doExecute(TestCaseExecutor.java:439)
	at com.kms.katalon.core.main.TestCaseExecutor.processExecutionPhase(TestCaseExecutor.java:418)
	at com.kms.katalon.core.main.TestCaseExecutor.accessMainPhase(TestCaseExecutor.java:410)
	at com.kms.katalon.core.main.TestCaseExecutor.execute(TestCaseExecutor.java:285)
	at com.kms.katalon.core.main.TestCaseMain.runTestCase(TestCaseMain.java:144)
	at com.kms.katalon.core.keyword.builtin.CallTestCaseKeyword$_callTestCase_closure1.doCall(CallTestCaseKeyword.groovy:59)
	... 20 more
Caused by: com.kms.katalon.core.exception.StepFailedException: Call Test Case 'Test Cases/Product/TC-Product-Show-001' failed
	at com.kms.katalon.core.keyword.builtin.CallTestCaseKeyword$_callTestCase_closure1.doCall(CallTestCaseKeyword.groovy:63)
	at com.kms.katalon.core.keyword.builtin.CallTestCaseKeyword$_callTestCase_closure1.call(CallTestCaseKeyword.groovy)
	at com.kms.katalon.core.keyword.internal.KeywordMain.runKeyword(KeywordMain.groovy:75)
	at com.kms.katalon.core.keyword.builtin.CallTestCaseKeyword.callTestCase(CallTestCaseKeyword.groovy:81)
	at com.kms.katalon.core.keyword.builtin.CallTestCaseKeyword.execute(CallTestCaseKeyword.groovy:44)
	at com.kms.katalon.core.keyword.internal.KeywordExecutor.executeKeywordForPlatform(KeywordExecutor.groovy:74)
	at com.kms.katalon.core.keyword.BuiltinKeywords.callTestCase(BuiltinKeywords.groovy:310)
	at TC-Product-AddCart-001.run(TC-Product-AddCart-001:22)
	at com.kms.katalon.core.main.ScriptEngine.run(ScriptEngine.java:194)
	at com.kms.katalon.core.main.ScriptEngine.runScriptAsRawText(ScriptEngine.java:119)
	at com.kms.katalon.core.main.TestCaseExecutor.runScript(TestCaseExecutor.java:448)
	at com.kms.katalon.core.main.TestCaseExecutor.doExecute(TestCaseExecutor.java:439)
	at com.kms.katalon.core.main.TestCaseExecutor.processExecutionPhase(TestCaseExecutor.java:418)
	at com.kms.katalon.core.main.TestCaseExecutor.accessMainPhase(TestCaseExecutor.java:410)
	at com.kms.katalon.core.main.TestCaseExecutor.execute(TestCaseExecutor.java:285)
	at com.kms.katalon.core.main.TestCaseMain.runTestCase(TestCaseMain.java:144)
	at com.kms.katalon.core.keyword.builtin.CallTestCaseKeyword$_callTestCase_closure1.doCall(CallTestCaseKeyword.groovy:59)
	... 36 more
Caused by: com.kms.katalon.core.exception.StepFailedException: Call Test Case 'Test Cases/Login/TC-Login-Success-001' failed
	at com.kms.katalon.core.keyword.builtin.CallTestCaseKeyword$_callTestCase_closure1.doCall(CallTestCaseKeyword.groovy:63)
	at com.kms.katalon.core.keyword.builtin.CallTestCaseKeyword$_callTestCase_closure1.call(CallTestCaseKeyword.groovy)
	at com.kms.katalon.core.keyword.internal.KeywordMain.runKeyword(KeywordMain.groovy:75)
	at com.kms.katalon.core.keyword.builtin.CallTestCaseKeyword.callTestCase(CallTestCaseKeyword.groovy:81)
	at com.kms.katalon.core.keyword.builtin.CallTestCaseKeyword.execute(CallTestCaseKeyword.groovy:44)
	at com.kms.katalon.core.keyword.internal.KeywordExecutor.executeKeywordForPlatform(KeywordExecutor.groovy:74)
	at com.kms.katalon.core.keyword.BuiltinKeywords.callTestCase(BuiltinKeywords.groovy:310)
	at TC-Product-Show-001.run(TC-Product-Show-001:20)
	at com.kms.katalon.core.main.ScriptEngine.run(ScriptEngine.java:194)
	at com.kms.katalon.core.main.ScriptEngine.runScriptAsRawText(ScriptEngine.java:119)
	at com.kms.katalon.core.main.TestCaseExecutor.runScript(TestCaseExecutor.java:448)
	at com.kms.katalon.core.main.TestCaseExecutor.doExecute(TestCaseExecutor.java:439)
	at com.kms.katalon.core.main.TestCaseExecutor.processExecutionPhase(TestCaseExecutor.java:418)
	at com.kms.katalon.core.main.TestCaseExecutor.accessMainPhase(TestCaseExecutor.java:410)
	at com.kms.katalon.core.main.TestCaseExecutor.execute(TestCaseExecutor.java:285)
	at com.kms.katalon.core.main.TestCaseMain.runTestCase(TestCaseMain.java:144)
	at com.kms.katalon.core.keyword.builtin.CallTestCaseKeyword$_callTestCase_closure1.doCall(CallTestCaseKeyword.groovy:59)
	... 52 more
Caused by: com.kms.katalon.core.exception.StepFailedException: Unable to open browser with url: 'https://www.saucedemo.com/'
	at com.kms.katalon.core.webui.keyword.internal.WebUIKeywordMain.stepFailed(WebUIKeywordMain.groovy:64)
	at com.kms.katalon.core.webui.keyword.internal.WebUIKeywordMain.runKeyword(WebUIKeywordMain.groovy:26)
	at com.kms.katalon.core.webui.keyword.builtin.OpenBrowserKeyword.openBrowser(OpenBrowserKeyword.groovy:81)
	at com.kms.katalon.core.webui.keyword.builtin.OpenBrowserKeyword.execute(OpenBrowserKeyword.groovy:67)
	at com.kms.katalon.core.keyword.internal.KeywordExecutor.executeKeywordForPlatform(KeywordExecutor.groovy:74)
	at com.kms.katalon.core.webui.keyword.WebUiBuiltInKeywords.openBrowser(WebUiBuiltInKeywords.groovy:64)
	at com.kms.katalon.core.webui.keyword.WebUiBuiltInKeywords$openBrowser.call(Unknown Source)
	at TC-Login-Success-001.run(TC-Login-Success-001:20)
	at com.kms.katalon.core.main.ScriptEngine.run(ScriptEngine.java:194)
	at com.kms.katalon.core.main.ScriptEngine.runScriptAsRawText(ScriptEngine.java:119)
	at com.kms.katalon.core.main.TestCaseExecutor.runScript(TestCaseExecutor.java:448)
	at com.kms.katalon.core.main.TestCaseExecutor.doExecute(TestCaseExecutor.java:439)
	at com.kms.katalon.core.main.TestCaseExecutor.processExecutionPhase(TestCaseExecutor.java:418)
	at com.kms.katalon.core.main.TestCaseExecutor.accessMainPhase(TestCaseExecutor.java:410)
	at com.kms.katalon.core.main.TestCaseExecutor.execute(TestCaseExecutor.java:285)
	at com.kms.katalon.core.main.TestCaseMain.runTestCase(TestCaseMain.java:144)
	at com.kms.katalon.core.keyword.builtin.CallTestCaseKeyword$_callTestCase_closure1.doCall(CallTestCaseKeyword.groovy:59)
	... 68 more
Caused by: org.openqa.selenium.SessionNotCreatedException: session not created
from no such execution context: loader has changed while resolving nodes
  (Session info: MicrosoftEdge=116.0.1938.62)
Build info: version: '3.141.59', revision: 'e82be7d358', time: '2018-11-14T08:25:53'
System info: host: 'DESKTOP-L5FUI4E', ip: '192.168.21.64', os.name: 'Windows 10', os.arch: 'amd64', os.version: '10.0', java.version: '1.8.0_362'
Driver info: driver.version: CEdgeDriver
remote stacktrace: Backtrace:
	GetHandleVerifier [0x003B73C3+226771]
	Microsoft::Applications::Events::time_ticks_t::time_ticks_t [0x002A0831+384945]
	Microsoft::Applications::Events::ILogConfiguration::operator* [0x000D62FE+3950]
	Microsoft::Applications::Events::ILogConfiguration::operator* [0x000D8A95+14085]
	Microsoft::Applications::Events::ILogConfiguration::operator* [0x000DA118+19848]
	Microsoft::Applications::Events::ILogConfiguration::operator* [0x000DA1A0+19984]
	Microsoft::Applications::Events::GUID_t::GUID_t [0x0011E97F+214431]
	Microsoft::Applications::Events::GUID_t::GUID_t [0x0011D2FA+208666]
	Microsoft::Applications::Events::GUID_t::GUID_t [0x00116F06+183078]
	Microsoft::Applications::Events::GUID_t::GUID_t [0x000FB3EB+69643]
	Microsoft::Applications::Events::GUID_t::GUID_t [0x000FAB9B+67515]
	Microsoft::Applications::Events::GUID_t::GUID_t [0x000FBAED+71437]
	GetHandleVerifier [0x00474712+1001762]
	Microsoft::Applications::Events::FromJSON [0x00540CAE+130302]
	Microsoft::Applications::Events::FromJSON [0x00540634+128644]
	Microsoft::Applications::Events::FromJSON [0x005368CA+88346]
	Microsoft::Applications::Events::FromJSON [0x00541683+132819]
	Microsoft::Applications::Events::time_ticks_t::time_ticks_t [0x002B41C7+465223]
	Microsoft::Applications::Events::time_ticks_t::time_ticks_t [0x002A9E78+423416]
	Microsoft::Applications::Events::time_ticks_t::time_ticks_t [0x002A9F93+423699]
	Microsoft::Applications::Events::time_ticks_t::time_ticks_t [0x00293E64+333284]
	BaseThreadInitThunk [0x765100C9+25]
	RtlGetAppContainerNamedObjectPath [0x77437B1E+286]
	RtlGetAppContainerNamedObjectPath [0x77437AEE+238]
	(No symbol) [0x00000000]

	at org.openqa.selenium.remote.W3CHandshakeResponse.lambda$errorHandler$0(W3CHandshakeResponse.java:62)
	at org.openqa.selenium.remote.HandshakeResponse.lambda$getResponseFunction$0(HandshakeResponse.java:30)
	at org.openqa.selenium.remote.ProtocolHandshake.lambda$createSession$0(ProtocolHandshake.java:126)
	at org.openqa.selenium.remote.ProtocolHandshake.createSession(ProtocolHandshake.java:128)
	at org.openqa.selenium.remote.ProtocolHandshake.createSession(ProtocolHandshake.java:74)
	at org.openqa.selenium.remote.HttpCommandExecutor.execute(HttpCommandExecutor.java:136)
	at org.openqa.selenium.remote.service.DriverCommandExecutor.execute(DriverCommandExecutor.java:83)
	at org.openqa.selenium.remote.RemoteWebDriver.execute(RemoteWebDriver.java:552)
	at com.kms.katalon.selenium.driver.CEdgeDriver.execute(CEdgeDriver.java:20)
	at org.openqa.selenium.remote.RemoteWebDriver.startSession(RemoteWebDriver.java:213)
	at org.openqa.selenium.remote.RemoteWebDriver.<init>(RemoteWebDriver.java:131)
	at org.openqa.selenium.edge.EdgeDriver.<init>(EdgeDriver.java:154)
	at com.kms.katalon.selenium.driver.CEdgeDriver.<init>(CEdgeDriver.java:14)
	at com.kms.katalon.core.webui.driver.DriverFactory.createNewEdgeChromiumDriver(DriverFactory.java:674)
	at com.kms.katalon.core.webui.driver.DriverFactory.startNewBrowser(DriverFactory.java:389)
	at com.kms.katalon.core.webui.driver.DriverFactory.openWebDriver(DriverFactory.java:263)
	at com.kms.katalon.core.webui.keyword.builtin.OpenBrowserKeyword$_openBrowser_closure1.doCall(OpenBrowserKeyword.groovy:74)
	at com.kms.katalon.core.webui.keyword.builtin.OpenBrowserKeyword$_openBrowser_closure1.call(OpenBrowserKeyword.groovy)
	at com.kms.katalon.core.webui.keyword.internal.WebUIKeywordMain.runKeyword(WebUIKeywordMain.groovy:20)
	... 83 more]]></system-err>
   </testsuite>
</testsuites>
