<?xml version="1.0" encoding="UTF-8"?>
<testsuites name="Tes Suite Heroku App" time="234.754" tests="13" failures="3" errors="0">
   <testsuite name="Tes Suite Heroku App" tests="13" failures="3" errors="0" time="234.754" skipped="0" timestamp="2023-08-25 15:41:12" hostname="ASUS - DESKTOP-MRD68AC" id="Test Suites/Tes Suite Heroku App">
      <properties>
         <property name="deviceName" value=""/>
         <property name="devicePlatform" value=""/>
         <property name="logFolder" value="D:\\xsis\\batch-324-qa\\bagus\\Cura Heroku App\\Reports\\20230825_154105\\Tes Suite Heroku App\\20230825_154105"/>
         <property name="logFiles" value="D:\\xsis\\batch-324-qa\\bagus\\Cura Heroku App\\Reports\\20230825_154105\\Tes Suite Heroku App\\20230825_154105\\execution0.log"/>
         <property name="attachments" value="D:\\xsis\\batch-324-qa\\bagus\\Cura Heroku App\\Reports\\20230825_154105\\Tes Suite Heroku App\\20230825_154105\\1692952917931.png, D:\\xsis\\batch-324-qa\\bagus\\Cura Heroku App\\Reports\\20230825_154105\\Tes Suite Heroku App\\20230825_154105\\1692952918169.png, D:\\xsis\\batch-324-qa\\bagus\\Cura Heroku App\\Reports\\20230825_154105\\Tes Suite Heroku App\\20230825_154105\\1692952932357.png, D:\\xsis\\batch-324-qa\\bagus\\Cura Heroku App\\Reports\\20230825_154105\\Tes Suite Heroku App\\20230825_154105\\1692952932541.png, D:\\xsis\\batch-324-qa\\bagus\\Cura Heroku App\\Reports\\20230825_154105\\Tes Suite Heroku App\\20230825_154105\\1692952944923.png, D:\\xsis\\batch-324-qa\\bagus\\Cura Heroku App\\Reports\\20230825_154105\\Tes Suite Heroku App\\20230825_154105\\1692952945161.png"/>
         <property name="hostName" value="ASUS - DESKTOP-MRD68AC"/>
         <property name="os" value="Windows 10 64bit"/>
         <property name="katalonVersion" value="8.6.5.208"/>
         <property name="browser" value="Edge Chromium 115"/>
         <property name="hostAddress" value="10.9.2.33"/>
         <property name="sessionId" value="5880c65f3fa4c3fe0e7624f8a0070baa"/>
         <property name="seleniumVersion" value="3.141.59"/>
         <property name="proxyInformation" value="ProxyInformation { proxyOption=NO_PROXY, proxyServerType=HTTP, username=, password=********, proxyServerAddress=, proxyServerPort=0, executionList=&quot;&quot;, isApplyToDesiredCapabilities=true }"/>
         <property name="platform" value="Windows 10"/>
      </properties>
      <testcase name="Test Cases/Login/Test Case 1.1 (Cara Manual)" time="14.725" classname="Test Cases/Login/Test Case 1.1 (Cara Manual)" status="PASSED">
         <system-out><![CDATA[2023-08-25 15:41:13 - [TEST_CASE][PASSED] - Test Cases/Login/Test Case 1.1 (Cara Manual): Test Cases/Login/Test Case 1.1 (Cara Manual)

2023-08-25 15:41:13 - [TEST_STEP][PASSED] - openBrowser(web_url): Browser is opened with url: 'https://katalon-demo-cura.herokuapp.com/'

2023-08-25 15:41:13 - [MESSAGE][INFO] - Starting 'Edge Chromium' driver

2023-08-25 15:41:16 - [MESSAGE][INFO] - Action delay is set to 0 milliseconds

2023-08-25 15:41:22 - [MESSAGE][PASSED] - Browser is opened with url: 'https://katalon-demo-cura.herokuapp.com/'

2023-08-25 15:41:22 - [TEST_STEP][PASSED] - maximizeWindow(): Current window maximized

2023-08-25 15:41:22 - [MESSAGE][PASSED] - Current window maximized

2023-08-25 15:41:22 - [TEST_STEP][PASSED] - verifyElementPresent(findTestObject("Login Manual/title_homepage"), 0): Object 'Object Repository/Login Manual/title_homepage' is present

2023-08-25 15:41:22 - [MESSAGE][WARNING] - Timeout '0' is invalid. Using default page load timeout: '30'

2023-08-25 15:41:22 - [MESSAGE][PASSED] - Object 'Object Repository/Login Manual/title_homepage' is present

2023-08-25 15:41:22 - [TEST_STEP][PASSED] - click(findTestObject("Login Manual/burger_button")): Object: 'Object Repository/Login Manual/burger_button' is clicked on

2023-08-25 15:41:23 - [MESSAGE][PASSED] - Object: 'Object Repository/Login Manual/burger_button' is clicked on

2023-08-25 15:41:23 - [TEST_STEP][PASSED] - click(findTestObject("Login Manual/burger_button_login")): Object: 'Object Repository/Login Manual/burger_button_login' is clicked on

2023-08-25 15:41:24 - [MESSAGE][PASSED] - Object: 'Object Repository/Login Manual/burger_button_login' is clicked on

2023-08-25 15:41:24 - [TEST_STEP][PASSED] - verifyElementPresent(findTestObject("Login Manual/Title_Login"), 0): Object 'Object Repository/Login Manual/Title_Login' is present

2023-08-25 15:41:24 - [MESSAGE][WARNING] - Timeout '0' is invalid. Using default page load timeout: '30'

2023-08-25 15:41:24 - [MESSAGE][PASSED] - Object 'Object Repository/Login Manual/Title_Login' is present

2023-08-25 15:41:24 - [TEST_STEP][PASSED] - setText(findTestObject("Login Manual/input_Username"), Username): Text 'John Doe' is set on object 'Object Repository/Login Manual/input_Username'

2023-08-25 15:41:25 - [MESSAGE][PASSED] - Text 'John Doe' is set on object 'Object Repository/Login Manual/input_Username'

2023-08-25 15:41:25 - [TEST_STEP][PASSED] - setEncryptedText(findTestObject("Login Manual/input_Password"), password): Text ****** has been set on object 'Object Repository/Login Manual/input_Password'

2023-08-25 15:41:26 - [MESSAGE][PASSED] - Text ****** has been set on object 'Object Repository/Login Manual/input_Password'

2023-08-25 15:41:26 - [TEST_STEP][PASSED] - click(findTestObject("Login Manual/button_Login (1)")): Object: 'Object Repository/Login Manual/button_Login (1)' is clicked on

2023-08-25 15:41:27 - [MESSAGE][PASSED] - Object: 'Object Repository/Login Manual/button_Login (1)' is clicked on

2023-08-25 15:41:27 - [TEST_STEP][PASSED] - verifyElementPresent(findTestObject("Login Manual/title_Make Appointment"), 5): Object 'Object Repository/Login Manual/title_Make Appointment' is present

2023-08-25 15:41:27 - [MESSAGE][PASSED] - Object 'Object Repository/Login Manual/title_Make Appointment' is present]]></system-out>
         <system-err><![CDATA[]]></system-err>
      </testcase>
      <testcase name="Test Cases/Login/Test Case 1.2" time="17.51" classname="Test Cases/Login/Test Case 1.2" status="PASSED">
         <system-out><![CDATA[2023-08-25 15:41:27 - [TEST_CASE][PASSED] - Test Cases/Login/Test Case 1.2: Test Cases/Login/Test Case 1.2

2023-08-25 15:41:28 - [TEST_STEP][PASSED] - openBrowser(web_url): Browser is opened with url: 'https://katalon-demo-cura.herokuapp.com/'

2023-08-25 15:41:28 - [MESSAGE][WARNING] - A browser is already opened. Closing browser and opening a new one

2023-08-25 15:41:28 - [MESSAGE][INFO] - Starting 'Edge Chromium' driver

2023-08-25 15:41:31 - [MESSAGE][INFO] - Action delay is set to 0 milliseconds

2023-08-25 15:41:35 - [MESSAGE][PASSED] - Browser is opened with url: 'https://katalon-demo-cura.herokuapp.com/'

2023-08-25 15:41:35 - [TEST_STEP][PASSED] - maximizeWindow(): Current window maximized

2023-08-25 15:41:36 - [MESSAGE][PASSED] - Current window maximized

2023-08-25 15:41:36 - [TEST_STEP][PASSED] - verifyElementPresent(findTestObject("Login Manual/title_homepage"), 0): Object 'Object Repository/Login Manual/title_homepage' is present

2023-08-25 15:41:36 - [MESSAGE][WARNING] - Timeout '0' is invalid. Using default page load timeout: '30'

2023-08-25 15:41:36 - [MESSAGE][PASSED] - Object 'Object Repository/Login Manual/title_homepage' is present

2023-08-25 15:41:36 - [TEST_STEP][PASSED] - click(findTestObject("Login Manual/burger_button")): Object: 'Object Repository/Login Manual/burger_button' is clicked on

2023-08-25 15:41:37 - [MESSAGE][PASSED] - Object: 'Object Repository/Login Manual/burger_button' is clicked on

2023-08-25 15:41:37 - [TEST_STEP][PASSED] - click(findTestObject("Login Manual/burger_button_login")): Object: 'Object Repository/Login Manual/burger_button_login' is clicked on

2023-08-25 15:41:38 - [MESSAGE][PASSED] - Object: 'Object Repository/Login Manual/burger_button_login' is clicked on

2023-08-25 15:41:38 - [TEST_STEP][PASSED] - verifyElementPresent(findTestObject("Login Manual/Title_Login"), 0): Object 'Object Repository/Login Manual/Title_Login' is present

2023-08-25 15:41:38 - [MESSAGE][WARNING] - Timeout '0' is invalid. Using default page load timeout: '30'

2023-08-25 15:41:38 - [MESSAGE][PASSED] - Object 'Object Repository/Login Manual/Title_Login' is present

2023-08-25 15:41:38 - [TEST_STEP][PASSED] - setText(findTestObject("Login Manual/input_Username"), username): Text 'admin' is set on object 'Object Repository/Login Manual/input_Username'

2023-08-25 15:41:39 - [MESSAGE][PASSED] - Text 'admin' is set on object 'Object Repository/Login Manual/input_Username'

2023-08-25 15:41:39 - [TEST_STEP][PASSED] - setEncryptedText(findTestObject("Login Manual/input_Password"), password): Text ****** has been set on object 'Object Repository/Login Manual/input_Password'

2023-08-25 15:41:39 - [MESSAGE][PASSED] - Text ****** has been set on object 'Object Repository/Login Manual/input_Password'

2023-08-25 15:41:39 - [TEST_STEP][PASSED] - click(findTestObject("Login Manual/button_Login (1)")): Object: 'Object Repository/Login Manual/button_Login (1)' is clicked on

2023-08-25 15:41:40 - [MESSAGE][PASSED] - Object: 'Object Repository/Login Manual/button_Login (1)' is clicked on

2023-08-25 15:41:40 - [TEST_STEP][PASSED] - verifyElementText(findTestObject("Login Negative/Error_Login failed Please ensure the username and password are valid"), "Login failed! Please ensure the username and password are valid."): Actual text and expected text of test object 'Object Repository/Login Negative/Error_Login failed Please ensure the username and password are valid' are matched.

2023-08-25 15:41:41 - [MESSAGE][PASSED] - Actual text and expected text of test object 'Object Repository/Login Negative/Error_Login failed Please ensure the username and password are valid' are matched.

2023-08-25 15:41:41 - [TEST_STEP][PASSED] - delay(3): Delayed 3 second(s)

2023-08-25 15:41:44 - [MESSAGE][PASSED] - Delayed 3 second(s)

2023-08-25 15:41:44 - [TEST_STEP][PASSED] - closeBrowser(): Browser is closed

2023-08-25 15:41:45 - [MESSAGE][PASSED] - Browser is closed]]></system-out>
         <system-err><![CDATA[]]></system-err>
      </testcase>
      <testcase name="Test Cases/Login/Test Case 1.3" time="13.036" classname="Test Cases/Login/Test Case 1.3" status="FAILED">
         <failure type="FAILED" message="Test Cases/Login/Test Case 1.3 FAILED.
Reason:
com.kms.katalon.core.exception.StepFailedException: Verify element text of test object 'Object Repository/Login Negative/Error_Login failed Please ensure the username and password are valid' FAILED.
	at com.kms.katalon.core.webui.keyword.internal.WebUIKeywordMain.stepFailed(WebUIKeywordMain.groovy:64)
	at com.kms.katalon.core.webui.keyword.internal.WebUIKeywordMain.runKeyword(WebUIKeywordMain.groovy:26)
	at com.kms.katalon.core.webui.keyword.builtin.VerifyElementTextKeyword.verifyElementText(VerifyElementTextKeyword.groovy:72)
	at com.kms.katalon.core.webui.keyword.builtin.VerifyElementTextKeyword.execute(VerifyElementTextKeyword.groovy:40)
	at com.kms.katalon.core.keyword.internal.KeywordExecutor.executeKeywordForPlatform(KeywordExecutor.groovy:74)
	at com.kms.katalon.core.webui.keyword.WebUiBuiltInKeywords.verifyElementText(WebUiBuiltInKeywords.groovy:4749)
	at com.kms.katalon.core.webui.keyword.WebUiBuiltInKeywords$verifyElementText$5.call(Unknown Source)
	at Test Case 1.3.run(Test Case 1.3:38)
	at com.kms.katalon.core.main.ScriptEngine.run(ScriptEngine.java:194)
	at com.kms.katalon.core.main.ScriptEngine.runScriptAsRawText(ScriptEngine.java:119)
	at com.kms.katalon.core.main.TestCaseExecutor.runScript(TestCaseExecutor.java:448)
	at com.kms.katalon.core.main.TestCaseExecutor.doExecute(TestCaseExecutor.java:439)
	at com.kms.katalon.core.main.TestCaseExecutor.processExecutionPhase(TestCaseExecutor.java:418)
	at com.kms.katalon.core.main.TestCaseExecutor.accessMainPhase(TestCaseExecutor.java:410)
	at com.kms.katalon.core.main.TestCaseExecutor.execute(TestCaseExecutor.java:285)
	at com.kms.katalon.core.common.CommonExecutor.accessTestCaseMainPhase(CommonExecutor.java:65)
	at com.kms.katalon.core.main.TestSuiteExecutor.accessTestSuiteMainPhase(TestSuiteExecutor.java:148)
	at com.kms.katalon.core.main.TestSuiteExecutor.execute(TestSuiteExecutor.java:106)
	at com.kms.katalon.core.main.TestCaseMain.startTestSuite(TestCaseMain.java:187)
	at com.kms.katalon.core.main.TestCaseMain$startTestSuite$0.call(Unknown Source)
	at TempTestSuite1692952865667.run(TempTestSuite1692952865667.groovy:36)
Caused by: com.kms.katalon.core.exception.StepFailedException: Actual text 'Login failed! Please ensure the username and password are valid.' and expected text 'Please fills out this field.' of test object 'Object Repository/Login Negative/Error_Login failed Please ensure the username and password are valid' are NOT matched.
	at com.kms.katalon.core.webui.keyword.internal.WebUIKeywordMain.stepFailed(WebUIKeywordMain.groovy:64)
	at com.kms.katalon.core.webui.keyword.builtin.VerifyElementTextKeyword$_verifyElementText_closure1.doCall(VerifyElementTextKeyword.groovy:57)
	at com.kms.katalon.core.webui.keyword.builtin.VerifyElementTextKeyword$_verifyElementText_closure1.call(VerifyElementTextKeyword.groovy)
	at com.kms.katalon.core.webui.keyword.internal.WebUIKeywordMain.runKeyword(WebUIKeywordMain.groovy:20)
	... 19 more
"/>
         <system-out><![CDATA[2023-08-25 15:41:45 - [TEST_CASE][FAILED] - Test Cases/Login/Test Case 1.3: Test Cases/Login/Test Case 1.3 FAILED.
Reason:
com.kms.katalon.core.exception.StepFailedException: Verify element text of test object 'Object Repository/Login Negative/Error_Login failed Please ensure the username and password are valid' FAILED.
	at com.kms.katalon.core.webui.keyword.internal.WebUIKeywordMain.stepFailed(WebUIKeywordMain.groovy:64)
	at com.kms.katalon.core.webui.keyword.internal.WebUIKeywordMain.runKeyword(WebUIKeywordMain.groovy:26)
	at com.kms.katalon.core.webui.keyword.builtin.VerifyElementTextKeyword.verifyElementText(VerifyElementTextKeyword.groovy:72)
	at com.kms.katalon.core.webui.keyword.builtin.VerifyElementTextKeyword.execute(VerifyElementTextKeyword.groovy:40)
	at com.kms.katalon.core.keyword.internal.KeywordExecutor.executeKeywordForPlatform(KeywordExecutor.groovy:74)
	at com.kms.katalon.core.webui.keyword.WebUiBuiltInKeywords.verifyElementText(WebUiBuiltInKeywords.groovy:4749)
	at com.kms.katalon.core.webui.keyword.WebUiBuiltInKeywords$verifyElementText$5.call(Unknown Source)
	at Test Case 1.3.run(Test Case 1.3:38)
	at com.kms.katalon.core.main.ScriptEngine.run(ScriptEngine.java:194)
	at com.kms.katalon.core.main.ScriptEngine.runScriptAsRawText(ScriptEngine.java:119)
	at com.kms.katalon.core.main.TestCaseExecutor.runScript(TestCaseExecutor.java:448)
	at com.kms.katalon.core.main.TestCaseExecutor.doExecute(TestCaseExecutor.java:439)
	at com.kms.katalon.core.main.TestCaseExecutor.processExecutionPhase(TestCaseExecutor.java:418)
	at com.kms.katalon.core.main.TestCaseExecutor.accessMainPhase(TestCaseExecutor.java:410)
	at com.kms.katalon.core.main.TestCaseExecutor.execute(TestCaseExecutor.java:285)
	at com.kms.katalon.core.common.CommonExecutor.accessTestCaseMainPhase(CommonExecutor.java:65)
	at com.kms.katalon.core.main.TestSuiteExecutor.accessTestSuiteMainPhase(TestSuiteExecutor.java:148)
	at com.kms.katalon.core.main.TestSuiteExecutor.execute(TestSuiteExecutor.java:106)
	at com.kms.katalon.core.main.TestCaseMain.startTestSuite(TestCaseMain.java:187)
	at com.kms.katalon.core.main.TestCaseMain$startTestSuite$0.call(Unknown Source)
	at TempTestSuite1692952865667.run(TempTestSuite1692952865667.groovy:36)
Caused by: com.kms.katalon.core.exception.StepFailedException: Actual text 'Login failed! Please ensure the username and password are valid.' and expected text 'Please fills out this field.' of test object 'Object Repository/Login Negative/Error_Login failed Please ensure the username and password are valid' are NOT matched.
	at com.kms.katalon.core.webui.keyword.internal.WebUIKeywordMain.stepFailed(WebUIKeywordMain.groovy:64)
	at com.kms.katalon.core.webui.keyword.builtin.VerifyElementTextKeyword$_verifyElementText_closure1.doCall(VerifyElementTextKeyword.groovy:57)
	at com.kms.katalon.core.webui.keyword.builtin.VerifyElementTextKeyword$_verifyElementText_closure1.call(VerifyElementTextKeyword.groovy)
	at com.kms.katalon.core.webui.keyword.internal.WebUIKeywordMain.runKeyword(WebUIKeywordMain.groovy:20)
	... 19 more


2023-08-25 15:41:45 - [TEST_STEP][PASSED] - openBrowser(web_url): Browser is opened with url: 'https://katalon-demo-cura.herokuapp.com/'

2023-08-25 15:41:45 - [MESSAGE][INFO] - Starting 'Edge Chromium' driver

2023-08-25 15:41:47 - [MESSAGE][INFO] - Action delay is set to 0 milliseconds

2023-08-25 15:41:52 - [MESSAGE][PASSED] - Browser is opened with url: 'https://katalon-demo-cura.herokuapp.com/'

2023-08-25 15:41:52 - [TEST_STEP][PASSED] - maximizeWindow(): Current window maximized

2023-08-25 15:41:52 - [MESSAGE][PASSED] - Current window maximized

2023-08-25 15:41:52 - [TEST_STEP][PASSED] - verifyElementPresent(findTestObject("Login Manual/title_homepage"), 0): Object 'Object Repository/Login Manual/title_homepage' is present

2023-08-25 15:41:52 - [MESSAGE][WARNING] - Timeout '0' is invalid. Using default page load timeout: '30'

2023-08-25 15:41:53 - [MESSAGE][PASSED] - Object 'Object Repository/Login Manual/title_homepage' is present

2023-08-25 15:41:53 - [TEST_STEP][PASSED] - click(findTestObject("Login Manual/burger_button")): Object: 'Object Repository/Login Manual/burger_button' is clicked on

2023-08-25 15:41:53 - [MESSAGE][PASSED] - Object: 'Object Repository/Login Manual/burger_button' is clicked on

2023-08-25 15:41:53 - [TEST_STEP][PASSED] - click(findTestObject("Login Manual/burger_button_login")): Object: 'Object Repository/Login Manual/burger_button_login' is clicked on

2023-08-25 15:41:54 - [MESSAGE][PASSED] - Object: 'Object Repository/Login Manual/burger_button_login' is clicked on

2023-08-25 15:41:54 - [TEST_STEP][PASSED] - verifyElementPresent(findTestObject("Login Manual/Title_Login"), 0): Object 'Object Repository/Login Manual/Title_Login' is present

2023-08-25 15:41:54 - [MESSAGE][WARNING] - Timeout '0' is invalid. Using default page load timeout: '30'

2023-08-25 15:41:55 - [MESSAGE][PASSED] - Object 'Object Repository/Login Manual/Title_Login' is present

2023-08-25 15:41:55 - [TEST_STEP][PASSED] - setText(findTestObject("Login Manual/input_Username"), "John Doe"): Text 'John Doe' is set on object 'Object Repository/Login Manual/input_Username'

2023-08-25 15:41:55 - [MESSAGE][PASSED] - Text 'John Doe' is set on object 'Object Repository/Login Manual/input_Username'

2023-08-25 15:41:55 - [TEST_STEP][PASSED] - setEncryptedText(findTestObject("Login Manual/input_Password"), ""): Text ****** has been set on object 'Object Repository/Login Manual/input_Password'

2023-08-25 15:41:56 - [MESSAGE][PASSED] - Text ****** has been set on object 'Object Repository/Login Manual/input_Password'

2023-08-25 15:41:56 - [TEST_STEP][PASSED] - click(findTestObject("Login Manual/button_Login (1)")): Object: 'Object Repository/Login Manual/button_Login (1)' is clicked on

2023-08-25 15:41:57 - [MESSAGE][PASSED] - Object: 'Object Repository/Login Manual/button_Login (1)' is clicked on

2023-08-25 15:41:57 - [TEST_STEP][FAILED] - verifyElementText(findTestObject("Login Negative/Error_Login failed Please ensure the username and password are valid"), "Please fills out this field."): Verify element text of test object 'Object Repository/Login Negative/Error_Login failed Please ensure the username and password are valid' FAILED. (Root cause: com.kms.katalon.core.exception.StepFailedException: Verify element text of test object 'Object Repository/Login Negative/Error_Login failed Please ensure the username and password are valid' FAILED.
	at com.kms.katalon.core.webui.keyword.internal.WebUIKeywordMain.stepFailed(WebUIKeywordMain.groovy:64)
	at com.kms.katalon.core.webui.keyword.internal.WebUIKeywordMain.runKeyword(WebUIKeywordMain.groovy:26)
	at com.kms.katalon.core.webui.keyword.builtin.VerifyElementTextKeyword.verifyElementText(VerifyElementTextKeyword.groovy:72)
	at com.kms.katalon.core.webui.keyword.builtin.VerifyElementTextKeyword.execute(VerifyElementTextKeyword.groovy:40)
	at com.kms.katalon.core.keyword.internal.KeywordExecutor.executeKeywordForPlatform(KeywordExecutor.groovy:74)
	at com.kms.katalon.core.webui.keyword.WebUiBuiltInKeywords.verifyElementText(WebUiBuiltInKeywords.groovy:4749)
	at com.kms.katalon.core.webui.keyword.WebUiBuiltInKeywords$verifyElementText$5.call(Unknown Source)
	at Test Case 1.3.run(Test Case 1.3:38)
	at com.kms.katalon.core.main.ScriptEngine.run(ScriptEngine.java:194)
	at com.kms.katalon.core.main.ScriptEngine.runScriptAsRawText(ScriptEngine.java:119)
	at com.kms.katalon.core.main.TestCaseExecutor.runScript(TestCaseExecutor.java:448)
	at com.kms.katalon.core.main.TestCaseExecutor.doExecute(TestCaseExecutor.java:439)
	at com.kms.katalon.core.main.TestCaseExecutor.processExecutionPhase(TestCaseExecutor.java:418)
	at com.kms.katalon.core.main.TestCaseExecutor.accessMainPhase(TestCaseExecutor.java:410)
	at com.kms.katalon.core.main.TestCaseExecutor.execute(TestCaseExecutor.java:285)
	at com.kms.katalon.core.common.CommonExecutor.accessTestCaseMainPhase(CommonExecutor.java:65)
	at com.kms.katalon.core.main.TestSuiteExecutor.accessTestSuiteMainPhase(TestSuiteExecutor.java:148)
	at com.kms.katalon.core.main.TestSuiteExecutor.execute(TestSuiteExecutor.java:106)
	at com.kms.katalon.core.main.TestCaseMain.startTestSuite(TestCaseMain.java:187)
	at com.kms.katalon.core.main.TestCaseMain$startTestSuite$0.call(Unknown Source)
	at TempTestSuite1692952865667.run(TempTestSuite1692952865667.groovy:36)
Caused by: com.kms.katalon.core.exception.StepFailedException: Actual text 'Login failed! Please ensure the username and password are valid.' and expected text 'Please fills out this field.' of test object 'Object Repository/Login Negative/Error_Login failed Please ensure the username and password are valid' are NOT matched.
	at com.kms.katalon.core.webui.keyword.internal.WebUIKeywordMain.stepFailed(WebUIKeywordMain.groovy:64)
	at com.kms.katalon.core.webui.keyword.builtin.VerifyElementTextKeyword$_verifyElementText_closure1.doCall(VerifyElementTextKeyword.groovy:57)
	at com.kms.katalon.core.webui.keyword.builtin.VerifyElementTextKeyword$_verifyElementText_closure1.call(VerifyElementTextKeyword.groovy)
	at com.kms.katalon.core.webui.keyword.internal.WebUIKeywordMain.runKeyword(WebUIKeywordMain.groovy:20)
	... 19 more
)

2023-08-25 15:41:58 - [MESSAGE][FAILED] - Actual text 'Login failed! Please ensure the username and password are valid.' and expected text 'Please fills out this field.' of test object 'Object Repository/Login Negative/Error_Login failed Please ensure the username and password are valid' are NOT matched. (Root cause: com.kms.katalon.core.exception.StepFailedException: Actual text 'Login failed! Please ensure the username and password are valid.' and expected text 'Please fills out this field.' of test object 'Object Repository/Login Negative/Error_Login failed Please ensure the username and password are valid' are NOT matched.
	at com.kms.katalon.core.webui.keyword.internal.WebUIKeywordMain.stepFailed(WebUIKeywordMain.groovy:64)
	at com.kms.katalon.core.webui.keyword.builtin.VerifyElementTextKeyword$_verifyElementText_closure1.doCall(VerifyElementTextKeyword.groovy:57)
	at com.kms.katalon.core.webui.keyword.builtin.VerifyElementTextKeyword$_verifyElementText_closure1.call(VerifyElementTextKeyword.groovy)
	at com.kms.katalon.core.webui.keyword.internal.WebUIKeywordMain.runKeyword(WebUIKeywordMain.groovy:20)
	at com.kms.katalon.core.webui.keyword.builtin.VerifyElementTextKeyword.verifyElementText(VerifyElementTextKeyword.groovy:72)
	at com.kms.katalon.core.webui.keyword.builtin.VerifyElementTextKeyword.execute(VerifyElementTextKeyword.groovy:40)
	at com.kms.katalon.core.keyword.internal.KeywordExecutor.executeKeywordForPlatform(KeywordExecutor.groovy:74)
	at com.kms.katalon.core.webui.keyword.WebUiBuiltInKeywords.verifyElementText(WebUiBuiltInKeywords.groovy:4749)
	at com.kms.katalon.core.webui.keyword.WebUiBuiltInKeywords$verifyElementText$5.call(Unknown Source)
	at Test Case 1.3.run(Test Case 1.3:38)
	at com.kms.katalon.core.main.ScriptEngine.run(ScriptEngine.java:194)
	at com.kms.katalon.core.main.ScriptEngine.runScriptAsRawText(ScriptEngine.java:119)
	at com.kms.katalon.core.main.TestCaseExecutor.runScript(TestCaseExecutor.java:448)
	at com.kms.katalon.core.main.TestCaseExecutor.doExecute(TestCaseExecutor.java:439)
	at com.kms.katalon.core.main.TestCaseExecutor.processExecutionPhase(TestCaseExecutor.java:418)
	at com.kms.katalon.core.main.TestCaseExecutor.accessMainPhase(TestCaseExecutor.java:410)
	at com.kms.katalon.core.main.TestCaseExecutor.execute(TestCaseExecutor.java:285)
	at com.kms.katalon.core.common.CommonExecutor.accessTestCaseMainPhase(CommonExecutor.java:65)
	at com.kms.katalon.core.main.TestSuiteExecutor.accessTestSuiteMainPhase(TestSuiteExecutor.java:148)
	at com.kms.katalon.core.main.TestSuiteExecutor.execute(TestSuiteExecutor.java:106)
	at com.kms.katalon.core.main.TestCaseMain.startTestSuite(TestCaseMain.java:187)
	at com.kms.katalon.core.main.TestCaseMain$startTestSuite$0.call(Unknown Source)
	at TempTestSuite1692952865667.run(TempTestSuite1692952865667.groovy:36)
)
[[ATTACHMENT|D:\\xsis\\batch-324-qa\\bagus\\Cura Heroku App\\Reports\\20230825_154105\\Tes Suite Heroku App\\20230825_154105\\1692952917931.png]]

2023-08-25 15:41:58 - [MESSAGE][FAILED] - Verify element text of test object 'Object Repository/Login Negative/Error_Login failed Please ensure the username and password are valid' FAILED. (Root cause: com.kms.katalon.core.exception.StepFailedException: Verify element text of test object 'Object Repository/Login Negative/Error_Login failed Please ensure the username and password are valid' FAILED.
	at com.kms.katalon.core.webui.keyword.internal.WebUIKeywordMain.stepFailed(WebUIKeywordMain.groovy:64)
	at com.kms.katalon.core.webui.keyword.internal.WebUIKeywordMain.runKeyword(WebUIKeywordMain.groovy:26)
	at com.kms.katalon.core.webui.keyword.builtin.VerifyElementTextKeyword.verifyElementText(VerifyElementTextKeyword.groovy:72)
	at com.kms.katalon.core.webui.keyword.builtin.VerifyElementTextKeyword.execute(VerifyElementTextKeyword.groovy:40)
	at com.kms.katalon.core.keyword.internal.KeywordExecutor.executeKeywordForPlatform(KeywordExecutor.groovy:74)
	at com.kms.katalon.core.webui.keyword.WebUiBuiltInKeywords.verifyElementText(WebUiBuiltInKeywords.groovy:4749)
	at com.kms.katalon.core.webui.keyword.WebUiBuiltInKeywords$verifyElementText$5.call(Unknown Source)
	at Test Case 1.3.run(Test Case 1.3:38)
	at com.kms.katalon.core.main.ScriptEngine.run(ScriptEngine.java:194)
	at com.kms.katalon.core.main.ScriptEngine.runScriptAsRawText(ScriptEngine.java:119)
	at com.kms.katalon.core.main.TestCaseExecutor.runScript(TestCaseExecutor.java:448)
	at com.kms.katalon.core.main.TestCaseExecutor.doExecute(TestCaseExecutor.java:439)
	at com.kms.katalon.core.main.TestCaseExecutor.processExecutionPhase(TestCaseExecutor.java:418)
	at com.kms.katalon.core.main.TestCaseExecutor.accessMainPhase(TestCaseExecutor.java:410)
	at com.kms.katalon.core.main.TestCaseExecutor.execute(TestCaseExecutor.java:285)
	at com.kms.katalon.core.common.CommonExecutor.accessTestCaseMainPhase(CommonExecutor.java:65)
	at com.kms.katalon.core.main.TestSuiteExecutor.accessTestSuiteMainPhase(TestSuiteExecutor.java:148)
	at com.kms.katalon.core.main.TestSuiteExecutor.execute(TestSuiteExecutor.java:106)
	at com.kms.katalon.core.main.TestCaseMain.startTestSuite(TestCaseMain.java:187)
	at com.kms.katalon.core.main.TestCaseMain$startTestSuite$0.call(Unknown Source)
	at TempTestSuite1692952865667.run(TempTestSuite1692952865667.groovy:36)
Caused by: com.kms.katalon.core.exception.StepFailedException: Actual text 'Login failed! Please ensure the username and password are valid.' and expected text 'Please fills out this field.' of test object 'Object Repository/Login Negative/Error_Login failed Please ensure the username and password are valid' are NOT matched.
	at com.kms.katalon.core.webui.keyword.internal.WebUIKeywordMain.stepFailed(WebUIKeywordMain.groovy:64)
	at com.kms.katalon.core.webui.keyword.builtin.VerifyElementTextKeyword$_verifyElementText_closure1.doCall(VerifyElementTextKeyword.groovy:57)
	at com.kms.katalon.core.webui.keyword.builtin.VerifyElementTextKeyword$_verifyElementText_closure1.call(VerifyElementTextKeyword.groovy)
	at com.kms.katalon.core.webui.keyword.internal.WebUIKeywordMain.runKeyword(WebUIKeywordMain.groovy:20)
	... 19 more
)
[[ATTACHMENT|D:\\xsis\\batch-324-qa\\bagus\\Cura Heroku App\\Reports\\20230825_154105\\Tes Suite Heroku App\\20230825_154105\\1692952918169.png]]]]></system-out>
         <system-err><![CDATA[2023-08-25 15:41:45 - [TEST_CASE][FAILED] - Test Cases/Login/Test Case 1.3: Test Cases/Login/Test Case 1.3 FAILED.
Reason:
com.kms.katalon.core.exception.StepFailedException: Verify element text of test object 'Object Repository/Login Negative/Error_Login failed Please ensure the username and password are valid' FAILED.
	at com.kms.katalon.core.webui.keyword.internal.WebUIKeywordMain.stepFailed(WebUIKeywordMain.groovy:64)
	at com.kms.katalon.core.webui.keyword.internal.WebUIKeywordMain.runKeyword(WebUIKeywordMain.groovy:26)
	at com.kms.katalon.core.webui.keyword.builtin.VerifyElementTextKeyword.verifyElementText(VerifyElementTextKeyword.groovy:72)
	at com.kms.katalon.core.webui.keyword.builtin.VerifyElementTextKeyword.execute(VerifyElementTextKeyword.groovy:40)
	at com.kms.katalon.core.keyword.internal.KeywordExecutor.executeKeywordForPlatform(KeywordExecutor.groovy:74)
	at com.kms.katalon.core.webui.keyword.WebUiBuiltInKeywords.verifyElementText(WebUiBuiltInKeywords.groovy:4749)
	at com.kms.katalon.core.webui.keyword.WebUiBuiltInKeywords$verifyElementText$5.call(Unknown Source)
	at Test Case 1.3.run(Test Case 1.3:38)
	at com.kms.katalon.core.main.ScriptEngine.run(ScriptEngine.java:194)
	at com.kms.katalon.core.main.ScriptEngine.runScriptAsRawText(ScriptEngine.java:119)
	at com.kms.katalon.core.main.TestCaseExecutor.runScript(TestCaseExecutor.java:448)
	at com.kms.katalon.core.main.TestCaseExecutor.doExecute(TestCaseExecutor.java:439)
	at com.kms.katalon.core.main.TestCaseExecutor.processExecutionPhase(TestCaseExecutor.java:418)
	at com.kms.katalon.core.main.TestCaseExecutor.accessMainPhase(TestCaseExecutor.java:410)
	at com.kms.katalon.core.main.TestCaseExecutor.execute(TestCaseExecutor.java:285)
	at com.kms.katalon.core.common.CommonExecutor.accessTestCaseMainPhase(CommonExecutor.java:65)
	at com.kms.katalon.core.main.TestSuiteExecutor.accessTestSuiteMainPhase(TestSuiteExecutor.java:148)
	at com.kms.katalon.core.main.TestSuiteExecutor.execute(TestSuiteExecutor.java:106)
	at com.kms.katalon.core.main.TestCaseMain.startTestSuite(TestCaseMain.java:187)
	at com.kms.katalon.core.main.TestCaseMain$startTestSuite$0.call(Unknown Source)
	at TempTestSuite1692952865667.run(TempTestSuite1692952865667.groovy:36)
Caused by: com.kms.katalon.core.exception.StepFailedException: Actual text 'Login failed! Please ensure the username and password are valid.' and expected text 'Please fills out this field.' of test object 'Object Repository/Login Negative/Error_Login failed Please ensure the username and password are valid' are NOT matched.
	at com.kms.katalon.core.webui.keyword.internal.WebUIKeywordMain.stepFailed(WebUIKeywordMain.groovy:64)
	at com.kms.katalon.core.webui.keyword.builtin.VerifyElementTextKeyword$_verifyElementText_closure1.doCall(VerifyElementTextKeyword.groovy:57)
	at com.kms.katalon.core.webui.keyword.builtin.VerifyElementTextKeyword$_verifyElementText_closure1.call(VerifyElementTextKeyword.groovy)
	at com.kms.katalon.core.webui.keyword.internal.WebUIKeywordMain.runKeyword(WebUIKeywordMain.groovy:20)
	... 19 more]]></system-err>
      </testcase>
      <testcase name="Test Cases/Login/Test Case 1.4" time="14.339" classname="Test Cases/Login/Test Case 1.4" status="FAILED">
         <failure type="FAILED" message="Test Cases/Login/Test Case 1.4 FAILED.
Reason:
com.kms.katalon.core.exception.StepFailedException: Verify element text of test object 'Object Repository/Login Negative/Error_Login failed Please ensure the username and password are valid' FAILED.
	at com.kms.katalon.core.webui.keyword.internal.WebUIKeywordMain.stepFailed(WebUIKeywordMain.groovy:64)
	at com.kms.katalon.core.webui.keyword.internal.WebUIKeywordMain.runKeyword(WebUIKeywordMain.groovy:26)
	at com.kms.katalon.core.webui.keyword.builtin.VerifyElementTextKeyword.verifyElementText(VerifyElementTextKeyword.groovy:72)
	at com.kms.katalon.core.webui.keyword.builtin.VerifyElementTextKeyword.execute(VerifyElementTextKeyword.groovy:40)
	at com.kms.katalon.core.keyword.internal.KeywordExecutor.executeKeywordForPlatform(KeywordExecutor.groovy:74)
	at com.kms.katalon.core.webui.keyword.WebUiBuiltInKeywords.verifyElementText(WebUiBuiltInKeywords.groovy:4749)
	at com.kms.katalon.core.webui.keyword.WebUiBuiltInKeywords$verifyElementText$5.call(Unknown Source)
	at Test Case 1.4.run(Test Case 1.4:38)
	at com.kms.katalon.core.main.ScriptEngine.run(ScriptEngine.java:194)
	at com.kms.katalon.core.main.ScriptEngine.runScriptAsRawText(ScriptEngine.java:119)
	at com.kms.katalon.core.main.TestCaseExecutor.runScript(TestCaseExecutor.java:448)
	at com.kms.katalon.core.main.TestCaseExecutor.doExecute(TestCaseExecutor.java:439)
	at com.kms.katalon.core.main.TestCaseExecutor.processExecutionPhase(TestCaseExecutor.java:418)
	at com.kms.katalon.core.main.TestCaseExecutor.accessMainPhase(TestCaseExecutor.java:410)
	at com.kms.katalon.core.main.TestCaseExecutor.execute(TestCaseExecutor.java:285)
	at com.kms.katalon.core.common.CommonExecutor.accessTestCaseMainPhase(CommonExecutor.java:65)
	at com.kms.katalon.core.main.TestSuiteExecutor.accessTestSuiteMainPhase(TestSuiteExecutor.java:148)
	at com.kms.katalon.core.main.TestSuiteExecutor.execute(TestSuiteExecutor.java:106)
	at com.kms.katalon.core.main.TestCaseMain.startTestSuite(TestCaseMain.java:187)
	at com.kms.katalon.core.main.TestCaseMain$startTestSuite$0.call(Unknown Source)
	at TempTestSuite1692952865667.run(TempTestSuite1692952865667.groovy:36)
Caused by: com.kms.katalon.core.exception.StepFailedException: Actual text 'Login failed! Please ensure the username and password are valid.' and expected text 'Please fills out this field.' of test object 'Object Repository/Login Negative/Error_Login failed Please ensure the username and password are valid' are NOT matched.
	at com.kms.katalon.core.webui.keyword.internal.WebUIKeywordMain.stepFailed(WebUIKeywordMain.groovy:64)
	at com.kms.katalon.core.webui.keyword.builtin.VerifyElementTextKeyword$_verifyElementText_closure1.doCall(VerifyElementTextKeyword.groovy:57)
	at com.kms.katalon.core.webui.keyword.builtin.VerifyElementTextKeyword$_verifyElementText_closure1.call(VerifyElementTextKeyword.groovy)
	at com.kms.katalon.core.webui.keyword.internal.WebUIKeywordMain.runKeyword(WebUIKeywordMain.groovy:20)
	... 19 more
"/>
         <system-out><![CDATA[2023-08-25 15:41:58 - [TEST_CASE][FAILED] - Test Cases/Login/Test Case 1.4: Test Cases/Login/Test Case 1.4 FAILED.
Reason:
com.kms.katalon.core.exception.StepFailedException: Verify element text of test object 'Object Repository/Login Negative/Error_Login failed Please ensure the username and password are valid' FAILED.
	at com.kms.katalon.core.webui.keyword.internal.WebUIKeywordMain.stepFailed(WebUIKeywordMain.groovy:64)
	at com.kms.katalon.core.webui.keyword.internal.WebUIKeywordMain.runKeyword(WebUIKeywordMain.groovy:26)
	at com.kms.katalon.core.webui.keyword.builtin.VerifyElementTextKeyword.verifyElementText(VerifyElementTextKeyword.groovy:72)
	at com.kms.katalon.core.webui.keyword.builtin.VerifyElementTextKeyword.execute(VerifyElementTextKeyword.groovy:40)
	at com.kms.katalon.core.keyword.internal.KeywordExecutor.executeKeywordForPlatform(KeywordExecutor.groovy:74)
	at com.kms.katalon.core.webui.keyword.WebUiBuiltInKeywords.verifyElementText(WebUiBuiltInKeywords.groovy:4749)
	at com.kms.katalon.core.webui.keyword.WebUiBuiltInKeywords$verifyElementText$5.call(Unknown Source)
	at Test Case 1.4.run(Test Case 1.4:38)
	at com.kms.katalon.core.main.ScriptEngine.run(ScriptEngine.java:194)
	at com.kms.katalon.core.main.ScriptEngine.runScriptAsRawText(ScriptEngine.java:119)
	at com.kms.katalon.core.main.TestCaseExecutor.runScript(TestCaseExecutor.java:448)
	at com.kms.katalon.core.main.TestCaseExecutor.doExecute(TestCaseExecutor.java:439)
	at com.kms.katalon.core.main.TestCaseExecutor.processExecutionPhase(TestCaseExecutor.java:418)
	at com.kms.katalon.core.main.TestCaseExecutor.accessMainPhase(TestCaseExecutor.java:410)
	at com.kms.katalon.core.main.TestCaseExecutor.execute(TestCaseExecutor.java:285)
	at com.kms.katalon.core.common.CommonExecutor.accessTestCaseMainPhase(CommonExecutor.java:65)
	at com.kms.katalon.core.main.TestSuiteExecutor.accessTestSuiteMainPhase(TestSuiteExecutor.java:148)
	at com.kms.katalon.core.main.TestSuiteExecutor.execute(TestSuiteExecutor.java:106)
	at com.kms.katalon.core.main.TestCaseMain.startTestSuite(TestCaseMain.java:187)
	at com.kms.katalon.core.main.TestCaseMain$startTestSuite$0.call(Unknown Source)
	at TempTestSuite1692952865667.run(TempTestSuite1692952865667.groovy:36)
Caused by: com.kms.katalon.core.exception.StepFailedException: Actual text 'Login failed! Please ensure the username and password are valid.' and expected text 'Please fills out this field.' of test object 'Object Repository/Login Negative/Error_Login failed Please ensure the username and password are valid' are NOT matched.
	at com.kms.katalon.core.webui.keyword.internal.WebUIKeywordMain.stepFailed(WebUIKeywordMain.groovy:64)
	at com.kms.katalon.core.webui.keyword.builtin.VerifyElementTextKeyword$_verifyElementText_closure1.doCall(VerifyElementTextKeyword.groovy:57)
	at com.kms.katalon.core.webui.keyword.builtin.VerifyElementTextKeyword$_verifyElementText_closure1.call(VerifyElementTextKeyword.groovy)
	at com.kms.katalon.core.webui.keyword.internal.WebUIKeywordMain.runKeyword(WebUIKeywordMain.groovy:20)
	... 19 more


2023-08-25 15:41:58 - [TEST_STEP][PASSED] - openBrowser(web_url): Browser is opened with url: 'https://katalon-demo-cura.herokuapp.com/'

2023-08-25 15:41:58 - [MESSAGE][WARNING] - A browser is already opened. Closing browser and opening a new one

2023-08-25 15:41:59 - [MESSAGE][INFO] - Starting 'Edge Chromium' driver

2023-08-25 15:42:01 - [MESSAGE][INFO] - Action delay is set to 0 milliseconds

2023-08-25 15:42:07 - [MESSAGE][PASSED] - Browser is opened with url: 'https://katalon-demo-cura.herokuapp.com/'

2023-08-25 15:42:07 - [TEST_STEP][PASSED] - maximizeWindow(): Current window maximized

2023-08-25 15:42:07 - [MESSAGE][PASSED] - Current window maximized

2023-08-25 15:42:07 - [TEST_STEP][PASSED] - verifyElementPresent(findTestObject("Login Manual/title_homepage"), 0): Object 'Object Repository/Login Manual/title_homepage' is present

2023-08-25 15:42:07 - [MESSAGE][WARNING] - Timeout '0' is invalid. Using default page load timeout: '30'

2023-08-25 15:42:07 - [MESSAGE][PASSED] - Object 'Object Repository/Login Manual/title_homepage' is present

2023-08-25 15:42:07 - [TEST_STEP][PASSED] - click(findTestObject("Login Manual/burger_button")): Object: 'Object Repository/Login Manual/burger_button' is clicked on

2023-08-25 15:42:08 - [MESSAGE][PASSED] - Object: 'Object Repository/Login Manual/burger_button' is clicked on

2023-08-25 15:42:08 - [TEST_STEP][PASSED] - click(findTestObject("Login Manual/burger_button_login")): Object: 'Object Repository/Login Manual/burger_button_login' is clicked on

2023-08-25 15:42:09 - [MESSAGE][PASSED] - Object: 'Object Repository/Login Manual/burger_button_login' is clicked on

2023-08-25 15:42:09 - [TEST_STEP][PASSED] - verifyElementPresent(findTestObject("Login Manual/Title_Login"), 0): Object 'Object Repository/Login Manual/Title_Login' is present

2023-08-25 15:42:09 - [MESSAGE][WARNING] - Timeout '0' is invalid. Using default page load timeout: '30'

2023-08-25 15:42:09 - [MESSAGE][PASSED] - Object 'Object Repository/Login Manual/Title_Login' is present

2023-08-25 15:42:09 - [TEST_STEP][PASSED] - setText(findTestObject("Login Manual/input_Username"), ""): Text '' is set on object 'Object Repository/Login Manual/input_Username'

2023-08-25 15:42:10 - [MESSAGE][PASSED] - Text '' is set on object 'Object Repository/Login Manual/input_Username'

2023-08-25 15:42:10 - [TEST_STEP][PASSED] - setEncryptedText(findTestObject("Login Manual/input_Password"), "g3/DOGG74jC3Flrr3yH+3D/yKbOqqUNM"): Text ****** has been set on object 'Object Repository/Login Manual/input_Password'

2023-08-25 15:42:10 - [MESSAGE][PASSED] - Text ****** has been set on object 'Object Repository/Login Manual/input_Password'

2023-08-25 15:42:10 - [TEST_STEP][PASSED] - click(findTestObject("Login Manual/button_Login (1)")): Object: 'Object Repository/Login Manual/button_Login (1)' is clicked on

2023-08-25 15:42:11 - [MESSAGE][PASSED] - Object: 'Object Repository/Login Manual/button_Login (1)' is clicked on

2023-08-25 15:42:11 - [TEST_STEP][FAILED] - verifyElementText(findTestObject("Login Negative/Error_Login failed Please ensure the username and password are valid"), "Please fills out this field."): Verify element text of test object 'Object Repository/Login Negative/Error_Login failed Please ensure the username and password are valid' FAILED. (Root cause: com.kms.katalon.core.exception.StepFailedException: Verify element text of test object 'Object Repository/Login Negative/Error_Login failed Please ensure the username and password are valid' FAILED.
	at com.kms.katalon.core.webui.keyword.internal.WebUIKeywordMain.stepFailed(WebUIKeywordMain.groovy:64)
	at com.kms.katalon.core.webui.keyword.internal.WebUIKeywordMain.runKeyword(WebUIKeywordMain.groovy:26)
	at com.kms.katalon.core.webui.keyword.builtin.VerifyElementTextKeyword.verifyElementText(VerifyElementTextKeyword.groovy:72)
	at com.kms.katalon.core.webui.keyword.builtin.VerifyElementTextKeyword.execute(VerifyElementTextKeyword.groovy:40)
	at com.kms.katalon.core.keyword.internal.KeywordExecutor.executeKeywordForPlatform(KeywordExecutor.groovy:74)
	at com.kms.katalon.core.webui.keyword.WebUiBuiltInKeywords.verifyElementText(WebUiBuiltInKeywords.groovy:4749)
	at com.kms.katalon.core.webui.keyword.WebUiBuiltInKeywords$verifyElementText$5.call(Unknown Source)
	at Test Case 1.4.run(Test Case 1.4:38)
	at com.kms.katalon.core.main.ScriptEngine.run(ScriptEngine.java:194)
	at com.kms.katalon.core.main.ScriptEngine.runScriptAsRawText(ScriptEngine.java:119)
	at com.kms.katalon.core.main.TestCaseExecutor.runScript(TestCaseExecutor.java:448)
	at com.kms.katalon.core.main.TestCaseExecutor.doExecute(TestCaseExecutor.java:439)
	at com.kms.katalon.core.main.TestCaseExecutor.processExecutionPhase(TestCaseExecutor.java:418)
	at com.kms.katalon.core.main.TestCaseExecutor.accessMainPhase(TestCaseExecutor.java:410)
	at com.kms.katalon.core.main.TestCaseExecutor.execute(TestCaseExecutor.java:285)
	at com.kms.katalon.core.common.CommonExecutor.accessTestCaseMainPhase(CommonExecutor.java:65)
	at com.kms.katalon.core.main.TestSuiteExecutor.accessTestSuiteMainPhase(TestSuiteExecutor.java:148)
	at com.kms.katalon.core.main.TestSuiteExecutor.execute(TestSuiteExecutor.java:106)
	at com.kms.katalon.core.main.TestCaseMain.startTestSuite(TestCaseMain.java:187)
	at com.kms.katalon.core.main.TestCaseMain$startTestSuite$0.call(Unknown Source)
	at TempTestSuite1692952865667.run(TempTestSuite1692952865667.groovy:36)
Caused by: com.kms.katalon.core.exception.StepFailedException: Actual text 'Login failed! Please ensure the username and password are valid.' and expected text 'Please fills out this field.' of test object 'Object Repository/Login Negative/Error_Login failed Please ensure the username and password are valid' are NOT matched.
	at com.kms.katalon.core.webui.keyword.internal.WebUIKeywordMain.stepFailed(WebUIKeywordMain.groovy:64)
	at com.kms.katalon.core.webui.keyword.builtin.VerifyElementTextKeyword$_verifyElementText_closure1.doCall(VerifyElementTextKeyword.groovy:57)
	at com.kms.katalon.core.webui.keyword.builtin.VerifyElementTextKeyword$_verifyElementText_closure1.call(VerifyElementTextKeyword.groovy)
	at com.kms.katalon.core.webui.keyword.internal.WebUIKeywordMain.runKeyword(WebUIKeywordMain.groovy:20)
	... 19 more
)

2023-08-25 15:42:12 - [MESSAGE][FAILED] - Actual text 'Login failed! Please ensure the username and password are valid.' and expected text 'Please fills out this field.' of test object 'Object Repository/Login Negative/Error_Login failed Please ensure the username and password are valid' are NOT matched. (Root cause: com.kms.katalon.core.exception.StepFailedException: Actual text 'Login failed! Please ensure the username and password are valid.' and expected text 'Please fills out this field.' of test object 'Object Repository/Login Negative/Error_Login failed Please ensure the username and password are valid' are NOT matched.
	at com.kms.katalon.core.webui.keyword.internal.WebUIKeywordMain.stepFailed(WebUIKeywordMain.groovy:64)
	at com.kms.katalon.core.webui.keyword.builtin.VerifyElementTextKeyword$_verifyElementText_closure1.doCall(VerifyElementTextKeyword.groovy:57)
	at com.kms.katalon.core.webui.keyword.builtin.VerifyElementTextKeyword$_verifyElementText_closure1.call(VerifyElementTextKeyword.groovy)
	at com.kms.katalon.core.webui.keyword.internal.WebUIKeywordMain.runKeyword(WebUIKeywordMain.groovy:20)
	at com.kms.katalon.core.webui.keyword.builtin.VerifyElementTextKeyword.verifyElementText(VerifyElementTextKeyword.groovy:72)
	at com.kms.katalon.core.webui.keyword.builtin.VerifyElementTextKeyword.execute(VerifyElementTextKeyword.groovy:40)
	at com.kms.katalon.core.keyword.internal.KeywordExecutor.executeKeywordForPlatform(KeywordExecutor.groovy:74)
	at com.kms.katalon.core.webui.keyword.WebUiBuiltInKeywords.verifyElementText(WebUiBuiltInKeywords.groovy:4749)
	at com.kms.katalon.core.webui.keyword.WebUiBuiltInKeywords$verifyElementText$5.call(Unknown Source)
	at Test Case 1.4.run(Test Case 1.4:38)
	at com.kms.katalon.core.main.ScriptEngine.run(ScriptEngine.java:194)
	at com.kms.katalon.core.main.ScriptEngine.runScriptAsRawText(ScriptEngine.java:119)
	at com.kms.katalon.core.main.TestCaseExecutor.runScript(TestCaseExecutor.java:448)
	at com.kms.katalon.core.main.TestCaseExecutor.doExecute(TestCaseExecutor.java:439)
	at com.kms.katalon.core.main.TestCaseExecutor.processExecutionPhase(TestCaseExecutor.java:418)
	at com.kms.katalon.core.main.TestCaseExecutor.accessMainPhase(TestCaseExecutor.java:410)
	at com.kms.katalon.core.main.TestCaseExecutor.execute(TestCaseExecutor.java:285)
	at com.kms.katalon.core.common.CommonExecutor.accessTestCaseMainPhase(CommonExecutor.java:65)
	at com.kms.katalon.core.main.TestSuiteExecutor.accessTestSuiteMainPhase(TestSuiteExecutor.java:148)
	at com.kms.katalon.core.main.TestSuiteExecutor.execute(TestSuiteExecutor.java:106)
	at com.kms.katalon.core.main.TestCaseMain.startTestSuite(TestCaseMain.java:187)
	at com.kms.katalon.core.main.TestCaseMain$startTestSuite$0.call(Unknown Source)
	at TempTestSuite1692952865667.run(TempTestSuite1692952865667.groovy:36)
)
[[ATTACHMENT|D:\\xsis\\batch-324-qa\\bagus\\Cura Heroku App\\Reports\\20230825_154105\\Tes Suite Heroku App\\20230825_154105\\1692952932357.png]]

2023-08-25 15:42:12 - [MESSAGE][FAILED] - Verify element text of test object 'Object Repository/Login Negative/Error_Login failed Please ensure the username and password are valid' FAILED. (Root cause: com.kms.katalon.core.exception.StepFailedException: Verify element text of test object 'Object Repository/Login Negative/Error_Login failed Please ensure the username and password are valid' FAILED.
	at com.kms.katalon.core.webui.keyword.internal.WebUIKeywordMain.stepFailed(WebUIKeywordMain.groovy:64)
	at com.kms.katalon.core.webui.keyword.internal.WebUIKeywordMain.runKeyword(WebUIKeywordMain.groovy:26)
	at com.kms.katalon.core.webui.keyword.builtin.VerifyElementTextKeyword.verifyElementText(VerifyElementTextKeyword.groovy:72)
	at com.kms.katalon.core.webui.keyword.builtin.VerifyElementTextKeyword.execute(VerifyElementTextKeyword.groovy:40)
	at com.kms.katalon.core.keyword.internal.KeywordExecutor.executeKeywordForPlatform(KeywordExecutor.groovy:74)
	at com.kms.katalon.core.webui.keyword.WebUiBuiltInKeywords.verifyElementText(WebUiBuiltInKeywords.groovy:4749)
	at com.kms.katalon.core.webui.keyword.WebUiBuiltInKeywords$verifyElementText$5.call(Unknown Source)
	at Test Case 1.4.run(Test Case 1.4:38)
	at com.kms.katalon.core.main.ScriptEngine.run(ScriptEngine.java:194)
	at com.kms.katalon.core.main.ScriptEngine.runScriptAsRawText(ScriptEngine.java:119)
	at com.kms.katalon.core.main.TestCaseExecutor.runScript(TestCaseExecutor.java:448)
	at com.kms.katalon.core.main.TestCaseExecutor.doExecute(TestCaseExecutor.java:439)
	at com.kms.katalon.core.main.TestCaseExecutor.processExecutionPhase(TestCaseExecutor.java:418)
	at com.kms.katalon.core.main.TestCaseExecutor.accessMainPhase(TestCaseExecutor.java:410)
	at com.kms.katalon.core.main.TestCaseExecutor.execute(TestCaseExecutor.java:285)
	at com.kms.katalon.core.common.CommonExecutor.accessTestCaseMainPhase(CommonExecutor.java:65)
	at com.kms.katalon.core.main.TestSuiteExecutor.accessTestSuiteMainPhase(TestSuiteExecutor.java:148)
	at com.kms.katalon.core.main.TestSuiteExecutor.execute(TestSuiteExecutor.java:106)
	at com.kms.katalon.core.main.TestCaseMain.startTestSuite(TestCaseMain.java:187)
	at com.kms.katalon.core.main.TestCaseMain$startTestSuite$0.call(Unknown Source)
	at TempTestSuite1692952865667.run(TempTestSuite1692952865667.groovy:36)
Caused by: com.kms.katalon.core.exception.StepFailedException: Actual text 'Login failed! Please ensure the username and password are valid.' and expected text 'Please fills out this field.' of test object 'Object Repository/Login Negative/Error_Login failed Please ensure the username and password are valid' are NOT matched.
	at com.kms.katalon.core.webui.keyword.internal.WebUIKeywordMain.stepFailed(WebUIKeywordMain.groovy:64)
	at com.kms.katalon.core.webui.keyword.builtin.VerifyElementTextKeyword$_verifyElementText_closure1.doCall(VerifyElementTextKeyword.groovy:57)
	at com.kms.katalon.core.webui.keyword.builtin.VerifyElementTextKeyword$_verifyElementText_closure1.call(VerifyElementTextKeyword.groovy)
	at com.kms.katalon.core.webui.keyword.internal.WebUIKeywordMain.runKeyword(WebUIKeywordMain.groovy:20)
	... 19 more
)
[[ATTACHMENT|D:\\xsis\\batch-324-qa\\bagus\\Cura Heroku App\\Reports\\20230825_154105\\Tes Suite Heroku App\\20230825_154105\\1692952932541.png]]]]></system-out>
         <system-err><![CDATA[2023-08-25 15:41:58 - [TEST_CASE][FAILED] - Test Cases/Login/Test Case 1.4: Test Cases/Login/Test Case 1.4 FAILED.
Reason:
com.kms.katalon.core.exception.StepFailedException: Verify element text of test object 'Object Repository/Login Negative/Error_Login failed Please ensure the username and password are valid' FAILED.
	at com.kms.katalon.core.webui.keyword.internal.WebUIKeywordMain.stepFailed(WebUIKeywordMain.groovy:64)
	at com.kms.katalon.core.webui.keyword.internal.WebUIKeywordMain.runKeyword(WebUIKeywordMain.groovy:26)
	at com.kms.katalon.core.webui.keyword.builtin.VerifyElementTextKeyword.verifyElementText(VerifyElementTextKeyword.groovy:72)
	at com.kms.katalon.core.webui.keyword.builtin.VerifyElementTextKeyword.execute(VerifyElementTextKeyword.groovy:40)
	at com.kms.katalon.core.keyword.internal.KeywordExecutor.executeKeywordForPlatform(KeywordExecutor.groovy:74)
	at com.kms.katalon.core.webui.keyword.WebUiBuiltInKeywords.verifyElementText(WebUiBuiltInKeywords.groovy:4749)
	at com.kms.katalon.core.webui.keyword.WebUiBuiltInKeywords$verifyElementText$5.call(Unknown Source)
	at Test Case 1.4.run(Test Case 1.4:38)
	at com.kms.katalon.core.main.ScriptEngine.run(ScriptEngine.java:194)
	at com.kms.katalon.core.main.ScriptEngine.runScriptAsRawText(ScriptEngine.java:119)
	at com.kms.katalon.core.main.TestCaseExecutor.runScript(TestCaseExecutor.java:448)
	at com.kms.katalon.core.main.TestCaseExecutor.doExecute(TestCaseExecutor.java:439)
	at com.kms.katalon.core.main.TestCaseExecutor.processExecutionPhase(TestCaseExecutor.java:418)
	at com.kms.katalon.core.main.TestCaseExecutor.accessMainPhase(TestCaseExecutor.java:410)
	at com.kms.katalon.core.main.TestCaseExecutor.execute(TestCaseExecutor.java:285)
	at com.kms.katalon.core.common.CommonExecutor.accessTestCaseMainPhase(CommonExecutor.java:65)
	at com.kms.katalon.core.main.TestSuiteExecutor.accessTestSuiteMainPhase(TestSuiteExecutor.java:148)
	at com.kms.katalon.core.main.TestSuiteExecutor.execute(TestSuiteExecutor.java:106)
	at com.kms.katalon.core.main.TestCaseMain.startTestSuite(TestCaseMain.java:187)
	at com.kms.katalon.core.main.TestCaseMain$startTestSuite$0.call(Unknown Source)
	at TempTestSuite1692952865667.run(TempTestSuite1692952865667.groovy:36)
Caused by: com.kms.katalon.core.exception.StepFailedException: Actual text 'Login failed! Please ensure the username and password are valid.' and expected text 'Please fills out this field.' of test object 'Object Repository/Login Negative/Error_Login failed Please ensure the username and password are valid' are NOT matched.
	at com.kms.katalon.core.webui.keyword.internal.WebUIKeywordMain.stepFailed(WebUIKeywordMain.groovy:64)
	at com.kms.katalon.core.webui.keyword.builtin.VerifyElementTextKeyword$_verifyElementText_closure1.doCall(VerifyElementTextKeyword.groovy:57)
	at com.kms.katalon.core.webui.keyword.builtin.VerifyElementTextKeyword$_verifyElementText_closure1.call(VerifyElementTextKeyword.groovy)
	at com.kms.katalon.core.webui.keyword.internal.WebUIKeywordMain.runKeyword(WebUIKeywordMain.groovy:20)
	... 19 more]]></system-err>
      </testcase>
      <testcase name="Test Cases/Login/Test Case 1.5" time="12.605" classname="Test Cases/Login/Test Case 1.5" status="FAILED">
         <failure type="FAILED" message="Test Cases/Login/Test Case 1.5 FAILED.
Reason:
com.kms.katalon.core.exception.StepFailedException: Verify element text of test object 'Object Repository/Login Negative/Error_Login failed Please ensure the username and password are valid' FAILED.
	at com.kms.katalon.core.webui.keyword.internal.WebUIKeywordMain.stepFailed(WebUIKeywordMain.groovy:64)
	at com.kms.katalon.core.webui.keyword.internal.WebUIKeywordMain.runKeyword(WebUIKeywordMain.groovy:26)
	at com.kms.katalon.core.webui.keyword.builtin.VerifyElementTextKeyword.verifyElementText(VerifyElementTextKeyword.groovy:72)
	at com.kms.katalon.core.webui.keyword.builtin.VerifyElementTextKeyword.execute(VerifyElementTextKeyword.groovy:40)
	at com.kms.katalon.core.keyword.internal.KeywordExecutor.executeKeywordForPlatform(KeywordExecutor.groovy:74)
	at com.kms.katalon.core.webui.keyword.WebUiBuiltInKeywords.verifyElementText(WebUiBuiltInKeywords.groovy:4749)
	at com.kms.katalon.core.webui.keyword.WebUiBuiltInKeywords$verifyElementText$5.call(Unknown Source)
	at Test Case 1.5.run(Test Case 1.5:38)
	at com.kms.katalon.core.main.ScriptEngine.run(ScriptEngine.java:194)
	at com.kms.katalon.core.main.ScriptEngine.runScriptAsRawText(ScriptEngine.java:119)
	at com.kms.katalon.core.main.TestCaseExecutor.runScript(TestCaseExecutor.java:448)
	at com.kms.katalon.core.main.TestCaseExecutor.doExecute(TestCaseExecutor.java:439)
	at com.kms.katalon.core.main.TestCaseExecutor.processExecutionPhase(TestCaseExecutor.java:418)
	at com.kms.katalon.core.main.TestCaseExecutor.accessMainPhase(TestCaseExecutor.java:410)
	at com.kms.katalon.core.main.TestCaseExecutor.execute(TestCaseExecutor.java:285)
	at com.kms.katalon.core.common.CommonExecutor.accessTestCaseMainPhase(CommonExecutor.java:65)
	at com.kms.katalon.core.main.TestSuiteExecutor.accessTestSuiteMainPhase(TestSuiteExecutor.java:148)
	at com.kms.katalon.core.main.TestSuiteExecutor.execute(TestSuiteExecutor.java:106)
	at com.kms.katalon.core.main.TestCaseMain.startTestSuite(TestCaseMain.java:187)
	at com.kms.katalon.core.main.TestCaseMain$startTestSuite$0.call(Unknown Source)
	at TempTestSuite1692952865667.run(TempTestSuite1692952865667.groovy:36)
Caused by: com.kms.katalon.core.exception.StepFailedException: Actual text 'Login failed! Please ensure the username and password are valid.' and expected text 'Incorrect username or password.' of test object 'Object Repository/Login Negative/Error_Login failed Please ensure the username and password are valid' are NOT matched.
	at com.kms.katalon.core.webui.keyword.internal.WebUIKeywordMain.stepFailed(WebUIKeywordMain.groovy:64)
	at com.kms.katalon.core.webui.keyword.builtin.VerifyElementTextKeyword$_verifyElementText_closure1.doCall(VerifyElementTextKeyword.groovy:57)
	at com.kms.katalon.core.webui.keyword.builtin.VerifyElementTextKeyword$_verifyElementText_closure1.call(VerifyElementTextKeyword.groovy)
	at com.kms.katalon.core.webui.keyword.internal.WebUIKeywordMain.runKeyword(WebUIKeywordMain.groovy:20)
	... 19 more
"/>
         <system-out><![CDATA[2023-08-25 15:42:12 - [TEST_CASE][FAILED] - Test Cases/Login/Test Case 1.5: Test Cases/Login/Test Case 1.5 FAILED.
Reason:
com.kms.katalon.core.exception.StepFailedException: Verify element text of test object 'Object Repository/Login Negative/Error_Login failed Please ensure the username and password are valid' FAILED.
	at com.kms.katalon.core.webui.keyword.internal.WebUIKeywordMain.stepFailed(WebUIKeywordMain.groovy:64)
	at com.kms.katalon.core.webui.keyword.internal.WebUIKeywordMain.runKeyword(WebUIKeywordMain.groovy:26)
	at com.kms.katalon.core.webui.keyword.builtin.VerifyElementTextKeyword.verifyElementText(VerifyElementTextKeyword.groovy:72)
	at com.kms.katalon.core.webui.keyword.builtin.VerifyElementTextKeyword.execute(VerifyElementTextKeyword.groovy:40)
	at com.kms.katalon.core.keyword.internal.KeywordExecutor.executeKeywordForPlatform(KeywordExecutor.groovy:74)
	at com.kms.katalon.core.webui.keyword.WebUiBuiltInKeywords.verifyElementText(WebUiBuiltInKeywords.groovy:4749)
	at com.kms.katalon.core.webui.keyword.WebUiBuiltInKeywords$verifyElementText$5.call(Unknown Source)
	at Test Case 1.5.run(Test Case 1.5:38)
	at com.kms.katalon.core.main.ScriptEngine.run(ScriptEngine.java:194)
	at com.kms.katalon.core.main.ScriptEngine.runScriptAsRawText(ScriptEngine.java:119)
	at com.kms.katalon.core.main.TestCaseExecutor.runScript(TestCaseExecutor.java:448)
	at com.kms.katalon.core.main.TestCaseExecutor.doExecute(TestCaseExecutor.java:439)
	at com.kms.katalon.core.main.TestCaseExecutor.processExecutionPhase(TestCaseExecutor.java:418)
	at com.kms.katalon.core.main.TestCaseExecutor.accessMainPhase(TestCaseExecutor.java:410)
	at com.kms.katalon.core.main.TestCaseExecutor.execute(TestCaseExecutor.java:285)
	at com.kms.katalon.core.common.CommonExecutor.accessTestCaseMainPhase(CommonExecutor.java:65)
	at com.kms.katalon.core.main.TestSuiteExecutor.accessTestSuiteMainPhase(TestSuiteExecutor.java:148)
	at com.kms.katalon.core.main.TestSuiteExecutor.execute(TestSuiteExecutor.java:106)
	at com.kms.katalon.core.main.TestCaseMain.startTestSuite(TestCaseMain.java:187)
	at com.kms.katalon.core.main.TestCaseMain$startTestSuite$0.call(Unknown Source)
	at TempTestSuite1692952865667.run(TempTestSuite1692952865667.groovy:36)
Caused by: com.kms.katalon.core.exception.StepFailedException: Actual text 'Login failed! Please ensure the username and password are valid.' and expected text 'Incorrect username or password.' of test object 'Object Repository/Login Negative/Error_Login failed Please ensure the username and password are valid' are NOT matched.
	at com.kms.katalon.core.webui.keyword.internal.WebUIKeywordMain.stepFailed(WebUIKeywordMain.groovy:64)
	at com.kms.katalon.core.webui.keyword.builtin.VerifyElementTextKeyword$_verifyElementText_closure1.doCall(VerifyElementTextKeyword.groovy:57)
	at com.kms.katalon.core.webui.keyword.builtin.VerifyElementTextKeyword$_verifyElementText_closure1.call(VerifyElementTextKeyword.groovy)
	at com.kms.katalon.core.webui.keyword.internal.WebUIKeywordMain.runKeyword(WebUIKeywordMain.groovy:20)
	... 19 more


2023-08-25 15:42:12 - [TEST_STEP][PASSED] - openBrowser(web_url): Browser is opened with url: 'https://katalon-demo-cura.herokuapp.com/'

2023-08-25 15:42:12 - [MESSAGE][WARNING] - A browser is already opened. Closing browser and opening a new one

2023-08-25 15:42:13 - [MESSAGE][INFO] - Starting 'Edge Chromium' driver

2023-08-25 15:42:15 - [MESSAGE][INFO] - Action delay is set to 0 milliseconds

2023-08-25 15:42:19 - [MESSAGE][PASSED] - Browser is opened with url: 'https://katalon-demo-cura.herokuapp.com/'

2023-08-25 15:42:19 - [TEST_STEP][PASSED] - maximizeWindow(): Current window maximized

2023-08-25 15:42:19 - [MESSAGE][PASSED] - Current window maximized

2023-08-25 15:42:19 - [TEST_STEP][PASSED] - verifyElementPresent(findTestObject("Login Manual/title_homepage"), 0): Object 'Object Repository/Login Manual/title_homepage' is present

2023-08-25 15:42:19 - [MESSAGE][WARNING] - Timeout '0' is invalid. Using default page load timeout: '30'

2023-08-25 15:42:20 - [MESSAGE][PASSED] - Object 'Object Repository/Login Manual/title_homepage' is present

2023-08-25 15:42:20 - [TEST_STEP][PASSED] - click(findTestObject("Login Manual/burger_button")): Object: 'Object Repository/Login Manual/burger_button' is clicked on

2023-08-25 15:42:20 - [MESSAGE][PASSED] - Object: 'Object Repository/Login Manual/burger_button' is clicked on

2023-08-25 15:42:20 - [TEST_STEP][PASSED] - click(findTestObject("Login Manual/burger_button_login")): Object: 'Object Repository/Login Manual/burger_button_login' is clicked on

2023-08-25 15:42:21 - [MESSAGE][PASSED] - Object: 'Object Repository/Login Manual/burger_button_login' is clicked on

2023-08-25 15:42:21 - [TEST_STEP][PASSED] - verifyElementPresent(findTestObject("Login Manual/Title_Login"), 0): Object 'Object Repository/Login Manual/Title_Login' is present

2023-08-25 15:42:21 - [MESSAGE][WARNING] - Timeout '0' is invalid. Using default page load timeout: '30'

2023-08-25 15:42:22 - [MESSAGE][PASSED] - Object 'Object Repository/Login Manual/Title_Login' is present

2023-08-25 15:42:22 - [TEST_STEP][PASSED] - setText(findTestObject("Login Manual/input_Username"), "John Doe"): Text 'John Doe' is set on object 'Object Repository/Login Manual/input_Username'

2023-08-25 15:42:22 - [MESSAGE][PASSED] - Text 'John Doe' is set on object 'Object Repository/Login Manual/input_Username'

2023-08-25 15:42:22 - [TEST_STEP][PASSED] - setEncryptedText(findTestObject("Login Manual/input_Password"), "8SQVv/p9jVScEs4/2CZsLw=="): Text ****** has been set on object 'Object Repository/Login Manual/input_Password'

2023-08-25 15:42:23 - [MESSAGE][PASSED] - Text ****** has been set on object 'Object Repository/Login Manual/input_Password'

2023-08-25 15:42:23 - [TEST_STEP][PASSED] - click(findTestObject("Login Manual/button_Login (1)")): Object: 'Object Repository/Login Manual/button_Login (1)' is clicked on

2023-08-25 15:42:24 - [MESSAGE][PASSED] - Object: 'Object Repository/Login Manual/button_Login (1)' is clicked on

2023-08-25 15:42:24 - [TEST_STEP][FAILED] - verifyElementText(findTestObject("Login Negative/Error_Login failed Please ensure the username and password are valid"), "Incorrect username or password."): Verify element text of test object 'Object Repository/Login Negative/Error_Login failed Please ensure the username and password are valid' FAILED. (Root cause: com.kms.katalon.core.exception.StepFailedException: Verify element text of test object 'Object Repository/Login Negative/Error_Login failed Please ensure the username and password are valid' FAILED.
	at com.kms.katalon.core.webui.keyword.internal.WebUIKeywordMain.stepFailed(WebUIKeywordMain.groovy:64)
	at com.kms.katalon.core.webui.keyword.internal.WebUIKeywordMain.runKeyword(WebUIKeywordMain.groovy:26)
	at com.kms.katalon.core.webui.keyword.builtin.VerifyElementTextKeyword.verifyElementText(VerifyElementTextKeyword.groovy:72)
	at com.kms.katalon.core.webui.keyword.builtin.VerifyElementTextKeyword.execute(VerifyElementTextKeyword.groovy:40)
	at com.kms.katalon.core.keyword.internal.KeywordExecutor.executeKeywordForPlatform(KeywordExecutor.groovy:74)
	at com.kms.katalon.core.webui.keyword.WebUiBuiltInKeywords.verifyElementText(WebUiBuiltInKeywords.groovy:4749)
	at com.kms.katalon.core.webui.keyword.WebUiBuiltInKeywords$verifyElementText$5.call(Unknown Source)
	at Test Case 1.5.run(Test Case 1.5:38)
	at com.kms.katalon.core.main.ScriptEngine.run(ScriptEngine.java:194)
	at com.kms.katalon.core.main.ScriptEngine.runScriptAsRawText(ScriptEngine.java:119)
	at com.kms.katalon.core.main.TestCaseExecutor.runScript(TestCaseExecutor.java:448)
	at com.kms.katalon.core.main.TestCaseExecutor.doExecute(TestCaseExecutor.java:439)
	at com.kms.katalon.core.main.TestCaseExecutor.processExecutionPhase(TestCaseExecutor.java:418)
	at com.kms.katalon.core.main.TestCaseExecutor.accessMainPhase(TestCaseExecutor.java:410)
	at com.kms.katalon.core.main.TestCaseExecutor.execute(TestCaseExecutor.java:285)
	at com.kms.katalon.core.common.CommonExecutor.accessTestCaseMainPhase(CommonExecutor.java:65)
	at com.kms.katalon.core.main.TestSuiteExecutor.accessTestSuiteMainPhase(TestSuiteExecutor.java:148)
	at com.kms.katalon.core.main.TestSuiteExecutor.execute(TestSuiteExecutor.java:106)
	at com.kms.katalon.core.main.TestCaseMain.startTestSuite(TestCaseMain.java:187)
	at com.kms.katalon.core.main.TestCaseMain$startTestSuite$0.call(Unknown Source)
	at TempTestSuite1692952865667.run(TempTestSuite1692952865667.groovy:36)
Caused by: com.kms.katalon.core.exception.StepFailedException: Actual text 'Login failed! Please ensure the username and password are valid.' and expected text 'Incorrect username or password.' of test object 'Object Repository/Login Negative/Error_Login failed Please ensure the username and password are valid' are NOT matched.
	at com.kms.katalon.core.webui.keyword.internal.WebUIKeywordMain.stepFailed(WebUIKeywordMain.groovy:64)
	at com.kms.katalon.core.webui.keyword.builtin.VerifyElementTextKeyword$_verifyElementText_closure1.doCall(VerifyElementTextKeyword.groovy:57)
	at com.kms.katalon.core.webui.keyword.builtin.VerifyElementTextKeyword$_verifyElementText_closure1.call(VerifyElementTextKeyword.groovy)
	at com.kms.katalon.core.webui.keyword.internal.WebUIKeywordMain.runKeyword(WebUIKeywordMain.groovy:20)
	... 19 more
)

2023-08-25 15:42:25 - [MESSAGE][FAILED] - Actual text 'Login failed! Please ensure the username and password are valid.' and expected text 'Incorrect username or password.' of test object 'Object Repository/Login Negative/Error_Login failed Please ensure the username and password are valid' are NOT matched. (Root cause: com.kms.katalon.core.exception.StepFailedException: Actual text 'Login failed! Please ensure the username and password are valid.' and expected text 'Incorrect username or password.' of test object 'Object Repository/Login Negative/Error_Login failed Please ensure the username and password are valid' are NOT matched.
	at com.kms.katalon.core.webui.keyword.internal.WebUIKeywordMain.stepFailed(WebUIKeywordMain.groovy:64)
	at com.kms.katalon.core.webui.keyword.builtin.VerifyElementTextKeyword$_verifyElementText_closure1.doCall(VerifyElementTextKeyword.groovy:57)
	at com.kms.katalon.core.webui.keyword.builtin.VerifyElementTextKeyword$_verifyElementText_closure1.call(VerifyElementTextKeyword.groovy)
	at com.kms.katalon.core.webui.keyword.internal.WebUIKeywordMain.runKeyword(WebUIKeywordMain.groovy:20)
	at com.kms.katalon.core.webui.keyword.builtin.VerifyElementTextKeyword.verifyElementText(VerifyElementTextKeyword.groovy:72)
	at com.kms.katalon.core.webui.keyword.builtin.VerifyElementTextKeyword.execute(VerifyElementTextKeyword.groovy:40)
	at com.kms.katalon.core.keyword.internal.KeywordExecutor.executeKeywordForPlatform(KeywordExecutor.groovy:74)
	at com.kms.katalon.core.webui.keyword.WebUiBuiltInKeywords.verifyElementText(WebUiBuiltInKeywords.groovy:4749)
	at com.kms.katalon.core.webui.keyword.WebUiBuiltInKeywords$verifyElementText$5.call(Unknown Source)
	at Test Case 1.5.run(Test Case 1.5:38)
	at com.kms.katalon.core.main.ScriptEngine.run(ScriptEngine.java:194)
	at com.kms.katalon.core.main.ScriptEngine.runScriptAsRawText(ScriptEngine.java:119)
	at com.kms.katalon.core.main.TestCaseExecutor.runScript(TestCaseExecutor.java:448)
	at com.kms.katalon.core.main.TestCaseExecutor.doExecute(TestCaseExecutor.java:439)
	at com.kms.katalon.core.main.TestCaseExecutor.processExecutionPhase(TestCaseExecutor.java:418)
	at com.kms.katalon.core.main.TestCaseExecutor.accessMainPhase(TestCaseExecutor.java:410)
	at com.kms.katalon.core.main.TestCaseExecutor.execute(TestCaseExecutor.java:285)
	at com.kms.katalon.core.common.CommonExecutor.accessTestCaseMainPhase(CommonExecutor.java:65)
	at com.kms.katalon.core.main.TestSuiteExecutor.accessTestSuiteMainPhase(TestSuiteExecutor.java:148)
	at com.kms.katalon.core.main.TestSuiteExecutor.execute(TestSuiteExecutor.java:106)
	at com.kms.katalon.core.main.TestCaseMain.startTestSuite(TestCaseMain.java:187)
	at com.kms.katalon.core.main.TestCaseMain$startTestSuite$0.call(Unknown Source)
	at TempTestSuite1692952865667.run(TempTestSuite1692952865667.groovy:36)
)
[[ATTACHMENT|D:\\xsis\\batch-324-qa\\bagus\\Cura Heroku App\\Reports\\20230825_154105\\Tes Suite Heroku App\\20230825_154105\\1692952944923.png]]

2023-08-25 15:42:25 - [MESSAGE][FAILED] - Verify element text of test object 'Object Repository/Login Negative/Error_Login failed Please ensure the username and password are valid' FAILED. (Root cause: com.kms.katalon.core.exception.StepFailedException: Verify element text of test object 'Object Repository/Login Negative/Error_Login failed Please ensure the username and password are valid' FAILED.
	at com.kms.katalon.core.webui.keyword.internal.WebUIKeywordMain.stepFailed(WebUIKeywordMain.groovy:64)
	at com.kms.katalon.core.webui.keyword.internal.WebUIKeywordMain.runKeyword(WebUIKeywordMain.groovy:26)
	at com.kms.katalon.core.webui.keyword.builtin.VerifyElementTextKeyword.verifyElementText(VerifyElementTextKeyword.groovy:72)
	at com.kms.katalon.core.webui.keyword.builtin.VerifyElementTextKeyword.execute(VerifyElementTextKeyword.groovy:40)
	at com.kms.katalon.core.keyword.internal.KeywordExecutor.executeKeywordForPlatform(KeywordExecutor.groovy:74)
	at com.kms.katalon.core.webui.keyword.WebUiBuiltInKeywords.verifyElementText(WebUiBuiltInKeywords.groovy:4749)
	at com.kms.katalon.core.webui.keyword.WebUiBuiltInKeywords$verifyElementText$5.call(Unknown Source)
	at Test Case 1.5.run(Test Case 1.5:38)
	at com.kms.katalon.core.main.ScriptEngine.run(ScriptEngine.java:194)
	at com.kms.katalon.core.main.ScriptEngine.runScriptAsRawText(ScriptEngine.java:119)
	at com.kms.katalon.core.main.TestCaseExecutor.runScript(TestCaseExecutor.java:448)
	at com.kms.katalon.core.main.TestCaseExecutor.doExecute(TestCaseExecutor.java:439)
	at com.kms.katalon.core.main.TestCaseExecutor.processExecutionPhase(TestCaseExecutor.java:418)
	at com.kms.katalon.core.main.TestCaseExecutor.accessMainPhase(TestCaseExecutor.java:410)
	at com.kms.katalon.core.main.TestCaseExecutor.execute(TestCaseExecutor.java:285)
	at com.kms.katalon.core.common.CommonExecutor.accessTestCaseMainPhase(CommonExecutor.java:65)
	at com.kms.katalon.core.main.TestSuiteExecutor.accessTestSuiteMainPhase(TestSuiteExecutor.java:148)
	at com.kms.katalon.core.main.TestSuiteExecutor.execute(TestSuiteExecutor.java:106)
	at com.kms.katalon.core.main.TestCaseMain.startTestSuite(TestCaseMain.java:187)
	at com.kms.katalon.core.main.TestCaseMain$startTestSuite$0.call(Unknown Source)
	at TempTestSuite1692952865667.run(TempTestSuite1692952865667.groovy:36)
Caused by: com.kms.katalon.core.exception.StepFailedException: Actual text 'Login failed! Please ensure the username and password are valid.' and expected text 'Incorrect username or password.' of test object 'Object Repository/Login Negative/Error_Login failed Please ensure the username and password are valid' are NOT matched.
	at com.kms.katalon.core.webui.keyword.internal.WebUIKeywordMain.stepFailed(WebUIKeywordMain.groovy:64)
	at com.kms.katalon.core.webui.keyword.builtin.VerifyElementTextKeyword$_verifyElementText_closure1.doCall(VerifyElementTextKeyword.groovy:57)
	at com.kms.katalon.core.webui.keyword.builtin.VerifyElementTextKeyword$_verifyElementText_closure1.call(VerifyElementTextKeyword.groovy)
	at com.kms.katalon.core.webui.keyword.internal.WebUIKeywordMain.runKeyword(WebUIKeywordMain.groovy:20)
	... 19 more
)
[[ATTACHMENT|D:\\xsis\\batch-324-qa\\bagus\\Cura Heroku App\\Reports\\20230825_154105\\Tes Suite Heroku App\\20230825_154105\\1692952945161.png]]]]></system-out>
         <system-err><![CDATA[2023-08-25 15:42:12 - [TEST_CASE][FAILED] - Test Cases/Login/Test Case 1.5: Test Cases/Login/Test Case 1.5 FAILED.
Reason:
com.kms.katalon.core.exception.StepFailedException: Verify element text of test object 'Object Repository/Login Negative/Error_Login failed Please ensure the username and password are valid' FAILED.
	at com.kms.katalon.core.webui.keyword.internal.WebUIKeywordMain.stepFailed(WebUIKeywordMain.groovy:64)
	at com.kms.katalon.core.webui.keyword.internal.WebUIKeywordMain.runKeyword(WebUIKeywordMain.groovy:26)
	at com.kms.katalon.core.webui.keyword.builtin.VerifyElementTextKeyword.verifyElementText(VerifyElementTextKeyword.groovy:72)
	at com.kms.katalon.core.webui.keyword.builtin.VerifyElementTextKeyword.execute(VerifyElementTextKeyword.groovy:40)
	at com.kms.katalon.core.keyword.internal.KeywordExecutor.executeKeywordForPlatform(KeywordExecutor.groovy:74)
	at com.kms.katalon.core.webui.keyword.WebUiBuiltInKeywords.verifyElementText(WebUiBuiltInKeywords.groovy:4749)
	at com.kms.katalon.core.webui.keyword.WebUiBuiltInKeywords$verifyElementText$5.call(Unknown Source)
	at Test Case 1.5.run(Test Case 1.5:38)
	at com.kms.katalon.core.main.ScriptEngine.run(ScriptEngine.java:194)
	at com.kms.katalon.core.main.ScriptEngine.runScriptAsRawText(ScriptEngine.java:119)
	at com.kms.katalon.core.main.TestCaseExecutor.runScript(TestCaseExecutor.java:448)
	at com.kms.katalon.core.main.TestCaseExecutor.doExecute(TestCaseExecutor.java:439)
	at com.kms.katalon.core.main.TestCaseExecutor.processExecutionPhase(TestCaseExecutor.java:418)
	at com.kms.katalon.core.main.TestCaseExecutor.accessMainPhase(TestCaseExecutor.java:410)
	at com.kms.katalon.core.main.TestCaseExecutor.execute(TestCaseExecutor.java:285)
	at com.kms.katalon.core.common.CommonExecutor.accessTestCaseMainPhase(CommonExecutor.java:65)
	at com.kms.katalon.core.main.TestSuiteExecutor.accessTestSuiteMainPhase(TestSuiteExecutor.java:148)
	at com.kms.katalon.core.main.TestSuiteExecutor.execute(TestSuiteExecutor.java:106)
	at com.kms.katalon.core.main.TestCaseMain.startTestSuite(TestCaseMain.java:187)
	at com.kms.katalon.core.main.TestCaseMain$startTestSuite$0.call(Unknown Source)
	at TempTestSuite1692952865667.run(TempTestSuite1692952865667.groovy:36)
Caused by: com.kms.katalon.core.exception.StepFailedException: Actual text 'Login failed! Please ensure the username and password are valid.' and expected text 'Incorrect username or password.' of test object 'Object Repository/Login Negative/Error_Login failed Please ensure the username and password are valid' are NOT matched.
	at com.kms.katalon.core.webui.keyword.internal.WebUIKeywordMain.stepFailed(WebUIKeywordMain.groovy:64)
	at com.kms.katalon.core.webui.keyword.builtin.VerifyElementTextKeyword$_verifyElementText_closure1.doCall(VerifyElementTextKeyword.groovy:57)
	at com.kms.katalon.core.webui.keyword.builtin.VerifyElementTextKeyword$_verifyElementText_closure1.call(VerifyElementTextKeyword.groovy)
	at com.kms.katalon.core.webui.keyword.internal.WebUIKeywordMain.runKeyword(WebUIKeywordMain.groovy:20)
	... 19 more]]></system-err>
      </testcase>
      <testcase name="Test Cases/Make Appointment/Test Case 2.1 (Versi Dinamis)" time="21.235" classname="Test Cases/Make Appointment/Test Case 2.1 (Versi Dinamis)" status="PASSED">
         <system-out><![CDATA[2023-08-25 15:42:25 - [TEST_CASE][PASSED] - Test Cases/Make Appointment/Test Case 2.1 (Versi Dinamis): Test Cases/Make Appointment/Test Case 2.1 (Versi Dinamis)

2023-08-25 15:42:25 - [TEST_STEP][PASSED] - callTestCase(findTestCase("Login/Test Case 1.1 (Cara Manual)"), ["Username":username, "password":password], STOP_ON_FAILURE): Call Test Case 'Test Cases/Login/Test Case 1.1 (Cara Manual)' successfully

2023-08-25 15:42:25 - [TEST_CASE][PASSED] - Test Cases/Login/Test Case 1.1 (Cara Manual): Test Cases/Login/Test Case 1.1 (Cara Manual)

2023-08-25 15:42:25 - [TEST_STEP][PASSED] - openBrowser(web_url): Browser is opened with url: 'https://katalon-demo-cura.herokuapp.com/'

2023-08-25 15:42:25 - [MESSAGE][WARNING] - A browser is already opened. Closing browser and opening a new one

2023-08-25 15:42:26 - [MESSAGE][INFO] - Starting 'Edge Chromium' driver

2023-08-25 15:42:28 - [MESSAGE][INFO] - Action delay is set to 0 milliseconds

2023-08-25 15:42:34 - [MESSAGE][PASSED] - Browser is opened with url: 'https://katalon-demo-cura.herokuapp.com/'

2023-08-25 15:42:34 - [TEST_STEP][PASSED] - maximizeWindow(): Current window maximized

2023-08-25 15:42:35 - [MESSAGE][PASSED] - Current window maximized

2023-08-25 15:42:35 - [TEST_STEP][PASSED] - verifyElementPresent(findTestObject("Login Manual/title_homepage"), 0): Object 'Object Repository/Login Manual/title_homepage' is present

2023-08-25 15:42:35 - [MESSAGE][WARNING] - Timeout '0' is invalid. Using default page load timeout: '30'

2023-08-25 15:42:35 - [MESSAGE][PASSED] - Object 'Object Repository/Login Manual/title_homepage' is present

2023-08-25 15:42:35 - [TEST_STEP][PASSED] - click(findTestObject("Login Manual/burger_button")): Object: 'Object Repository/Login Manual/burger_button' is clicked on

2023-08-25 15:42:35 - [MESSAGE][PASSED] - Object: 'Object Repository/Login Manual/burger_button' is clicked on

2023-08-25 15:42:35 - [TEST_STEP][PASSED] - click(findTestObject("Login Manual/burger_button_login")): Object: 'Object Repository/Login Manual/burger_button_login' is clicked on

2023-08-25 15:42:36 - [MESSAGE][PASSED] - Object: 'Object Repository/Login Manual/burger_button_login' is clicked on

2023-08-25 15:42:36 - [TEST_STEP][PASSED] - verifyElementPresent(findTestObject("Login Manual/Title_Login"), 0): Object 'Object Repository/Login Manual/Title_Login' is present

2023-08-25 15:42:36 - [MESSAGE][WARNING] - Timeout '0' is invalid. Using default page load timeout: '30'

2023-08-25 15:42:37 - [MESSAGE][PASSED] - Object 'Object Repository/Login Manual/Title_Login' is present

2023-08-25 15:42:37 - [TEST_STEP][PASSED] - setText(findTestObject("Login Manual/input_Username"), Username): Text 'John Doe' is set on object 'Object Repository/Login Manual/input_Username'

2023-08-25 15:42:38 - [MESSAGE][PASSED] - Text 'John Doe' is set on object 'Object Repository/Login Manual/input_Username'

2023-08-25 15:42:38 - [TEST_STEP][PASSED] - setEncryptedText(findTestObject("Login Manual/input_Password"), password): Text ****** has been set on object 'Object Repository/Login Manual/input_Password'

2023-08-25 15:42:38 - [MESSAGE][PASSED] - Text ****** has been set on object 'Object Repository/Login Manual/input_Password'

2023-08-25 15:42:38 - [TEST_STEP][PASSED] - click(findTestObject("Login Manual/button_Login (1)")): Object: 'Object Repository/Login Manual/button_Login (1)' is clicked on

2023-08-25 15:42:39 - [MESSAGE][PASSED] - Object: 'Object Repository/Login Manual/button_Login (1)' is clicked on

2023-08-25 15:42:39 - [TEST_STEP][PASSED] - verifyElementPresent(findTestObject("Login Manual/title_Make Appointment"), 5): Object 'Object Repository/Login Manual/title_Make Appointment' is present

2023-08-25 15:42:40 - [MESSAGE][PASSED] - Object 'Object Repository/Login Manual/title_Make Appointment' is present

2023-08-25 15:42:40 - [MESSAGE][PASSED] - Call Test Case 'Test Cases/Login/Test Case 1.1 (Cara Manual)' successfully

2023-08-25 15:42:40 - [TEST_STEP][PASSED] - selectOptionByValue(findTestObject("Make Appointment/dropdown_menu"), dropdown_menu, false): All options with value 'Tokyo CURA Healthcare Center' are selected in object 'Object Repository/Make Appointment/dropdown_menu' 

2023-08-25 15:42:41 - [MESSAGE][PASSED] - All options with value 'Tokyo CURA Healthcare Center' are selected in object 'Object Repository/Make Appointment/dropdown_menu' 

2023-08-25 15:42:41 - [TEST_STEP][PASSED] - if (toString().equalsIgnoreCase("yes")): Object 'Object Repository/Make Appointment/checkbox_apply_for_hospital_readmission' is checked

2023-08-25 15:42:41 - [TEST_STEP][PASSED] - check(findTestObject("Object Repository/Make Appointment/checkbox_apply_for_hospital_readmission")): Object 'Object Repository/Make Appointment/checkbox_apply_for_hospital_readmission' is checked

2023-08-25 15:42:41 - [MESSAGE][PASSED] - Object 'Object Repository/Make Appointment/checkbox_apply_for_hospital_readmission' is checked

2023-08-25 15:42:41 - [TEST_STEP][PASSED] - if (toString().equalsIgnoreCase("medicare")): Object 'Object Repository/Make Appointment/radio_button_input_Medicare' is checked

2023-08-25 15:42:41 - [TEST_STEP][PASSED] - check(findTestObject("Object Repository/Make Appointment/radio_button_input_Medicare")): Object 'Object Repository/Make Appointment/radio_button_input_Medicare' is checked

2023-08-25 15:42:41 - [MESSAGE][PASSED] - Object 'Object Repository/Make Appointment/radio_button_input_Medicare' is checked

2023-08-25 15:42:41 - [TEST_STEP][PASSED] - setText(findTestObject("Make Appointment/input_Visit Date (Required)_visit_date"), visit_date): Text '23/08/2023' is set on object 'Object Repository/Make Appointment/input_Visit Date (Required)_visit_date'

2023-08-25 15:42:42 - [MESSAGE][PASSED] - Text '23/08/2023' is set on object 'Object Repository/Make Appointment/input_Visit Date (Required)_visit_date'

2023-08-25 15:42:42 - [TEST_STEP][PASSED] - setText(findTestObject("Make Appointment/textarea_Comment_comment"), comment): Text 'mau berobat' is set on object 'Object Repository/Make Appointment/textarea_Comment_comment'

2023-08-25 15:42:43 - [MESSAGE][PASSED] - Text 'mau berobat' is set on object 'Object Repository/Make Appointment/textarea_Comment_comment'

2023-08-25 15:42:43 - [TEST_STEP][PASSED] - click(findTestObject("Make Appointment/button_Book Appointment")): Object: 'Object Repository/Make Appointment/button_Book Appointment' is clicked on

2023-08-25 15:42:44 - [MESSAGE][PASSED] - Object: 'Object Repository/Make Appointment/button_Book Appointment' is clicked on

2023-08-25 15:42:44 - [TEST_STEP][PASSED] - verifyElementVisible(findTestObject("Make Appointment/title_Appointment Confirmation")): Object 'Object Repository/Make Appointment/title_Appointment Confirmation' is visible

2023-08-25 15:42:44 - [MESSAGE][PASSED] - Object 'Object Repository/Make Appointment/title_Appointment Confirmation' is visible

2023-08-25 15:42:44 - [TEST_STEP][PASSED] - hasil_facility = getText(findTestObject("Object Repository/Make Appointment/facility_Tokyo CURA Healthcare Center")): Text of object 'Object Repository/Make Appointment/facility_Tokyo CURA Healthcare Center' is: 'Tokyo CURA Healthcare Center'

2023-08-25 15:42:45 - [MESSAGE][PASSED] - Text of object 'Object Repository/Make Appointment/facility_Tokyo CURA Healthcare Center' is: 'Tokyo CURA Healthcare Center'

2023-08-25 15:42:45 - [TEST_STEP][PASSED] - hasil_readmission = getText(findTestObject("Make Appointment/checkbox_Yes")): Text of object 'Object Repository/Make Appointment/checkbox_Yes' is: 'Yes'

2023-08-25 15:42:45 - [MESSAGE][PASSED] - Text of object 'Object Repository/Make Appointment/checkbox_Yes' is: 'Yes'

2023-08-25 15:42:45 - [TEST_STEP][PASSED] - hasil_program = getText(findTestObject("Make Appointment/program_Medicare")): Text of object 'Object Repository/Make Appointment/program_Medicare' is: 'Medicare'

2023-08-25 15:42:45 - [MESSAGE][PASSED] - Text of object 'Object Repository/Make Appointment/program_Medicare' is: 'Medicare'

2023-08-25 15:42:45 - [TEST_STEP][PASSED] - hasil_date = getText(findTestObject("Make Appointment/visit_date")): Text of object 'Object Repository/Make Appointment/visit_date' is: '23/08/2023'

2023-08-25 15:42:46 - [MESSAGE][PASSED] - Text of object 'Object Repository/Make Appointment/visit_date' is: '23/08/2023'

2023-08-25 15:42:46 - [TEST_STEP][PASSED] - hasil_comment = getText(findTestObject("Make Appointment/comment_sakit kepala")): Text of object 'Object Repository/Make Appointment/comment_sakit kepala' is: 'mau berobat'

2023-08-25 15:42:46 - [MESSAGE][PASSED] - Text of object 'Object Repository/Make Appointment/comment_sakit kepala' is: 'mau berobat'

2023-08-25 15:42:46 - [TEST_STEP][PASSED] - verifyMatch(hasil_facility.trim(), dropdown_menu.trim(), false): Actual text 'Tokyo CURA Healthcare Center' and expected text 'Tokyo CURA Healthcare Center' are matched 

2023-08-25 15:42:46 - [MESSAGE][PASSED] - Actual text 'Tokyo CURA Healthcare Center' and expected text 'Tokyo CURA Healthcare Center' are matched 

2023-08-25 15:42:46 - [TEST_STEP][PASSED] - verifyMatch(trim().toLowerCase(), trim().toLowerCase(), false): Actual text 'yes' and expected text 'yes' are matched 

2023-08-25 15:42:46 - [MESSAGE][PASSED] - Actual text 'yes' and expected text 'yes' are matched 

2023-08-25 15:42:46 - [TEST_STEP][PASSED] - verifyMatch(trim().toLowerCase(), trim().toLowerCase(), false): Actual text 'medicare' and expected text 'medicare' are matched 

2023-08-25 15:42:46 - [MESSAGE][PASSED] - Actual text 'medicare' and expected text 'medicare' are matched 

2023-08-25 15:42:46 - [TEST_STEP][PASSED] - verifyMatch(hasil_date.trim(), visit_date.trim(), false): Actual text '23/08/2023' and expected text '23/08/2023' are matched 

2023-08-25 15:42:46 - [MESSAGE][PASSED] - Actual text '23/08/2023' and expected text '23/08/2023' are matched 

2023-08-25 15:42:46 - [TEST_STEP][PASSED] - verifyMatch(hasil_comment.trim(), comment.trim(), false): Actual text 'mau berobat' and expected text 'mau berobat' are matched 

2023-08-25 15:42:46 - [MESSAGE][PASSED] - Actual text 'mau berobat' and expected text 'mau berobat' are matched]]></system-out>
         <system-err><![CDATA[]]></system-err>
      </testcase>
      <testcase name="Test Cases/Make Appointment/Test Case 2.2" time="19.84" classname="Test Cases/Make Appointment/Test Case 2.2" status="PASSED">
         <system-out><![CDATA[2023-08-25 15:42:46 - [TEST_CASE][PASSED] - Test Cases/Make Appointment/Test Case 2.2: Test Cases/Make Appointment/Test Case 2.2

2023-08-25 15:42:47 - [TEST_STEP][PASSED] - callTestCase(findTestCase("Login/Test Case 1.1 (Cara Manual)"), ["Username":username, "password":password], STOP_ON_FAILURE): Call Test Case 'Test Cases/Login/Test Case 1.1 (Cara Manual)' successfully

2023-08-25 15:42:47 - [TEST_CASE][PASSED] - Test Cases/Login/Test Case 1.1 (Cara Manual): Test Cases/Login/Test Case 1.1 (Cara Manual)

2023-08-25 15:42:47 - [TEST_STEP][PASSED] - openBrowser(web_url): Browser is opened with url: 'https://katalon-demo-cura.herokuapp.com/'

2023-08-25 15:42:47 - [MESSAGE][WARNING] - A browser is already opened. Closing browser and opening a new one

2023-08-25 15:42:47 - [MESSAGE][INFO] - Starting 'Edge Chromium' driver

2023-08-25 15:42:50 - [MESSAGE][INFO] - Action delay is set to 0 milliseconds

2023-08-25 15:42:56 - [MESSAGE][PASSED] - Browser is opened with url: 'https://katalon-demo-cura.herokuapp.com/'

2023-08-25 15:42:56 - [TEST_STEP][PASSED] - maximizeWindow(): Current window maximized

2023-08-25 15:42:56 - [MESSAGE][PASSED] - Current window maximized

2023-08-25 15:42:56 - [TEST_STEP][PASSED] - verifyElementPresent(findTestObject("Login Manual/title_homepage"), 0): Object 'Object Repository/Login Manual/title_homepage' is present

2023-08-25 15:42:56 - [MESSAGE][WARNING] - Timeout '0' is invalid. Using default page load timeout: '30'

2023-08-25 15:42:56 - [MESSAGE][PASSED] - Object 'Object Repository/Login Manual/title_homepage' is present

2023-08-25 15:42:56 - [TEST_STEP][PASSED] - click(findTestObject("Login Manual/burger_button")): Object: 'Object Repository/Login Manual/burger_button' is clicked on

2023-08-25 15:42:57 - [MESSAGE][PASSED] - Object: 'Object Repository/Login Manual/burger_button' is clicked on

2023-08-25 15:42:57 - [TEST_STEP][PASSED] - click(findTestObject("Login Manual/burger_button_login")): Object: 'Object Repository/Login Manual/burger_button_login' is clicked on

2023-08-25 15:42:58 - [MESSAGE][PASSED] - Object: 'Object Repository/Login Manual/burger_button_login' is clicked on

2023-08-25 15:42:58 - [TEST_STEP][PASSED] - verifyElementPresent(findTestObject("Login Manual/Title_Login"), 0): Object 'Object Repository/Login Manual/Title_Login' is present

2023-08-25 15:42:58 - [MESSAGE][WARNING] - Timeout '0' is invalid. Using default page load timeout: '30'

2023-08-25 15:42:58 - [MESSAGE][PASSED] - Object 'Object Repository/Login Manual/Title_Login' is present

2023-08-25 15:42:58 - [TEST_STEP][PASSED] - setText(findTestObject("Login Manual/input_Username"), Username): Text 'John Doe' is set on object 'Object Repository/Login Manual/input_Username'

2023-08-25 15:42:59 - [MESSAGE][PASSED] - Text 'John Doe' is set on object 'Object Repository/Login Manual/input_Username'

2023-08-25 15:42:59 - [TEST_STEP][PASSED] - setEncryptedText(findTestObject("Login Manual/input_Password"), password): Text ****** has been set on object 'Object Repository/Login Manual/input_Password'

2023-08-25 15:43:00 - [MESSAGE][PASSED] - Text ****** has been set on object 'Object Repository/Login Manual/input_Password'

2023-08-25 15:43:00 - [TEST_STEP][PASSED] - click(findTestObject("Login Manual/button_Login (1)")): Object: 'Object Repository/Login Manual/button_Login (1)' is clicked on

2023-08-25 15:43:01 - [MESSAGE][PASSED] - Object: 'Object Repository/Login Manual/button_Login (1)' is clicked on

2023-08-25 15:43:01 - [TEST_STEP][PASSED] - verifyElementPresent(findTestObject("Login Manual/title_Make Appointment"), 5): Object 'Object Repository/Login Manual/title_Make Appointment' is present

2023-08-25 15:43:01 - [MESSAGE][PASSED] - Object 'Object Repository/Login Manual/title_Make Appointment' is present

2023-08-25 15:43:01 - [MESSAGE][PASSED] - Call Test Case 'Test Cases/Login/Test Case 1.1 (Cara Manual)' successfully

2023-08-25 15:43:01 - [TEST_STEP][PASSED] - selectOptionByValue(findTestObject("Make Appointment/dropdown_menu"), dropdown_menu, false): All options with value 'Tokyo CURA Healthcare Center' are selected in object 'Object Repository/Make Appointment/dropdown_menu' 

2023-08-25 15:43:02 - [MESSAGE][PASSED] - All options with value 'Tokyo CURA Healthcare Center' are selected in object 'Object Repository/Make Appointment/dropdown_menu' 

2023-08-25 15:43:02 - [TEST_STEP][PASSED] - if (toString().equalsIgnoreCase("yes")): Object 'Object Repository/Make Appointment/checkbox_apply_for_hospital_readmission' is checked

2023-08-25 15:43:02 - [TEST_STEP][PASSED] - check(findTestObject("Object Repository/Make Appointment/checkbox_apply_for_hospital_readmission")): Object 'Object Repository/Make Appointment/checkbox_apply_for_hospital_readmission' is checked

2023-08-25 15:43:02 - [MESSAGE][PASSED] - Object 'Object Repository/Make Appointment/checkbox_apply_for_hospital_readmission' is checked

2023-08-25 15:43:02 - [TEST_STEP][PASSED] - if (toString().equalsIgnoreCase("medicare")): Object 'Object Repository/Make Appointment/radio_button_input_Medicare' is checked

2023-08-25 15:43:02 - [TEST_STEP][PASSED] - check(findTestObject("Object Repository/Make Appointment/radio_button_input_Medicare")): Object 'Object Repository/Make Appointment/radio_button_input_Medicare' is checked

2023-08-25 15:43:02 - [MESSAGE][PASSED] - Object 'Object Repository/Make Appointment/radio_button_input_Medicare' is checked

2023-08-25 15:43:02 - [TEST_STEP][PASSED] - setText(findTestObject("Make Appointment/input_Visit Date (Required)_visit_date"), ""): Text '' is set on object 'Object Repository/Make Appointment/input_Visit Date (Required)_visit_date'

2023-08-25 15:43:03 - [MESSAGE][PASSED] - Text '' is set on object 'Object Repository/Make Appointment/input_Visit Date (Required)_visit_date'

2023-08-25 15:43:03 - [TEST_STEP][PASSED] - setText(findTestObject("Make Appointment/textarea_Comment_comment"), comment): Text 'ku ingin kau mati saja' is set on object 'Object Repository/Make Appointment/textarea_Comment_comment'

2023-08-25 15:43:04 - [MESSAGE][PASSED] - Text 'ku ingin kau mati saja' is set on object 'Object Repository/Make Appointment/textarea_Comment_comment'

2023-08-25 15:43:04 - [TEST_STEP][PASSED] - click(findTestObject("Make Appointment/button_Book Appointment")): Object: 'Object Repository/Make Appointment/button_Book Appointment' is clicked on

2023-08-25 15:43:04 - [MESSAGE][PASSED] - Object: 'Object Repository/Make Appointment/button_Book Appointment' is clicked on

2023-08-25 15:43:04 - [TEST_STEP][PASSED] - driver = getWebDriver(): null

2023-08-25 15:43:05 - [TEST_STEP][PASSED] - field_username_element = driver.findElement(By.xpath("//input[@id="txt_visit_date"]")): null

2023-08-25 15:43:05 - [TEST_STEP][PASSED] - accept_button_message = driver.executeScript("return arguments[0].validationMessage", field_username_element): null

2023-08-25 15:43:05 - [TEST_STEP][PASSED] - println(accept_button_message): null

2023-08-25 15:43:05 - [TEST_STEP][PASSED] - verifyMatch(accept_button_message, "Please fill out this field.", false): Actual text 'Please fill out this field.' and expected text 'Please fill out this field.' are matched 

2023-08-25 15:43:05 - [MESSAGE][PASSED] - Actual text 'Please fill out this field.' and expected text 'Please fill out this field.' are matched 

2023-08-25 15:43:05 - [TEST_STEP][PASSED] - closeBrowser(): Browser is closed

2023-08-25 15:43:06 - [MESSAGE][PASSED] - Browser is closed]]></system-out>
         <system-err><![CDATA[]]></system-err>
      </testcase>
      <testcase name="Test Cases/Make Appointment/Test Case 2.3" time="16.494" classname="Test Cases/Make Appointment/Test Case 2.3" status="PASSED">
         <system-out><![CDATA[2023-08-25 15:43:06 - [TEST_CASE][PASSED] - Test Cases/Make Appointment/Test Case 2.3: Test Cases/Make Appointment/Test Case 2.3

2023-08-25 15:43:06 - [TEST_STEP][PASSED] - callTestCase(findTestCase("Login/Test Case 1.1 (Cara Manual)"), ["Username":username, "password":password], STOP_ON_FAILURE): Call Test Case 'Test Cases/Login/Test Case 1.1 (Cara Manual)' successfully

2023-08-25 15:43:06 - [TEST_CASE][PASSED] - Test Cases/Login/Test Case 1.1 (Cara Manual): Test Cases/Login/Test Case 1.1 (Cara Manual)

2023-08-25 15:43:06 - [TEST_STEP][PASSED] - openBrowser(web_url): Browser is opened with url: 'https://katalon-demo-cura.herokuapp.com/'

2023-08-25 15:43:06 - [MESSAGE][INFO] - Starting 'Edge Chromium' driver

2023-08-25 15:43:08 - [MESSAGE][INFO] - Action delay is set to 0 milliseconds

2023-08-25 15:43:13 - [MESSAGE][PASSED] - Browser is opened with url: 'https://katalon-demo-cura.herokuapp.com/'

2023-08-25 15:43:13 - [TEST_STEP][PASSED] - maximizeWindow(): Current window maximized

2023-08-25 15:43:13 - [MESSAGE][PASSED] - Current window maximized

2023-08-25 15:43:13 - [TEST_STEP][PASSED] - verifyElementPresent(findTestObject("Login Manual/title_homepage"), 0): Object 'Object Repository/Login Manual/title_homepage' is present

2023-08-25 15:43:13 - [MESSAGE][WARNING] - Timeout '0' is invalid. Using default page load timeout: '30'

2023-08-25 15:43:14 - [MESSAGE][PASSED] - Object 'Object Repository/Login Manual/title_homepage' is present

2023-08-25 15:43:14 - [TEST_STEP][PASSED] - click(findTestObject("Login Manual/burger_button")): Object: 'Object Repository/Login Manual/burger_button' is clicked on

2023-08-25 15:43:14 - [MESSAGE][PASSED] - Object: 'Object Repository/Login Manual/burger_button' is clicked on

2023-08-25 15:43:14 - [TEST_STEP][PASSED] - click(findTestObject("Login Manual/burger_button_login")): Object: 'Object Repository/Login Manual/burger_button_login' is clicked on

2023-08-25 15:43:15 - [MESSAGE][PASSED] - Object: 'Object Repository/Login Manual/burger_button_login' is clicked on

2023-08-25 15:43:15 - [TEST_STEP][PASSED] - verifyElementPresent(findTestObject("Login Manual/Title_Login"), 0): Object 'Object Repository/Login Manual/Title_Login' is present

2023-08-25 15:43:15 - [MESSAGE][WARNING] - Timeout '0' is invalid. Using default page load timeout: '30'

2023-08-25 15:43:16 - [MESSAGE][PASSED] - Object 'Object Repository/Login Manual/Title_Login' is present

2023-08-25 15:43:16 - [TEST_STEP][PASSED] - setText(findTestObject("Login Manual/input_Username"), Username): Text 'John Doe' is set on object 'Object Repository/Login Manual/input_Username'

2023-08-25 15:43:16 - [MESSAGE][PASSED] - Text 'John Doe' is set on object 'Object Repository/Login Manual/input_Username'

2023-08-25 15:43:16 - [TEST_STEP][PASSED] - setEncryptedText(findTestObject("Login Manual/input_Password"), password): Text ****** has been set on object 'Object Repository/Login Manual/input_Password'

2023-08-25 15:43:17 - [MESSAGE][PASSED] - Text ****** has been set on object 'Object Repository/Login Manual/input_Password'

2023-08-25 15:43:17 - [TEST_STEP][PASSED] - click(findTestObject("Login Manual/button_Login (1)")): Object: 'Object Repository/Login Manual/button_Login (1)' is clicked on

2023-08-25 15:43:18 - [MESSAGE][PASSED] - Object: 'Object Repository/Login Manual/button_Login (1)' is clicked on

2023-08-25 15:43:18 - [TEST_STEP][PASSED] - verifyElementPresent(findTestObject("Login Manual/title_Make Appointment"), 5): Object 'Object Repository/Login Manual/title_Make Appointment' is present

2023-08-25 15:43:18 - [MESSAGE][PASSED] - Object 'Object Repository/Login Manual/title_Make Appointment' is present

2023-08-25 15:43:18 - [MESSAGE][PASSED] - Call Test Case 'Test Cases/Login/Test Case 1.1 (Cara Manual)' successfully

2023-08-25 15:43:18 - [TEST_STEP][PASSED] - selectOptionByValue(findTestObject("Make Appointment/dropdown_menu"), "Hongkong CURA Healthcare Center", false): All options with value 'Hongkong CURA Healthcare Center' are selected in object 'Object Repository/Make Appointment/dropdown_menu' 

2023-08-25 15:43:19 - [MESSAGE][PASSED] - All options with value 'Hongkong CURA Healthcare Center' are selected in object 'Object Repository/Make Appointment/dropdown_menu' 

2023-08-25 15:43:19 - [TEST_STEP][PASSED] - check(findTestObject("Make Appointment/checkbox_apply_for_hospital_readmission")): Object 'Object Repository/Make Appointment/checkbox_apply_for_hospital_readmission' is checked

2023-08-25 15:43:19 - [MESSAGE][PASSED] - Object 'Object Repository/Make Appointment/checkbox_apply_for_hospital_readmission' is checked

2023-08-25 15:43:19 - [TEST_STEP][PASSED] - check(findTestObject("Make Appointment/radio_button_input_Medicaid")): Object 'Object Repository/Make Appointment/radio_button_input_Medicaid' is checked

2023-08-25 15:43:20 - [MESSAGE][PASSED] - Object 'Object Repository/Make Appointment/radio_button_input_Medicaid' is checked

2023-08-25 15:43:20 - [TEST_STEP][PASSED] - setText(findTestObject("Make Appointment/input_Visit Date (Required)_visit_date"), "29/08/2023"): Text '29/08/2023' is set on object 'Object Repository/Make Appointment/input_Visit Date (Required)_visit_date'

2023-08-25 15:43:21 - [MESSAGE][PASSED] - Text '29/08/2023' is set on object 'Object Repository/Make Appointment/input_Visit Date (Required)_visit_date'

2023-08-25 15:43:21 - [TEST_STEP][PASSED] - setText(findTestObject("Make Appointment/textarea_Comment_comment"), "sakit kepala"): Text 'sakit kepala' is set on object 'Object Repository/Make Appointment/textarea_Comment_comment'

2023-08-25 15:43:22 - [MESSAGE][PASSED] - Text 'sakit kepala' is set on object 'Object Repository/Make Appointment/textarea_Comment_comment'

2023-08-25 15:43:22 - [TEST_STEP][PASSED] - click(findTestObject("Make Appointment/button_Book Appointment")): Object: 'Object Repository/Make Appointment/button_Book Appointment' is clicked on

2023-08-25 15:43:22 - [MESSAGE][PASSED] - Object: 'Object Repository/Make Appointment/button_Book Appointment' is clicked on]]></system-out>
         <system-err><![CDATA[]]></system-err>
      </testcase>
      <testcase name="Test Cases/Make Appointment/Test Case 2.4" time="14.282" classname="Test Cases/Make Appointment/Test Case 2.4" status="PASSED">
         <system-out><![CDATA[2023-08-25 15:43:22 - [TEST_CASE][PASSED] - Test Cases/Make Appointment/Test Case 2.4: Test Cases/Make Appointment/Test Case 2.4

2023-08-25 15:43:23 - [TEST_STEP][PASSED] - openBrowser(web_url): Browser is opened with url: 'https://katalon-demo-cura.herokuapp.com/'

2023-08-25 15:43:23 - [MESSAGE][WARNING] - A browser is already opened. Closing browser and opening a new one

2023-08-25 15:43:24 - [MESSAGE][INFO] - Starting 'Edge Chromium' driver

2023-08-25 15:43:26 - [MESSAGE][INFO] - Action delay is set to 0 milliseconds

2023-08-25 15:43:31 - [MESSAGE][PASSED] - Browser is opened with url: 'https://katalon-demo-cura.herokuapp.com/'

2023-08-25 15:43:31 - [TEST_STEP][PASSED] - maximizeWindow(): Current window maximized

2023-08-25 15:43:31 - [MESSAGE][PASSED] - Current window maximized

2023-08-25 15:43:31 - [TEST_STEP][PASSED] - verifyElementPresent(findTestObject("Login/h1_CURA Healthcare Service"), 0): Object 'Object Repository/Login/h1_CURA Healthcare Service' is present

2023-08-25 15:43:31 - [MESSAGE][WARNING] - Timeout '0' is invalid. Using default page load timeout: '30'

2023-08-25 15:43:31 - [MESSAGE][PASSED] - Object 'Object Repository/Login/h1_CURA Healthcare Service' is present

2023-08-25 15:43:31 - [TEST_STEP][PASSED] - click(findTestObject("Login/button_make_appointment_home_page")): Object: 'Object Repository/Login/button_make_appointment_home_page' is clicked on

2023-08-25 15:43:32 - [MESSAGE][PASSED] - Object: 'Object Repository/Login/button_make_appointment_home_page' is clicked on

2023-08-25 15:43:32 - [TEST_STEP][PASSED] - verifyElementVisible(findTestObject("Login/h2_Login")): Object 'Object Repository/Login/h2_Login' is visible

2023-08-25 15:43:33 - [MESSAGE][PASSED] - Object 'Object Repository/Login/h2_Login' is visible

2023-08-25 15:43:33 - [TEST_STEP][PASSED] - delay(3): Delayed 3 second(s)

2023-08-25 15:43:36 - [MESSAGE][PASSED] - Delayed 3 second(s)

2023-08-25 15:43:36 - [TEST_STEP][PASSED] - closeBrowser(): Browser is closed

2023-08-25 15:43:37 - [MESSAGE][PASSED] - Browser is closed]]></system-out>
         <system-err><![CDATA[]]></system-err>
      </testcase>
      <testcase name="Test Cases/History/Test Case 3.1" time="19.202" classname="Test Cases/History/Test Case 3.1" status="PASSED">
         <system-out><![CDATA[2023-08-25 15:43:37 - [TEST_CASE][PASSED] - Test Cases/History/Test Case 3.1: Test Cases/History/Test Case 3.1

2023-08-25 15:43:37 - [TEST_STEP][PASSED] - callTestCase(findTestCase("Login/Test Case 1.1 (Cara Manual)"), ["Username":"John Doe", "password":"g3/DOGG74jC3Flrr3yH+3D/yKbOqqUNM"], STOP_ON_FAILURE): Call Test Case 'Test Cases/Login/Test Case 1.1 (Cara Manual)' successfully

2023-08-25 15:43:37 - [TEST_CASE][PASSED] - Test Cases/Login/Test Case 1.1 (Cara Manual): Test Cases/Login/Test Case 1.1 (Cara Manual)

2023-08-25 15:43:37 - [TEST_STEP][PASSED] - openBrowser(web_url): Browser is opened with url: 'https://katalon-demo-cura.herokuapp.com/'

2023-08-25 15:43:37 - [MESSAGE][INFO] - Starting 'Edge Chromium' driver

2023-08-25 15:43:39 - [MESSAGE][INFO] - Action delay is set to 0 milliseconds

2023-08-25 15:43:45 - [MESSAGE][PASSED] - Browser is opened with url: 'https://katalon-demo-cura.herokuapp.com/'

2023-08-25 15:43:45 - [TEST_STEP][PASSED] - maximizeWindow(): Current window maximized

2023-08-25 15:43:45 - [MESSAGE][PASSED] - Current window maximized

2023-08-25 15:43:45 - [TEST_STEP][PASSED] - verifyElementPresent(findTestObject("Login Manual/title_homepage"), 0): Object 'Object Repository/Login Manual/title_homepage' is present

2023-08-25 15:43:45 - [MESSAGE][WARNING] - Timeout '0' is invalid. Using default page load timeout: '30'

2023-08-25 15:43:45 - [MESSAGE][PASSED] - Object 'Object Repository/Login Manual/title_homepage' is present

2023-08-25 15:43:45 - [TEST_STEP][PASSED] - click(findTestObject("Login Manual/burger_button")): Object: 'Object Repository/Login Manual/burger_button' is clicked on

2023-08-25 15:43:46 - [MESSAGE][PASSED] - Object: 'Object Repository/Login Manual/burger_button' is clicked on

2023-08-25 15:43:46 - [TEST_STEP][PASSED] - click(findTestObject("Login Manual/burger_button_login")): Object: 'Object Repository/Login Manual/burger_button_login' is clicked on

2023-08-25 15:43:47 - [MESSAGE][PASSED] - Object: 'Object Repository/Login Manual/burger_button_login' is clicked on

2023-08-25 15:43:47 - [TEST_STEP][PASSED] - verifyElementPresent(findTestObject("Login Manual/Title_Login"), 0): Object 'Object Repository/Login Manual/Title_Login' is present

2023-08-25 15:43:47 - [MESSAGE][WARNING] - Timeout '0' is invalid. Using default page load timeout: '30'

2023-08-25 15:43:48 - [MESSAGE][PASSED] - Object 'Object Repository/Login Manual/Title_Login' is present

2023-08-25 15:43:48 - [TEST_STEP][PASSED] - setText(findTestObject("Login Manual/input_Username"), Username): Text 'John Doe' is set on object 'Object Repository/Login Manual/input_Username'

2023-08-25 15:43:48 - [MESSAGE][PASSED] - Text 'John Doe' is set on object 'Object Repository/Login Manual/input_Username'

2023-08-25 15:43:48 - [TEST_STEP][PASSED] - setEncryptedText(findTestObject("Login Manual/input_Password"), password): Text ****** has been set on object 'Object Repository/Login Manual/input_Password'

2023-08-25 15:43:49 - [MESSAGE][PASSED] - Text ****** has been set on object 'Object Repository/Login Manual/input_Password'

2023-08-25 15:43:49 - [TEST_STEP][PASSED] - click(findTestObject("Login Manual/button_Login (1)")): Object: 'Object Repository/Login Manual/button_Login (1)' is clicked on

2023-08-25 15:43:50 - [MESSAGE][PASSED] - Object: 'Object Repository/Login Manual/button_Login (1)' is clicked on

2023-08-25 15:43:50 - [TEST_STEP][PASSED] - verifyElementPresent(findTestObject("Login Manual/title_Make Appointment"), 5): Object 'Object Repository/Login Manual/title_Make Appointment' is present

2023-08-25 15:43:50 - [MESSAGE][PASSED] - Object 'Object Repository/Login Manual/title_Make Appointment' is present

2023-08-25 15:43:50 - [MESSAGE][PASSED] - Call Test Case 'Test Cases/Login/Test Case 1.1 (Cara Manual)' successfully

2023-08-25 15:43:50 - [TEST_STEP][PASSED] - click(findTestObject("History/button_burger_make_apointment_page")): Object: 'Object Repository/History/button_burger_make_apointment_page' is clicked on

2023-08-25 15:43:51 - [MESSAGE][PASSED] - Object: 'Object Repository/History/button_burger_make_apointment_page' is clicked on

2023-08-25 15:43:51 - [TEST_STEP][PASSED] - click(findTestObject("History/button_history")): Object: 'Object Repository/History/button_history' is clicked on

2023-08-25 15:43:52 - [MESSAGE][PASSED] - Object: 'Object Repository/History/button_history' is clicked on

2023-08-25 15:43:52 - [TEST_STEP][PASSED] - verifyElementText(findTestObject("History/no_appointment"), "No appointment.", STOP_ON_FAILURE): Actual text and expected text of test object 'Object Repository/History/no_appointment' are matched.

2023-08-25 15:43:52 - [MESSAGE][PASSED] - Actual text and expected text of test object 'Object Repository/History/no_appointment' are matched.

2023-08-25 15:43:52 - [TEST_STEP][PASSED] - delay(3): Delayed 3 second(s)

2023-08-25 15:43:55 - [MESSAGE][PASSED] - Delayed 3 second(s)

2023-08-25 15:43:55 - [TEST_STEP][PASSED] - closeBrowser(): Browser is closed

2023-08-25 15:43:56 - [MESSAGE][PASSED] - Browser is closed]]></system-out>
         <system-err><![CDATA[]]></system-err>
      </testcase>
      <testcase name="Test Cases/History/Test Case 3.2" time="27.566" classname="Test Cases/History/Test Case 3.2" status="PASSED">
         <system-out><![CDATA[2023-08-25 15:43:56 - [TEST_CASE][PASSED] - Test Cases/History/Test Case 3.2: Test Cases/History/Test Case 3.2

2023-08-25 15:43:56 - [TEST_STEP][PASSED] - callTestCase(findTestCase("Make Appointment/Test Case 2.1 (Versi Dinamis)"), ["username":"John Doe", "password":"g3/DOGG74jC3Flrr3yH+3D/yKbOqqUNM", "dropdown_menu":"Tokyo CURA Healthcare Center", "hospital_readmission":"Yes", ... ], STOP_ON_FAILURE): Call Test Case 'Test Cases/Make Appointment/Test Case 2.1 (Versi Dinamis)' successfully

2023-08-25 15:43:56 - [TEST_CASE][PASSED] - Test Cases/Make Appointment/Test Case 2.1 (Versi Dinamis): Test Cases/Make Appointment/Test Case 2.1 (Versi Dinamis)

2023-08-25 15:43:56 - [TEST_STEP][PASSED] - callTestCase(findTestCase("Login/Test Case 1.1 (Cara Manual)"), ["Username":username, "password":password], STOP_ON_FAILURE): Call Test Case 'Test Cases/Login/Test Case 1.1 (Cara Manual)' successfully

2023-08-25 15:43:56 - [TEST_CASE][PASSED] - Test Cases/Login/Test Case 1.1 (Cara Manual): Test Cases/Login/Test Case 1.1 (Cara Manual)

2023-08-25 15:43:56 - [TEST_STEP][PASSED] - openBrowser(web_url): Browser is opened with url: 'https://katalon-demo-cura.herokuapp.com/'

2023-08-25 15:43:56 - [MESSAGE][INFO] - Starting 'Edge Chromium' driver

2023-08-25 15:43:59 - [MESSAGE][INFO] - Action delay is set to 0 milliseconds

2023-08-25 15:44:04 - [MESSAGE][PASSED] - Browser is opened with url: 'https://katalon-demo-cura.herokuapp.com/'

2023-08-25 15:44:04 - [TEST_STEP][PASSED] - maximizeWindow(): Current window maximized

2023-08-25 15:44:05 - [MESSAGE][PASSED] - Current window maximized

2023-08-25 15:44:05 - [TEST_STEP][PASSED] - verifyElementPresent(findTestObject("Login Manual/title_homepage"), 0): Object 'Object Repository/Login Manual/title_homepage' is present

2023-08-25 15:44:05 - [MESSAGE][WARNING] - Timeout '0' is invalid. Using default page load timeout: '30'

2023-08-25 15:44:05 - [MESSAGE][PASSED] - Object 'Object Repository/Login Manual/title_homepage' is present

2023-08-25 15:44:05 - [TEST_STEP][PASSED] - click(findTestObject("Login Manual/burger_button")): Object: 'Object Repository/Login Manual/burger_button' is clicked on

2023-08-25 15:44:05 - [MESSAGE][PASSED] - Object: 'Object Repository/Login Manual/burger_button' is clicked on

2023-08-25 15:44:05 - [TEST_STEP][PASSED] - click(findTestObject("Login Manual/burger_button_login")): Object: 'Object Repository/Login Manual/burger_button_login' is clicked on

2023-08-25 15:44:06 - [MESSAGE][PASSED] - Object: 'Object Repository/Login Manual/burger_button_login' is clicked on

2023-08-25 15:44:06 - [TEST_STEP][PASSED] - verifyElementPresent(findTestObject("Login Manual/Title_Login"), 0): Object 'Object Repository/Login Manual/Title_Login' is present

2023-08-25 15:44:06 - [MESSAGE][WARNING] - Timeout '0' is invalid. Using default page load timeout: '30'

2023-08-25 15:44:07 - [MESSAGE][PASSED] - Object 'Object Repository/Login Manual/Title_Login' is present

2023-08-25 15:44:07 - [TEST_STEP][PASSED] - setText(findTestObject("Login Manual/input_Username"), Username): Text 'John Doe' is set on object 'Object Repository/Login Manual/input_Username'

2023-08-25 15:44:08 - [MESSAGE][PASSED] - Text 'John Doe' is set on object 'Object Repository/Login Manual/input_Username'

2023-08-25 15:44:08 - [TEST_STEP][PASSED] - setEncryptedText(findTestObject("Login Manual/input_Password"), password): Text ****** has been set on object 'Object Repository/Login Manual/input_Password'

2023-08-25 15:44:08 - [MESSAGE][PASSED] - Text ****** has been set on object 'Object Repository/Login Manual/input_Password'

2023-08-25 15:44:08 - [TEST_STEP][PASSED] - click(findTestObject("Login Manual/button_Login (1)")): Object: 'Object Repository/Login Manual/button_Login (1)' is clicked on

2023-08-25 15:44:09 - [MESSAGE][PASSED] - Object: 'Object Repository/Login Manual/button_Login (1)' is clicked on

2023-08-25 15:44:09 - [TEST_STEP][PASSED] - verifyElementPresent(findTestObject("Login Manual/title_Make Appointment"), 5): Object 'Object Repository/Login Manual/title_Make Appointment' is present

2023-08-25 15:44:09 - [MESSAGE][PASSED] - Object 'Object Repository/Login Manual/title_Make Appointment' is present

2023-08-25 15:44:09 - [MESSAGE][PASSED] - Call Test Case 'Test Cases/Login/Test Case 1.1 (Cara Manual)' successfully

2023-08-25 15:44:09 - [TEST_STEP][PASSED] - selectOptionByValue(findTestObject("Make Appointment/dropdown_menu"), dropdown_menu, false): All options with value 'Tokyo CURA Healthcare Center' are selected in object 'Object Repository/Make Appointment/dropdown_menu' 

2023-08-25 15:44:10 - [MESSAGE][PASSED] - All options with value 'Tokyo CURA Healthcare Center' are selected in object 'Object Repository/Make Appointment/dropdown_menu' 

2023-08-25 15:44:10 - [TEST_STEP][PASSED] - if (toString().equalsIgnoreCase("yes")): Object 'Object Repository/Make Appointment/checkbox_apply_for_hospital_readmission' is checked

2023-08-25 15:44:10 - [TEST_STEP][PASSED] - check(findTestObject("Object Repository/Make Appointment/checkbox_apply_for_hospital_readmission")): Object 'Object Repository/Make Appointment/checkbox_apply_for_hospital_readmission' is checked

2023-08-25 15:44:11 - [MESSAGE][PASSED] - Object 'Object Repository/Make Appointment/checkbox_apply_for_hospital_readmission' is checked

2023-08-25 15:44:11 - [TEST_STEP][PASSED] - if (toString().equalsIgnoreCase("medicare")): Object 'Object Repository/Make Appointment/radio_button_input_Medicare' is checked

2023-08-25 15:44:11 - [TEST_STEP][PASSED] - check(findTestObject("Object Repository/Make Appointment/radio_button_input_Medicare")): Object 'Object Repository/Make Appointment/radio_button_input_Medicare' is checked

2023-08-25 15:44:11 - [MESSAGE][PASSED] - Object 'Object Repository/Make Appointment/radio_button_input_Medicare' is checked

2023-08-25 15:44:11 - [TEST_STEP][PASSED] - setText(findTestObject("Make Appointment/input_Visit Date (Required)_visit_date"), visit_date): Text '23/08/2023' is set on object 'Object Repository/Make Appointment/input_Visit Date (Required)_visit_date'

2023-08-25 15:44:12 - [MESSAGE][PASSED] - Text '23/08/2023' is set on object 'Object Repository/Make Appointment/input_Visit Date (Required)_visit_date'

2023-08-25 15:44:12 - [TEST_STEP][PASSED] - setText(findTestObject("Make Appointment/textarea_Comment_comment"), comment): Text 'mau berobat' is set on object 'Object Repository/Make Appointment/textarea_Comment_comment'

2023-08-25 15:44:13 - [MESSAGE][PASSED] - Text 'mau berobat' is set on object 'Object Repository/Make Appointment/textarea_Comment_comment'

2023-08-25 15:44:13 - [TEST_STEP][PASSED] - click(findTestObject("Make Appointment/button_Book Appointment")): Object: 'Object Repository/Make Appointment/button_Book Appointment' is clicked on

2023-08-25 15:44:13 - [MESSAGE][PASSED] - Object: 'Object Repository/Make Appointment/button_Book Appointment' is clicked on

2023-08-25 15:44:13 - [TEST_STEP][PASSED] - verifyElementVisible(findTestObject("Make Appointment/title_Appointment Confirmation")): Object 'Object Repository/Make Appointment/title_Appointment Confirmation' is visible

2023-08-25 15:44:14 - [MESSAGE][PASSED] - Object 'Object Repository/Make Appointment/title_Appointment Confirmation' is visible

2023-08-25 15:44:14 - [TEST_STEP][PASSED] - hasil_facility = getText(findTestObject("Object Repository/Make Appointment/facility_Tokyo CURA Healthcare Center")): Text of object 'Object Repository/Make Appointment/facility_Tokyo CURA Healthcare Center' is: 'Tokyo CURA Healthcare Center'

2023-08-25 15:44:14 - [MESSAGE][PASSED] - Text of object 'Object Repository/Make Appointment/facility_Tokyo CURA Healthcare Center' is: 'Tokyo CURA Healthcare Center'

2023-08-25 15:44:14 - [TEST_STEP][PASSED] - hasil_readmission = getText(findTestObject("Make Appointment/checkbox_Yes")): Text of object 'Object Repository/Make Appointment/checkbox_Yes' is: 'Yes'

2023-08-25 15:44:15 - [MESSAGE][PASSED] - Text of object 'Object Repository/Make Appointment/checkbox_Yes' is: 'Yes'

2023-08-25 15:44:15 - [TEST_STEP][PASSED] - hasil_program = getText(findTestObject("Make Appointment/program_Medicare")): Text of object 'Object Repository/Make Appointment/program_Medicare' is: 'Medicare'

2023-08-25 15:44:15 - [MESSAGE][PASSED] - Text of object 'Object Repository/Make Appointment/program_Medicare' is: 'Medicare'

2023-08-25 15:44:15 - [TEST_STEP][PASSED] - hasil_date = getText(findTestObject("Make Appointment/visit_date")): Text of object 'Object Repository/Make Appointment/visit_date' is: '23/08/2023'

2023-08-25 15:44:15 - [MESSAGE][PASSED] - Text of object 'Object Repository/Make Appointment/visit_date' is: '23/08/2023'

2023-08-25 15:44:15 - [TEST_STEP][PASSED] - hasil_comment = getText(findTestObject("Make Appointment/comment_sakit kepala")): Text of object 'Object Repository/Make Appointment/comment_sakit kepala' is: 'mau berobat'

2023-08-25 15:44:16 - [MESSAGE][PASSED] - Text of object 'Object Repository/Make Appointment/comment_sakit kepala' is: 'mau berobat'

2023-08-25 15:44:16 - [TEST_STEP][PASSED] - verifyMatch(hasil_facility.trim(), dropdown_menu.trim(), false): Actual text 'Tokyo CURA Healthcare Center' and expected text 'Tokyo CURA Healthcare Center' are matched 

2023-08-25 15:44:16 - [MESSAGE][PASSED] - Actual text 'Tokyo CURA Healthcare Center' and expected text 'Tokyo CURA Healthcare Center' are matched 

2023-08-25 15:44:16 - [TEST_STEP][PASSED] - verifyMatch(trim().toLowerCase(), trim().toLowerCase(), false): Actual text 'yes' and expected text 'yes' are matched 

2023-08-25 15:44:16 - [MESSAGE][PASSED] - Actual text 'yes' and expected text 'yes' are matched 

2023-08-25 15:44:16 - [TEST_STEP][PASSED] - verifyMatch(trim().toLowerCase(), trim().toLowerCase(), false): Actual text 'medicare' and expected text 'medicare' are matched 

2023-08-25 15:44:16 - [MESSAGE][PASSED] - Actual text 'medicare' and expected text 'medicare' are matched 

2023-08-25 15:44:16 - [TEST_STEP][PASSED] - verifyMatch(hasil_date.trim(), visit_date.trim(), false): Actual text '23/08/2023' and expected text '23/08/2023' are matched 

2023-08-25 15:44:16 - [MESSAGE][PASSED] - Actual text '23/08/2023' and expected text '23/08/2023' are matched 

2023-08-25 15:44:16 - [TEST_STEP][PASSED] - verifyMatch(hasil_comment.trim(), comment.trim(), false): Actual text 'mau berobat' and expected text 'mau berobat' are matched 

2023-08-25 15:44:16 - [MESSAGE][PASSED] - Actual text 'mau berobat' and expected text 'mau berobat' are matched 

2023-08-25 15:44:16 - [MESSAGE][PASSED] - Call Test Case 'Test Cases/Make Appointment/Test Case 2.1 (Versi Dinamis)' successfully

2023-08-25 15:44:16 - [TEST_STEP][PASSED] - click(findTestObject("History/button_burger_appointment_confirm")): Object: 'Object Repository/History/button_burger_appointment_confirm' is clicked on

2023-08-25 15:44:16 - [MESSAGE][PASSED] - Object: 'Object Repository/History/button_burger_appointment_confirm' is clicked on

2023-08-25 15:44:16 - [TEST_STEP][PASSED] - click(findTestObject("History/button_history_appointment_confirm")): Object: 'Object Repository/History/button_history_appointment_confirm' is clicked on

2023-08-25 15:44:17 - [MESSAGE][PASSED] - Object: 'Object Repository/History/button_history_appointment_confirm' is clicked on

2023-08-25 15:44:17 - [TEST_STEP][PASSED] - facility_appointment = getText(findTestObject("Make Appointment/facility_Tokyo CURA Healthcare Center")): Text of object 'Object Repository/Make Appointment/facility_Tokyo CURA Healthcare Center' is: 'Tokyo CURA Healthcare Center'

2023-08-25 15:44:17 - [MESSAGE][PASSED] - Text of object 'Object Repository/Make Appointment/facility_Tokyo CURA Healthcare Center' is: 'Tokyo CURA Healthcare Center'

2023-08-25 15:44:17 - [TEST_STEP][PASSED] - readmission_appointment = getText(findTestObject("Make Appointment/checkbox_Yes")): Text of object 'Object Repository/Make Appointment/checkbox_Yes' is: 'Yes'

2023-08-25 15:44:18 - [MESSAGE][PASSED] - Text of object 'Object Repository/Make Appointment/checkbox_Yes' is: 'Yes'

2023-08-25 15:44:18 - [TEST_STEP][PASSED] - program_appointment = getText(findTestObject("Make Appointment/program_Medicare")): Text of object 'Object Repository/Make Appointment/program_Medicare' is: 'Medicare'

2023-08-25 15:44:18 - [MESSAGE][PASSED] - Text of object 'Object Repository/Make Appointment/program_Medicare' is: 'Medicare'

2023-08-25 15:44:18 - [TEST_STEP][PASSED] - comment_appointment = getText(findTestObject("Make Appointment/comment_sakit kepala")): Text of object 'Object Repository/Make Appointment/comment_sakit kepala' is: 'mau berobat'

2023-08-25 15:44:18 - [MESSAGE][PASSED] - Text of object 'Object Repository/Make Appointment/comment_sakit kepala' is: 'mau berobat'

2023-08-25 15:44:18 - [TEST_STEP][PASSED] - facility_history = getText(findTestObject("History/history_facility")): Text of object 'Object Repository/History/history_facility' is: 'Tokyo CURA Healthcare Center'

2023-08-25 15:44:19 - [MESSAGE][PASSED] - Text of object 'Object Repository/History/history_facility' is: 'Tokyo CURA Healthcare Center'

2023-08-25 15:44:19 - [TEST_STEP][PASSED] - readmission_history = getText(findTestObject("History/history_readmission")): Text of object 'Object Repository/History/history_readmission' is: 'Yes'

2023-08-25 15:44:19 - [MESSAGE][PASSED] - Text of object 'Object Repository/History/history_readmission' is: 'Yes'

2023-08-25 15:44:19 - [TEST_STEP][PASSED] - program_history = getText(findTestObject("History/history_healthcare_program")): Text of object 'Object Repository/History/history_healthcare_program' is: 'Medicare'

2023-08-25 15:44:19 - [MESSAGE][PASSED] - Text of object 'Object Repository/History/history_healthcare_program' is: 'Medicare'

2023-08-25 15:44:19 - [TEST_STEP][PASSED] - comment_history = getText(findTestObject("History/history_comment")): Text of object 'Object Repository/History/history_comment' is: 'mau berobat'

2023-08-25 15:44:20 - [MESSAGE][PASSED] - Text of object 'Object Repository/History/history_comment' is: 'mau berobat'

2023-08-25 15:44:20 - [TEST_STEP][PASSED] - verifyMatch(facility_history, facility_appointment, false): Actual text 'Tokyo CURA Healthcare Center' and expected text 'Tokyo CURA Healthcare Center' are matched 

2023-08-25 15:44:20 - [MESSAGE][PASSED] - Actual text 'Tokyo CURA Healthcare Center' and expected text 'Tokyo CURA Healthcare Center' are matched 

2023-08-25 15:44:20 - [TEST_STEP][PASSED] - verifyMatch(readmission_history, readmission_appointment, false): Actual text 'Yes' and expected text 'Yes' are matched 

2023-08-25 15:44:20 - [MESSAGE][PASSED] - Actual text 'Yes' and expected text 'Yes' are matched 

2023-08-25 15:44:20 - [TEST_STEP][PASSED] - verifyMatch(program_history, program_appointment, false): Actual text 'Medicare' and expected text 'Medicare' are matched 

2023-08-25 15:44:20 - [MESSAGE][PASSED] - Actual text 'Medicare' and expected text 'Medicare' are matched 

2023-08-25 15:44:20 - [TEST_STEP][PASSED] - verifyMatch(comment_history, comment_appointment, false): Actual text 'mau berobat' and expected text 'mau berobat' are matched 

2023-08-25 15:44:20 - [MESSAGE][PASSED] - Actual text 'mau berobat' and expected text 'mau berobat' are matched 

2023-08-25 15:44:20 - [TEST_STEP][PASSED] - delay(3): Delayed 3 second(s)

2023-08-25 15:44:23 - [MESSAGE][PASSED] - Delayed 3 second(s)

2023-08-25 15:44:23 - [TEST_STEP][PASSED] - closeBrowser(): Browser is closed

2023-08-25 15:44:23 - [MESSAGE][PASSED] - Browser is closed]]></system-out>
         <system-err><![CDATA[]]></system-err>
      </testcase>
      <testcase name="Test Cases/Logout/Logout Negative" time="23.559" classname="Test Cases/Logout/Logout Negative" status="PASSED">
         <system-out><![CDATA[2023-08-25 15:44:23 - [TEST_CASE][PASSED] - Test Cases/Logout/Logout Negative: Test Cases/Logout/Logout Negative

2023-08-25 15:44:24 - [TEST_STEP][PASSED] - callTestCase(findTestCase("Logout/Logout"), [:], STOP_ON_FAILURE): Call Test Case 'Test Cases/Logout/Logout' successfully

2023-08-25 15:44:24 - [TEST_CASE][PASSED] - Test Cases/Logout/Logout: Test Cases/Logout/Logout

2023-08-25 15:44:24 - [TEST_STEP][PASSED] - callTestCase(findTestCase("Login/Test Case 1.1 (Cara Manual)"), ["Username":"John Doe", "password":"g3/DOGG74jC3Flrr3yH+3D/yKbOqqUNM"], STOP_ON_FAILURE): Call Test Case 'Test Cases/Login/Test Case 1.1 (Cara Manual)' successfully

2023-08-25 15:44:24 - [TEST_CASE][PASSED] - Test Cases/Login/Test Case 1.1 (Cara Manual): Test Cases/Login/Test Case 1.1 (Cara Manual)

2023-08-25 15:44:24 - [TEST_STEP][PASSED] - openBrowser(web_url): Browser is opened with url: 'https://katalon-demo-cura.herokuapp.com/'

2023-08-25 15:44:24 - [MESSAGE][INFO] - Starting 'Edge Chromium' driver

2023-08-25 15:44:26 - [MESSAGE][INFO] - Action delay is set to 0 milliseconds

2023-08-25 15:44:31 - [MESSAGE][PASSED] - Browser is opened with url: 'https://katalon-demo-cura.herokuapp.com/'

2023-08-25 15:44:31 - [TEST_STEP][PASSED] - maximizeWindow(): Current window maximized

2023-08-25 15:44:31 - [MESSAGE][PASSED] - Current window maximized

2023-08-25 15:44:31 - [TEST_STEP][PASSED] - verifyElementPresent(findTestObject("Login Manual/title_homepage"), 0): Object 'Object Repository/Login Manual/title_homepage' is present

2023-08-25 15:44:31 - [MESSAGE][WARNING] - Timeout '0' is invalid. Using default page load timeout: '30'

2023-08-25 15:44:32 - [MESSAGE][PASSED] - Object 'Object Repository/Login Manual/title_homepage' is present

2023-08-25 15:44:32 - [TEST_STEP][PASSED] - click(findTestObject("Login Manual/burger_button")): Object: 'Object Repository/Login Manual/burger_button' is clicked on

2023-08-25 15:44:32 - [MESSAGE][PASSED] - Object: 'Object Repository/Login Manual/burger_button' is clicked on

2023-08-25 15:44:32 - [TEST_STEP][PASSED] - click(findTestObject("Login Manual/burger_button_login")): Object: 'Object Repository/Login Manual/burger_button_login' is clicked on

2023-08-25 15:44:33 - [MESSAGE][PASSED] - Object: 'Object Repository/Login Manual/burger_button_login' is clicked on

2023-08-25 15:44:33 - [TEST_STEP][PASSED] - verifyElementPresent(findTestObject("Login Manual/Title_Login"), 0): Object 'Object Repository/Login Manual/Title_Login' is present

2023-08-25 15:44:33 - [MESSAGE][WARNING] - Timeout '0' is invalid. Using default page load timeout: '30'

2023-08-25 15:44:34 - [MESSAGE][PASSED] - Object 'Object Repository/Login Manual/Title_Login' is present

2023-08-25 15:44:34 - [TEST_STEP][PASSED] - setText(findTestObject("Login Manual/input_Username"), Username): Text 'John Doe' is set on object 'Object Repository/Login Manual/input_Username'

2023-08-25 15:44:34 - [MESSAGE][PASSED] - Text 'John Doe' is set on object 'Object Repository/Login Manual/input_Username'

2023-08-25 15:44:34 - [TEST_STEP][PASSED] - setEncryptedText(findTestObject("Login Manual/input_Password"), password): Text ****** has been set on object 'Object Repository/Login Manual/input_Password'

2023-08-25 15:44:35 - [MESSAGE][PASSED] - Text ****** has been set on object 'Object Repository/Login Manual/input_Password'

2023-08-25 15:44:35 - [TEST_STEP][PASSED] - click(findTestObject("Login Manual/button_Login (1)")): Object: 'Object Repository/Login Manual/button_Login (1)' is clicked on

2023-08-25 15:44:36 - [MESSAGE][PASSED] - Object: 'Object Repository/Login Manual/button_Login (1)' is clicked on

2023-08-25 15:44:36 - [TEST_STEP][PASSED] - verifyElementPresent(findTestObject("Login Manual/title_Make Appointment"), 5): Object 'Object Repository/Login Manual/title_Make Appointment' is present

2023-08-25 15:44:36 - [MESSAGE][PASSED] - Object 'Object Repository/Login Manual/title_Make Appointment' is present

2023-08-25 15:44:36 - [MESSAGE][PASSED] - Call Test Case 'Test Cases/Login/Test Case 1.1 (Cara Manual)' successfully

2023-08-25 15:44:36 - [TEST_STEP][PASSED] - click(findTestObject("Logout/burber_button")): Object: 'Object Repository/Logout/burber_button' is clicked on

2023-08-25 15:44:37 - [MESSAGE][PASSED] - Object: 'Object Repository/Logout/burber_button' is clicked on

2023-08-25 15:44:37 - [TEST_STEP][PASSED] - click(findTestObject("Logout/button_logout")): Object: 'Object Repository/Logout/button_logout' is clicked on

2023-08-25 15:44:38 - [MESSAGE][PASSED] - Object: 'Object Repository/Logout/button_logout' is clicked on

2023-08-25 15:44:38 - [TEST_STEP][PASSED] - click(findTestObject("Login/button_make_appointment_home_page")): Object: 'Object Repository/Login/button_make_appointment_home_page' is clicked on

2023-08-25 15:44:39 - [MESSAGE][PASSED] - Object: 'Object Repository/Login/button_make_appointment_home_page' is clicked on

2023-08-25 15:44:39 - [TEST_STEP][PASSED] - verifyElementVisible(findTestObject("Login/h2_Login")): Object 'Object Repository/Login/h2_Login' is visible

2023-08-25 15:44:39 - [MESSAGE][PASSED] - Object 'Object Repository/Login/h2_Login' is visible

2023-08-25 15:44:39 - [TEST_STEP][PASSED] - delay(3): Delayed 3 second(s)

2023-08-25 15:44:42 - [MESSAGE][PASSED] - Delayed 3 second(s)

2023-08-25 15:44:42 - [MESSAGE][PASSED] - Call Test Case 'Test Cases/Logout/Logout' successfully

2023-08-25 15:44:42 - [TEST_STEP][PASSED] - back(): Navigate back successfully

2023-08-25 15:44:43 - [MESSAGE][PASSED] - Navigate back successfully

2023-08-25 15:44:43 - [TEST_STEP][PASSED] - click(findTestObject("Login/button_make_appointment_home_page")): Object: 'Object Repository/Login/button_make_appointment_home_page' is clicked on

2023-08-25 15:44:44 - [MESSAGE][PASSED] - Object: 'Object Repository/Login/button_make_appointment_home_page' is clicked on

2023-08-25 15:44:44 - [TEST_STEP][PASSED] - verifyElementVisible(findTestObject("Login/h2_Login")): Object 'Object Repository/Login/h2_Login' is visible

2023-08-25 15:44:44 - [MESSAGE][PASSED] - Object 'Object Repository/Login/h2_Login' is visible

2023-08-25 15:44:44 - [TEST_STEP][PASSED] - delay(3): Delayed 3 second(s)

2023-08-25 15:44:47 - [MESSAGE][PASSED] - Delayed 3 second(s)]]></system-out>
         <system-err><![CDATA[]]></system-err>
      </testcase>
      <testcase name="Test Cases/Logout/Logout" time="19.958" classname="Test Cases/Logout/Logout" status="PASSED">
         <system-out><![CDATA[2023-08-25 15:44:47 - [TEST_CASE][PASSED] - Test Cases/Logout/Logout: Test Cases/Logout/Logout

2023-08-25 15:44:47 - [TEST_STEP][PASSED] - callTestCase(findTestCase("Login/Test Case 1.1 (Cara Manual)"), ["Username":"John Doe", "password":"g3/DOGG74jC3Flrr3yH+3D/yKbOqqUNM"], STOP_ON_FAILURE): Call Test Case 'Test Cases/Login/Test Case 1.1 (Cara Manual)' successfully

2023-08-25 15:44:47 - [TEST_CASE][PASSED] - Test Cases/Login/Test Case 1.1 (Cara Manual): Test Cases/Login/Test Case 1.1 (Cara Manual)

2023-08-25 15:44:47 - [TEST_STEP][PASSED] - openBrowser(web_url): Browser is opened with url: 'https://katalon-demo-cura.herokuapp.com/'

2023-08-25 15:44:47 - [MESSAGE][WARNING] - A browser is already opened. Closing browser and opening a new one

2023-08-25 15:44:48 - [MESSAGE][INFO] - Starting 'Edge Chromium' driver

2023-08-25 15:44:50 - [MESSAGE][INFO] - Action delay is set to 0 milliseconds

2023-08-25 15:44:56 - [MESSAGE][PASSED] - Browser is opened with url: 'https://katalon-demo-cura.herokuapp.com/'

2023-08-25 15:44:56 - [TEST_STEP][PASSED] - maximizeWindow(): Current window maximized

2023-08-25 15:44:56 - [MESSAGE][PASSED] - Current window maximized

2023-08-25 15:44:56 - [TEST_STEP][PASSED] - verifyElementPresent(findTestObject("Login Manual/title_homepage"), 0): Object 'Object Repository/Login Manual/title_homepage' is present

2023-08-25 15:44:56 - [MESSAGE][WARNING] - Timeout '0' is invalid. Using default page load timeout: '30'

2023-08-25 15:44:57 - [MESSAGE][PASSED] - Object 'Object Repository/Login Manual/title_homepage' is present

2023-08-25 15:44:57 - [TEST_STEP][PASSED] - click(findTestObject("Login Manual/burger_button")): Object: 'Object Repository/Login Manual/burger_button' is clicked on

2023-08-25 15:44:57 - [MESSAGE][PASSED] - Object: 'Object Repository/Login Manual/burger_button' is clicked on

2023-08-25 15:44:57 - [TEST_STEP][PASSED] - click(findTestObject("Login Manual/burger_button_login")): Object: 'Object Repository/Login Manual/burger_button_login' is clicked on

2023-08-25 15:44:58 - [MESSAGE][PASSED] - Object: 'Object Repository/Login Manual/burger_button_login' is clicked on

2023-08-25 15:44:58 - [TEST_STEP][PASSED] - verifyElementPresent(findTestObject("Login Manual/Title_Login"), 0): Object 'Object Repository/Login Manual/Title_Login' is present

2023-08-25 15:44:58 - [MESSAGE][WARNING] - Timeout '0' is invalid. Using default page load timeout: '30'

2023-08-25 15:44:58 - [MESSAGE][PASSED] - Object 'Object Repository/Login Manual/Title_Login' is present

2023-08-25 15:44:58 - [TEST_STEP][PASSED] - setText(findTestObject("Login Manual/input_Username"), Username): Text 'John Doe' is set on object 'Object Repository/Login Manual/input_Username'

2023-08-25 15:44:59 - [MESSAGE][PASSED] - Text 'John Doe' is set on object 'Object Repository/Login Manual/input_Username'

2023-08-25 15:44:59 - [TEST_STEP][PASSED] - setEncryptedText(findTestObject("Login Manual/input_Password"), password): Text ****** has been set on object 'Object Repository/Login Manual/input_Password'

2023-08-25 15:45:00 - [MESSAGE][PASSED] - Text ****** has been set on object 'Object Repository/Login Manual/input_Password'

2023-08-25 15:45:00 - [TEST_STEP][PASSED] - click(findTestObject("Login Manual/button_Login (1)")): Object: 'Object Repository/Login Manual/button_Login (1)' is clicked on

2023-08-25 15:45:01 - [MESSAGE][PASSED] - Object: 'Object Repository/Login Manual/button_Login (1)' is clicked on

2023-08-25 15:45:01 - [TEST_STEP][PASSED] - verifyElementPresent(findTestObject("Login Manual/title_Make Appointment"), 5): Object 'Object Repository/Login Manual/title_Make Appointment' is present

2023-08-25 15:45:01 - [MESSAGE][PASSED] - Object 'Object Repository/Login Manual/title_Make Appointment' is present

2023-08-25 15:45:01 - [MESSAGE][PASSED] - Call Test Case 'Test Cases/Login/Test Case 1.1 (Cara Manual)' successfully

2023-08-25 15:45:01 - [TEST_STEP][PASSED] - click(findTestObject("Logout/burber_button")): Object: 'Object Repository/Logout/burber_button' is clicked on

2023-08-25 15:45:01 - [MESSAGE][PASSED] - Object: 'Object Repository/Logout/burber_button' is clicked on

2023-08-25 15:45:01 - [TEST_STEP][PASSED] - click(findTestObject("Logout/button_logout")): Object: 'Object Repository/Logout/button_logout' is clicked on

2023-08-25 15:45:03 - [MESSAGE][PASSED] - Object: 'Object Repository/Logout/button_logout' is clicked on

2023-08-25 15:45:03 - [TEST_STEP][PASSED] - click(findTestObject("Login/button_make_appointment_home_page")): Object: 'Object Repository/Login/button_make_appointment_home_page' is clicked on

2023-08-25 15:45:04 - [MESSAGE][PASSED] - Object: 'Object Repository/Login/button_make_appointment_home_page' is clicked on

2023-08-25 15:45:04 - [TEST_STEP][PASSED] - verifyElementVisible(findTestObject("Login/h2_Login")): Object 'Object Repository/Login/h2_Login' is visible

2023-08-25 15:45:04 - [MESSAGE][PASSED] - Object 'Object Repository/Login/h2_Login' is visible

2023-08-25 15:45:04 - [TEST_STEP][PASSED] - delay(3): Delayed 3 second(s)

2023-08-25 15:45:07 - [MESSAGE][PASSED] - Delayed 3 second(s)]]></system-out>
         <system-err><![CDATA[]]></system-err>
      </testcase>
      <system-out><![CDATA[2023-08-25 15:41:12 - [TEST_SUITE][FAILED] - Tes Suite Heroku App: Test Cases/Login/Test Case 1.3 FAILED.
Reason:
com.kms.katalon.core.exception.StepFailedException: Verify element text of test object 'Object Repository/Login Negative/Error_Login failed Please ensure the username and password are valid' FAILED.
	at com.kms.katalon.core.webui.keyword.internal.WebUIKeywordMain.stepFailed(WebUIKeywordMain.groovy:64)
	at com.kms.katalon.core.webui.keyword.internal.WebUIKeywordMain.runKeyword(WebUIKeywordMain.groovy:26)
	at com.kms.katalon.core.webui.keyword.builtin.VerifyElementTextKeyword.verifyElementText(VerifyElementTextKeyword.groovy:72)
	at com.kms.katalon.core.webui.keyword.builtin.VerifyElementTextKeyword.execute(VerifyElementTextKeyword.groovy:40)
	at com.kms.katalon.core.keyword.internal.KeywordExecutor.executeKeywordForPlatform(KeywordExecutor.groovy:74)
	at com.kms.katalon.core.webui.keyword.WebUiBuiltInKeywords.verifyElementText(WebUiBuiltInKeywords.groovy:4749)
	at com.kms.katalon.core.webui.keyword.WebUiBuiltInKeywords$verifyElementText$5.call(Unknown Source)
	at Test Case 1.3.run(Test Case 1.3:38)
	at com.kms.katalon.core.main.ScriptEngine.run(ScriptEngine.java:194)
	at com.kms.katalon.core.main.ScriptEngine.runScriptAsRawText(ScriptEngine.java:119)
	at com.kms.katalon.core.main.TestCaseExecutor.runScript(TestCaseExecutor.java:448)
	at com.kms.katalon.core.main.TestCaseExecutor.doExecute(TestCaseExecutor.java:439)
	at com.kms.katalon.core.main.TestCaseExecutor.processExecutionPhase(TestCaseExecutor.java:418)
	at com.kms.katalon.core.main.TestCaseExecutor.accessMainPhase(TestCaseExecutor.java:410)
	at com.kms.katalon.core.main.TestCaseExecutor.execute(TestCaseExecutor.java:285)
	at com.kms.katalon.core.common.CommonExecutor.accessTestCaseMainPhase(CommonExecutor.java:65)
	at com.kms.katalon.core.main.TestSuiteExecutor.accessTestSuiteMainPhase(TestSuiteExecutor.java:148)
	at com.kms.katalon.core.main.TestSuiteExecutor.execute(TestSuiteExecutor.java:106)
	at com.kms.katalon.core.main.TestCaseMain.startTestSuite(TestCaseMain.java:187)
	at com.kms.katalon.core.main.TestCaseMain$startTestSuite$0.call(Unknown Source)
	at TempTestSuite1692952865667.run(TempTestSuite1692952865667.groovy:36)
Caused by: com.kms.katalon.core.exception.StepFailedException: Actual text 'Login failed! Please ensure the username and password are valid.' and expected text 'Please fills out this field.' of test object 'Object Repository/Login Negative/Error_Login failed Please ensure the username and password are valid' are NOT matched.
	at com.kms.katalon.core.webui.keyword.internal.WebUIKeywordMain.stepFailed(WebUIKeywordMain.groovy:64)
	at com.kms.katalon.core.webui.keyword.builtin.VerifyElementTextKeyword$_verifyElementText_closure1.doCall(VerifyElementTextKeyword.groovy:57)
	at com.kms.katalon.core.webui.keyword.builtin.VerifyElementTextKeyword$_verifyElementText_closure1.call(VerifyElementTextKeyword.groovy)
	at com.kms.katalon.core.webui.keyword.internal.WebUIKeywordMain.runKeyword(WebUIKeywordMain.groovy:20)
	... 19 more]]></system-out>
      <system-err><![CDATA[2023-08-25 15:41:12 - [TEST_SUITE][FAILED] - Tes Suite Heroku App: Test Cases/Login/Test Case 1.3 FAILED.
Reason:
com.kms.katalon.core.exception.StepFailedException: Verify element text of test object 'Object Repository/Login Negative/Error_Login failed Please ensure the username and password are valid' FAILED.
	at com.kms.katalon.core.webui.keyword.internal.WebUIKeywordMain.stepFailed(WebUIKeywordMain.groovy:64)
	at com.kms.katalon.core.webui.keyword.internal.WebUIKeywordMain.runKeyword(WebUIKeywordMain.groovy:26)
	at com.kms.katalon.core.webui.keyword.builtin.VerifyElementTextKeyword.verifyElementText(VerifyElementTextKeyword.groovy:72)
	at com.kms.katalon.core.webui.keyword.builtin.VerifyElementTextKeyword.execute(VerifyElementTextKeyword.groovy:40)
	at com.kms.katalon.core.keyword.internal.KeywordExecutor.executeKeywordForPlatform(KeywordExecutor.groovy:74)
	at com.kms.katalon.core.webui.keyword.WebUiBuiltInKeywords.verifyElementText(WebUiBuiltInKeywords.groovy:4749)
	at com.kms.katalon.core.webui.keyword.WebUiBuiltInKeywords$verifyElementText$5.call(Unknown Source)
	at Test Case 1.3.run(Test Case 1.3:38)
	at com.kms.katalon.core.main.ScriptEngine.run(ScriptEngine.java:194)
	at com.kms.katalon.core.main.ScriptEngine.runScriptAsRawText(ScriptEngine.java:119)
	at com.kms.katalon.core.main.TestCaseExecutor.runScript(TestCaseExecutor.java:448)
	at com.kms.katalon.core.main.TestCaseExecutor.doExecute(TestCaseExecutor.java:439)
	at com.kms.katalon.core.main.TestCaseExecutor.processExecutionPhase(TestCaseExecutor.java:418)
	at com.kms.katalon.core.main.TestCaseExecutor.accessMainPhase(TestCaseExecutor.java:410)
	at com.kms.katalon.core.main.TestCaseExecutor.execute(TestCaseExecutor.java:285)
	at com.kms.katalon.core.common.CommonExecutor.accessTestCaseMainPhase(CommonExecutor.java:65)
	at com.kms.katalon.core.main.TestSuiteExecutor.accessTestSuiteMainPhase(TestSuiteExecutor.java:148)
	at com.kms.katalon.core.main.TestSuiteExecutor.execute(TestSuiteExecutor.java:106)
	at com.kms.katalon.core.main.TestCaseMain.startTestSuite(TestCaseMain.java:187)
	at com.kms.katalon.core.main.TestCaseMain$startTestSuite$0.call(Unknown Source)
	at TempTestSuite1692952865667.run(TempTestSuite1692952865667.groovy:36)
Caused by: com.kms.katalon.core.exception.StepFailedException: Actual text 'Login failed! Please ensure the username and password are valid.' and expected text 'Please fills out this field.' of test object 'Object Repository/Login Negative/Error_Login failed Please ensure the username and password are valid' are NOT matched.
	at com.kms.katalon.core.webui.keyword.internal.WebUIKeywordMain.stepFailed(WebUIKeywordMain.groovy:64)
	at com.kms.katalon.core.webui.keyword.builtin.VerifyElementTextKeyword$_verifyElementText_closure1.doCall(VerifyElementTextKeyword.groovy:57)
	at com.kms.katalon.core.webui.keyword.builtin.VerifyElementTextKeyword$_verifyElementText_closure1.call(VerifyElementTextKeyword.groovy)
	at com.kms.katalon.core.webui.keyword.internal.WebUIKeywordMain.runKeyword(WebUIKeywordMain.groovy:20)
	... 19 more]]></system-err>
   </testsuite>
</testsuites>
