<?xml version="1.0" encoding="UTF-8"?>
<testsuites name="Test Suite All TC" time="204.883" tests="31" failures="1" errors="0">
   <testsuite name="Test Suite All TC" tests="31" failures="1" errors="0" time="204.883" skipped="0" timestamp="2023-08-29 13:41:13" hostname="youha - LAPTOP-H03M84CI" id="Test Suites/Test Suite All TC">
      <properties>
         <property name="deviceName" value=""/>
         <property name="devicePlatform" value=""/>
         <property name="logFolder" value="C:\\Users\\youha\\OneDrive\\Desktop\\Batch 324\\Workspace\\batch-324-qa\\Trainer\\Sauce Demo\\Reports\\20230829_134106\\Test Suite All TC\\20230829_134107"/>
         <property name="logFiles" value="C:\\Users\\youha\\OneDrive\\Desktop\\Batch 324\\Workspace\\batch-324-qa\\Trainer\\Sauce Demo\\Reports\\20230829_134106\\Test Suite All TC\\20230829_134107\\execution0.log"/>
         <property name="attachments" value="C:\\Users\\youha\\OneDrive\\Desktop\\Batch 324\\Workspace\\batch-324-qa\\Trainer\\Sauce Demo\\Reports\\20230829_134106\\Test Suite All TC\\20230829_134107\\1693291404575.png"/>
         <property name="hostName" value="youha - LAPTOP-H03M84CI"/>
         <property name="os" value="Windows 11 64bit"/>
         <property name="katalonVersion" value="8.6.5.208"/>
         <property name="browser" value="Edge Chromium 116"/>
         <property name="hostAddress" value="10.9.2.27"/>
         <property name="sessionId" value="79242f2ce0a6861272b043f39a6e0b01"/>
         <property name="seleniumVersion" value="3.141.59"/>
         <property name="proxyInformation" value="ProxyInformation { proxyOption=NO_PROXY, proxyServerType=HTTP, username=, password=********, proxyServerAddress=, proxyServerPort=0, executionList=&quot;&quot;, isApplyToDesiredCapabilities=true }"/>
         <property name="platform" value="Windows 11"/>
      </properties>
      <testcase name="Test Cases/Login/TC-Login-Failed-001" time="4.682" classname="Test Cases/Login/TC-Login-Failed-001" status="PASSED">
         <system-out><![CDATA[2023-08-29 13:41:13 - [TEST_CASE][PASSED] - Test Cases/Login/TC-Login-Failed-001: Test Cases/Login/TC-Login-Failed-001

2023-08-29 13:41:14 - [TEST_STEP][PASSED] - openBrowser(WEB_URL): Browser is opened with url: 'https://www.saucedemo.com/'

2023-08-29 13:41:14 - [MESSAGE][INFO] - Starting 'Edge Chromium' driver

2023-08-29 13:41:15 - [MESSAGE][INFO] - Action delay is set to 0 milliseconds

2023-08-29 13:41:17 - [MESSAGE][PASSED] - Browser is opened with url: 'https://www.saucedemo.com/'

2023-08-29 13:41:17 - [TEST_STEP][PASSED] - setText(findTestObject("Login Input Username"), username): Text 'dianty' is set on object 'Object Repository/Login Input Username'

2023-08-29 13:41:17 - [MESSAGE][PASSED] - Text 'dianty' is set on object 'Object Repository/Login Input Username'

2023-08-29 13:41:17 - [TEST_STEP][PASSED] - setEncryptedText(findTestObject("Login Input Password"), password): Text ****** has been set on object 'Object Repository/Login Input Password'

2023-08-29 13:41:18 - [MESSAGE][PASSED] - Text ****** has been set on object 'Object Repository/Login Input Password'

2023-08-29 13:41:18 - [TEST_STEP][PASSED] - click(findTestObject("Login Button")): Object: 'Object Repository/Login Button' is clicked on

2023-08-29 13:41:18 - [MESSAGE][PASSED] - Object: 'Object Repository/Login Button' is clicked on]]></system-out>
         <system-err><![CDATA[]]></system-err>
      </testcase>
      <testcase name="Test Cases/Login/TC-Login-Failed-002" time="4.079" classname="Test Cases/Login/TC-Login-Failed-002" status="PASSED">
         <system-out><![CDATA[2023-08-29 13:41:18 - [TEST_CASE][PASSED] - Test Cases/Login/TC-Login-Failed-002: Test Cases/Login/TC-Login-Failed-002

2023-08-29 13:41:18 - [TEST_STEP][PASSED] - openBrowser(WEB_URL): Browser is opened with url: 'https://www.saucedemo.com/'

2023-08-29 13:41:18 - [MESSAGE][WARNING] - A browser is already opened. Closing browser and opening a new one

2023-08-29 13:41:19 - [MESSAGE][INFO] - Starting 'Edge Chromium' driver

2023-08-29 13:41:20 - [MESSAGE][INFO] - Action delay is set to 0 milliseconds

2023-08-29 13:41:21 - [MESSAGE][PASSED] - Browser is opened with url: 'https://www.saucedemo.com/'

2023-08-29 13:41:21 - [TEST_STEP][PASSED] - setText(findTestObject("Login Input Username"), username): Text 'locked_out_user' is set on object 'Object Repository/Login Input Username'

2023-08-29 13:41:22 - [MESSAGE][PASSED] - Text 'locked_out_user' is set on object 'Object Repository/Login Input Username'

2023-08-29 13:41:22 - [TEST_STEP][PASSED] - click(findTestObject("Login Button")): Object: 'Object Repository/Login Button' is clicked on

2023-08-29 13:41:22 - [MESSAGE][PASSED] - Object: 'Object Repository/Login Button' is clicked on]]></system-out>
         <system-err><![CDATA[]]></system-err>
      </testcase>
      <testcase name="Test Cases/Login/TC-Login-Failed-003" time="3.542" classname="Test Cases/Login/TC-Login-Failed-003" status="PASSED">
         <system-out><![CDATA[2023-08-29 13:41:22 - [TEST_CASE][PASSED] - Test Cases/Login/TC-Login-Failed-003: Test Cases/Login/TC-Login-Failed-003

2023-08-29 13:41:22 - [TEST_STEP][PASSED] - openBrowser(WEB_URL): Browser is opened with url: 'https://www.saucedemo.com/'

2023-08-29 13:41:22 - [MESSAGE][WARNING] - A browser is already opened. Closing browser and opening a new one

2023-08-29 13:41:23 - [MESSAGE][INFO] - Starting 'Edge Chromium' driver

2023-08-29 13:41:24 - [MESSAGE][INFO] - Action delay is set to 0 milliseconds

2023-08-29 13:41:25 - [MESSAGE][PASSED] - Browser is opened with url: 'https://www.saucedemo.com/'

2023-08-29 13:41:25 - [TEST_STEP][PASSED] - setEncryptedText(findTestObject("Login Input Password"), password): Text ****** has been set on object 'Object Repository/Login Input Password'

2023-08-29 13:41:25 - [MESSAGE][PASSED] - Text ****** has been set on object 'Object Repository/Login Input Password'

2023-08-29 13:41:25 - [TEST_STEP][PASSED] - click(findTestObject("Login Button")): Object: 'Object Repository/Login Button' is clicked on

2023-08-29 13:41:26 - [MESSAGE][PASSED] - Object: 'Object Repository/Login Button' is clicked on]]></system-out>
         <system-err><![CDATA[]]></system-err>
      </testcase>
      <testcase name="Test Cases/Login/TC-Login-Failed-004" time="2.821" classname="Test Cases/Login/TC-Login-Failed-004" status="PASSED">
         <system-out><![CDATA[2023-08-29 13:41:26 - [TEST_CASE][PASSED] - Test Cases/Login/TC-Login-Failed-004: Test Cases/Login/TC-Login-Failed-004

2023-08-29 13:41:26 - [TEST_STEP][PASSED] - openBrowser(WEB_URL): Browser is opened with url: 'https://www.saucedemo.com/'

2023-08-29 13:41:26 - [MESSAGE][WARNING] - A browser is already opened. Closing browser and opening a new one

2023-08-29 13:41:27 - [MESSAGE][INFO] - Starting 'Edge Chromium' driver

2023-08-29 13:41:27 - [MESSAGE][INFO] - Action delay is set to 0 milliseconds

2023-08-29 13:41:28 - [MESSAGE][PASSED] - Browser is opened with url: 'https://www.saucedemo.com/'

2023-08-29 13:41:28 - [TEST_STEP][PASSED] - click(findTestObject("Login Button")): Object: 'Object Repository/Login Button' is clicked on

2023-08-29 13:41:29 - [MESSAGE][PASSED] - Object: 'Object Repository/Login Button' is clicked on]]></system-out>
         <system-err><![CDATA[]]></system-err>
      </testcase>
      <testcase name="Test Cases/Login/TC-Login-Locked-001" time="3.886" classname="Test Cases/Login/TC-Login-Locked-001" status="PASSED">
         <system-out><![CDATA[2023-08-29 13:41:29 - [TEST_CASE][PASSED] - Test Cases/Login/TC-Login-Locked-001: Test Cases/Login/TC-Login-Locked-001

2023-08-29 13:41:29 - [TEST_STEP][PASSED] - openBrowser(WEB_URL): Browser is opened with url: 'https://www.saucedemo.com/'

2023-08-29 13:41:29 - [MESSAGE][WARNING] - A browser is already opened. Closing browser and opening a new one

2023-08-29 13:41:29 - [MESSAGE][INFO] - Starting 'Edge Chromium' driver

2023-08-29 13:41:30 - [MESSAGE][INFO] - Action delay is set to 0 milliseconds

2023-08-29 13:41:31 - [MESSAGE][PASSED] - Browser is opened with url: 'https://www.saucedemo.com/'

2023-08-29 13:41:31 - [TEST_STEP][PASSED] - setText(findTestObject("Login Input Username"), username): Text 'standard_user' is set on object 'Object Repository/Login Input Username'

2023-08-29 13:41:32 - [MESSAGE][PASSED] - Text 'standard_user' is set on object 'Object Repository/Login Input Username'

2023-08-29 13:41:32 - [TEST_STEP][PASSED] - setEncryptedText(findTestObject("Login Input Password"), password): Text ****** has been set on object 'Object Repository/Login Input Password'

2023-08-29 13:41:32 - [MESSAGE][PASSED] - Text ****** has been set on object 'Object Repository/Login Input Password'

2023-08-29 13:41:32 - [TEST_STEP][PASSED] - click(findTestObject("Login Button")): Object: 'Object Repository/Login Button' is clicked on

2023-08-29 13:41:32 - [MESSAGE][PASSED] - Object: 'Object Repository/Login Button' is clicked on]]></system-out>
         <system-err><![CDATA[]]></system-err>
      </testcase>
      <testcase name="Test Cases/Login/TC-Login-Success-001" time="3.937" classname="Test Cases/Login/TC-Login-Success-001" status="PASSED">
         <system-out><![CDATA[2023-08-29 13:41:32 - [TEST_CASE][PASSED] - Test Cases/Login/TC-Login-Success-001: Test Cases/Login/TC-Login-Success-001

2023-08-29 13:41:33 - [TEST_STEP][PASSED] - openBrowser(WEB_URL): Browser is opened with url: 'https://www.saucedemo.com/'

2023-08-29 13:41:33 - [MESSAGE][WARNING] - A browser is already opened. Closing browser and opening a new one

2023-08-29 13:41:33 - [MESSAGE][INFO] - Starting 'Edge Chromium' driver

2023-08-29 13:41:34 - [MESSAGE][INFO] - Action delay is set to 0 milliseconds

2023-08-29 13:41:35 - [MESSAGE][PASSED] - Browser is opened with url: 'https://www.saucedemo.com/'

2023-08-29 13:41:35 - [TEST_STEP][PASSED] - setText(findTestObject("Login Input Username"), username): Text 'standard_user' is set on object 'Object Repository/Login Input Username'

2023-08-29 13:41:36 - [MESSAGE][PASSED] - Text 'standard_user' is set on object 'Object Repository/Login Input Username'

2023-08-29 13:41:36 - [TEST_STEP][PASSED] - setEncryptedText(findTestObject("Login Input Password"), password): Text ****** has been set on object 'Object Repository/Login Input Password'

2023-08-29 13:41:36 - [MESSAGE][PASSED] - Text ****** has been set on object 'Object Repository/Login Input Password'

2023-08-29 13:41:36 - [TEST_STEP][PASSED] - click(findTestObject("Login Button")): Object: 'Object Repository/Login Button' is clicked on

2023-08-29 13:41:36 - [MESSAGE][PASSED] - Object: 'Object Repository/Login Button' is clicked on]]></system-out>
         <system-err><![CDATA[]]></system-err>
      </testcase>
      <testcase name="Test Cases/Products/TC-Product-AddCart-001" time="4.678" classname="Test Cases/Products/TC-Product-AddCart-001" status="PASSED">
         <system-out><![CDATA[2023-08-29 13:41:36 - [TEST_CASE][PASSED] - Test Cases/Products/TC-Product-AddCart-001: Test Cases/Products/TC-Product-AddCart-001

2023-08-29 13:41:37 - [TEST_STEP][PASSED] - callTestCase(findTestCase("Products/TC-Product-Show-001"), [:], STOP_ON_FAILURE): Call Test Case 'Test Cases/Products/TC-Product-Show-001' successfully

2023-08-29 13:41:37 - [TEST_CASE][PASSED] - Test Cases/Products/TC-Product-Show-001: Test Cases/Products/TC-Product-Show-001

2023-08-29 13:41:37 - [TEST_STEP][PASSED] - callTestCase(findTestCase("Login/TC-Login-Success-001"), ["username":"standard_user", "password":"qcu24s4901FyWDTwXGr6XA=="], STOP_ON_FAILURE): Call Test Case 'Test Cases/Login/TC-Login-Success-001' successfully

2023-08-29 13:41:37 - [TEST_CASE][PASSED] - Test Cases/Login/TC-Login-Success-001: Test Cases/Login/TC-Login-Success-001

2023-08-29 13:41:37 - [TEST_STEP][PASSED] - openBrowser(WEB_URL): Browser is opened with url: 'https://www.saucedemo.com/'

2023-08-29 13:41:37 - [MESSAGE][WARNING] - A browser is already opened. Closing browser and opening a new one

2023-08-29 13:41:38 - [MESSAGE][INFO] - Starting 'Edge Chromium' driver

2023-08-29 13:41:38 - [MESSAGE][INFO] - Action delay is set to 0 milliseconds

2023-08-29 13:41:39 - [MESSAGE][PASSED] - Browser is opened with url: 'https://www.saucedemo.com/'

2023-08-29 13:41:39 - [TEST_STEP][PASSED] - setText(findTestObject("Login Input Username"), username): Text 'standard_user' is set on object 'Object Repository/Login Input Username'

2023-08-29 13:41:40 - [MESSAGE][PASSED] - Text 'standard_user' is set on object 'Object Repository/Login Input Username'

2023-08-29 13:41:40 - [TEST_STEP][PASSED] - setEncryptedText(findTestObject("Login Input Password"), password): Text ****** has been set on object 'Object Repository/Login Input Password'

2023-08-29 13:41:40 - [MESSAGE][PASSED] - Text ****** has been set on object 'Object Repository/Login Input Password'

2023-08-29 13:41:40 - [TEST_STEP][PASSED] - click(findTestObject("Login Button")): Object: 'Object Repository/Login Button' is clicked on

2023-08-29 13:41:41 - [MESSAGE][PASSED] - Object: 'Object Repository/Login Button' is clicked on

2023-08-29 13:41:41 - [MESSAGE][PASSED] - Call Test Case 'Test Cases/Login/TC-Login-Success-001' successfully

2023-08-29 13:41:41 - [MESSAGE][PASSED] - Call Test Case 'Test Cases/Products/TC-Product-Show-001' successfully

2023-08-29 13:41:41 - [TEST_STEP][PASSED] - click(findTestObject("Product Button ATC Product 1")): Object: 'Object Repository/Product Button ATC Product 1' is clicked on

2023-08-29 13:41:41 - [MESSAGE][PASSED] - Object: 'Object Repository/Product Button ATC Product 1' is clicked on]]></system-out>
         <system-err><![CDATA[]]></system-err>
      </testcase>
      <testcase name="Test Cases/Products/TC-Product-AddCart-002" time="5.073" classname="Test Cases/Products/TC-Product-AddCart-002" status="PASSED">
         <system-out><![CDATA[2023-08-29 13:41:41 - [TEST_CASE][PASSED] - Test Cases/Products/TC-Product-AddCart-002: Test Cases/Products/TC-Product-AddCart-002

2023-08-29 13:41:41 - [TEST_STEP][PASSED] - callTestCase(findTestCase("Products/TC-Product-AddCart-001"), [:], STOP_ON_FAILURE): Call Test Case 'Test Cases/Products/TC-Product-AddCart-001' successfully

2023-08-29 13:41:41 - [TEST_CASE][PASSED] - Test Cases/Products/TC-Product-AddCart-001: Test Cases/Products/TC-Product-AddCart-001

2023-08-29 13:41:41 - [TEST_STEP][PASSED] - callTestCase(findTestCase("Products/TC-Product-Show-001"), [:], STOP_ON_FAILURE): Call Test Case 'Test Cases/Products/TC-Product-Show-001' successfully

2023-08-29 13:41:41 - [TEST_CASE][PASSED] - Test Cases/Products/TC-Product-Show-001: Test Cases/Products/TC-Product-Show-001

2023-08-29 13:41:41 - [TEST_STEP][PASSED] - callTestCase(findTestCase("Login/TC-Login-Success-001"), ["username":"standard_user", "password":"qcu24s4901FyWDTwXGr6XA=="], STOP_ON_FAILURE): Call Test Case 'Test Cases/Login/TC-Login-Success-001' successfully

2023-08-29 13:41:41 - [TEST_CASE][PASSED] - Test Cases/Login/TC-Login-Success-001: Test Cases/Login/TC-Login-Success-001

2023-08-29 13:41:41 - [TEST_STEP][PASSED] - openBrowser(WEB_URL): Browser is opened with url: 'https://www.saucedemo.com/'

2023-08-29 13:41:41 - [MESSAGE][WARNING] - A browser is already opened. Closing browser and opening a new one

2023-08-29 13:41:42 - [MESSAGE][INFO] - Starting 'Edge Chromium' driver

2023-08-29 13:41:43 - [MESSAGE][INFO] - Action delay is set to 0 milliseconds

2023-08-29 13:41:44 - [MESSAGE][PASSED] - Browser is opened with url: 'https://www.saucedemo.com/'

2023-08-29 13:41:44 - [TEST_STEP][PASSED] - setText(findTestObject("Login Input Username"), username): Text 'standard_user' is set on object 'Object Repository/Login Input Username'

2023-08-29 13:41:44 - [MESSAGE][PASSED] - Text 'standard_user' is set on object 'Object Repository/Login Input Username'

2023-08-29 13:41:44 - [TEST_STEP][PASSED] - setEncryptedText(findTestObject("Login Input Password"), password): Text ****** has been set on object 'Object Repository/Login Input Password'

2023-08-29 13:41:45 - [MESSAGE][PASSED] - Text ****** has been set on object 'Object Repository/Login Input Password'

2023-08-29 13:41:45 - [TEST_STEP][PASSED] - click(findTestObject("Login Button")): Object: 'Object Repository/Login Button' is clicked on

2023-08-29 13:41:45 - [MESSAGE][PASSED] - Object: 'Object Repository/Login Button' is clicked on

2023-08-29 13:41:45 - [MESSAGE][PASSED] - Call Test Case 'Test Cases/Login/TC-Login-Success-001' successfully

2023-08-29 13:41:45 - [MESSAGE][PASSED] - Call Test Case 'Test Cases/Products/TC-Product-Show-001' successfully

2023-08-29 13:41:45 - [TEST_STEP][PASSED] - click(findTestObject("Product Button ATC Product 1")): Object: 'Object Repository/Product Button ATC Product 1' is clicked on

2023-08-29 13:41:46 - [MESSAGE][PASSED] - Object: 'Object Repository/Product Button ATC Product 1' is clicked on

2023-08-29 13:41:46 - [MESSAGE][PASSED] - Call Test Case 'Test Cases/Products/TC-Product-AddCart-001' successfully

2023-08-29 13:41:46 - [TEST_STEP][PASSED] - click(findTestObject("Product Button ATC Product 2")): Object: 'Object Repository/Product Button ATC Product 2' is clicked on

2023-08-29 13:41:46 - [MESSAGE][PASSED] - Object: 'Object Repository/Product Button ATC Product 2' is clicked on]]></system-out>
         <system-err><![CDATA[]]></system-err>
      </testcase>
      <testcase name="Test Cases/Products/TC-Product-RemoveCart-001" time="5.114" classname="Test Cases/Products/TC-Product-RemoveCart-001" status="PASSED">
         <system-out><![CDATA[2023-08-29 13:41:46 - [TEST_CASE][PASSED] - Test Cases/Products/TC-Product-RemoveCart-001: Test Cases/Products/TC-Product-RemoveCart-001

2023-08-29 13:41:46 - [TEST_STEP][PASSED] - callTestCase(findTestCase("Products/TC-Product-AddCart-001"), [:], STOP_ON_FAILURE): Call Test Case 'Test Cases/Products/TC-Product-AddCart-001' successfully

2023-08-29 13:41:46 - [TEST_CASE][PASSED] - Test Cases/Products/TC-Product-AddCart-001: Test Cases/Products/TC-Product-AddCart-001

2023-08-29 13:41:46 - [TEST_STEP][PASSED] - callTestCase(findTestCase("Products/TC-Product-Show-001"), [:], STOP_ON_FAILURE): Call Test Case 'Test Cases/Products/TC-Product-Show-001' successfully

2023-08-29 13:41:46 - [TEST_CASE][PASSED] - Test Cases/Products/TC-Product-Show-001: Test Cases/Products/TC-Product-Show-001

2023-08-29 13:41:46 - [TEST_STEP][PASSED] - callTestCase(findTestCase("Login/TC-Login-Success-001"), ["username":"standard_user", "password":"qcu24s4901FyWDTwXGr6XA=="], STOP_ON_FAILURE): Call Test Case 'Test Cases/Login/TC-Login-Success-001' successfully

2023-08-29 13:41:46 - [TEST_CASE][PASSED] - Test Cases/Login/TC-Login-Success-001: Test Cases/Login/TC-Login-Success-001

2023-08-29 13:41:46 - [TEST_STEP][PASSED] - openBrowser(WEB_URL): Browser is opened with url: 'https://www.saucedemo.com/'

2023-08-29 13:41:46 - [MESSAGE][WARNING] - A browser is already opened. Closing browser and opening a new one

2023-08-29 13:41:47 - [MESSAGE][INFO] - Starting 'Edge Chromium' driver

2023-08-29 13:41:48 - [MESSAGE][INFO] - Action delay is set to 0 milliseconds

2023-08-29 13:41:49 - [MESSAGE][PASSED] - Browser is opened with url: 'https://www.saucedemo.com/'

2023-08-29 13:41:49 - [TEST_STEP][PASSED] - setText(findTestObject("Login Input Username"), username): Text 'standard_user' is set on object 'Object Repository/Login Input Username'

2023-08-29 13:41:49 - [MESSAGE][PASSED] - Text 'standard_user' is set on object 'Object Repository/Login Input Username'

2023-08-29 13:41:49 - [TEST_STEP][PASSED] - setEncryptedText(findTestObject("Login Input Password"), password): Text ****** has been set on object 'Object Repository/Login Input Password'

2023-08-29 13:41:50 - [MESSAGE][PASSED] - Text ****** has been set on object 'Object Repository/Login Input Password'

2023-08-29 13:41:50 - [TEST_STEP][PASSED] - click(findTestObject("Login Button")): Object: 'Object Repository/Login Button' is clicked on

2023-08-29 13:41:50 - [MESSAGE][PASSED] - Object: 'Object Repository/Login Button' is clicked on

2023-08-29 13:41:50 - [MESSAGE][PASSED] - Call Test Case 'Test Cases/Login/TC-Login-Success-001' successfully

2023-08-29 13:41:50 - [MESSAGE][PASSED] - Call Test Case 'Test Cases/Products/TC-Product-Show-001' successfully

2023-08-29 13:41:50 - [TEST_STEP][PASSED] - click(findTestObject("Product Button ATC Product 1")): Object: 'Object Repository/Product Button ATC Product 1' is clicked on

2023-08-29 13:41:51 - [MESSAGE][PASSED] - Object: 'Object Repository/Product Button ATC Product 1' is clicked on

2023-08-29 13:41:51 - [MESSAGE][PASSED] - Call Test Case 'Test Cases/Products/TC-Product-AddCart-001' successfully

2023-08-29 13:41:51 - [TEST_STEP][PASSED] - click(findTestObject("Product Button Remove Product 1")): Object: 'Object Repository/Product Button Remove Product 1' is clicked on

2023-08-29 13:41:51 - [MESSAGE][PASSED] - Object: 'Object Repository/Product Button Remove Product 1' is clicked on]]></system-out>
         <system-err><![CDATA[]]></system-err>
      </testcase>
      <testcase name="Test Cases/Products/TC-Product-Show-001" time="3.815" classname="Test Cases/Products/TC-Product-Show-001" status="PASSED">
         <system-out><![CDATA[2023-08-29 13:41:51 - [TEST_CASE][PASSED] - Test Cases/Products/TC-Product-Show-001: Test Cases/Products/TC-Product-Show-001

2023-08-29 13:41:51 - [TEST_STEP][PASSED] - callTestCase(findTestCase("Login/TC-Login-Success-001"), ["username":"standard_user", "password":"qcu24s4901FyWDTwXGr6XA=="], STOP_ON_FAILURE): Call Test Case 'Test Cases/Login/TC-Login-Success-001' successfully

2023-08-29 13:41:51 - [TEST_CASE][PASSED] - Test Cases/Login/TC-Login-Success-001: Test Cases/Login/TC-Login-Success-001

2023-08-29 13:41:51 - [TEST_STEP][PASSED] - openBrowser(WEB_URL): Browser is opened with url: 'https://www.saucedemo.com/'

2023-08-29 13:41:51 - [MESSAGE][WARNING] - A browser is already opened. Closing browser and opening a new one

2023-08-29 13:41:52 - [MESSAGE][INFO] - Starting 'Edge Chromium' driver

2023-08-29 13:41:53 - [MESSAGE][INFO] - Action delay is set to 0 milliseconds

2023-08-29 13:41:54 - [MESSAGE][PASSED] - Browser is opened with url: 'https://www.saucedemo.com/'

2023-08-29 13:41:54 - [TEST_STEP][PASSED] - setText(findTestObject("Login Input Username"), username): Text 'standard_user' is set on object 'Object Repository/Login Input Username'

2023-08-29 13:41:54 - [MESSAGE][PASSED] - Text 'standard_user' is set on object 'Object Repository/Login Input Username'

2023-08-29 13:41:54 - [TEST_STEP][PASSED] - setEncryptedText(findTestObject("Login Input Password"), password): Text ****** has been set on object 'Object Repository/Login Input Password'

2023-08-29 13:41:55 - [MESSAGE][PASSED] - Text ****** has been set on object 'Object Repository/Login Input Password'

2023-08-29 13:41:55 - [TEST_STEP][PASSED] - click(findTestObject("Login Button")): Object: 'Object Repository/Login Button' is clicked on

2023-08-29 13:41:55 - [MESSAGE][PASSED] - Object: 'Object Repository/Login Button' is clicked on

2023-08-29 13:41:55 - [MESSAGE][PASSED] - Call Test Case 'Test Cases/Login/TC-Login-Success-001' successfully]]></system-out>
         <system-err><![CDATA[]]></system-err>
      </testcase>
      <testcase name="Test Cases/Products/TC-Product-Sort-001" time="4.985" classname="Test Cases/Products/TC-Product-Sort-001" status="PASSED">
         <system-out><![CDATA[2023-08-29 13:41:55 - [TEST_CASE][PASSED] - Test Cases/Products/TC-Product-Sort-001: Test Cases/Products/TC-Product-Sort-001

2023-08-29 13:41:55 - [TEST_STEP][PASSED] - callTestCase(findTestCase("Products/TC-Product-Show-001"), [:], STOP_ON_FAILURE): Call Test Case 'Test Cases/Products/TC-Product-Show-001' successfully

2023-08-29 13:41:55 - [TEST_CASE][PASSED] - Test Cases/Products/TC-Product-Show-001: Test Cases/Products/TC-Product-Show-001

2023-08-29 13:41:55 - [TEST_STEP][PASSED] - callTestCase(findTestCase("Login/TC-Login-Success-001"), ["username":"standard_user", "password":"qcu24s4901FyWDTwXGr6XA=="], STOP_ON_FAILURE): Call Test Case 'Test Cases/Login/TC-Login-Success-001' successfully

2023-08-29 13:41:55 - [TEST_CASE][PASSED] - Test Cases/Login/TC-Login-Success-001: Test Cases/Login/TC-Login-Success-001

2023-08-29 13:41:55 - [TEST_STEP][PASSED] - openBrowser(WEB_URL): Browser is opened with url: 'https://www.saucedemo.com/'

2023-08-29 13:41:55 - [MESSAGE][WARNING] - A browser is already opened. Closing browser and opening a new one

2023-08-29 13:41:56 - [MESSAGE][INFO] - Starting 'Edge Chromium' driver

2023-08-29 13:41:57 - [MESSAGE][INFO] - Action delay is set to 0 milliseconds

2023-08-29 13:41:58 - [MESSAGE][PASSED] - Browser is opened with url: 'https://www.saucedemo.com/'

2023-08-29 13:41:58 - [TEST_STEP][PASSED] - setText(findTestObject("Login Input Username"), username): Text 'standard_user' is set on object 'Object Repository/Login Input Username'

2023-08-29 13:41:58 - [MESSAGE][PASSED] - Text 'standard_user' is set on object 'Object Repository/Login Input Username'

2023-08-29 13:41:58 - [TEST_STEP][PASSED] - setEncryptedText(findTestObject("Login Input Password"), password): Text ****** has been set on object 'Object Repository/Login Input Password'

2023-08-29 13:41:59 - [MESSAGE][PASSED] - Text ****** has been set on object 'Object Repository/Login Input Password'

2023-08-29 13:41:59 - [TEST_STEP][PASSED] - click(findTestObject("Login Button")): Object: 'Object Repository/Login Button' is clicked on

2023-08-29 13:41:59 - [MESSAGE][PASSED] - Object: 'Object Repository/Login Button' is clicked on

2023-08-29 13:41:59 - [MESSAGE][PASSED] - Call Test Case 'Test Cases/Login/TC-Login-Success-001' successfully

2023-08-29 13:41:59 - [MESSAGE][PASSED] - Call Test Case 'Test Cases/Products/TC-Product-Show-001' successfully

2023-08-29 13:41:59 - [TEST_STEP][PASSED] - selectOptionByValue(findTestObject("Product Dropdown Sort"), "az", false): All options with value 'az' are selected in object 'Object Repository/Product Dropdown Sort' 

2023-08-29 13:42:00 - [MESSAGE][PASSED] - All options with value 'az' are selected in object 'Object Repository/Product Dropdown Sort']]></system-out>
         <system-err><![CDATA[]]></system-err>
      </testcase>
      <testcase name="Test Cases/Products/TC-Product-Sort-002" time="5.401" classname="Test Cases/Products/TC-Product-Sort-002" status="PASSED">
         <system-out><![CDATA[2023-08-29 13:42:00 - [TEST_CASE][PASSED] - Test Cases/Products/TC-Product-Sort-002: Test Cases/Products/TC-Product-Sort-002

2023-08-29 13:42:00 - [TEST_STEP][PASSED] - callTestCase(findTestCase("Products/TC-Product-Show-001"), [:], STOP_ON_FAILURE): Call Test Case 'Test Cases/Products/TC-Product-Show-001' successfully

2023-08-29 13:42:00 - [TEST_CASE][PASSED] - Test Cases/Products/TC-Product-Show-001: Test Cases/Products/TC-Product-Show-001

2023-08-29 13:42:00 - [TEST_STEP][PASSED] - callTestCase(findTestCase("Login/TC-Login-Success-001"), ["username":"standard_user", "password":"qcu24s4901FyWDTwXGr6XA=="], STOP_ON_FAILURE): Call Test Case 'Test Cases/Login/TC-Login-Success-001' successfully

2023-08-29 13:42:00 - [TEST_CASE][PASSED] - Test Cases/Login/TC-Login-Success-001: Test Cases/Login/TC-Login-Success-001

2023-08-29 13:42:00 - [TEST_STEP][PASSED] - openBrowser(WEB_URL): Browser is opened with url: 'https://www.saucedemo.com/'

2023-08-29 13:42:00 - [MESSAGE][WARNING] - A browser is already opened. Closing browser and opening a new one

2023-08-29 13:42:01 - [MESSAGE][INFO] - Starting 'Edge Chromium' driver

2023-08-29 13:42:02 - [MESSAGE][INFO] - Action delay is set to 0 milliseconds

2023-08-29 13:42:03 - [MESSAGE][PASSED] - Browser is opened with url: 'https://www.saucedemo.com/'

2023-08-29 13:42:03 - [TEST_STEP][PASSED] - setText(findTestObject("Login Input Username"), username): Text 'standard_user' is set on object 'Object Repository/Login Input Username'

2023-08-29 13:42:04 - [MESSAGE][PASSED] - Text 'standard_user' is set on object 'Object Repository/Login Input Username'

2023-08-29 13:42:04 - [TEST_STEP][PASSED] - setEncryptedText(findTestObject("Login Input Password"), password): Text ****** has been set on object 'Object Repository/Login Input Password'

2023-08-29 13:42:04 - [MESSAGE][PASSED] - Text ****** has been set on object 'Object Repository/Login Input Password'

2023-08-29 13:42:04 - [TEST_STEP][PASSED] - click(findTestObject("Login Button")): Object: 'Object Repository/Login Button' is clicked on

2023-08-29 13:42:04 - [MESSAGE][PASSED] - Object: 'Object Repository/Login Button' is clicked on

2023-08-29 13:42:04 - [MESSAGE][PASSED] - Call Test Case 'Test Cases/Login/TC-Login-Success-001' successfully

2023-08-29 13:42:04 - [MESSAGE][PASSED] - Call Test Case 'Test Cases/Products/TC-Product-Show-001' successfully

2023-08-29 13:42:04 - [TEST_STEP][PASSED] - selectOptionByValue(findTestObject("Product Dropdown Sort"), "za", false): All options with value 'za' are selected in object 'Object Repository/Product Dropdown Sort' 

2023-08-29 13:42:05 - [MESSAGE][PASSED] - All options with value 'za' are selected in object 'Object Repository/Product Dropdown Sort']]></system-out>
         <system-err><![CDATA[]]></system-err>
      </testcase>
      <testcase name="Test Cases/Products/TC-Product-Sort-003" time="5.176" classname="Test Cases/Products/TC-Product-Sort-003" status="PASSED">
         <system-out><![CDATA[2023-08-29 13:42:05 - [TEST_CASE][PASSED] - Test Cases/Products/TC-Product-Sort-003: Test Cases/Products/TC-Product-Sort-003

2023-08-29 13:42:06 - [TEST_STEP][PASSED] - callTestCase(findTestCase("Products/TC-Product-Show-001"), [:], STOP_ON_FAILURE): Call Test Case 'Test Cases/Products/TC-Product-Show-001' successfully

2023-08-29 13:42:06 - [TEST_CASE][PASSED] - Test Cases/Products/TC-Product-Show-001: Test Cases/Products/TC-Product-Show-001

2023-08-29 13:42:06 - [TEST_STEP][PASSED] - callTestCase(findTestCase("Login/TC-Login-Success-001"), ["username":"standard_user", "password":"qcu24s4901FyWDTwXGr6XA=="], STOP_ON_FAILURE): Call Test Case 'Test Cases/Login/TC-Login-Success-001' successfully

2023-08-29 13:42:06 - [TEST_CASE][PASSED] - Test Cases/Login/TC-Login-Success-001: Test Cases/Login/TC-Login-Success-001

2023-08-29 13:42:06 - [TEST_STEP][PASSED] - openBrowser(WEB_URL): Browser is opened with url: 'https://www.saucedemo.com/'

2023-08-29 13:42:06 - [MESSAGE][WARNING] - A browser is already opened. Closing browser and opening a new one

2023-08-29 13:42:07 - [MESSAGE][INFO] - Starting 'Edge Chromium' driver

2023-08-29 13:42:07 - [MESSAGE][INFO] - Action delay is set to 0 milliseconds

2023-08-29 13:42:08 - [MESSAGE][PASSED] - Browser is opened with url: 'https://www.saucedemo.com/'

2023-08-29 13:42:08 - [TEST_STEP][PASSED] - setText(findTestObject("Login Input Username"), username): Text 'standard_user' is set on object 'Object Repository/Login Input Username'

2023-08-29 13:42:09 - [MESSAGE][PASSED] - Text 'standard_user' is set on object 'Object Repository/Login Input Username'

2023-08-29 13:42:09 - [TEST_STEP][PASSED] - setEncryptedText(findTestObject("Login Input Password"), password): Text ****** has been set on object 'Object Repository/Login Input Password'

2023-08-29 13:42:09 - [MESSAGE][PASSED] - Text ****** has been set on object 'Object Repository/Login Input Password'

2023-08-29 13:42:09 - [TEST_STEP][PASSED] - click(findTestObject("Login Button")): Object: 'Object Repository/Login Button' is clicked on

2023-08-29 13:42:10 - [MESSAGE][PASSED] - Object: 'Object Repository/Login Button' is clicked on

2023-08-29 13:42:10 - [MESSAGE][PASSED] - Call Test Case 'Test Cases/Login/TC-Login-Success-001' successfully

2023-08-29 13:42:10 - [MESSAGE][PASSED] - Call Test Case 'Test Cases/Products/TC-Product-Show-001' successfully

2023-08-29 13:42:10 - [TEST_STEP][PASSED] - selectOptionByValue(findTestObject("Product Dropdown Sort"), "lohi", false): All options with value 'lohi' are selected in object 'Object Repository/Product Dropdown Sort' 

2023-08-29 13:42:11 - [MESSAGE][PASSED] - All options with value 'lohi' are selected in object 'Object Repository/Product Dropdown Sort']]></system-out>
         <system-err><![CDATA[]]></system-err>
      </testcase>
      <testcase name="Test Cases/Products/TC-Product-Sort-004" time="5.057" classname="Test Cases/Products/TC-Product-Sort-004" status="PASSED">
         <system-out><![CDATA[2023-08-29 13:42:11 - [TEST_CASE][PASSED] - Test Cases/Products/TC-Product-Sort-004: Test Cases/Products/TC-Product-Sort-004

2023-08-29 13:42:11 - [TEST_STEP][PASSED] - callTestCase(findTestCase("Products/TC-Product-Show-001"), [:], STOP_ON_FAILURE): Call Test Case 'Test Cases/Products/TC-Product-Show-001' successfully

2023-08-29 13:42:11 - [TEST_CASE][PASSED] - Test Cases/Products/TC-Product-Show-001: Test Cases/Products/TC-Product-Show-001

2023-08-29 13:42:11 - [TEST_STEP][PASSED] - callTestCase(findTestCase("Login/TC-Login-Success-001"), ["username":"standard_user", "password":"qcu24s4901FyWDTwXGr6XA=="], STOP_ON_FAILURE): Call Test Case 'Test Cases/Login/TC-Login-Success-001' successfully

2023-08-29 13:42:11 - [TEST_CASE][PASSED] - Test Cases/Login/TC-Login-Success-001: Test Cases/Login/TC-Login-Success-001

2023-08-29 13:42:11 - [TEST_STEP][PASSED] - openBrowser(WEB_URL): Browser is opened with url: 'https://www.saucedemo.com/'

2023-08-29 13:42:11 - [MESSAGE][WARNING] - A browser is already opened. Closing browser and opening a new one

2023-08-29 13:42:12 - [MESSAGE][INFO] - Starting 'Edge Chromium' driver

2023-08-29 13:42:12 - [MESSAGE][INFO] - Action delay is set to 0 milliseconds

2023-08-29 13:42:13 - [MESSAGE][PASSED] - Browser is opened with url: 'https://www.saucedemo.com/'

2023-08-29 13:42:13 - [TEST_STEP][PASSED] - setText(findTestObject("Login Input Username"), username): Text 'standard_user' is set on object 'Object Repository/Login Input Username'

2023-08-29 13:42:14 - [MESSAGE][PASSED] - Text 'standard_user' is set on object 'Object Repository/Login Input Username'

2023-08-29 13:42:14 - [TEST_STEP][PASSED] - setEncryptedText(findTestObject("Login Input Password"), password): Text ****** has been set on object 'Object Repository/Login Input Password'

2023-08-29 13:42:14 - [MESSAGE][PASSED] - Text ****** has been set on object 'Object Repository/Login Input Password'

2023-08-29 13:42:14 - [TEST_STEP][PASSED] - click(findTestObject("Login Button")): Object: 'Object Repository/Login Button' is clicked on

2023-08-29 13:42:15 - [MESSAGE][PASSED] - Object: 'Object Repository/Login Button' is clicked on

2023-08-29 13:42:15 - [MESSAGE][PASSED] - Call Test Case 'Test Cases/Login/TC-Login-Success-001' successfully

2023-08-29 13:42:15 - [MESSAGE][PASSED] - Call Test Case 'Test Cases/Products/TC-Product-Show-001' successfully

2023-08-29 13:42:15 - [TEST_STEP][PASSED] - selectOptionByValue(findTestObject("Product Dropdown Sort"), "hilo", false): All options with value 'hilo' are selected in object 'Object Repository/Product Dropdown Sort' 

2023-08-29 13:42:16 - [MESSAGE][PASSED] - All options with value 'hilo' are selected in object 'Object Repository/Product Dropdown Sort']]></system-out>
         <system-err><![CDATA[]]></system-err>
      </testcase>
      <testcase name="Test Cases/Detail Product/TC-DetailProduct-AddCart-001" time="5.112" classname="Test Cases/Detail Product/TC-DetailProduct-AddCart-001" status="PASSED">
         <system-out><![CDATA[2023-08-29 13:42:16 - [TEST_CASE][PASSED] - Test Cases/Detail Product/TC-DetailProduct-AddCart-001: Test Cases/Detail Product/TC-DetailProduct-AddCart-001

2023-08-29 13:42:16 - [TEST_STEP][PASSED] - callTestCase(findTestCase("Detail Product/TC-DetailProduct-Show-001"), [:], STOP_ON_FAILURE): Call Test Case 'Test Cases/Detail Product/TC-DetailProduct-Show-001' successfully

2023-08-29 13:42:16 - [TEST_CASE][PASSED] - Test Cases/Detail Product/TC-DetailProduct-Show-001: Test Cases/Detail Product/TC-DetailProduct-Show-001

2023-08-29 13:42:16 - [TEST_STEP][PASSED] - callTestCase(findTestCase("Login/TC-Login-Success-001"), ["username":"standard_user", "password":"qcu24s4901FyWDTwXGr6XA=="], STOP_ON_FAILURE): Call Test Case 'Test Cases/Login/TC-Login-Success-001' successfully

2023-08-29 13:42:16 - [TEST_CASE][PASSED] - Test Cases/Login/TC-Login-Success-001: Test Cases/Login/TC-Login-Success-001

2023-08-29 13:42:16 - [TEST_STEP][PASSED] - openBrowser(WEB_URL): Browser is opened with url: 'https://www.saucedemo.com/'

2023-08-29 13:42:16 - [MESSAGE][WARNING] - A browser is already opened. Closing browser and opening a new one

2023-08-29 13:42:17 - [MESSAGE][INFO] - Starting 'Edge Chromium' driver

2023-08-29 13:42:17 - [MESSAGE][INFO] - Action delay is set to 0 milliseconds

2023-08-29 13:42:18 - [MESSAGE][PASSED] - Browser is opened with url: 'https://www.saucedemo.com/'

2023-08-29 13:42:18 - [TEST_STEP][PASSED] - setText(findTestObject("Login Input Username"), username): Text 'standard_user' is set on object 'Object Repository/Login Input Username'

2023-08-29 13:42:19 - [MESSAGE][PASSED] - Text 'standard_user' is set on object 'Object Repository/Login Input Username'

2023-08-29 13:42:19 - [TEST_STEP][PASSED] - setEncryptedText(findTestObject("Login Input Password"), password): Text ****** has been set on object 'Object Repository/Login Input Password'

2023-08-29 13:42:19 - [MESSAGE][PASSED] - Text ****** has been set on object 'Object Repository/Login Input Password'

2023-08-29 13:42:19 - [TEST_STEP][PASSED] - click(findTestObject("Login Button")): Object: 'Object Repository/Login Button' is clicked on

2023-08-29 13:42:20 - [MESSAGE][PASSED] - Object: 'Object Repository/Login Button' is clicked on

2023-08-29 13:42:20 - [MESSAGE][PASSED] - Call Test Case 'Test Cases/Login/TC-Login-Success-001' successfully

2023-08-29 13:42:20 - [TEST_STEP][PASSED] - click(findTestObject("Product Text Product 1")): Object: 'Object Repository/Product Text Product 1' is clicked on

2023-08-29 13:42:20 - [MESSAGE][PASSED] - Object: 'Object Repository/Product Text Product 1' is clicked on

2023-08-29 13:42:20 - [MESSAGE][PASSED] - Call Test Case 'Test Cases/Detail Product/TC-DetailProduct-Show-001' successfully

2023-08-29 13:42:20 - [TEST_STEP][PASSED] - click(findTestObject("Detail Product Button ATC Product 1")): Object: 'Object Repository/Detail Product Button ATC Product 1' is clicked on

2023-08-29 13:42:21 - [MESSAGE][PASSED] - Object: 'Object Repository/Detail Product Button ATC Product 1' is clicked on]]></system-out>
         <system-err><![CDATA[]]></system-err>
      </testcase>
      <testcase name="Test Cases/Detail Product/TC-DetailProduct-Nav-001" time="5.427" classname="Test Cases/Detail Product/TC-DetailProduct-Nav-001" status="PASSED">
         <system-out><![CDATA[2023-08-29 13:42:21 - [TEST_CASE][PASSED] - Test Cases/Detail Product/TC-DetailProduct-Nav-001: Test Cases/Detail Product/TC-DetailProduct-Nav-001

2023-08-29 13:42:21 - [TEST_STEP][PASSED] - callTestCase(findTestCase("Detail Product/TC-DetailProduct-Show-001"), [:], STOP_ON_FAILURE): Call Test Case 'Test Cases/Detail Product/TC-DetailProduct-Show-001' successfully

2023-08-29 13:42:21 - [TEST_CASE][PASSED] - Test Cases/Detail Product/TC-DetailProduct-Show-001: Test Cases/Detail Product/TC-DetailProduct-Show-001

2023-08-29 13:42:21 - [TEST_STEP][PASSED] - callTestCase(findTestCase("Login/TC-Login-Success-001"), ["username":"standard_user", "password":"qcu24s4901FyWDTwXGr6XA=="], STOP_ON_FAILURE): Call Test Case 'Test Cases/Login/TC-Login-Success-001' successfully

2023-08-29 13:42:21 - [TEST_CASE][PASSED] - Test Cases/Login/TC-Login-Success-001: Test Cases/Login/TC-Login-Success-001

2023-08-29 13:42:21 - [TEST_STEP][PASSED] - openBrowser(WEB_URL): Browser is opened with url: 'https://www.saucedemo.com/'

2023-08-29 13:42:21 - [MESSAGE][WARNING] - A browser is already opened. Closing browser and opening a new one

2023-08-29 13:42:22 - [MESSAGE][INFO] - Starting 'Edge Chromium' driver

2023-08-29 13:42:22 - [MESSAGE][INFO] - Action delay is set to 0 milliseconds

2023-08-29 13:42:24 - [MESSAGE][PASSED] - Browser is opened with url: 'https://www.saucedemo.com/'

2023-08-29 13:42:24 - [TEST_STEP][PASSED] - setText(findTestObject("Login Input Username"), username): Text 'standard_user' is set on object 'Object Repository/Login Input Username'

2023-08-29 13:42:24 - [MESSAGE][PASSED] - Text 'standard_user' is set on object 'Object Repository/Login Input Username'

2023-08-29 13:42:24 - [TEST_STEP][PASSED] - setEncryptedText(findTestObject("Login Input Password"), password): Text ****** has been set on object 'Object Repository/Login Input Password'

2023-08-29 13:42:25 - [MESSAGE][PASSED] - Text ****** has been set on object 'Object Repository/Login Input Password'

2023-08-29 13:42:25 - [TEST_STEP][PASSED] - click(findTestObject("Login Button")): Object: 'Object Repository/Login Button' is clicked on

2023-08-29 13:42:25 - [MESSAGE][PASSED] - Object: 'Object Repository/Login Button' is clicked on

2023-08-29 13:42:25 - [MESSAGE][PASSED] - Call Test Case 'Test Cases/Login/TC-Login-Success-001' successfully

2023-08-29 13:42:25 - [TEST_STEP][PASSED] - click(findTestObject("Product Text Product 1")): Object: 'Object Repository/Product Text Product 1' is clicked on

2023-08-29 13:42:26 - [MESSAGE][PASSED] - Object: 'Object Repository/Product Text Product 1' is clicked on

2023-08-29 13:42:26 - [MESSAGE][PASSED] - Call Test Case 'Test Cases/Detail Product/TC-DetailProduct-Show-001' successfully

2023-08-29 13:42:26 - [TEST_STEP][PASSED] - click(findTestObject("Detail Product Button Back To Product")): Object: 'Object Repository/Detail Product Button Back To Product' is clicked on

2023-08-29 13:42:26 - [MESSAGE][PASSED] - Object: 'Object Repository/Detail Product Button Back To Product' is clicked on]]></system-out>
         <system-err><![CDATA[]]></system-err>
      </testcase>
      <testcase name="Test Cases/Detail Product/TC-DetailProduct-RemoveCart-001" time="5.626" classname="Test Cases/Detail Product/TC-DetailProduct-RemoveCart-001" status="PASSED">
         <system-out><![CDATA[2023-08-29 13:42:26 - [TEST_CASE][PASSED] - Test Cases/Detail Product/TC-DetailProduct-RemoveCart-001: Test Cases/Detail Product/TC-DetailProduct-RemoveCart-001

2023-08-29 13:42:26 - [TEST_STEP][PASSED] - callTestCase(findTestCase("Detail Product/TC-DetailProduct-AddCart-001"), [:], STOP_ON_FAILURE): Call Test Case 'Test Cases/Detail Product/TC-DetailProduct-AddCart-001' successfully

2023-08-29 13:42:26 - [TEST_CASE][PASSED] - Test Cases/Detail Product/TC-DetailProduct-AddCart-001: Test Cases/Detail Product/TC-DetailProduct-AddCart-001

2023-08-29 13:42:26 - [TEST_STEP][PASSED] - callTestCase(findTestCase("Detail Product/TC-DetailProduct-Show-001"), [:], STOP_ON_FAILURE): Call Test Case 'Test Cases/Detail Product/TC-DetailProduct-Show-001' successfully

2023-08-29 13:42:27 - [TEST_CASE][PASSED] - Test Cases/Detail Product/TC-DetailProduct-Show-001: Test Cases/Detail Product/TC-DetailProduct-Show-001

2023-08-29 13:42:27 - [TEST_STEP][PASSED] - callTestCase(findTestCase("Login/TC-Login-Success-001"), ["username":"standard_user", "password":"qcu24s4901FyWDTwXGr6XA=="], STOP_ON_FAILURE): Call Test Case 'Test Cases/Login/TC-Login-Success-001' successfully

2023-08-29 13:42:27 - [TEST_CASE][PASSED] - Test Cases/Login/TC-Login-Success-001: Test Cases/Login/TC-Login-Success-001

2023-08-29 13:42:27 - [TEST_STEP][PASSED] - openBrowser(WEB_URL): Browser is opened with url: 'https://www.saucedemo.com/'

2023-08-29 13:42:27 - [MESSAGE][WARNING] - A browser is already opened. Closing browser and opening a new one

2023-08-29 13:42:27 - [MESSAGE][INFO] - Starting 'Edge Chromium' driver

2023-08-29 13:42:28 - [MESSAGE][INFO] - Action delay is set to 0 milliseconds

2023-08-29 13:42:29 - [MESSAGE][PASSED] - Browser is opened with url: 'https://www.saucedemo.com/'

2023-08-29 13:42:29 - [TEST_STEP][PASSED] - setText(findTestObject("Login Input Username"), username): Text 'standard_user' is set on object 'Object Repository/Login Input Username'

2023-08-29 13:42:30 - [MESSAGE][PASSED] - Text 'standard_user' is set on object 'Object Repository/Login Input Username'

2023-08-29 13:42:30 - [TEST_STEP][PASSED] - setEncryptedText(findTestObject("Login Input Password"), password): Text ****** has been set on object 'Object Repository/Login Input Password'

2023-08-29 13:42:30 - [MESSAGE][PASSED] - Text ****** has been set on object 'Object Repository/Login Input Password'

2023-08-29 13:42:30 - [TEST_STEP][PASSED] - click(findTestObject("Login Button")): Object: 'Object Repository/Login Button' is clicked on

2023-08-29 13:42:30 - [MESSAGE][PASSED] - Object: 'Object Repository/Login Button' is clicked on

2023-08-29 13:42:30 - [MESSAGE][PASSED] - Call Test Case 'Test Cases/Login/TC-Login-Success-001' successfully

2023-08-29 13:42:30 - [TEST_STEP][PASSED] - click(findTestObject("Product Text Product 1")): Object: 'Object Repository/Product Text Product 1' is clicked on

2023-08-29 13:42:31 - [MESSAGE][PASSED] - Object: 'Object Repository/Product Text Product 1' is clicked on

2023-08-29 13:42:31 - [MESSAGE][PASSED] - Call Test Case 'Test Cases/Detail Product/TC-DetailProduct-Show-001' successfully

2023-08-29 13:42:31 - [TEST_STEP][PASSED] - click(findTestObject("Detail Product Button ATC Product 1")): Object: 'Object Repository/Detail Product Button ATC Product 1' is clicked on

2023-08-29 13:42:31 - [MESSAGE][PASSED] - Object: 'Object Repository/Detail Product Button ATC Product 1' is clicked on

2023-08-29 13:42:31 - [MESSAGE][PASSED] - Call Test Case 'Test Cases/Detail Product/TC-DetailProduct-AddCart-001' successfully

2023-08-29 13:42:31 - [TEST_STEP][PASSED] - click(findTestObject("Detail Product Button Remove Product 1")): Object: 'Object Repository/Detail Product Button Remove Product 1' is clicked on

2023-08-29 13:42:32 - [MESSAGE][PASSED] - Object: 'Object Repository/Detail Product Button Remove Product 1' is clicked on]]></system-out>
         <system-err><![CDATA[]]></system-err>
      </testcase>
      <testcase name="Test Cases/Detail Product/TC-DetailProduct-Show-001" time="4.506" classname="Test Cases/Detail Product/TC-DetailProduct-Show-001" status="PASSED">
         <system-out><![CDATA[2023-08-29 13:42:32 - [TEST_CASE][PASSED] - Test Cases/Detail Product/TC-DetailProduct-Show-001: Test Cases/Detail Product/TC-DetailProduct-Show-001

2023-08-29 13:42:32 - [TEST_STEP][PASSED] - callTestCase(findTestCase("Login/TC-Login-Success-001"), ["username":"standard_user", "password":"qcu24s4901FyWDTwXGr6XA=="], STOP_ON_FAILURE): Call Test Case 'Test Cases/Login/TC-Login-Success-001' successfully

2023-08-29 13:42:32 - [TEST_CASE][PASSED] - Test Cases/Login/TC-Login-Success-001: Test Cases/Login/TC-Login-Success-001

2023-08-29 13:42:32 - [TEST_STEP][PASSED] - openBrowser(WEB_URL): Browser is opened with url: 'https://www.saucedemo.com/'

2023-08-29 13:42:32 - [MESSAGE][WARNING] - A browser is already opened. Closing browser and opening a new one

2023-08-29 13:42:33 - [MESSAGE][INFO] - Starting 'Edge Chromium' driver

2023-08-29 13:42:33 - [MESSAGE][INFO] - Action delay is set to 0 milliseconds

2023-08-29 13:42:34 - [MESSAGE][PASSED] - Browser is opened with url: 'https://www.saucedemo.com/'

2023-08-29 13:42:34 - [TEST_STEP][PASSED] - setText(findTestObject("Login Input Username"), username): Text 'standard_user' is set on object 'Object Repository/Login Input Username'

2023-08-29 13:42:35 - [MESSAGE][PASSED] - Text 'standard_user' is set on object 'Object Repository/Login Input Username'

2023-08-29 13:42:35 - [TEST_STEP][PASSED] - setEncryptedText(findTestObject("Login Input Password"), password): Text ****** has been set on object 'Object Repository/Login Input Password'

2023-08-29 13:42:36 - [MESSAGE][PASSED] - Text ****** has been set on object 'Object Repository/Login Input Password'

2023-08-29 13:42:36 - [TEST_STEP][PASSED] - click(findTestObject("Login Button")): Object: 'Object Repository/Login Button' is clicked on

2023-08-29 13:42:36 - [MESSAGE][PASSED] - Object: 'Object Repository/Login Button' is clicked on

2023-08-29 13:42:36 - [MESSAGE][PASSED] - Call Test Case 'Test Cases/Login/TC-Login-Success-001' successfully

2023-08-29 13:42:36 - [TEST_STEP][PASSED] - click(findTestObject("Product Text Product 1")): Object: 'Object Repository/Product Text Product 1' is clicked on

2023-08-29 13:42:36 - [MESSAGE][PASSED] - Object: 'Object Repository/Product Text Product 1' is clicked on]]></system-out>
         <system-err><![CDATA[]]></system-err>
      </testcase>
      <testcase name="Test Cases/Keranjang/TC-Cart-Nav-001" time="5.863" classname="Test Cases/Keranjang/TC-Cart-Nav-001" status="PASSED">
         <system-out><![CDATA[2023-08-29 13:42:36 - [TEST_CASE][PASSED] - Test Cases/Keranjang/TC-Cart-Nav-001: Test Cases/Keranjang/TC-Cart-Nav-001

2023-08-29 13:42:37 - [TEST_STEP][PASSED] - callTestCase(findTestCase("Keranjang/TC-Cart-Show-002"), [:], STOP_ON_FAILURE): Call Test Case 'Test Cases/Keranjang/TC-Cart-Show-002' successfully

2023-08-29 13:42:37 - [TEST_CASE][PASSED] - Test Cases/Keranjang/TC-Cart-Show-002: Test Cases/Keranjang/TC-Cart-Show-002

2023-08-29 13:42:37 - [TEST_STEP][PASSED] - callTestCase(findTestCase("Products/TC-Product-AddCart-001"), [:], STOP_ON_FAILURE): Call Test Case 'Test Cases/Products/TC-Product-AddCart-001' successfully

2023-08-29 13:42:37 - [TEST_CASE][PASSED] - Test Cases/Products/TC-Product-AddCart-001: Test Cases/Products/TC-Product-AddCart-001

2023-08-29 13:42:37 - [TEST_STEP][PASSED] - callTestCase(findTestCase("Products/TC-Product-Show-001"), [:], STOP_ON_FAILURE): Call Test Case 'Test Cases/Products/TC-Product-Show-001' successfully

2023-08-29 13:42:37 - [TEST_CASE][PASSED] - Test Cases/Products/TC-Product-Show-001: Test Cases/Products/TC-Product-Show-001

2023-08-29 13:42:37 - [TEST_STEP][PASSED] - callTestCase(findTestCase("Login/TC-Login-Success-001"), ["username":"standard_user", "password":"qcu24s4901FyWDTwXGr6XA=="], STOP_ON_FAILURE): Call Test Case 'Test Cases/Login/TC-Login-Success-001' successfully

2023-08-29 13:42:37 - [TEST_CASE][PASSED] - Test Cases/Login/TC-Login-Success-001: Test Cases/Login/TC-Login-Success-001

2023-08-29 13:42:37 - [TEST_STEP][PASSED] - openBrowser(WEB_URL): Browser is opened with url: 'https://www.saucedemo.com/'

2023-08-29 13:42:37 - [MESSAGE][WARNING] - A browser is already opened. Closing browser and opening a new one

2023-08-29 13:42:38 - [MESSAGE][INFO] - Starting 'Edge Chromium' driver

2023-08-29 13:42:38 - [MESSAGE][INFO] - Action delay is set to 0 milliseconds

2023-08-29 13:42:39 - [MESSAGE][PASSED] - Browser is opened with url: 'https://www.saucedemo.com/'

2023-08-29 13:42:39 - [TEST_STEP][PASSED] - setText(findTestObject("Login Input Username"), username): Text 'standard_user' is set on object 'Object Repository/Login Input Username'

2023-08-29 13:42:40 - [MESSAGE][PASSED] - Text 'standard_user' is set on object 'Object Repository/Login Input Username'

2023-08-29 13:42:40 - [TEST_STEP][PASSED] - setEncryptedText(findTestObject("Login Input Password"), password): Text ****** has been set on object 'Object Repository/Login Input Password'

2023-08-29 13:42:40 - [MESSAGE][PASSED] - Text ****** has been set on object 'Object Repository/Login Input Password'

2023-08-29 13:42:40 - [TEST_STEP][PASSED] - click(findTestObject("Login Button")): Object: 'Object Repository/Login Button' is clicked on

2023-08-29 13:42:41 - [MESSAGE][PASSED] - Object: 'Object Repository/Login Button' is clicked on

2023-08-29 13:42:41 - [MESSAGE][PASSED] - Call Test Case 'Test Cases/Login/TC-Login-Success-001' successfully

2023-08-29 13:42:41 - [MESSAGE][PASSED] - Call Test Case 'Test Cases/Products/TC-Product-Show-001' successfully

2023-08-29 13:42:41 - [TEST_STEP][PASSED] - click(findTestObject("Product Button ATC Product 1")): Object: 'Object Repository/Product Button ATC Product 1' is clicked on

2023-08-29 13:42:41 - [MESSAGE][PASSED] - Object: 'Object Repository/Product Button ATC Product 1' is clicked on

2023-08-29 13:42:41 - [MESSAGE][PASSED] - Call Test Case 'Test Cases/Products/TC-Product-AddCart-001' successfully

2023-08-29 13:42:41 - [TEST_STEP][PASSED] - click(findTestObject("Product Icon Cart")): Object: 'Object Repository/Product Icon Cart' is clicked on

2023-08-29 13:42:42 - [MESSAGE][PASSED] - Object: 'Object Repository/Product Icon Cart' is clicked on

2023-08-29 13:42:42 - [MESSAGE][PASSED] - Call Test Case 'Test Cases/Keranjang/TC-Cart-Show-002' successfully

2023-08-29 13:42:42 - [TEST_STEP][PASSED] - click(findTestObject("Cart Button Continue Shopping")): Object: 'Object Repository/Cart Button Continue Shopping' is clicked on

2023-08-29 13:42:42 - [MESSAGE][PASSED] - Object: 'Object Repository/Cart Button Continue Shopping' is clicked on]]></system-out>
         <system-err><![CDATA[]]></system-err>
      </testcase>
      <testcase name="Test Cases/Keranjang/TC-Cart-Nav-002" time="5.825" classname="Test Cases/Keranjang/TC-Cart-Nav-002" status="PASSED">
         <system-out><![CDATA[2023-08-29 13:42:42 - [TEST_CASE][PASSED] - Test Cases/Keranjang/TC-Cart-Nav-002: Test Cases/Keranjang/TC-Cart-Nav-002

2023-08-29 13:42:42 - [TEST_STEP][PASSED] - callTestCase(findTestCase("Keranjang/TC-Cart-Show-002"), [:], STOP_ON_FAILURE): Call Test Case 'Test Cases/Keranjang/TC-Cart-Show-002' successfully

2023-08-29 13:42:42 - [TEST_CASE][PASSED] - Test Cases/Keranjang/TC-Cart-Show-002: Test Cases/Keranjang/TC-Cart-Show-002

2023-08-29 13:42:42 - [TEST_STEP][PASSED] - callTestCase(findTestCase("Products/TC-Product-AddCart-001"), [:], STOP_ON_FAILURE): Call Test Case 'Test Cases/Products/TC-Product-AddCart-001' successfully

2023-08-29 13:42:43 - [TEST_CASE][PASSED] - Test Cases/Products/TC-Product-AddCart-001: Test Cases/Products/TC-Product-AddCart-001

2023-08-29 13:42:43 - [TEST_STEP][PASSED] - callTestCase(findTestCase("Products/TC-Product-Show-001"), [:], STOP_ON_FAILURE): Call Test Case 'Test Cases/Products/TC-Product-Show-001' successfully

2023-08-29 13:42:43 - [TEST_CASE][PASSED] - Test Cases/Products/TC-Product-Show-001: Test Cases/Products/TC-Product-Show-001

2023-08-29 13:42:43 - [TEST_STEP][PASSED] - callTestCase(findTestCase("Login/TC-Login-Success-001"), ["username":"standard_user", "password":"qcu24s4901FyWDTwXGr6XA=="], STOP_ON_FAILURE): Call Test Case 'Test Cases/Login/TC-Login-Success-001' successfully

2023-08-29 13:42:43 - [TEST_CASE][PASSED] - Test Cases/Login/TC-Login-Success-001: Test Cases/Login/TC-Login-Success-001

2023-08-29 13:42:43 - [TEST_STEP][PASSED] - openBrowser(WEB_URL): Browser is opened with url: 'https://www.saucedemo.com/'

2023-08-29 13:42:43 - [MESSAGE][WARNING] - A browser is already opened. Closing browser and opening a new one

2023-08-29 13:42:43 - [MESSAGE][INFO] - Starting 'Edge Chromium' driver

2023-08-29 13:42:44 - [MESSAGE][INFO] - Action delay is set to 0 milliseconds

2023-08-29 13:42:45 - [MESSAGE][PASSED] - Browser is opened with url: 'https://www.saucedemo.com/'

2023-08-29 13:42:45 - [TEST_STEP][PASSED] - setText(findTestObject("Login Input Username"), username): Text 'standard_user' is set on object 'Object Repository/Login Input Username'

2023-08-29 13:42:46 - [MESSAGE][PASSED] - Text 'standard_user' is set on object 'Object Repository/Login Input Username'

2023-08-29 13:42:46 - [TEST_STEP][PASSED] - setEncryptedText(findTestObject("Login Input Password"), password): Text ****** has been set on object 'Object Repository/Login Input Password'

2023-08-29 13:42:46 - [MESSAGE][PASSED] - Text ****** has been set on object 'Object Repository/Login Input Password'

2023-08-29 13:42:46 - [TEST_STEP][PASSED] - click(findTestObject("Login Button")): Object: 'Object Repository/Login Button' is clicked on

2023-08-29 13:42:47 - [MESSAGE][PASSED] - Object: 'Object Repository/Login Button' is clicked on

2023-08-29 13:42:47 - [MESSAGE][PASSED] - Call Test Case 'Test Cases/Login/TC-Login-Success-001' successfully

2023-08-29 13:42:47 - [MESSAGE][PASSED] - Call Test Case 'Test Cases/Products/TC-Product-Show-001' successfully

2023-08-29 13:42:47 - [TEST_STEP][PASSED] - click(findTestObject("Product Button ATC Product 1")): Object: 'Object Repository/Product Button ATC Product 1' is clicked on

2023-08-29 13:42:47 - [MESSAGE][PASSED] - Object: 'Object Repository/Product Button ATC Product 1' is clicked on

2023-08-29 13:42:47 - [MESSAGE][PASSED] - Call Test Case 'Test Cases/Products/TC-Product-AddCart-001' successfully

2023-08-29 13:42:47 - [TEST_STEP][PASSED] - click(findTestObject("Product Icon Cart")): Object: 'Object Repository/Product Icon Cart' is clicked on

2023-08-29 13:42:48 - [MESSAGE][PASSED] - Object: 'Object Repository/Product Icon Cart' is clicked on

2023-08-29 13:42:48 - [MESSAGE][PASSED] - Call Test Case 'Test Cases/Keranjang/TC-Cart-Show-002' successfully

2023-08-29 13:42:48 - [TEST_STEP][PASSED] - click(findTestObject("Cart Text Product 1")): Object: 'Object Repository/Cart Text Product 1' is clicked on

2023-08-29 13:42:48 - [MESSAGE][PASSED] - Object: 'Object Repository/Cart Text Product 1' is clicked on]]></system-out>
         <system-err><![CDATA[]]></system-err>
      </testcase>
      <testcase name="Test Cases/Keranjang/TC-Cart-Remove-001" time="36.092" classname="Test Cases/Keranjang/TC-Cart-Remove-001" status="FAILED">
         <failure type="FAILED" message="Test Cases/Keranjang/TC-Cart-Remove-001 FAILED.
Reason:
com.kms.katalon.core.exception.StepFailedException: Unable to click on object 'Object Repository/Cart Button Remove Product 1'
	at com.kms.katalon.core.webui.keyword.internal.WebUIKeywordMain.stepFailed(WebUIKeywordMain.groovy:64)
	at com.kms.katalon.core.webui.keyword.internal.WebUIKeywordMain.runKeyword(WebUIKeywordMain.groovy:26)
	at com.kms.katalon.core.webui.keyword.builtin.ClickKeyword.click(ClickKeyword.groovy:74)
	at com.kms.katalon.core.webui.keyword.builtin.ClickKeyword.execute(ClickKeyword.groovy:40)
	at com.kms.katalon.core.keyword.internal.KeywordExecutor.executeKeywordForPlatform(KeywordExecutor.groovy:74)
	at com.kms.katalon.core.webui.keyword.WebUiBuiltInKeywords.click(WebUiBuiltInKeywords.groovy:620)
	at com.kms.katalon.core.webui.keyword.WebUiBuiltInKeywords$click$2.call(Unknown Source)
	at TC-Cart-Remove-001.run(TC-Cart-Remove-001:22)
	at com.kms.katalon.core.main.ScriptEngine.run(ScriptEngine.java:194)
	at com.kms.katalon.core.main.ScriptEngine.runScriptAsRawText(ScriptEngine.java:119)
	at com.kms.katalon.core.main.TestCaseExecutor.runScript(TestCaseExecutor.java:448)
	at com.kms.katalon.core.main.TestCaseExecutor.doExecute(TestCaseExecutor.java:439)
	at com.kms.katalon.core.main.TestCaseExecutor.processExecutionPhase(TestCaseExecutor.java:418)
	at com.kms.katalon.core.main.TestCaseExecutor.accessMainPhase(TestCaseExecutor.java:410)
	at com.kms.katalon.core.main.TestCaseExecutor.execute(TestCaseExecutor.java:285)
	at com.kms.katalon.core.common.CommonExecutor.accessTestCaseMainPhase(CommonExecutor.java:65)
	at com.kms.katalon.core.main.TestSuiteExecutor.accessTestSuiteMainPhase(TestSuiteExecutor.java:148)
	at com.kms.katalon.core.main.TestSuiteExecutor.execute(TestSuiteExecutor.java:106)
	at com.kms.katalon.core.main.TestCaseMain.startTestSuite(TestCaseMain.java:187)
	at com.kms.katalon.core.main.TestCaseMain$startTestSuite$0.call(Unknown Source)
	at TempTestSuite1693291267962.run(TempTestSuite1693291267962.groovy:36)
Caused by: com.kms.katalon.core.webui.exception.WebElementNotFoundException: Web element with id: 'Object Repository/Cart Button Remove Product 1' located by '//button[@id='remove-sauce-labs-bike-light']' not found
	at com.kms.katalon.core.webui.common.WebUiCommonHelper.findWebElement(WebUiCommonHelper.java:1381)
	at com.kms.katalon.core.webui.keyword.internal.WebUIAbstractKeyword.findWebElement(WebUIAbstractKeyword.groovy:27)
	at com.kms.katalon.core.webui.keyword.builtin.ClickKeyword$_click_closure1.doCall(ClickKeyword.groovy:65)
	at com.kms.katalon.core.webui.keyword.builtin.ClickKeyword$_click_closure1.call(ClickKeyword.groovy)
	at com.kms.katalon.core.webui.keyword.internal.WebUIKeywordMain.runKeyword(WebUIKeywordMain.groovy:20)
	... 19 more
"/>
         <system-out><![CDATA[2023-08-29 13:42:48 - [TEST_CASE][FAILED] - Test Cases/Keranjang/TC-Cart-Remove-001: Test Cases/Keranjang/TC-Cart-Remove-001 FAILED.
Reason:
com.kms.katalon.core.exception.StepFailedException: Unable to click on object 'Object Repository/Cart Button Remove Product 1'
	at com.kms.katalon.core.webui.keyword.internal.WebUIKeywordMain.stepFailed(WebUIKeywordMain.groovy:64)
	at com.kms.katalon.core.webui.keyword.internal.WebUIKeywordMain.runKeyword(WebUIKeywordMain.groovy:26)
	at com.kms.katalon.core.webui.keyword.builtin.ClickKeyword.click(ClickKeyword.groovy:74)
	at com.kms.katalon.core.webui.keyword.builtin.ClickKeyword.execute(ClickKeyword.groovy:40)
	at com.kms.katalon.core.keyword.internal.KeywordExecutor.executeKeywordForPlatform(KeywordExecutor.groovy:74)
	at com.kms.katalon.core.webui.keyword.WebUiBuiltInKeywords.click(WebUiBuiltInKeywords.groovy:620)
	at com.kms.katalon.core.webui.keyword.WebUiBuiltInKeywords$click$2.call(Unknown Source)
	at TC-Cart-Remove-001.run(TC-Cart-Remove-001:22)
	at com.kms.katalon.core.main.ScriptEngine.run(ScriptEngine.java:194)
	at com.kms.katalon.core.main.ScriptEngine.runScriptAsRawText(ScriptEngine.java:119)
	at com.kms.katalon.core.main.TestCaseExecutor.runScript(TestCaseExecutor.java:448)
	at com.kms.katalon.core.main.TestCaseExecutor.doExecute(TestCaseExecutor.java:439)
	at com.kms.katalon.core.main.TestCaseExecutor.processExecutionPhase(TestCaseExecutor.java:418)
	at com.kms.katalon.core.main.TestCaseExecutor.accessMainPhase(TestCaseExecutor.java:410)
	at com.kms.katalon.core.main.TestCaseExecutor.execute(TestCaseExecutor.java:285)
	at com.kms.katalon.core.common.CommonExecutor.accessTestCaseMainPhase(CommonExecutor.java:65)
	at com.kms.katalon.core.main.TestSuiteExecutor.accessTestSuiteMainPhase(TestSuiteExecutor.java:148)
	at com.kms.katalon.core.main.TestSuiteExecutor.execute(TestSuiteExecutor.java:106)
	at com.kms.katalon.core.main.TestCaseMain.startTestSuite(TestCaseMain.java:187)
	at com.kms.katalon.core.main.TestCaseMain$startTestSuite$0.call(Unknown Source)
	at TempTestSuite1693291267962.run(TempTestSuite1693291267962.groovy:36)
Caused by: com.kms.katalon.core.webui.exception.WebElementNotFoundException: Web element with id: 'Object Repository/Cart Button Remove Product 1' located by '//button[@id='remove-sauce-labs-bike-light']' not found
	at com.kms.katalon.core.webui.common.WebUiCommonHelper.findWebElement(WebUiCommonHelper.java:1381)
	at com.kms.katalon.core.webui.keyword.internal.WebUIAbstractKeyword.findWebElement(WebUIAbstractKeyword.groovy:27)
	at com.kms.katalon.core.webui.keyword.builtin.ClickKeyword$_click_closure1.doCall(ClickKeyword.groovy:65)
	at com.kms.katalon.core.webui.keyword.builtin.ClickKeyword$_click_closure1.call(ClickKeyword.groovy)
	at com.kms.katalon.core.webui.keyword.internal.WebUIKeywordMain.runKeyword(WebUIKeywordMain.groovy:20)
	... 19 more


2023-08-29 13:42:48 - [TEST_STEP][PASSED] - callTestCase(findTestCase("Keranjang/TC-Cart-Show-001"), [:], STOP_ON_FAILURE): Call Test Case 'Test Cases/Keranjang/TC-Cart-Show-001' successfully

2023-08-29 13:42:48 - [TEST_CASE][PASSED] - Test Cases/Keranjang/TC-Cart-Show-001: Test Cases/Keranjang/TC-Cart-Show-001

2023-08-29 13:42:48 - [TEST_STEP][PASSED] - callTestCase(findTestCase("Login/TC-Login-Success-001"), ["username":"standard_user", "password":"qcu24s4901FyWDTwXGr6XA=="], STOP_ON_FAILURE): Call Test Case 'Test Cases/Login/TC-Login-Success-001' successfully

2023-08-29 13:42:49 - [TEST_CASE][PASSED] - Test Cases/Login/TC-Login-Success-001: Test Cases/Login/TC-Login-Success-001

2023-08-29 13:42:49 - [TEST_STEP][PASSED] - openBrowser(WEB_URL): Browser is opened with url: 'https://www.saucedemo.com/'

2023-08-29 13:42:49 - [MESSAGE][WARNING] - A browser is already opened. Closing browser and opening a new one

2023-08-29 13:42:49 - [MESSAGE][INFO] - Starting 'Edge Chromium' driver

2023-08-29 13:42:50 - [MESSAGE][INFO] - Action delay is set to 0 milliseconds

2023-08-29 13:42:51 - [MESSAGE][PASSED] - Browser is opened with url: 'https://www.saucedemo.com/'

2023-08-29 13:42:51 - [TEST_STEP][PASSED] - setText(findTestObject("Login Input Username"), username): Text 'standard_user' is set on object 'Object Repository/Login Input Username'

2023-08-29 13:42:52 - [MESSAGE][PASSED] - Text 'standard_user' is set on object 'Object Repository/Login Input Username'

2023-08-29 13:42:52 - [TEST_STEP][PASSED] - setEncryptedText(findTestObject("Login Input Password"), password): Text ****** has been set on object 'Object Repository/Login Input Password'

2023-08-29 13:42:52 - [MESSAGE][PASSED] - Text ****** has been set on object 'Object Repository/Login Input Password'

2023-08-29 13:42:52 - [TEST_STEP][PASSED] - click(findTestObject("Login Button")): Object: 'Object Repository/Login Button' is clicked on

2023-08-29 13:42:53 - [MESSAGE][PASSED] - Object: 'Object Repository/Login Button' is clicked on

2023-08-29 13:42:53 - [MESSAGE][PASSED] - Call Test Case 'Test Cases/Login/TC-Login-Success-001' successfully

2023-08-29 13:42:53 - [TEST_STEP][PASSED] - click(findTestObject("Product Icon Cart")): Object: 'Object Repository/Product Icon Cart' is clicked on

2023-08-29 13:42:53 - [MESSAGE][PASSED] - Object: 'Object Repository/Product Icon Cart' is clicked on

2023-08-29 13:42:53 - [MESSAGE][PASSED] - Call Test Case 'Test Cases/Keranjang/TC-Cart-Show-001' successfully

2023-08-29 13:42:53 - [TEST_STEP][FAILED] - click(findTestObject("Cart Button Remove Product 1")): Unable to click on object 'Object Repository/Cart Button Remove Product 1' (Root cause: com.kms.katalon.core.exception.StepFailedException: Unable to click on object 'Object Repository/Cart Button Remove Product 1'
	at com.kms.katalon.core.webui.keyword.internal.WebUIKeywordMain.stepFailed(WebUIKeywordMain.groovy:64)
	at com.kms.katalon.core.webui.keyword.internal.WebUIKeywordMain.runKeyword(WebUIKeywordMain.groovy:26)
	at com.kms.katalon.core.webui.keyword.builtin.ClickKeyword.click(ClickKeyword.groovy:74)
	at com.kms.katalon.core.webui.keyword.builtin.ClickKeyword.execute(ClickKeyword.groovy:40)
	at com.kms.katalon.core.keyword.internal.KeywordExecutor.executeKeywordForPlatform(KeywordExecutor.groovy:74)
	at com.kms.katalon.core.webui.keyword.WebUiBuiltInKeywords.click(WebUiBuiltInKeywords.groovy:620)
	at com.kms.katalon.core.webui.keyword.WebUiBuiltInKeywords$click$2.call(Unknown Source)
	at TC-Cart-Remove-001.run(TC-Cart-Remove-001:22)
	at com.kms.katalon.core.main.ScriptEngine.run(ScriptEngine.java:194)
	at com.kms.katalon.core.main.ScriptEngine.runScriptAsRawText(ScriptEngine.java:119)
	at com.kms.katalon.core.main.TestCaseExecutor.runScript(TestCaseExecutor.java:448)
	at com.kms.katalon.core.main.TestCaseExecutor.doExecute(TestCaseExecutor.java:439)
	at com.kms.katalon.core.main.TestCaseExecutor.processExecutionPhase(TestCaseExecutor.java:418)
	at com.kms.katalon.core.main.TestCaseExecutor.accessMainPhase(TestCaseExecutor.java:410)
	at com.kms.katalon.core.main.TestCaseExecutor.execute(TestCaseExecutor.java:285)
	at com.kms.katalon.core.common.CommonExecutor.accessTestCaseMainPhase(CommonExecutor.java:65)
	at com.kms.katalon.core.main.TestSuiteExecutor.accessTestSuiteMainPhase(TestSuiteExecutor.java:148)
	at com.kms.katalon.core.main.TestSuiteExecutor.execute(TestSuiteExecutor.java:106)
	at com.kms.katalon.core.main.TestCaseMain.startTestSuite(TestCaseMain.java:187)
	at com.kms.katalon.core.main.TestCaseMain$startTestSuite$0.call(Unknown Source)
	at TempTestSuite1693291267962.run(TempTestSuite1693291267962.groovy:36)
Caused by: com.kms.katalon.core.webui.exception.WebElementNotFoundException: Web element with id: 'Object Repository/Cart Button Remove Product 1' located by '//button[@id='remove-sauce-labs-bike-light']' not found
	at com.kms.katalon.core.webui.common.WebUiCommonHelper.findWebElement(WebUiCommonHelper.java:1381)
	at com.kms.katalon.core.webui.keyword.internal.WebUIAbstractKeyword.findWebElement(WebUIAbstractKeyword.groovy:27)
	at com.kms.katalon.core.webui.keyword.builtin.ClickKeyword$_click_closure1.doCall(ClickKeyword.groovy:65)
	at com.kms.katalon.core.webui.keyword.builtin.ClickKeyword$_click_closure1.call(ClickKeyword.groovy)
	at com.kms.katalon.core.webui.keyword.internal.WebUIKeywordMain.runKeyword(WebUIKeywordMain.groovy:20)
	at com.kms.katalon.core.webui.keyword.builtin.ClickKeyword.click(ClickKeyword.groovy:74)
	at com.kms.katalon.core.webui.keyword.builtin.ClickKeyword.execute(ClickKeyword.groovy:40)
	at com.kms.katalon.core.keyword.internal.KeywordExecutor.executeKeywordForPlatform(KeywordExecutor.groovy:74)
	at com.kms.katalon.core.webui.keyword.WebUiBuiltInKeywords.click(WebUiBuiltInKeywords.groovy:620)
	at com.kms.katalon.core.webui.keyword.WebUiBuiltInKeywords$click$2.call(Unknown Source)
	at Script1693215647499.run(Script1693215647499.groovy:22)
	... 13 more
)

2023-08-29 13:43:24 - [MESSAGE][INFO] - Unable to find the element located by 'By.xpath: //button[@id='remove-sauce-labs-bike-light']'. Please recheck the objects properties to make sure the desired element is located. 

2023-08-29 13:43:24 - [MESSAGE][FAILED] - Unable to click on object 'Object Repository/Cart Button Remove Product 1' (Root cause: com.kms.katalon.core.exception.StepFailedException: Unable to click on object 'Object Repository/Cart Button Remove Product 1'
	at com.kms.katalon.core.webui.keyword.internal.WebUIKeywordMain.stepFailed(WebUIKeywordMain.groovy:64)
	at com.kms.katalon.core.webui.keyword.internal.WebUIKeywordMain.runKeyword(WebUIKeywordMain.groovy:26)
	at com.kms.katalon.core.webui.keyword.builtin.ClickKeyword.click(ClickKeyword.groovy:74)
	at com.kms.katalon.core.webui.keyword.builtin.ClickKeyword.execute(ClickKeyword.groovy:40)
	at com.kms.katalon.core.keyword.internal.KeywordExecutor.executeKeywordForPlatform(KeywordExecutor.groovy:74)
	at com.kms.katalon.core.webui.keyword.WebUiBuiltInKeywords.click(WebUiBuiltInKeywords.groovy:620)
	at com.kms.katalon.core.webui.keyword.WebUiBuiltInKeywords$click$2.call(Unknown Source)
	at TC-Cart-Remove-001.run(TC-Cart-Remove-001:22)
	at com.kms.katalon.core.main.ScriptEngine.run(ScriptEngine.java:194)
	at com.kms.katalon.core.main.ScriptEngine.runScriptAsRawText(ScriptEngine.java:119)
	at com.kms.katalon.core.main.TestCaseExecutor.runScript(TestCaseExecutor.java:448)
	at com.kms.katalon.core.main.TestCaseExecutor.doExecute(TestCaseExecutor.java:439)
	at com.kms.katalon.core.main.TestCaseExecutor.processExecutionPhase(TestCaseExecutor.java:418)
	at com.kms.katalon.core.main.TestCaseExecutor.accessMainPhase(TestCaseExecutor.java:410)
	at com.kms.katalon.core.main.TestCaseExecutor.execute(TestCaseExecutor.java:285)
	at com.kms.katalon.core.common.CommonExecutor.accessTestCaseMainPhase(CommonExecutor.java:65)
	at com.kms.katalon.core.main.TestSuiteExecutor.accessTestSuiteMainPhase(TestSuiteExecutor.java:148)
	at com.kms.katalon.core.main.TestSuiteExecutor.execute(TestSuiteExecutor.java:106)
	at com.kms.katalon.core.main.TestCaseMain.startTestSuite(TestCaseMain.java:187)
	at com.kms.katalon.core.main.TestCaseMain$startTestSuite$0.call(Unknown Source)
	at TempTestSuite1693291267962.run(TempTestSuite1693291267962.groovy:36)
Caused by: com.kms.katalon.core.webui.exception.WebElementNotFoundException: Web element with id: 'Object Repository/Cart Button Remove Product 1' located by '//button[@id='remove-sauce-labs-bike-light']' not found
	at com.kms.katalon.core.webui.common.WebUiCommonHelper.findWebElement(WebUiCommonHelper.java:1381)
	at com.kms.katalon.core.webui.keyword.internal.WebUIAbstractKeyword.findWebElement(WebUIAbstractKeyword.groovy:27)
	at com.kms.katalon.core.webui.keyword.builtin.ClickKeyword$_click_closure1.doCall(ClickKeyword.groovy:65)
	at com.kms.katalon.core.webui.keyword.builtin.ClickKeyword$_click_closure1.call(ClickKeyword.groovy)
	at com.kms.katalon.core.webui.keyword.internal.WebUIKeywordMain.runKeyword(WebUIKeywordMain.groovy:20)
	at com.kms.katalon.core.webui.keyword.builtin.ClickKeyword.click(ClickKeyword.groovy:74)
	at com.kms.katalon.core.webui.keyword.builtin.ClickKeyword.execute(ClickKeyword.groovy:40)
	at com.kms.katalon.core.keyword.internal.KeywordExecutor.executeKeywordForPlatform(KeywordExecutor.groovy:74)
	at com.kms.katalon.core.webui.keyword.WebUiBuiltInKeywords.click(WebUiBuiltInKeywords.groovy:620)
	at com.kms.katalon.core.webui.keyword.WebUiBuiltInKeywords$click$2.call(Unknown Source)
	at Script1693215647499.run(Script1693215647499.groovy:22)
	... 13 more
)
[[ATTACHMENT|C:\\Users\\youha\\OneDrive\\Desktop\\Batch 324\\Workspace\\batch-324-qa\\Trainer\\Sauce Demo\\Reports\\20230829_134106\\Test Suite All TC\\20230829_134107\\1693291404575.png]]]]></system-out>
         <system-err><![CDATA[2023-08-29 13:42:48 - [TEST_CASE][FAILED] - Test Cases/Keranjang/TC-Cart-Remove-001: Test Cases/Keranjang/TC-Cart-Remove-001 FAILED.
Reason:
com.kms.katalon.core.exception.StepFailedException: Unable to click on object 'Object Repository/Cart Button Remove Product 1'
	at com.kms.katalon.core.webui.keyword.internal.WebUIKeywordMain.stepFailed(WebUIKeywordMain.groovy:64)
	at com.kms.katalon.core.webui.keyword.internal.WebUIKeywordMain.runKeyword(WebUIKeywordMain.groovy:26)
	at com.kms.katalon.core.webui.keyword.builtin.ClickKeyword.click(ClickKeyword.groovy:74)
	at com.kms.katalon.core.webui.keyword.builtin.ClickKeyword.execute(ClickKeyword.groovy:40)
	at com.kms.katalon.core.keyword.internal.KeywordExecutor.executeKeywordForPlatform(KeywordExecutor.groovy:74)
	at com.kms.katalon.core.webui.keyword.WebUiBuiltInKeywords.click(WebUiBuiltInKeywords.groovy:620)
	at com.kms.katalon.core.webui.keyword.WebUiBuiltInKeywords$click$2.call(Unknown Source)
	at TC-Cart-Remove-001.run(TC-Cart-Remove-001:22)
	at com.kms.katalon.core.main.ScriptEngine.run(ScriptEngine.java:194)
	at com.kms.katalon.core.main.ScriptEngine.runScriptAsRawText(ScriptEngine.java:119)
	at com.kms.katalon.core.main.TestCaseExecutor.runScript(TestCaseExecutor.java:448)
	at com.kms.katalon.core.main.TestCaseExecutor.doExecute(TestCaseExecutor.java:439)
	at com.kms.katalon.core.main.TestCaseExecutor.processExecutionPhase(TestCaseExecutor.java:418)
	at com.kms.katalon.core.main.TestCaseExecutor.accessMainPhase(TestCaseExecutor.java:410)
	at com.kms.katalon.core.main.TestCaseExecutor.execute(TestCaseExecutor.java:285)
	at com.kms.katalon.core.common.CommonExecutor.accessTestCaseMainPhase(CommonExecutor.java:65)
	at com.kms.katalon.core.main.TestSuiteExecutor.accessTestSuiteMainPhase(TestSuiteExecutor.java:148)
	at com.kms.katalon.core.main.TestSuiteExecutor.execute(TestSuiteExecutor.java:106)
	at com.kms.katalon.core.main.TestCaseMain.startTestSuite(TestCaseMain.java:187)
	at com.kms.katalon.core.main.TestCaseMain$startTestSuite$0.call(Unknown Source)
	at TempTestSuite1693291267962.run(TempTestSuite1693291267962.groovy:36)
Caused by: com.kms.katalon.core.webui.exception.WebElementNotFoundException: Web element with id: 'Object Repository/Cart Button Remove Product 1' located by '//button[@id='remove-sauce-labs-bike-light']' not found
	at com.kms.katalon.core.webui.common.WebUiCommonHelper.findWebElement(WebUiCommonHelper.java:1381)
	at com.kms.katalon.core.webui.keyword.internal.WebUIAbstractKeyword.findWebElement(WebUIAbstractKeyword.groovy:27)
	at com.kms.katalon.core.webui.keyword.builtin.ClickKeyword$_click_closure1.doCall(ClickKeyword.groovy:65)
	at com.kms.katalon.core.webui.keyword.builtin.ClickKeyword$_click_closure1.call(ClickKeyword.groovy)
	at com.kms.katalon.core.webui.keyword.internal.WebUIKeywordMain.runKeyword(WebUIKeywordMain.groovy:20)
	... 19 more]]></system-err>
      </testcase>
      <testcase name="Test Cases/Keranjang/TC-Cart-Show-001" time="4.382" classname="Test Cases/Keranjang/TC-Cart-Show-001" status="PASSED">
         <system-out><![CDATA[2023-08-29 13:43:24 - [TEST_CASE][PASSED] - Test Cases/Keranjang/TC-Cart-Show-001: Test Cases/Keranjang/TC-Cart-Show-001

2023-08-29 13:43:24 - [TEST_STEP][PASSED] - callTestCase(findTestCase("Login/TC-Login-Success-001"), ["username":"standard_user", "password":"qcu24s4901FyWDTwXGr6XA=="], STOP_ON_FAILURE): Call Test Case 'Test Cases/Login/TC-Login-Success-001' successfully

2023-08-29 13:43:24 - [TEST_CASE][PASSED] - Test Cases/Login/TC-Login-Success-001: Test Cases/Login/TC-Login-Success-001

2023-08-29 13:43:24 - [TEST_STEP][PASSED] - openBrowser(WEB_URL): Browser is opened with url: 'https://www.saucedemo.com/'

2023-08-29 13:43:24 - [MESSAGE][WARNING] - A browser is already opened. Closing browser and opening a new one

2023-08-29 13:43:25 - [MESSAGE][INFO] - Starting 'Edge Chromium' driver

2023-08-29 13:43:25 - [MESSAGE][INFO] - Action delay is set to 0 milliseconds

2023-08-29 13:43:27 - [MESSAGE][PASSED] - Browser is opened with url: 'https://www.saucedemo.com/'

2023-08-29 13:43:27 - [TEST_STEP][PASSED] - setText(findTestObject("Login Input Username"), username): Text 'standard_user' is set on object 'Object Repository/Login Input Username'

2023-08-29 13:43:27 - [MESSAGE][PASSED] - Text 'standard_user' is set on object 'Object Repository/Login Input Username'

2023-08-29 13:43:27 - [TEST_STEP][PASSED] - setEncryptedText(findTestObject("Login Input Password"), password): Text ****** has been set on object 'Object Repository/Login Input Password'

2023-08-29 13:43:28 - [MESSAGE][PASSED] - Text ****** has been set on object 'Object Repository/Login Input Password'

2023-08-29 13:43:28 - [TEST_STEP][PASSED] - click(findTestObject("Login Button")): Object: 'Object Repository/Login Button' is clicked on

2023-08-29 13:43:28 - [MESSAGE][PASSED] - Object: 'Object Repository/Login Button' is clicked on

2023-08-29 13:43:28 - [MESSAGE][PASSED] - Call Test Case 'Test Cases/Login/TC-Login-Success-001' successfully

2023-08-29 13:43:28 - [TEST_STEP][PASSED] - click(findTestObject("Product Icon Cart")): Object: 'Object Repository/Product Icon Cart' is clicked on

2023-08-29 13:43:29 - [MESSAGE][PASSED] - Object: 'Object Repository/Product Icon Cart' is clicked on]]></system-out>
         <system-err><![CDATA[]]></system-err>
      </testcase>
      <testcase name="Test Cases/Keranjang/TC-Cart-Show-002" time="4.921" classname="Test Cases/Keranjang/TC-Cart-Show-002" status="PASSED">
         <system-out><![CDATA[2023-08-29 13:43:29 - [TEST_CASE][PASSED] - Test Cases/Keranjang/TC-Cart-Show-002: Test Cases/Keranjang/TC-Cart-Show-002

2023-08-29 13:43:29 - [TEST_STEP][PASSED] - callTestCase(findTestCase("Products/TC-Product-AddCart-001"), [:], STOP_ON_FAILURE): Call Test Case 'Test Cases/Products/TC-Product-AddCart-001' successfully

2023-08-29 13:43:29 - [TEST_CASE][PASSED] - Test Cases/Products/TC-Product-AddCart-001: Test Cases/Products/TC-Product-AddCart-001

2023-08-29 13:43:29 - [TEST_STEP][PASSED] - callTestCase(findTestCase("Products/TC-Product-Show-001"), [:], STOP_ON_FAILURE): Call Test Case 'Test Cases/Products/TC-Product-Show-001' successfully

2023-08-29 13:43:29 - [TEST_CASE][PASSED] - Test Cases/Products/TC-Product-Show-001: Test Cases/Products/TC-Product-Show-001

2023-08-29 13:43:29 - [TEST_STEP][PASSED] - callTestCase(findTestCase("Login/TC-Login-Success-001"), ["username":"standard_user", "password":"qcu24s4901FyWDTwXGr6XA=="], STOP_ON_FAILURE): Call Test Case 'Test Cases/Login/TC-Login-Success-001' successfully

2023-08-29 13:43:29 - [TEST_CASE][PASSED] - Test Cases/Login/TC-Login-Success-001: Test Cases/Login/TC-Login-Success-001

2023-08-29 13:43:29 - [TEST_STEP][PASSED] - openBrowser(WEB_URL): Browser is opened with url: 'https://www.saucedemo.com/'

2023-08-29 13:43:29 - [MESSAGE][WARNING] - A browser is already opened. Closing browser and opening a new one

2023-08-29 13:43:29 - [MESSAGE][INFO] - Starting 'Edge Chromium' driver

2023-08-29 13:43:30 - [MESSAGE][INFO] - Action delay is set to 0 milliseconds

2023-08-29 13:43:31 - [MESSAGE][PASSED] - Browser is opened with url: 'https://www.saucedemo.com/'

2023-08-29 13:43:31 - [TEST_STEP][PASSED] - setText(findTestObject("Login Input Username"), username): Text 'standard_user' is set on object 'Object Repository/Login Input Username'

2023-08-29 13:43:32 - [MESSAGE][PASSED] - Text 'standard_user' is set on object 'Object Repository/Login Input Username'

2023-08-29 13:43:32 - [TEST_STEP][PASSED] - setEncryptedText(findTestObject("Login Input Password"), password): Text ****** has been set on object 'Object Repository/Login Input Password'

2023-08-29 13:43:32 - [MESSAGE][PASSED] - Text ****** has been set on object 'Object Repository/Login Input Password'

2023-08-29 13:43:32 - [TEST_STEP][PASSED] - click(findTestObject("Login Button")): Object: 'Object Repository/Login Button' is clicked on

2023-08-29 13:43:32 - [MESSAGE][PASSED] - Object: 'Object Repository/Login Button' is clicked on

2023-08-29 13:43:32 - [MESSAGE][PASSED] - Call Test Case 'Test Cases/Login/TC-Login-Success-001' successfully

2023-08-29 13:43:32 - [MESSAGE][PASSED] - Call Test Case 'Test Cases/Products/TC-Product-Show-001' successfully

2023-08-29 13:43:32 - [TEST_STEP][PASSED] - click(findTestObject("Product Button ATC Product 1")): Object: 'Object Repository/Product Button ATC Product 1' is clicked on

2023-08-29 13:43:33 - [MESSAGE][PASSED] - Object: 'Object Repository/Product Button ATC Product 1' is clicked on

2023-08-29 13:43:33 - [MESSAGE][PASSED] - Call Test Case 'Test Cases/Products/TC-Product-AddCart-001' successfully

2023-08-29 13:43:33 - [TEST_STEP][PASSED] - click(findTestObject("Product Icon Cart")): Object: 'Object Repository/Product Icon Cart' is clicked on

2023-08-29 13:43:33 - [MESSAGE][PASSED] - Object: 'Object Repository/Product Icon Cart' is clicked on]]></system-out>
         <system-err><![CDATA[]]></system-err>
      </testcase>
      <testcase name="Test Cases/Keranjang/TC-Cart-Show-003" time="5.728" classname="Test Cases/Keranjang/TC-Cart-Show-003" status="PASSED">
         <system-out><![CDATA[2023-08-29 13:43:33 - [TEST_CASE][PASSED] - Test Cases/Keranjang/TC-Cart-Show-003: Test Cases/Keranjang/TC-Cart-Show-003

2023-08-29 13:43:34 - [TEST_STEP][PASSED] - callTestCase(findTestCase("Products/TC-Product-AddCart-002"), [:], STOP_ON_FAILURE): Call Test Case 'Test Cases/Products/TC-Product-AddCart-002' successfully

2023-08-29 13:43:34 - [TEST_CASE][PASSED] - Test Cases/Products/TC-Product-AddCart-002: Test Cases/Products/TC-Product-AddCart-002

2023-08-29 13:43:34 - [TEST_STEP][PASSED] - callTestCase(findTestCase("Products/TC-Product-AddCart-001"), [:], STOP_ON_FAILURE): Call Test Case 'Test Cases/Products/TC-Product-AddCart-001' successfully

2023-08-29 13:43:34 - [TEST_CASE][PASSED] - Test Cases/Products/TC-Product-AddCart-001: Test Cases/Products/TC-Product-AddCart-001

2023-08-29 13:43:34 - [TEST_STEP][PASSED] - callTestCase(findTestCase("Products/TC-Product-Show-001"), [:], STOP_ON_FAILURE): Call Test Case 'Test Cases/Products/TC-Product-Show-001' successfully

2023-08-29 13:43:34 - [TEST_CASE][PASSED] - Test Cases/Products/TC-Product-Show-001: Test Cases/Products/TC-Product-Show-001

2023-08-29 13:43:34 - [TEST_STEP][PASSED] - callTestCase(findTestCase("Login/TC-Login-Success-001"), ["username":"standard_user", "password":"qcu24s4901FyWDTwXGr6XA=="], STOP_ON_FAILURE): Call Test Case 'Test Cases/Login/TC-Login-Success-001' successfully

2023-08-29 13:43:34 - [TEST_CASE][PASSED] - Test Cases/Login/TC-Login-Success-001: Test Cases/Login/TC-Login-Success-001

2023-08-29 13:43:34 - [TEST_STEP][PASSED] - openBrowser(WEB_URL): Browser is opened with url: 'https://www.saucedemo.com/'

2023-08-29 13:43:34 - [MESSAGE][WARNING] - A browser is already opened. Closing browser and opening a new one

2023-08-29 13:43:35 - [MESSAGE][INFO] - Starting 'Edge Chromium' driver

2023-08-29 13:43:35 - [MESSAGE][INFO] - Action delay is set to 0 milliseconds

2023-08-29 13:43:36 - [MESSAGE][PASSED] - Browser is opened with url: 'https://www.saucedemo.com/'

2023-08-29 13:43:36 - [TEST_STEP][PASSED] - setText(findTestObject("Login Input Username"), username): Text 'standard_user' is set on object 'Object Repository/Login Input Username'

2023-08-29 13:43:37 - [MESSAGE][PASSED] - Text 'standard_user' is set on object 'Object Repository/Login Input Username'

2023-08-29 13:43:37 - [TEST_STEP][PASSED] - setEncryptedText(findTestObject("Login Input Password"), password): Text ****** has been set on object 'Object Repository/Login Input Password'

2023-08-29 13:43:37 - [MESSAGE][PASSED] - Text ****** has been set on object 'Object Repository/Login Input Password'

2023-08-29 13:43:37 - [TEST_STEP][PASSED] - click(findTestObject("Login Button")): Object: 'Object Repository/Login Button' is clicked on

2023-08-29 13:43:38 - [MESSAGE][PASSED] - Object: 'Object Repository/Login Button' is clicked on

2023-08-29 13:43:38 - [MESSAGE][PASSED] - Call Test Case 'Test Cases/Login/TC-Login-Success-001' successfully

2023-08-29 13:43:38 - [MESSAGE][PASSED] - Call Test Case 'Test Cases/Products/TC-Product-Show-001' successfully

2023-08-29 13:43:38 - [TEST_STEP][PASSED] - click(findTestObject("Product Button ATC Product 1")): Object: 'Object Repository/Product Button ATC Product 1' is clicked on

2023-08-29 13:43:38 - [MESSAGE][PASSED] - Object: 'Object Repository/Product Button ATC Product 1' is clicked on

2023-08-29 13:43:38 - [MESSAGE][PASSED] - Call Test Case 'Test Cases/Products/TC-Product-AddCart-001' successfully

2023-08-29 13:43:38 - [TEST_STEP][PASSED] - click(findTestObject("Product Button ATC Product 2")): Object: 'Object Repository/Product Button ATC Product 2' is clicked on

2023-08-29 13:43:39 - [MESSAGE][PASSED] - Object: 'Object Repository/Product Button ATC Product 2' is clicked on

2023-08-29 13:43:39 - [MESSAGE][PASSED] - Call Test Case 'Test Cases/Products/TC-Product-AddCart-002' successfully

2023-08-29 13:43:39 - [TEST_STEP][PASSED] - click(findTestObject("Product Icon Cart")): Object: 'Object Repository/Product Icon Cart' is clicked on

2023-08-29 13:43:39 - [MESSAGE][PASSED] - Object: 'Object Repository/Product Icon Cart' is clicked on]]></system-out>
         <system-err><![CDATA[]]></system-err>
      </testcase>
      <testcase name="Test Cases/Checkout/TC-Checkout-Error-001" time="8.705" classname="Test Cases/Checkout/TC-Checkout-Error-001" status="PASSED">
         <system-out><![CDATA[2023-08-29 13:43:39 - [TEST_CASE][PASSED] - Test Cases/Checkout/TC-Checkout-Error-001: Test Cases/Checkout/TC-Checkout-Error-001

2023-08-29 13:43:39 - [TEST_STEP][PASSED] - callTestCase(findTestCase("Keranjang/TC-Cart-Show-003"), [:], STOP_ON_FAILURE): Call Test Case 'Test Cases/Keranjang/TC-Cart-Show-003' successfully

2023-08-29 13:43:39 - [TEST_CASE][PASSED] - Test Cases/Keranjang/TC-Cart-Show-003: Test Cases/Keranjang/TC-Cart-Show-003

2023-08-29 13:43:39 - [TEST_STEP][PASSED] - callTestCase(findTestCase("Products/TC-Product-AddCart-002"), [:], STOP_ON_FAILURE): Call Test Case 'Test Cases/Products/TC-Product-AddCart-002' successfully

2023-08-29 13:43:40 - [TEST_CASE][PASSED] - Test Cases/Products/TC-Product-AddCart-002: Test Cases/Products/TC-Product-AddCart-002

2023-08-29 13:43:40 - [TEST_STEP][PASSED] - callTestCase(findTestCase("Products/TC-Product-AddCart-001"), [:], STOP_ON_FAILURE): Call Test Case 'Test Cases/Products/TC-Product-AddCart-001' successfully

2023-08-29 13:43:40 - [TEST_CASE][PASSED] - Test Cases/Products/TC-Product-AddCart-001: Test Cases/Products/TC-Product-AddCart-001

2023-08-29 13:43:40 - [TEST_STEP][PASSED] - callTestCase(findTestCase("Products/TC-Product-Show-001"), [:], STOP_ON_FAILURE): Call Test Case 'Test Cases/Products/TC-Product-Show-001' successfully

2023-08-29 13:43:40 - [TEST_CASE][PASSED] - Test Cases/Products/TC-Product-Show-001: Test Cases/Products/TC-Product-Show-001

2023-08-29 13:43:40 - [TEST_STEP][PASSED] - callTestCase(findTestCase("Login/TC-Login-Success-001"), ["username":"standard_user", "password":"qcu24s4901FyWDTwXGr6XA=="], STOP_ON_FAILURE): Call Test Case 'Test Cases/Login/TC-Login-Success-001' successfully

2023-08-29 13:43:40 - [TEST_CASE][PASSED] - Test Cases/Login/TC-Login-Success-001: Test Cases/Login/TC-Login-Success-001

2023-08-29 13:43:40 - [TEST_STEP][PASSED] - openBrowser(WEB_URL): Browser is opened with url: 'https://www.saucedemo.com/'

2023-08-29 13:43:40 - [MESSAGE][WARNING] - A browser is already opened. Closing browser and opening a new one

2023-08-29 13:43:40 - [MESSAGE][INFO] - Starting 'Edge Chromium' driver

2023-08-29 13:43:41 - [MESSAGE][INFO] - Action delay is set to 0 milliseconds

2023-08-29 13:43:42 - [MESSAGE][PASSED] - Browser is opened with url: 'https://www.saucedemo.com/'

2023-08-29 13:43:42 - [TEST_STEP][PASSED] - setText(findTestObject("Login Input Username"), username): Text 'standard_user' is set on object 'Object Repository/Login Input Username'

2023-08-29 13:43:43 - [MESSAGE][PASSED] - Text 'standard_user' is set on object 'Object Repository/Login Input Username'

2023-08-29 13:43:43 - [TEST_STEP][PASSED] - setEncryptedText(findTestObject("Login Input Password"), password): Text ****** has been set on object 'Object Repository/Login Input Password'

2023-08-29 13:43:43 - [MESSAGE][PASSED] - Text ****** has been set on object 'Object Repository/Login Input Password'

2023-08-29 13:43:43 - [TEST_STEP][PASSED] - click(findTestObject("Login Button")): Object: 'Object Repository/Login Button' is clicked on

2023-08-29 13:43:44 - [MESSAGE][PASSED] - Object: 'Object Repository/Login Button' is clicked on

2023-08-29 13:43:44 - [MESSAGE][PASSED] - Call Test Case 'Test Cases/Login/TC-Login-Success-001' successfully

2023-08-29 13:43:44 - [MESSAGE][PASSED] - Call Test Case 'Test Cases/Products/TC-Product-Show-001' successfully

2023-08-29 13:43:44 - [TEST_STEP][PASSED] - click(findTestObject("Product Button ATC Product 1")): Object: 'Object Repository/Product Button ATC Product 1' is clicked on

2023-08-29 13:43:44 - [MESSAGE][PASSED] - Object: 'Object Repository/Product Button ATC Product 1' is clicked on

2023-08-29 13:43:44 - [MESSAGE][PASSED] - Call Test Case 'Test Cases/Products/TC-Product-AddCart-001' successfully

2023-08-29 13:43:44 - [TEST_STEP][PASSED] - click(findTestObject("Product Button ATC Product 2")): Object: 'Object Repository/Product Button ATC Product 2' is clicked on

2023-08-29 13:43:45 - [MESSAGE][PASSED] - Object: 'Object Repository/Product Button ATC Product 2' is clicked on

2023-08-29 13:43:45 - [MESSAGE][PASSED] - Call Test Case 'Test Cases/Products/TC-Product-AddCart-002' successfully

2023-08-29 13:43:45 - [TEST_STEP][PASSED] - click(findTestObject("Product Icon Cart")): Object: 'Object Repository/Product Icon Cart' is clicked on

2023-08-29 13:43:45 - [MESSAGE][PASSED] - Object: 'Object Repository/Product Icon Cart' is clicked on

2023-08-29 13:43:45 - [MESSAGE][PASSED] - Call Test Case 'Test Cases/Keranjang/TC-Cart-Show-003' successfully

2023-08-29 13:43:45 - [TEST_STEP][PASSED] - click(findTestObject("Cart Button Checkout")): Object: 'Object Repository/Cart Button Checkout' is clicked on

2023-08-29 13:43:46 - [MESSAGE][PASSED] - Object: 'Object Repository/Cart Button Checkout' is clicked on

2023-08-29 13:43:46 - [TEST_STEP][PASSED] - setText(findTestObject("Checkout Input Last Name"), last_name): Text 'Nanda' is set on object 'Object Repository/Checkout Input Last Name'

2023-08-29 13:43:46 - [MESSAGE][PASSED] - Text 'Nanda' is set on object 'Object Repository/Checkout Input Last Name'

2023-08-29 13:43:46 - [TEST_STEP][PASSED] - setText(findTestObject("Checkout Input Postal Code"), postal_code): Text '55293' is set on object 'Object Repository/Checkout Input Postal Code'

2023-08-29 13:43:47 - [MESSAGE][PASSED] - Text '55293' is set on object 'Object Repository/Checkout Input Postal Code'

2023-08-29 13:43:47 - [TEST_STEP][PASSED] - click(findTestObject("Checkout Button Continue")): Object: 'Object Repository/Checkout Button Continue' is clicked on

2023-08-29 13:43:48 - [MESSAGE][PASSED] - Object: 'Object Repository/Checkout Button Continue' is clicked on]]></system-out>
         <system-err><![CDATA[]]></system-err>
      </testcase>
      <testcase name="Test Cases/Checkout/TC-Checkout-Error-002" time="8.101" classname="Test Cases/Checkout/TC-Checkout-Error-002" status="PASSED">
         <system-out><![CDATA[2023-08-29 13:43:48 - [TEST_CASE][PASSED] - Test Cases/Checkout/TC-Checkout-Error-002: Test Cases/Checkout/TC-Checkout-Error-002

2023-08-29 13:43:48 - [TEST_STEP][PASSED] - callTestCase(findTestCase("Keranjang/TC-Cart-Show-002"), [:], STOP_ON_FAILURE): Call Test Case 'Test Cases/Keranjang/TC-Cart-Show-002' successfully

2023-08-29 13:43:48 - [TEST_CASE][PASSED] - Test Cases/Keranjang/TC-Cart-Show-002: Test Cases/Keranjang/TC-Cart-Show-002

2023-08-29 13:43:48 - [TEST_STEP][PASSED] - callTestCase(findTestCase("Products/TC-Product-AddCart-001"), [:], STOP_ON_FAILURE): Call Test Case 'Test Cases/Products/TC-Product-AddCart-001' successfully

2023-08-29 13:43:48 - [TEST_CASE][PASSED] - Test Cases/Products/TC-Product-AddCart-001: Test Cases/Products/TC-Product-AddCart-001

2023-08-29 13:43:48 - [TEST_STEP][PASSED] - callTestCase(findTestCase("Products/TC-Product-Show-001"), [:], STOP_ON_FAILURE): Call Test Case 'Test Cases/Products/TC-Product-Show-001' successfully

2023-08-29 13:43:48 - [TEST_CASE][PASSED] - Test Cases/Products/TC-Product-Show-001: Test Cases/Products/TC-Product-Show-001

2023-08-29 13:43:48 - [TEST_STEP][PASSED] - callTestCase(findTestCase("Login/TC-Login-Success-001"), ["username":"standard_user", "password":"qcu24s4901FyWDTwXGr6XA=="], STOP_ON_FAILURE): Call Test Case 'Test Cases/Login/TC-Login-Success-001' successfully

2023-08-29 13:43:48 - [TEST_CASE][PASSED] - Test Cases/Login/TC-Login-Success-001: Test Cases/Login/TC-Login-Success-001

2023-08-29 13:43:48 - [TEST_STEP][PASSED] - openBrowser(WEB_URL): Browser is opened with url: 'https://www.saucedemo.com/'

2023-08-29 13:43:48 - [MESSAGE][WARNING] - A browser is already opened. Closing browser and opening a new one

2023-08-29 13:43:49 - [MESSAGE][INFO] - Starting 'Edge Chromium' driver

2023-08-29 13:43:50 - [MESSAGE][INFO] - Action delay is set to 0 milliseconds

2023-08-29 13:43:51 - [MESSAGE][PASSED] - Browser is opened with url: 'https://www.saucedemo.com/'

2023-08-29 13:43:51 - [TEST_STEP][PASSED] - setText(findTestObject("Login Input Username"), username): Text 'standard_user' is set on object 'Object Repository/Login Input Username'

2023-08-29 13:43:51 - [MESSAGE][PASSED] - Text 'standard_user' is set on object 'Object Repository/Login Input Username'

2023-08-29 13:43:51 - [TEST_STEP][PASSED] - setEncryptedText(findTestObject("Login Input Password"), password): Text ****** has been set on object 'Object Repository/Login Input Password'

2023-08-29 13:43:52 - [MESSAGE][PASSED] - Text ****** has been set on object 'Object Repository/Login Input Password'

2023-08-29 13:43:52 - [TEST_STEP][PASSED] - click(findTestObject("Login Button")): Object: 'Object Repository/Login Button' is clicked on

2023-08-29 13:43:52 - [MESSAGE][PASSED] - Object: 'Object Repository/Login Button' is clicked on

2023-08-29 13:43:52 - [MESSAGE][PASSED] - Call Test Case 'Test Cases/Login/TC-Login-Success-001' successfully

2023-08-29 13:43:52 - [MESSAGE][PASSED] - Call Test Case 'Test Cases/Products/TC-Product-Show-001' successfully

2023-08-29 13:43:52 - [TEST_STEP][PASSED] - click(findTestObject("Product Button ATC Product 1")): Object: 'Object Repository/Product Button ATC Product 1' is clicked on

2023-08-29 13:43:53 - [MESSAGE][PASSED] - Object: 'Object Repository/Product Button ATC Product 1' is clicked on

2023-08-29 13:43:53 - [MESSAGE][PASSED] - Call Test Case 'Test Cases/Products/TC-Product-AddCart-001' successfully

2023-08-29 13:43:53 - [TEST_STEP][PASSED] - click(findTestObject("Product Icon Cart")): Object: 'Object Repository/Product Icon Cart' is clicked on

2023-08-29 13:43:53 - [MESSAGE][PASSED] - Object: 'Object Repository/Product Icon Cart' is clicked on

2023-08-29 13:43:53 - [MESSAGE][PASSED] - Call Test Case 'Test Cases/Keranjang/TC-Cart-Show-002' successfully

2023-08-29 13:43:53 - [TEST_STEP][PASSED] - click(findTestObject("Cart Button Checkout")): Object: 'Object Repository/Cart Button Checkout' is clicked on

2023-08-29 13:43:54 - [MESSAGE][PASSED] - Object: 'Object Repository/Cart Button Checkout' is clicked on

2023-08-29 13:43:54 - [TEST_STEP][PASSED] - setText(findTestObject("Checkout Input First Name"), first_name): Text 'Yuhan' is set on object 'Object Repository/Checkout Input First Name'

2023-08-29 13:43:55 - [MESSAGE][PASSED] - Text 'Yuhan' is set on object 'Object Repository/Checkout Input First Name'

2023-08-29 13:43:55 - [TEST_STEP][PASSED] - setText(findTestObject("Checkout Input Postal Code"), postal_code): Text '55293' is set on object 'Object Repository/Checkout Input Postal Code'

2023-08-29 13:43:55 - [MESSAGE][PASSED] - Text '55293' is set on object 'Object Repository/Checkout Input Postal Code'

2023-08-29 13:43:55 - [TEST_STEP][PASSED] - click(findTestObject("Checkout Button Continue")): Object: 'Object Repository/Checkout Button Continue' is clicked on

2023-08-29 13:43:56 - [MESSAGE][PASSED] - Object: 'Object Repository/Checkout Button Continue' is clicked on]]></system-out>
         <system-err><![CDATA[]]></system-err>
      </testcase>
      <testcase name="Test Cases/Checkout/TC-Checkout-Error-003" time="8.011" classname="Test Cases/Checkout/TC-Checkout-Error-003" status="PASSED">
         <system-out><![CDATA[2023-08-29 13:43:56 - [TEST_CASE][PASSED] - Test Cases/Checkout/TC-Checkout-Error-003: Test Cases/Checkout/TC-Checkout-Error-003

2023-08-29 13:43:56 - [TEST_STEP][PASSED] - callTestCase(findTestCase("Keranjang/TC-Cart-Show-002"), [:], STOP_ON_FAILURE): Call Test Case 'Test Cases/Keranjang/TC-Cart-Show-002' successfully

2023-08-29 13:43:56 - [TEST_CASE][PASSED] - Test Cases/Keranjang/TC-Cart-Show-002: Test Cases/Keranjang/TC-Cart-Show-002

2023-08-29 13:43:56 - [TEST_STEP][PASSED] - callTestCase(findTestCase("Products/TC-Product-AddCart-001"), [:], STOP_ON_FAILURE): Call Test Case 'Test Cases/Products/TC-Product-AddCart-001' successfully

2023-08-29 13:43:56 - [TEST_CASE][PASSED] - Test Cases/Products/TC-Product-AddCart-001: Test Cases/Products/TC-Product-AddCart-001

2023-08-29 13:43:56 - [TEST_STEP][PASSED] - callTestCase(findTestCase("Products/TC-Product-Show-001"), [:], STOP_ON_FAILURE): Call Test Case 'Test Cases/Products/TC-Product-Show-001' successfully

2023-08-29 13:43:56 - [TEST_CASE][PASSED] - Test Cases/Products/TC-Product-Show-001: Test Cases/Products/TC-Product-Show-001

2023-08-29 13:43:56 - [TEST_STEP][PASSED] - callTestCase(findTestCase("Login/TC-Login-Success-001"), ["username":"standard_user", "password":"qcu24s4901FyWDTwXGr6XA=="], STOP_ON_FAILURE): Call Test Case 'Test Cases/Login/TC-Login-Success-001' successfully

2023-08-29 13:43:56 - [TEST_CASE][PASSED] - Test Cases/Login/TC-Login-Success-001: Test Cases/Login/TC-Login-Success-001

2023-08-29 13:43:56 - [TEST_STEP][PASSED] - openBrowser(WEB_URL): Browser is opened with url: 'https://www.saucedemo.com/'

2023-08-29 13:43:56 - [MESSAGE][WARNING] - A browser is already opened. Closing browser and opening a new one

2023-08-29 13:43:57 - [MESSAGE][INFO] - Starting 'Edge Chromium' driver

2023-08-29 13:43:58 - [MESSAGE][INFO] - Action delay is set to 0 milliseconds

2023-08-29 13:43:59 - [MESSAGE][PASSED] - Browser is opened with url: 'https://www.saucedemo.com/'

2023-08-29 13:43:59 - [TEST_STEP][PASSED] - setText(findTestObject("Login Input Username"), username): Text 'standard_user' is set on object 'Object Repository/Login Input Username'

2023-08-29 13:43:59 - [MESSAGE][PASSED] - Text 'standard_user' is set on object 'Object Repository/Login Input Username'

2023-08-29 13:43:59 - [TEST_STEP][PASSED] - setEncryptedText(findTestObject("Login Input Password"), password): Text ****** has been set on object 'Object Repository/Login Input Password'

2023-08-29 13:44:00 - [MESSAGE][PASSED] - Text ****** has been set on object 'Object Repository/Login Input Password'

2023-08-29 13:44:00 - [TEST_STEP][PASSED] - click(findTestObject("Login Button")): Object: 'Object Repository/Login Button' is clicked on

2023-08-29 13:44:00 - [MESSAGE][PASSED] - Object: 'Object Repository/Login Button' is clicked on

2023-08-29 13:44:00 - [MESSAGE][PASSED] - Call Test Case 'Test Cases/Login/TC-Login-Success-001' successfully

2023-08-29 13:44:00 - [MESSAGE][PASSED] - Call Test Case 'Test Cases/Products/TC-Product-Show-001' successfully

2023-08-29 13:44:00 - [TEST_STEP][PASSED] - click(findTestObject("Product Button ATC Product 1")): Object: 'Object Repository/Product Button ATC Product 1' is clicked on

2023-08-29 13:44:01 - [MESSAGE][PASSED] - Object: 'Object Repository/Product Button ATC Product 1' is clicked on

2023-08-29 13:44:01 - [MESSAGE][PASSED] - Call Test Case 'Test Cases/Products/TC-Product-AddCart-001' successfully

2023-08-29 13:44:01 - [TEST_STEP][PASSED] - click(findTestObject("Product Icon Cart")): Object: 'Object Repository/Product Icon Cart' is clicked on

2023-08-29 13:44:01 - [MESSAGE][PASSED] - Object: 'Object Repository/Product Icon Cart' is clicked on

2023-08-29 13:44:01 - [MESSAGE][PASSED] - Call Test Case 'Test Cases/Keranjang/TC-Cart-Show-002' successfully

2023-08-29 13:44:01 - [TEST_STEP][PASSED] - click(findTestObject("Cart Button Checkout")): Object: 'Object Repository/Cart Button Checkout' is clicked on

2023-08-29 13:44:02 - [MESSAGE][PASSED] - Object: 'Object Repository/Cart Button Checkout' is clicked on

2023-08-29 13:44:02 - [TEST_STEP][PASSED] - setText(findTestObject("Checkout Input First Name"), first_name): Text 'Yuhan' is set on object 'Object Repository/Checkout Input First Name'

2023-08-29 13:44:03 - [MESSAGE][PASSED] - Text 'Yuhan' is set on object 'Object Repository/Checkout Input First Name'

2023-08-29 13:44:03 - [TEST_STEP][PASSED] - setText(findTestObject("Checkout Input Last Name"), last_name): Text 'Nanda' is set on object 'Object Repository/Checkout Input Last Name'

2023-08-29 13:44:04 - [MESSAGE][PASSED] - Text 'Nanda' is set on object 'Object Repository/Checkout Input Last Name'

2023-08-29 13:44:04 - [TEST_STEP][PASSED] - click(findTestObject("Checkout Button Continue")): Object: 'Object Repository/Checkout Button Continue' is clicked on

2023-08-29 13:44:04 - [MESSAGE][PASSED] - Object: 'Object Repository/Checkout Button Continue' is clicked on]]></system-out>
         <system-err><![CDATA[]]></system-err>
      </testcase>
      <testcase name="Test Cases/Checkout/TC-Checkout-Nav-001" time="9.753" classname="Test Cases/Checkout/TC-Checkout-Nav-001" status="PASSED">
         <system-out><![CDATA[2023-08-29 13:44:04 - [TEST_CASE][PASSED] - Test Cases/Checkout/TC-Checkout-Nav-001: Test Cases/Checkout/TC-Checkout-Nav-001

2023-08-29 13:44:04 - [TEST_STEP][PASSED] - callTestCase(findTestCase("Keranjang/TC-Cart-Show-002"), [:], STOP_ON_FAILURE): Call Test Case 'Test Cases/Keranjang/TC-Cart-Show-002' successfully

2023-08-29 13:44:04 - [TEST_CASE][PASSED] - Test Cases/Keranjang/TC-Cart-Show-002: Test Cases/Keranjang/TC-Cart-Show-002

2023-08-29 13:44:04 - [TEST_STEP][PASSED] - callTestCase(findTestCase("Products/TC-Product-AddCart-001"), [:], STOP_ON_FAILURE): Call Test Case 'Test Cases/Products/TC-Product-AddCart-001' successfully

2023-08-29 13:44:04 - [TEST_CASE][PASSED] - Test Cases/Products/TC-Product-AddCart-001: Test Cases/Products/TC-Product-AddCart-001

2023-08-29 13:44:04 - [TEST_STEP][PASSED] - callTestCase(findTestCase("Products/TC-Product-Show-001"), [:], STOP_ON_FAILURE): Call Test Case 'Test Cases/Products/TC-Product-Show-001' successfully

2023-08-29 13:44:04 - [TEST_CASE][PASSED] - Test Cases/Products/TC-Product-Show-001: Test Cases/Products/TC-Product-Show-001

2023-08-29 13:44:04 - [TEST_STEP][PASSED] - callTestCase(findTestCase("Login/TC-Login-Success-001"), ["username":"standard_user", "password":"qcu24s4901FyWDTwXGr6XA=="], STOP_ON_FAILURE): Call Test Case 'Test Cases/Login/TC-Login-Success-001' successfully

2023-08-29 13:44:04 - [TEST_CASE][PASSED] - Test Cases/Login/TC-Login-Success-001: Test Cases/Login/TC-Login-Success-001

2023-08-29 13:44:04 - [TEST_STEP][PASSED] - openBrowser(WEB_URL): Browser is opened with url: 'https://www.saucedemo.com/'

2023-08-29 13:44:04 - [MESSAGE][WARNING] - A browser is already opened. Closing browser and opening a new one

2023-08-29 13:44:05 - [MESSAGE][INFO] - Starting 'Edge Chromium' driver

2023-08-29 13:44:06 - [MESSAGE][INFO] - Action delay is set to 0 milliseconds

2023-08-29 13:44:07 - [MESSAGE][PASSED] - Browser is opened with url: 'https://www.saucedemo.com/'

2023-08-29 13:44:07 - [TEST_STEP][PASSED] - setText(findTestObject("Login Input Username"), username): Text 'standard_user' is set on object 'Object Repository/Login Input Username'

2023-08-29 13:44:08 - [MESSAGE][PASSED] - Text 'standard_user' is set on object 'Object Repository/Login Input Username'

2023-08-29 13:44:08 - [TEST_STEP][PASSED] - setEncryptedText(findTestObject("Login Input Password"), password): Text ****** has been set on object 'Object Repository/Login Input Password'

2023-08-29 13:44:08 - [MESSAGE][PASSED] - Text ****** has been set on object 'Object Repository/Login Input Password'

2023-08-29 13:44:08 - [TEST_STEP][PASSED] - click(findTestObject("Login Button")): Object: 'Object Repository/Login Button' is clicked on

2023-08-29 13:44:09 - [MESSAGE][PASSED] - Object: 'Object Repository/Login Button' is clicked on

2023-08-29 13:44:09 - [MESSAGE][PASSED] - Call Test Case 'Test Cases/Login/TC-Login-Success-001' successfully

2023-08-29 13:44:09 - [MESSAGE][PASSED] - Call Test Case 'Test Cases/Products/TC-Product-Show-001' successfully

2023-08-29 13:44:09 - [TEST_STEP][PASSED] - click(findTestObject("Product Button ATC Product 1")): Object: 'Object Repository/Product Button ATC Product 1' is clicked on

2023-08-29 13:44:09 - [MESSAGE][PASSED] - Object: 'Object Repository/Product Button ATC Product 1' is clicked on

2023-08-29 13:44:09 - [MESSAGE][PASSED] - Call Test Case 'Test Cases/Products/TC-Product-AddCart-001' successfully

2023-08-29 13:44:09 - [TEST_STEP][PASSED] - click(findTestObject("Product Icon Cart")): Object: 'Object Repository/Product Icon Cart' is clicked on

2023-08-29 13:44:10 - [MESSAGE][PASSED] - Object: 'Object Repository/Product Icon Cart' is clicked on

2023-08-29 13:44:10 - [MESSAGE][PASSED] - Call Test Case 'Test Cases/Keranjang/TC-Cart-Show-002' successfully

2023-08-29 13:44:10 - [TEST_STEP][PASSED] - click(findTestObject("Cart Button Checkout")): Object: 'Object Repository/Cart Button Checkout' is clicked on

2023-08-29 13:44:10 - [MESSAGE][PASSED] - Object: 'Object Repository/Cart Button Checkout' is clicked on

2023-08-29 13:44:10 - [TEST_STEP][PASSED] - setText(findTestObject("Checkout Input First Name"), first_name): Text 'Yuhan' is set on object 'Object Repository/Checkout Input First Name'

2023-08-29 13:44:11 - [MESSAGE][PASSED] - Text 'Yuhan' is set on object 'Object Repository/Checkout Input First Name'

2023-08-29 13:44:11 - [TEST_STEP][PASSED] - setText(findTestObject("Checkout Input Last Name"), last_name): Text 'Nanda' is set on object 'Object Repository/Checkout Input Last Name'

2023-08-29 13:44:12 - [MESSAGE][PASSED] - Text 'Nanda' is set on object 'Object Repository/Checkout Input Last Name'

2023-08-29 13:44:12 - [TEST_STEP][PASSED] - setText(findTestObject("Checkout Input Postal Code"), postal_code): Text '55293' is set on object 'Object Repository/Checkout Input Postal Code'

2023-08-29 13:44:13 - [MESSAGE][PASSED] - Text '55293' is set on object 'Object Repository/Checkout Input Postal Code'

2023-08-29 13:44:13 - [TEST_STEP][PASSED] - click(findTestObject("Checkout Button Continue")): Object: 'Object Repository/Checkout Button Continue' is clicked on

2023-08-29 13:44:13 - [MESSAGE][PASSED] - Object: 'Object Repository/Checkout Button Continue' is clicked on

2023-08-29 13:44:13 - [TEST_STEP][PASSED] - click(findTestObject("Checkout Button Cancel")): Object: 'Object Repository/Checkout Button Cancel' is clicked on

2023-08-29 13:44:14 - [MESSAGE][PASSED] - Object: 'Object Repository/Checkout Button Cancel' is clicked on]]></system-out>
         <system-err><![CDATA[]]></system-err>
      </testcase>
      <testcase name="Test Cases/Checkout/TC-Checkout-Success-001" time="9.413" classname="Test Cases/Checkout/TC-Checkout-Success-001" status="PASSED">
         <system-out><![CDATA[2023-08-29 13:44:14 - [TEST_CASE][PASSED] - Test Cases/Checkout/TC-Checkout-Success-001: Test Cases/Checkout/TC-Checkout-Success-001

2023-08-29 13:44:14 - [TEST_STEP][PASSED] - callTestCase(findTestCase("Keranjang/TC-Cart-Show-002"), [:], STOP_ON_FAILURE): Call Test Case 'Test Cases/Keranjang/TC-Cart-Show-002' successfully

2023-08-29 13:44:14 - [TEST_CASE][PASSED] - Test Cases/Keranjang/TC-Cart-Show-002: Test Cases/Keranjang/TC-Cart-Show-002

2023-08-29 13:44:14 - [TEST_STEP][PASSED] - callTestCase(findTestCase("Products/TC-Product-AddCart-001"), [:], STOP_ON_FAILURE): Call Test Case 'Test Cases/Products/TC-Product-AddCart-001' successfully

2023-08-29 13:44:14 - [TEST_CASE][PASSED] - Test Cases/Products/TC-Product-AddCart-001: Test Cases/Products/TC-Product-AddCart-001

2023-08-29 13:44:14 - [TEST_STEP][PASSED] - callTestCase(findTestCase("Products/TC-Product-Show-001"), [:], STOP_ON_FAILURE): Call Test Case 'Test Cases/Products/TC-Product-Show-001' successfully

2023-08-29 13:44:14 - [TEST_CASE][PASSED] - Test Cases/Products/TC-Product-Show-001: Test Cases/Products/TC-Product-Show-001

2023-08-29 13:44:14 - [TEST_STEP][PASSED] - callTestCase(findTestCase("Login/TC-Login-Success-001"), ["username":"standard_user", "password":"qcu24s4901FyWDTwXGr6XA=="], STOP_ON_FAILURE): Call Test Case 'Test Cases/Login/TC-Login-Success-001' successfully

2023-08-29 13:44:14 - [TEST_CASE][PASSED] - Test Cases/Login/TC-Login-Success-001: Test Cases/Login/TC-Login-Success-001

2023-08-29 13:44:14 - [TEST_STEP][PASSED] - openBrowser(WEB_URL): Browser is opened with url: 'https://www.saucedemo.com/'

2023-08-29 13:44:14 - [MESSAGE][WARNING] - A browser is already opened. Closing browser and opening a new one

2023-08-29 13:44:15 - [MESSAGE][INFO] - Starting 'Edge Chromium' driver

2023-08-29 13:44:15 - [MESSAGE][INFO] - Action delay is set to 0 milliseconds

2023-08-29 13:44:16 - [MESSAGE][PASSED] - Browser is opened with url: 'https://www.saucedemo.com/'

2023-08-29 13:44:16 - [TEST_STEP][PASSED] - setText(findTestObject("Login Input Username"), username): Text 'standard_user' is set on object 'Object Repository/Login Input Username'

2023-08-29 13:44:17 - [MESSAGE][PASSED] - Text 'standard_user' is set on object 'Object Repository/Login Input Username'

2023-08-29 13:44:17 - [TEST_STEP][PASSED] - setEncryptedText(findTestObject("Login Input Password"), password): Text ****** has been set on object 'Object Repository/Login Input Password'

2023-08-29 13:44:18 - [MESSAGE][PASSED] - Text ****** has been set on object 'Object Repository/Login Input Password'

2023-08-29 13:44:18 - [TEST_STEP][PASSED] - click(findTestObject("Login Button")): Object: 'Object Repository/Login Button' is clicked on

2023-08-29 13:44:18 - [MESSAGE][PASSED] - Object: 'Object Repository/Login Button' is clicked on

2023-08-29 13:44:18 - [MESSAGE][PASSED] - Call Test Case 'Test Cases/Login/TC-Login-Success-001' successfully

2023-08-29 13:44:18 - [MESSAGE][PASSED] - Call Test Case 'Test Cases/Products/TC-Product-Show-001' successfully

2023-08-29 13:44:18 - [TEST_STEP][PASSED] - click(findTestObject("Product Button ATC Product 1")): Object: 'Object Repository/Product Button ATC Product 1' is clicked on

2023-08-29 13:44:18 - [MESSAGE][PASSED] - Object: 'Object Repository/Product Button ATC Product 1' is clicked on

2023-08-29 13:44:18 - [MESSAGE][PASSED] - Call Test Case 'Test Cases/Products/TC-Product-AddCart-001' successfully

2023-08-29 13:44:18 - [TEST_STEP][PASSED] - click(findTestObject("Product Icon Cart")): Object: 'Object Repository/Product Icon Cart' is clicked on

2023-08-29 13:44:19 - [MESSAGE][PASSED] - Object: 'Object Repository/Product Icon Cart' is clicked on

2023-08-29 13:44:19 - [MESSAGE][PASSED] - Call Test Case 'Test Cases/Keranjang/TC-Cart-Show-002' successfully

2023-08-29 13:44:19 - [TEST_STEP][PASSED] - click(findTestObject("Cart Button Checkout")): Object: 'Object Repository/Cart Button Checkout' is clicked on

2023-08-29 13:44:20 - [MESSAGE][PASSED] - Object: 'Object Repository/Cart Button Checkout' is clicked on

2023-08-29 13:44:20 - [TEST_STEP][PASSED] - setText(findTestObject("Checkout Input First Name"), first_name): Text 'Yuhan' is set on object 'Object Repository/Checkout Input First Name'

2023-08-29 13:44:20 - [MESSAGE][PASSED] - Text 'Yuhan' is set on object 'Object Repository/Checkout Input First Name'

2023-08-29 13:44:20 - [TEST_STEP][PASSED] - setText(findTestObject("Checkout Input Last Name"), last_name): Text 'Nanda' is set on object 'Object Repository/Checkout Input Last Name'

2023-08-29 13:44:21 - [MESSAGE][PASSED] - Text 'Nanda' is set on object 'Object Repository/Checkout Input Last Name'

2023-08-29 13:44:21 - [TEST_STEP][PASSED] - setText(findTestObject("Checkout Input Postal Code"), postal_code): Text '55293' is set on object 'Object Repository/Checkout Input Postal Code'

2023-08-29 13:44:22 - [MESSAGE][PASSED] - Text '55293' is set on object 'Object Repository/Checkout Input Postal Code'

2023-08-29 13:44:22 - [TEST_STEP][PASSED] - click(findTestObject("Checkout Button Continue")): Object: 'Object Repository/Checkout Button Continue' is clicked on

2023-08-29 13:44:23 - [MESSAGE][PASSED] - Object: 'Object Repository/Checkout Button Continue' is clicked on

2023-08-29 13:44:23 - [TEST_STEP][PASSED] - click(findTestObject("Checkout Button Finish")): Object: 'Object Repository/Checkout Button Finish' is clicked on

2023-08-29 13:44:23 - [MESSAGE][PASSED] - Object: 'Object Repository/Checkout Button Finish' is clicked on]]></system-out>
         <system-err><![CDATA[]]></system-err>
      </testcase>
      <testcase name="Test Cases/Checkout/TC-Checkout-Success-002" time="10.015" classname="Test Cases/Checkout/TC-Checkout-Success-002" status="PASSED">
         <system-out><![CDATA[2023-08-29 13:44:23 - [TEST_CASE][PASSED] - Test Cases/Checkout/TC-Checkout-Success-002: Test Cases/Checkout/TC-Checkout-Success-002

2023-08-29 13:44:23 - [TEST_STEP][PASSED] - callTestCase(findTestCase("Keranjang/TC-Cart-Show-003"), [:], STOP_ON_FAILURE): Call Test Case 'Test Cases/Keranjang/TC-Cart-Show-003' successfully

2023-08-29 13:44:23 - [TEST_CASE][PASSED] - Test Cases/Keranjang/TC-Cart-Show-003: Test Cases/Keranjang/TC-Cart-Show-003

2023-08-29 13:44:23 - [TEST_STEP][PASSED] - callTestCase(findTestCase("Products/TC-Product-AddCart-002"), [:], STOP_ON_FAILURE): Call Test Case 'Test Cases/Products/TC-Product-AddCart-002' successfully

2023-08-29 13:44:24 - [TEST_CASE][PASSED] - Test Cases/Products/TC-Product-AddCart-002: Test Cases/Products/TC-Product-AddCart-002

2023-08-29 13:44:24 - [TEST_STEP][PASSED] - callTestCase(findTestCase("Products/TC-Product-AddCart-001"), [:], STOP_ON_FAILURE): Call Test Case 'Test Cases/Products/TC-Product-AddCart-001' successfully

2023-08-29 13:44:24 - [TEST_CASE][PASSED] - Test Cases/Products/TC-Product-AddCart-001: Test Cases/Products/TC-Product-AddCart-001

2023-08-29 13:44:24 - [TEST_STEP][PASSED] - callTestCase(findTestCase("Products/TC-Product-Show-001"), [:], STOP_ON_FAILURE): Call Test Case 'Test Cases/Products/TC-Product-Show-001' successfully

2023-08-29 13:44:24 - [TEST_CASE][PASSED] - Test Cases/Products/TC-Product-Show-001: Test Cases/Products/TC-Product-Show-001

2023-08-29 13:44:24 - [TEST_STEP][PASSED] - callTestCase(findTestCase("Login/TC-Login-Success-001"), ["username":"standard_user", "password":"qcu24s4901FyWDTwXGr6XA=="], STOP_ON_FAILURE): Call Test Case 'Test Cases/Login/TC-Login-Success-001' successfully

2023-08-29 13:44:24 - [TEST_CASE][PASSED] - Test Cases/Login/TC-Login-Success-001: Test Cases/Login/TC-Login-Success-001

2023-08-29 13:44:24 - [TEST_STEP][PASSED] - openBrowser(WEB_URL): Browser is opened with url: 'https://www.saucedemo.com/'

2023-08-29 13:44:24 - [MESSAGE][WARNING] - A browser is already opened. Closing browser and opening a new one

2023-08-29 13:44:24 - [MESSAGE][INFO] - Starting 'Edge Chromium' driver

2023-08-29 13:44:25 - [MESSAGE][INFO] - Action delay is set to 0 milliseconds

2023-08-29 13:44:26 - [MESSAGE][PASSED] - Browser is opened with url: 'https://www.saucedemo.com/'

2023-08-29 13:44:26 - [TEST_STEP][PASSED] - setText(findTestObject("Login Input Username"), username): Text 'standard_user' is set on object 'Object Repository/Login Input Username'

2023-08-29 13:44:27 - [MESSAGE][PASSED] - Text 'standard_user' is set on object 'Object Repository/Login Input Username'

2023-08-29 13:44:27 - [TEST_STEP][PASSED] - setEncryptedText(findTestObject("Login Input Password"), password): Text ****** has been set on object 'Object Repository/Login Input Password'

2023-08-29 13:44:27 - [MESSAGE][PASSED] - Text ****** has been set on object 'Object Repository/Login Input Password'

2023-08-29 13:44:27 - [TEST_STEP][PASSED] - click(findTestObject("Login Button")): Object: 'Object Repository/Login Button' is clicked on

2023-08-29 13:44:27 - [MESSAGE][PASSED] - Object: 'Object Repository/Login Button' is clicked on

2023-08-29 13:44:27 - [MESSAGE][PASSED] - Call Test Case 'Test Cases/Login/TC-Login-Success-001' successfully

2023-08-29 13:44:27 - [MESSAGE][PASSED] - Call Test Case 'Test Cases/Products/TC-Product-Show-001' successfully

2023-08-29 13:44:27 - [TEST_STEP][PASSED] - click(findTestObject("Product Button ATC Product 1")): Object: 'Object Repository/Product Button ATC Product 1' is clicked on

2023-08-29 13:44:28 - [MESSAGE][PASSED] - Object: 'Object Repository/Product Button ATC Product 1' is clicked on

2023-08-29 13:44:28 - [MESSAGE][PASSED] - Call Test Case 'Test Cases/Products/TC-Product-AddCart-001' successfully

2023-08-29 13:44:28 - [TEST_STEP][PASSED] - click(findTestObject("Product Button ATC Product 2")): Object: 'Object Repository/Product Button ATC Product 2' is clicked on

2023-08-29 13:44:28 - [MESSAGE][PASSED] - Object: 'Object Repository/Product Button ATC Product 2' is clicked on

2023-08-29 13:44:28 - [MESSAGE][PASSED] - Call Test Case 'Test Cases/Products/TC-Product-AddCart-002' successfully

2023-08-29 13:44:28 - [TEST_STEP][PASSED] - click(findTestObject("Product Icon Cart")): Object: 'Object Repository/Product Icon Cart' is clicked on

2023-08-29 13:44:29 - [MESSAGE][PASSED] - Object: 'Object Repository/Product Icon Cart' is clicked on

2023-08-29 13:44:29 - [MESSAGE][PASSED] - Call Test Case 'Test Cases/Keranjang/TC-Cart-Show-003' successfully

2023-08-29 13:44:29 - [TEST_STEP][PASSED] - click(findTestObject("Cart Button Checkout")): Object: 'Object Repository/Cart Button Checkout' is clicked on

2023-08-29 13:44:30 - [MESSAGE][PASSED] - Object: 'Object Repository/Cart Button Checkout' is clicked on

2023-08-29 13:44:30 - [TEST_STEP][PASSED] - setText(findTestObject("Checkout Input First Name"), first_name): Text 'Yuhan' is set on object 'Object Repository/Checkout Input First Name'

2023-08-29 13:44:30 - [MESSAGE][PASSED] - Text 'Yuhan' is set on object 'Object Repository/Checkout Input First Name'

2023-08-29 13:44:30 - [TEST_STEP][PASSED] - setText(findTestObject("Checkout Input Last Name"), last_name): Text 'Nanda' is set on object 'Object Repository/Checkout Input Last Name'

2023-08-29 13:44:31 - [MESSAGE][PASSED] - Text 'Nanda' is set on object 'Object Repository/Checkout Input Last Name'

2023-08-29 13:44:31 - [TEST_STEP][PASSED] - setText(findTestObject("Checkout Input Postal Code"), postal_code): Text '55293' is set on object 'Object Repository/Checkout Input Postal Code'

2023-08-29 13:44:32 - [MESSAGE][PASSED] - Text '55293' is set on object 'Object Repository/Checkout Input Postal Code'

2023-08-29 13:44:32 - [TEST_STEP][PASSED] - click(findTestObject("Checkout Button Continue")): Object: 'Object Repository/Checkout Button Continue' is clicked on

2023-08-29 13:44:33 - [MESSAGE][PASSED] - Object: 'Object Repository/Checkout Button Continue' is clicked on

2023-08-29 13:44:33 - [TEST_STEP][PASSED] - click(findTestObject("Checkout Button Finish")): Object: 'Object Repository/Checkout Button Finish' is clicked on

2023-08-29 13:44:33 - [MESSAGE][PASSED] - Object: 'Object Repository/Checkout Button Finish' is clicked on]]></system-out>
         <system-err><![CDATA[]]></system-err>
      </testcase>
      <testcase name="Test Cases/Logout/TC-Logout-Success-001" time="4.884" classname="Test Cases/Logout/TC-Logout-Success-001" status="PASSED">
         <system-out><![CDATA[2023-08-29 13:44:33 - [TEST_CASE][PASSED] - Test Cases/Logout/TC-Logout-Success-001: Test Cases/Logout/TC-Logout-Success-001

2023-08-29 13:44:33 - [TEST_STEP][PASSED] - callTestCase(findTestCase("Login/TC-Login-Success-001"), ["username":"standard_user", "password":"qcu24s4901FyWDTwXGr6XA=="], STOP_ON_FAILURE): Call Test Case 'Test Cases/Login/TC-Login-Success-001' successfully

2023-08-29 13:44:33 - [TEST_CASE][PASSED] - Test Cases/Login/TC-Login-Success-001: Test Cases/Login/TC-Login-Success-001

2023-08-29 13:44:33 - [TEST_STEP][PASSED] - openBrowser(WEB_URL): Browser is opened with url: 'https://www.saucedemo.com/'

2023-08-29 13:44:33 - [MESSAGE][WARNING] - A browser is already opened. Closing browser and opening a new one

2023-08-29 13:44:34 - [MESSAGE][INFO] - Starting 'Edge Chromium' driver

2023-08-29 13:44:35 - [MESSAGE][INFO] - Action delay is set to 0 milliseconds

2023-08-29 13:44:36 - [MESSAGE][PASSED] - Browser is opened with url: 'https://www.saucedemo.com/'

2023-08-29 13:44:36 - [TEST_STEP][PASSED] - setText(findTestObject("Login Input Username"), username): Text 'standard_user' is set on object 'Object Repository/Login Input Username'

2023-08-29 13:44:37 - [MESSAGE][PASSED] - Text 'standard_user' is set on object 'Object Repository/Login Input Username'

2023-08-29 13:44:37 - [TEST_STEP][PASSED] - setEncryptedText(findTestObject("Login Input Password"), password): Text ****** has been set on object 'Object Repository/Login Input Password'

2023-08-29 13:44:37 - [MESSAGE][PASSED] - Text ****** has been set on object 'Object Repository/Login Input Password'

2023-08-29 13:44:37 - [TEST_STEP][PASSED] - click(findTestObject("Login Button")): Object: 'Object Repository/Login Button' is clicked on

2023-08-29 13:44:37 - [MESSAGE][PASSED] - Object: 'Object Repository/Login Button' is clicked on

2023-08-29 13:44:37 - [MESSAGE][PASSED] - Call Test Case 'Test Cases/Login/TC-Login-Success-001' successfully

2023-08-29 13:44:37 - [TEST_STEP][PASSED] - click(findTestObject("Logout Icon Hamburgur")): Object: 'Object Repository/Logout Icon Hamburgur' is clicked on

2023-08-29 13:44:38 - [MESSAGE][PASSED] - Object: 'Object Repository/Logout Icon Hamburgur' is clicked on

2023-08-29 13:44:38 - [TEST_STEP][PASSED] - click(findTestObject("Logout Menu Logout")): Object: 'Object Repository/Logout Menu Logout' is clicked on

2023-08-29 13:44:38 - [MESSAGE][PASSED] - Object: 'Object Repository/Logout Menu Logout' is clicked on]]></system-out>
         <system-err><![CDATA[]]></system-err>
      </testcase>
      <system-out><![CDATA[2023-08-29 13:41:13 - [TEST_SUITE][FAILED] - Test Suite All TC: Test Cases/Keranjang/TC-Cart-Remove-001 FAILED.
Reason:
com.kms.katalon.core.exception.StepFailedException: Unable to click on object 'Object Repository/Cart Button Remove Product 1'
	at com.kms.katalon.core.webui.keyword.internal.WebUIKeywordMain.stepFailed(WebUIKeywordMain.groovy:64)
	at com.kms.katalon.core.webui.keyword.internal.WebUIKeywordMain.runKeyword(WebUIKeywordMain.groovy:26)
	at com.kms.katalon.core.webui.keyword.builtin.ClickKeyword.click(ClickKeyword.groovy:74)
	at com.kms.katalon.core.webui.keyword.builtin.ClickKeyword.execute(ClickKeyword.groovy:40)
	at com.kms.katalon.core.keyword.internal.KeywordExecutor.executeKeywordForPlatform(KeywordExecutor.groovy:74)
	at com.kms.katalon.core.webui.keyword.WebUiBuiltInKeywords.click(WebUiBuiltInKeywords.groovy:620)
	at com.kms.katalon.core.webui.keyword.WebUiBuiltInKeywords$click$2.call(Unknown Source)
	at TC-Cart-Remove-001.run(TC-Cart-Remove-001:22)
	at com.kms.katalon.core.main.ScriptEngine.run(ScriptEngine.java:194)
	at com.kms.katalon.core.main.ScriptEngine.runScriptAsRawText(ScriptEngine.java:119)
	at com.kms.katalon.core.main.TestCaseExecutor.runScript(TestCaseExecutor.java:448)
	at com.kms.katalon.core.main.TestCaseExecutor.doExecute(TestCaseExecutor.java:439)
	at com.kms.katalon.core.main.TestCaseExecutor.processExecutionPhase(TestCaseExecutor.java:418)
	at com.kms.katalon.core.main.TestCaseExecutor.accessMainPhase(TestCaseExecutor.java:410)
	at com.kms.katalon.core.main.TestCaseExecutor.execute(TestCaseExecutor.java:285)
	at com.kms.katalon.core.common.CommonExecutor.accessTestCaseMainPhase(CommonExecutor.java:65)
	at com.kms.katalon.core.main.TestSuiteExecutor.accessTestSuiteMainPhase(TestSuiteExecutor.java:148)
	at com.kms.katalon.core.main.TestSuiteExecutor.execute(TestSuiteExecutor.java:106)
	at com.kms.katalon.core.main.TestCaseMain.startTestSuite(TestCaseMain.java:187)
	at com.kms.katalon.core.main.TestCaseMain$startTestSuite$0.call(Unknown Source)
	at TempTestSuite1693291267962.run(TempTestSuite1693291267962.groovy:36)
Caused by: com.kms.katalon.core.webui.exception.WebElementNotFoundException: Web element with id: 'Object Repository/Cart Button Remove Product 1' located by '//button[@id='remove-sauce-labs-bike-light']' not found
	at com.kms.katalon.core.webui.common.WebUiCommonHelper.findWebElement(WebUiCommonHelper.java:1381)
	at com.kms.katalon.core.webui.keyword.internal.WebUIAbstractKeyword.findWebElement(WebUIAbstractKeyword.groovy:27)
	at com.kms.katalon.core.webui.keyword.builtin.ClickKeyword$_click_closure1.doCall(ClickKeyword.groovy:65)
	at com.kms.katalon.core.webui.keyword.builtin.ClickKeyword$_click_closure1.call(ClickKeyword.groovy)
	at com.kms.katalon.core.webui.keyword.internal.WebUIKeywordMain.runKeyword(WebUIKeywordMain.groovy:20)
	... 19 more]]></system-out>
      <system-err><![CDATA[2023-08-29 13:41:13 - [TEST_SUITE][FAILED] - Test Suite All TC: Test Cases/Keranjang/TC-Cart-Remove-001 FAILED.
Reason:
com.kms.katalon.core.exception.StepFailedException: Unable to click on object 'Object Repository/Cart Button Remove Product 1'
	at com.kms.katalon.core.webui.keyword.internal.WebUIKeywordMain.stepFailed(WebUIKeywordMain.groovy:64)
	at com.kms.katalon.core.webui.keyword.internal.WebUIKeywordMain.runKeyword(WebUIKeywordMain.groovy:26)
	at com.kms.katalon.core.webui.keyword.builtin.ClickKeyword.click(ClickKeyword.groovy:74)
	at com.kms.katalon.core.webui.keyword.builtin.ClickKeyword.execute(ClickKeyword.groovy:40)
	at com.kms.katalon.core.keyword.internal.KeywordExecutor.executeKeywordForPlatform(KeywordExecutor.groovy:74)
	at com.kms.katalon.core.webui.keyword.WebUiBuiltInKeywords.click(WebUiBuiltInKeywords.groovy:620)
	at com.kms.katalon.core.webui.keyword.WebUiBuiltInKeywords$click$2.call(Unknown Source)
	at TC-Cart-Remove-001.run(TC-Cart-Remove-001:22)
	at com.kms.katalon.core.main.ScriptEngine.run(ScriptEngine.java:194)
	at com.kms.katalon.core.main.ScriptEngine.runScriptAsRawText(ScriptEngine.java:119)
	at com.kms.katalon.core.main.TestCaseExecutor.runScript(TestCaseExecutor.java:448)
	at com.kms.katalon.core.main.TestCaseExecutor.doExecute(TestCaseExecutor.java:439)
	at com.kms.katalon.core.main.TestCaseExecutor.processExecutionPhase(TestCaseExecutor.java:418)
	at com.kms.katalon.core.main.TestCaseExecutor.accessMainPhase(TestCaseExecutor.java:410)
	at com.kms.katalon.core.main.TestCaseExecutor.execute(TestCaseExecutor.java:285)
	at com.kms.katalon.core.common.CommonExecutor.accessTestCaseMainPhase(CommonExecutor.java:65)
	at com.kms.katalon.core.main.TestSuiteExecutor.accessTestSuiteMainPhase(TestSuiteExecutor.java:148)
	at com.kms.katalon.core.main.TestSuiteExecutor.execute(TestSuiteExecutor.java:106)
	at com.kms.katalon.core.main.TestCaseMain.startTestSuite(TestCaseMain.java:187)
	at com.kms.katalon.core.main.TestCaseMain$startTestSuite$0.call(Unknown Source)
	at TempTestSuite1693291267962.run(TempTestSuite1693291267962.groovy:36)
Caused by: com.kms.katalon.core.webui.exception.WebElementNotFoundException: Web element with id: 'Object Repository/Cart Button Remove Product 1' located by '//button[@id='remove-sauce-labs-bike-light']' not found
	at com.kms.katalon.core.webui.common.WebUiCommonHelper.findWebElement(WebUiCommonHelper.java:1381)
	at com.kms.katalon.core.webui.keyword.internal.WebUIAbstractKeyword.findWebElement(WebUIAbstractKeyword.groovy:27)
	at com.kms.katalon.core.webui.keyword.builtin.ClickKeyword$_click_closure1.doCall(ClickKeyword.groovy:65)
	at com.kms.katalon.core.webui.keyword.builtin.ClickKeyword$_click_closure1.call(ClickKeyword.groovy)
	at com.kms.katalon.core.webui.keyword.internal.WebUIKeywordMain.runKeyword(WebUIKeywordMain.groovy:20)
	... 19 more]]></system-err>
   </testsuite>
</testsuites>
